[2017-12-25T11:11:37.023] [ERROR] error - { message: 'C:\\Users\\owner\\WebstormProjects\\kp-mobile\\views\\ApplyClaim\\ApplyClaimStep1.html:37\n    35|             $(\'#applyDate\').html("请选择");\r\n    36| \r\n >> 37|             <% if(jpolicy && policy.policyPersonId != null){ %>\r\n    38| \r\n    39|             $(\'#policy\').html("<%=policy.policyNo%>");\r\n    40|             $(\'#policy\').attr("data-value" , "<%= policy.policyPersonId%>");\r\n\njpolicy is not defined',
  error: 
   { ReferenceError: C:\Users\owner\WebstormProjects\kp-mobile\views\ApplyClaim\ApplyClaimStep1.html:37
       35|             $('#applyDate').html("请选择");
       36| 
    >> 37|             <% if(jpolicy && policy.policyPersonId != null){ %>
       38| 
       39|             $('#policy').html("<%=policy.policyNo%>");
       40|             $('#policy').attr("data-value" , "<%= policy.policyPersonId%>");
   
   jpolicy is not defined
       at eval (eval at compile (C:\Users\owner\WebstormProjects\kp-mobile\node_modules\ejs\lib\ejs.js:549:12), <anonymous>:29:11)
       at returnedFn (C:\Users\owner\WebstormProjects\kp-mobile\node_modules\ejs\lib\ejs.js:580:17)
       at C:\Users\owner\WebstormProjects\kp-mobile\node_modules\consolidate\lib\consolidate.js:651:16
       at C:\Users\owner\WebstormProjects\kp-mobile\node_modules\consolidate\lib\consolidate.js:162:5
       at Promise._execute (C:\Users\owner\WebstormProjects\kp-mobile\node_modules\consolidate\node_modules\bluebird\js\release\debuggability.js:303:9)
       at Promise._resolveFromExecutor (C:\Users\owner\WebstormProjects\kp-mobile\node_modules\consolidate\node_modules\bluebird\js\release\promise.js:483:18)
       at new Promise (C:\Users\owner\WebstormProjects\kp-mobile\node_modules\consolidate\node_modules\bluebird\js\release\promise.js:79:10)
       at promisify (C:\Users\owner\WebstormProjects\kp-mobile\node_modules\consolidate\lib\consolidate.js:155:10)
       at Function.exports.ejs.render (C:\Users\owner\WebstormProjects\kp-mobile\node_modules\consolidate\lib\consolidate.js:647:10)
       at C:\Users\owner\WebstormProjects\kp-mobile\node_modules\consolidate\lib\consolidate.js:183:27
       at C:\Users\owner\WebstormProjects\kp-mobile\node_modules\consolidate\lib\consolidate.js:101:5
       at tryToString (fs.js:456:3)
       at FSReqWrap.readFileAfterClose [as oncomplete] (fs.js:443:12)
     path: 'C:\\Users\\owner\\WebstormProjects\\kp-mobile\\views\\ApplyClaim\\ApplyClaimStep1.html' } }
[2017-12-25T11:12:14.484] [ERROR] error - { message: 'Cannot read property \'userId\' of undefined',
  error: 
   TypeError: Cannot read property 'userId' of undefined
       at C:\Users\owner\WebstormProjects\kp-mobile\routes\ApplyClaim.js:44:39
       at Layer.handle [as handle_request] (C:\Users\owner\WebstormProjects\kp-mobile\node_modules\express\lib\router\layer.js:95:5)
       at next (C:\Users\owner\WebstormProjects\kp-mobile\node_modules\express\lib\router\route.js:137:13)
       at Route.dispatch (C:\Users\owner\WebstormProjects\kp-mobile\node_modules\express\lib\router\route.js:112:3)
       at Layer.handle [as handle_request] (C:\Users\owner\WebstormProjects\kp-mobile\node_modules\express\lib\router\layer.js:95:5)
       at C:\Users\owner\WebstormProjects\kp-mobile\node_modules\express\lib\router\index.js:281:22
       at Function.process_params (C:\Users\owner\WebstormProjects\kp-mobile\node_modules\express\lib\router\index.js:335:12)
       at next (C:\Users\owner\WebstormProjects\kp-mobile\node_modules\express\lib\router\index.js:275:10)
       at Function.handle (C:\Users\owner\WebstormProjects\kp-mobile\node_modules\express\lib\router\index.js:174:3)
       at router (C:\Users\owner\WebstormProjects\kp-mobile\node_modules\express\lib\router\index.js:47:12)
       at Layer.handle [as handle_request] (C:\Users\owner\WebstormProjects\kp-mobile\node_modules\express\lib\router\layer.js:95:5)
       at trim_prefix (C:\Users\owner\WebstormProjects\kp-mobile\node_modules\express\lib\router\index.js:317:13)
       at C:\Users\owner\WebstormProjects\kp-mobile\node_modules\express\lib\router\index.js:284:7
       at Function.process_params (C:\Users\owner\WebstormProjects\kp-mobile\node_modules\express\lib\router\index.js:335:12)
       at next (C:\Users\owner\WebstormProjects\kp-mobile\node_modules\express\lib\router\index.js:275:10)
       at C:\Users\owner\WebstormProjects\kp-mobile\node_modules\express\lib\router\index.js:635:15 }
[2017-12-25T11:18:05.956] [ERROR] error - { message: 'JSON is not a constructor',
  error: 
   TypeError: JSON is not a constructor
       at C:\Users\owner\WebstormProjects\kp-mobile\routes\ApplyClaim.js:146:16
       at Layer.handle [as handle_request] (C:\Users\owner\WebstormProjects\kp-mobile\node_modules\express\lib\router\layer.js:95:5)
       at next (C:\Users\owner\WebstormProjects\kp-mobile\node_modules\express\lib\router\route.js:137:13)
       at Route.dispatch (C:\Users\owner\WebstormProjects\kp-mobile\node_modules\express\lib\router\route.js:112:3)
       at Layer.handle [as handle_request] (C:\Users\owner\WebstormProjects\kp-mobile\node_modules\express\lib\router\layer.js:95:5)
       at C:\Users\owner\WebstormProjects\kp-mobile\node_modules\express\lib\router\index.js:281:22
       at Function.process_params (C:\Users\owner\WebstormProjects\kp-mobile\node_modules\express\lib\router\index.js:335:12)
       at next (C:\Users\owner\WebstormProjects\kp-mobile\node_modules\express\lib\router\index.js:275:10)
       at Function.handle (C:\Users\owner\WebstormProjects\kp-mobile\node_modules\express\lib\router\index.js:174:3)
       at router (C:\Users\owner\WebstormProjects\kp-mobile\node_modules\express\lib\router\index.js:47:12)
       at Layer.handle [as handle_request] (C:\Users\owner\WebstormProjects\kp-mobile\node_modules\express\lib\router\layer.js:95:5)
       at trim_prefix (C:\Users\owner\WebstormProjects\kp-mobile\node_modules\express\lib\router\index.js:317:13)
       at C:\Users\owner\WebstormProjects\kp-mobile\node_modules\express\lib\router\index.js:284:7
       at Function.process_params (C:\Users\owner\WebstormProjects\kp-mobile\node_modules\express\lib\router\index.js:335:12)
       at next (C:\Users\owner\WebstormProjects\kp-mobile\node_modules\express\lib\router\index.js:275:10)
       at C:\Users\owner\WebstormProjects\kp-mobile\node_modules\express\lib\router\index.js:635:15 }
[2017-12-25T13:37:49.000] [ERROR] error - GET
[2017-12-25T13:37:49.000] [ERROR] error - /kp/index
[2017-12-25T13:37:49.001] [ERROR] error - { message: 'Not Found',
  error: 
   { Error: Not Found
       at C:\Users\owner\WebstormProjects\kp-mobile\app.js:91:15
       at Layer.handle [as handle_request] (C:\Users\owner\WebstormProjects\kp-mobile\node_modules\express\lib\router\layer.js:95:5)
       at trim_prefix (C:\Users\owner\WebstormProjects\kp-mobile\node_modules\express\lib\router\index.js:317:13)
       at C:\Users\owner\WebstormProjects\kp-mobile\node_modules\express\lib\router\index.js:284:7
       at Function.process_params (C:\Users\owner\WebstormProjects\kp-mobile\node_modules\express\lib\router\index.js:335:12)
       at next (C:\Users\owner\WebstormProjects\kp-mobile\node_modules\express\lib\router\index.js:275:10)
       at C:\Users\owner\WebstormProjects\kp-mobile\node_modules\express\lib\router\index.js:635:15
       at next (C:\Users\owner\WebstormProjects\kp-mobile\node_modules\express\lib\router\index.js:260:14)
       at Function.handle (C:\Users\owner\WebstormProjects\kp-mobile\node_modules\express\lib\router\index.js:174:3)
       at router (C:\Users\owner\WebstormProjects\kp-mobile\node_modules\express\lib\router\index.js:47:12)
       at Layer.handle [as handle_request] (C:\Users\owner\WebstormProjects\kp-mobile\node_modules\express\lib\router\layer.js:95:5)
       at trim_prefix (C:\Users\owner\WebstormProjects\kp-mobile\node_modules\express\lib\router\index.js:317:13)
       at C:\Users\owner\WebstormProjects\kp-mobile\node_modules\express\lib\router\index.js:284:7
       at Function.process_params (C:\Users\owner\WebstormProjects\kp-mobile\node_modules\express\lib\router\index.js:335:12)
       at next (C:\Users\owner\WebstormProjects\kp-mobile\node_modules\express\lib\router\index.js:275:10)
       at C:\Users\owner\WebstormProjects\kp-mobile\node_modules\express\lib\router\index.js:635:15 status: 404 } }
