[2018-01-03T11:34:46.112] [ERROR] error - problem with request: connect ECONNREFUSED 192.168.1.93:8080
[2018-01-03T11:35:17.876] [ERROR] error - Unexpected token < in JSON at position 0
[2018-01-03T11:40:50.846] [ERROR] error - GET
[2018-01-03T11:40:50.846] [ERROR] error - /stylesheets/fullIconAll.woff
[2018-01-03T11:40:50.847] [ERROR] error - { message: 'Not Found',
  error: 
   { Error: Not Found
       at C:\Users\owner\WebstormProjects\kp-mobile\app.js:97:15
       at Layer.handle [as handle_request] (C:\Users\owner\WebstormProjects\kp-mobile\node_modules\express\lib\router\layer.js:95:5)
       at trim_prefix (C:\Users\owner\WebstormProjects\kp-mobile\node_modules\express\lib\router\index.js:317:13)
       at C:\Users\owner\WebstormProjects\kp-mobile\node_modules\express\lib\router\index.js:284:7
       at Function.process_params (C:\Users\owner\WebstormProjects\kp-mobile\node_modules\express\lib\router\index.js:335:12)
       at next (C:\Users\owner\WebstormProjects\kp-mobile\node_modules\express\lib\router\index.js:275:10)
       at C:\Users\owner\WebstormProjects\kp-mobile\node_modules\express\lib\router\index.js:635:15
       at next (C:\Users\owner\WebstormProjects\kp-mobile\node_modules\express\lib\router\index.js:260:14)
       at Function.handle (C:\Users\owner\WebstormProjects\kp-mobile\node_modules\express\lib\router\index.js:174:3)
       at router (C:\Users\owner\WebstormProjects\kp-mobile\node_modules\express\lib\router\index.js:47:12)
       at Layer.handle [as handle_request] (C:\Users\owner\WebstormProjects\kp-mobile\node_modules\express\lib\router\layer.js:95:5)
       at trim_prefix (C:\Users\owner\WebstormProjects\kp-mobile\node_modules\express\lib\router\index.js:317:13)
       at C:\Users\owner\WebstormProjects\kp-mobile\node_modules\express\lib\router\index.js:284:7
       at Function.process_params (C:\Users\owner\WebstormProjects\kp-mobile\node_modules\express\lib\router\index.js:335:12)
       at next (C:\Users\owner\WebstormProjects\kp-mobile\node_modules\express\lib\router\index.js:275:10)
       at C:\Users\owner\WebstormProjects\kp-mobile\node_modules\express\lib\router\index.js:635:15 status: 404 } }
[2018-01-03T11:41:48.233] [ERROR] error - GET
[2018-01-03T11:41:48.234] [ERROR] error - /stylesheets/fullIconAll.woff
[2018-01-03T11:41:48.271] [ERROR] error - { message: 'Not Found',
  error: 
   { Error: Not Found
       at C:\Users\owner\WebstormProjects\kp-mobile\app.js:97:15
       at Layer.handle [as handle_request] (C:\Users\owner\WebstormProjects\kp-mobile\node_modules\express\lib\router\layer.js:95:5)
       at trim_prefix (C:\Users\owner\WebstormProjects\kp-mobile\node_modules\express\lib\router\index.js:317:13)
       at C:\Users\owner\WebstormProjects\kp-mobile\node_modules\express\lib\router\index.js:284:7
       at Function.process_params (C:\Users\owner\WebstormProjects\kp-mobile\node_modules\express\lib\router\index.js:335:12)
       at next (C:\Users\owner\WebstormProjects\kp-mobile\node_modules\express\lib\router\index.js:275:10)
       at C:\Users\owner\WebstormProjects\kp-mobile\node_modules\express\lib\router\index.js:635:15
       at next (C:\Users\owner\WebstormProjects\kp-mobile\node_modules\express\lib\router\index.js:260:14)
       at Function.handle (C:\Users\owner\WebstormProjects\kp-mobile\node_modules\express\lib\router\index.js:174:3)
       at router (C:\Users\owner\WebstormProjects\kp-mobile\node_modules\express\lib\router\index.js:47:12)
       at Layer.handle [as handle_request] (C:\Users\owner\WebstormProjects\kp-mobile\node_modules\express\lib\router\layer.js:95:5)
       at trim_prefix (C:\Users\owner\WebstormProjects\kp-mobile\node_modules\express\lib\router\index.js:317:13)
       at C:\Users\owner\WebstormProjects\kp-mobile\node_modules\express\lib\router\index.js:284:7
       at Function.process_params (C:\Users\owner\WebstormProjects\kp-mobile\node_modules\express\lib\router\index.js:335:12)
       at next (C:\Users\owner\WebstormProjects\kp-mobile\node_modules\express\lib\router\index.js:275:10)
       at C:\Users\owner\WebstormProjects\kp-mobile\node_modules\express\lib\router\index.js:635:15 status: 404 } }
[2018-01-03T11:42:23.726] [ERROR] error - GET
[2018-01-03T11:42:23.726] [ERROR] error - /stylesheets/fullIconAll.woff
[2018-01-03T11:42:23.726] [ERROR] error - { message: 'Not Found',
  error: 
   { Error: Not Found
       at C:\Users\owner\WebstormProjects\kp-mobile\app.js:97:15
       at Layer.handle [as handle_request] (C:\Users\owner\WebstormProjects\kp-mobile\node_modules\express\lib\router\layer.js:95:5)
       at trim_prefix (C:\Users\owner\WebstormProjects\kp-mobile\node_modules\express\lib\router\index.js:317:13)
       at C:\Users\owner\WebstormProjects\kp-mobile\node_modules\express\lib\router\index.js:284:7
       at Function.process_params (C:\Users\owner\WebstormProjects\kp-mobile\node_modules\express\lib\router\index.js:335:12)
       at next (C:\Users\owner\WebstormProjects\kp-mobile\node_modules\express\lib\router\index.js:275:10)
       at C:\Users\owner\WebstormProjects\kp-mobile\node_modules\express\lib\router\index.js:635:15
       at next (C:\Users\owner\WebstormProjects\kp-mobile\node_modules\express\lib\router\index.js:260:14)
       at Function.handle (C:\Users\owner\WebstormProjects\kp-mobile\node_modules\express\lib\router\index.js:174:3)
       at router (C:\Users\owner\WebstormProjects\kp-mobile\node_modules\express\lib\router\index.js:47:12)
       at Layer.handle [as handle_request] (C:\Users\owner\WebstormProjects\kp-mobile\node_modules\express\lib\router\layer.js:95:5)
       at trim_prefix (C:\Users\owner\WebstormProjects\kp-mobile\node_modules\express\lib\router\index.js:317:13)
       at C:\Users\owner\WebstormProjects\kp-mobile\node_modules\express\lib\router\index.js:284:7
       at Function.process_params (C:\Users\owner\WebstormProjects\kp-mobile\node_modules\express\lib\router\index.js:335:12)
       at next (C:\Users\owner\WebstormProjects\kp-mobile\node_modules\express\lib\router\index.js:275:10)
       at C:\Users\owner\WebstormProjects\kp-mobile\node_modules\express\lib\router\index.js:635:15 status: 404 } }
[2018-01-03T11:42:33.455] [ERROR] error - GET
[2018-01-03T11:42:33.455] [ERROR] error - /stylesheets/fullIconAll.woff
[2018-01-03T11:42:33.455] [ERROR] error - { message: 'Not Found',
  error: 
   { Error: Not Found
       at C:\Users\owner\WebstormProjects\kp-mobile\app.js:97:15
       at Layer.handle [as handle_request] (C:\Users\owner\WebstormProjects\kp-mobile\node_modules\express\lib\router\layer.js:95:5)
       at trim_prefix (C:\Users\owner\WebstormProjects\kp-mobile\node_modules\express\lib\router\index.js:317:13)
       at C:\Users\owner\WebstormProjects\kp-mobile\node_modules\express\lib\router\index.js:284:7
       at Function.process_params (C:\Users\owner\WebstormProjects\kp-mobile\node_modules\express\lib\router\index.js:335:12)
       at next (C:\Users\owner\WebstormProjects\kp-mobile\node_modules\express\lib\router\index.js:275:10)
       at C:\Users\owner\WebstormProjects\kp-mobile\node_modules\express\lib\router\index.js:635:15
       at next (C:\Users\owner\WebstormProjects\kp-mobile\node_modules\express\lib\router\index.js:260:14)
       at Function.handle (C:\Users\owner\WebstormProjects\kp-mobile\node_modules\express\lib\router\index.js:174:3)
       at router (C:\Users\owner\WebstormProjects\kp-mobile\node_modules\express\lib\router\index.js:47:12)
       at Layer.handle [as handle_request] (C:\Users\owner\WebstormProjects\kp-mobile\node_modules\express\lib\router\layer.js:95:5)
       at trim_prefix (C:\Users\owner\WebstormProjects\kp-mobile\node_modules\express\lib\router\index.js:317:13)
       at C:\Users\owner\WebstormProjects\kp-mobile\node_modules\express\lib\router\index.js:284:7
       at Function.process_params (C:\Users\owner\WebstormProjects\kp-mobile\node_modules\express\lib\router\index.js:335:12)
       at next (C:\Users\owner\WebstormProjects\kp-mobile\node_modules\express\lib\router\index.js:275:10)
       at C:\Users\owner\WebstormProjects\kp-mobile\node_modules\express\lib\router\index.js:635:15 status: 404 } }
[2018-01-03T11:42:35.632] [ERROR] error - GET
[2018-01-03T11:42:35.632] [ERROR] error - /stylesheets/fullIconAll.woff
[2018-01-03T11:42:35.632] [ERROR] error - { message: 'Not Found',
  error: 
   { Error: Not Found
       at C:\Users\owner\WebstormProjects\kp-mobile\app.js:97:15
       at Layer.handle [as handle_request] (C:\Users\owner\WebstormProjects\kp-mobile\node_modules\express\lib\router\layer.js:95:5)
       at trim_prefix (C:\Users\owner\WebstormProjects\kp-mobile\node_modules\express\lib\router\index.js:317:13)
       at C:\Users\owner\WebstormProjects\kp-mobile\node_modules\express\lib\router\index.js:284:7
       at Function.process_params (C:\Users\owner\WebstormProjects\kp-mobile\node_modules\express\lib\router\index.js:335:12)
       at next (C:\Users\owner\WebstormProjects\kp-mobile\node_modules\express\lib\router\index.js:275:10)
       at C:\Users\owner\WebstormProjects\kp-mobile\node_modules\express\lib\router\index.js:635:15
       at next (C:\Users\owner\WebstormProjects\kp-mobile\node_modules\express\lib\router\index.js:260:14)
       at Function.handle (C:\Users\owner\WebstormProjects\kp-mobile\node_modules\express\lib\router\index.js:174:3)
       at router (C:\Users\owner\WebstormProjects\kp-mobile\node_modules\express\lib\router\index.js:47:12)
       at Layer.handle [as handle_request] (C:\Users\owner\WebstormProjects\kp-mobile\node_modules\express\lib\router\layer.js:95:5)
       at trim_prefix (C:\Users\owner\WebstormProjects\kp-mobile\node_modules\express\lib\router\index.js:317:13)
       at C:\Users\owner\WebstormProjects\kp-mobile\node_modules\express\lib\router\index.js:284:7
       at Function.process_params (C:\Users\owner\WebstormProjects\kp-mobile\node_modules\express\lib\router\index.js:335:12)
       at next (C:\Users\owner\WebstormProjects\kp-mobile\node_modules\express\lib\router\index.js:275:10)
       at C:\Users\owner\WebstormProjects\kp-mobile\node_modules\express\lib\router\index.js:635:15 status: 404 } }
[2018-01-03T11:55:40.541] [ERROR] error - { message: 'Failed to lookup view "ApplyClaim/ApplyCliamList" in views directory "C:\\Users\\owner\\WebstormProjects\\kp-mobile\\views"',
  error: 
   { Error: Failed to lookup view "ApplyClaim/ApplyCliamList" in views directory "C:\Users\owner\WebstormProjects\kp-mobile\views"
       at EventEmitter.render (C:\Users\owner\WebstormProjects\kp-mobile\node_modules\express\lib\application.js:580:17)
       at ServerResponse.render (C:\Users\owner\WebstormProjects\kp-mobile\node_modules\express\lib\response.js:971:7)
       at C:\Users\owner\WebstormProjects\kp-mobile\routes\ApplyClaim.js:42:9
       at Layer.handle [as handle_request] (C:\Users\owner\WebstormProjects\kp-mobile\node_modules\express\lib\router\layer.js:95:5)
       at next (C:\Users\owner\WebstormProjects\kp-mobile\node_modules\express\lib\router\route.js:137:13)
       at Route.dispatch (C:\Users\owner\WebstormProjects\kp-mobile\node_modules\express\lib\router\route.js:112:3)
       at Layer.handle [as handle_request] (C:\Users\owner\WebstormProjects\kp-mobile\node_modules\express\lib\router\layer.js:95:5)
       at C:\Users\owner\WebstormProjects\kp-mobile\node_modules\express\lib\router\index.js:281:22
       at Function.process_params (C:\Users\owner\WebstormProjects\kp-mobile\node_modules\express\lib\router\index.js:335:12)
       at next (C:\Users\owner\WebstormProjects\kp-mobile\node_modules\express\lib\router\index.js:275:10)
       at Function.handle (C:\Users\owner\WebstormProjects\kp-mobile\node_modules\express\lib\router\index.js:174:3)
       at router (C:\Users\owner\WebstormProjects\kp-mobile\node_modules\express\lib\router\index.js:47:12)
       at Layer.handle [as handle_request] (C:\Users\owner\WebstormProjects\kp-mobile\node_modules\express\lib\router\layer.js:95:5)
       at trim_prefix (C:\Users\owner\WebstormProjects\kp-mobile\node_modules\express\lib\router\index.js:317:13)
       at C:\Users\owner\WebstormProjects\kp-mobile\node_modules\express\lib\router\index.js:284:7
       at Function.process_params (C:\Users\owner\WebstormProjects\kp-mobile\node_modules\express\lib\router\index.js:335:12)
     view: 
      View {
        defaultEngine: 'html',
        ext: '.html',
        name: 'ApplyClaim/ApplyCliamList',
        root: 'C:\\Users\\owner\\WebstormProjects\\kp-mobile\\views',
        engine: [Object],
        path: undefined } } }
[2018-01-03T11:56:32.602] [ERROR] error - { message: 'C:\\Users\\owner\\WebstormProjects\\kp-mobile\\views\\ApplyClaim\\ApplyClaimList.html:7\n    5|   <meta name="viewport" content="width=device-width, initial-scale=1">\r\n    6|   <title>人身险理赔申请</title>\r\n >> 7|     <%-include("../commonJs.html")%>\r\n    8|     <%-include("../commonCss.html")%>\r\n    9|   <link rel="stylesheet" href="stylesheets/page/ApplyClaim/ApplyClaimStep1.css">\r\n    10| </head>\r\n\nC:\\Users\\owner\\WebstormProjects\\kp-mobile\\views\\commonJs.html:22\n    20|         console.log("mobile");\r\n    21|     }else{\r\n >> 22| //        window.location.href="<%=projectUrl%>pcError";\r\n    23|     }\r\n    24| \r\n    25|     console.log(calDate.init({\r\n\nprojectUrl is not defined',
  error: 
   { ReferenceError: C:\Users\owner\WebstormProjects\kp-mobile\views\ApplyClaim\ApplyClaimList.html:7
       5|   <meta name="viewport" content="width=device-width, initial-scale=1">
       6|   <title>人身险理赔申请</title>
    >> 7|     <%-include("../commonJs.html")%>
       8|     <%-include("../commonCss.html")%>
       9|   <link rel="stylesheet" href="stylesheets/page/ApplyClaim/ApplyClaimStep1.css">
       10| </head>
   
   C:\Users\owner\WebstormProjects\kp-mobile\views\commonJs.html:22
       20|         console.log("mobile");
       21|     }else{
    >> 22| //        window.location.href="<%=projectUrl%>pcError";
       23|     }
       24| 
       25|     console.log(calDate.init({
   
   projectUrl is not defined
       at eval (eval at compile (C:\Users\owner\WebstormProjects\kp-mobile\node_modules\ejs\lib\ejs.js:549:12), <anonymous>:11:25)
       at returnedFn (C:\Users\owner\WebstormProjects\kp-mobile\node_modules\ejs\lib\ejs.js:580:17)
       at include (C:\Users\owner\WebstormProjects\kp-mobile\node_modules\ejs\lib\ejs.js:578:39)
       at eval (eval at compile (C:\Users\owner\WebstormProjects\kp-mobile\node_modules\ejs\lib\ejs.js:549:12), <anonymous>:11:16)
       at returnedFn (C:\Users\owner\WebstormProjects\kp-mobile\node_modules\ejs\lib\ejs.js:580:17)
       at C:\Users\owner\WebstormProjects\kp-mobile\node_modules\consolidate\lib\consolidate.js:651:16
       at C:\Users\owner\WebstormProjects\kp-mobile\node_modules\consolidate\lib\consolidate.js:162:5
       at Promise._execute (C:\Users\owner\WebstormProjects\kp-mobile\node_modules\consolidate\node_modules\bluebird\js\release\debuggability.js:303:9)
       at Promise._resolveFromExecutor (C:\Users\owner\WebstormProjects\kp-mobile\node_modules\consolidate\node_modules\bluebird\js\release\promise.js:483:18)
       at new Promise (C:\Users\owner\WebstormProjects\kp-mobile\node_modules\consolidate\node_modules\bluebird\js\release\promise.js:79:10)
       at promisify (C:\Users\owner\WebstormProjects\kp-mobile\node_modules\consolidate\lib\consolidate.js:155:10)
       at Function.exports.ejs.render (C:\Users\owner\WebstormProjects\kp-mobile\node_modules\consolidate\lib\consolidate.js:647:10)
       at C:\Users\owner\WebstormProjects\kp-mobile\node_modules\consolidate\lib\consolidate.js:183:27
       at C:\Users\owner\WebstormProjects\kp-mobile\node_modules\consolidate\lib\consolidate.js:101:5
       at tryToString (fs.js:456:3)
       at FSReqWrap.readFileAfterClose [as oncomplete] (fs.js:443:12)
     path: 'C:\\Users\\owner\\WebstormProjects\\kp-mobile\\views\\ApplyClaim\\ApplyClaimList.html' } }
[2018-01-03T11:56:36.344] [ERROR] error - { message: 'C:\\Users\\owner\\WebstormProjects\\kp-mobile\\views\\ApplyClaim\\ApplyClaimList.html:7\n    5|   <meta name="viewport" content="width=device-width, initial-scale=1">\r\n    6|   <title>人身险理赔申请</title>\r\n >> 7|     <%-include("../commonJs.html")%>\r\n    8|     <%-include("../commonCss.html")%>\r\n    9|   <link rel="stylesheet" href="stylesheets/page/ApplyClaim/ApplyClaimStep1.css">\r\n    10| </head>\r\n\nC:\\Users\\owner\\WebstormProjects\\kp-mobile\\views\\commonJs.html:22\n    20|         console.log("mobile");\r\n    21|     }else{\r\n >> 22| //        window.location.href="<%=projectUrl%>pcError";\r\n    23|     }\r\n    24| \r\n    25|     console.log(calDate.init({\r\n\nprojectUrl is not defined',
  error: 
   { ReferenceError: C:\Users\owner\WebstormProjects\kp-mobile\views\ApplyClaim\ApplyClaimList.html:7
       5|   <meta name="viewport" content="width=device-width, initial-scale=1">
       6|   <title>人身险理赔申请</title>
    >> 7|     <%-include("../commonJs.html")%>
       8|     <%-include("../commonCss.html")%>
       9|   <link rel="stylesheet" href="stylesheets/page/ApplyClaim/ApplyClaimStep1.css">
       10| </head>
   
   C:\Users\owner\WebstormProjects\kp-mobile\views\commonJs.html:22
       20|         console.log("mobile");
       21|     }else{
    >> 22| //        window.location.href="<%=projectUrl%>pcError";
       23|     }
       24| 
       25|     console.log(calDate.init({
   
   projectUrl is not defined
       at eval (eval at compile (C:\Users\owner\WebstormProjects\kp-mobile\node_modules\ejs\lib\ejs.js:549:12), <anonymous>:11:25)
       at returnedFn (C:\Users\owner\WebstormProjects\kp-mobile\node_modules\ejs\lib\ejs.js:580:17)
       at include (C:\Users\owner\WebstormProjects\kp-mobile\node_modules\ejs\lib\ejs.js:578:39)
       at eval (eval at compile (C:\Users\owner\WebstormProjects\kp-mobile\node_modules\ejs\lib\ejs.js:549:12), <anonymous>:11:16)
       at returnedFn (C:\Users\owner\WebstormProjects\kp-mobile\node_modules\ejs\lib\ejs.js:580:17)
       at C:\Users\owner\WebstormProjects\kp-mobile\node_modules\consolidate\lib\consolidate.js:651:16
       at C:\Users\owner\WebstormProjects\kp-mobile\node_modules\consolidate\lib\consolidate.js:162:5
       at Promise._execute (C:\Users\owner\WebstormProjects\kp-mobile\node_modules\consolidate\node_modules\bluebird\js\release\debuggability.js:303:9)
       at Promise._resolveFromExecutor (C:\Users\owner\WebstormProjects\kp-mobile\node_modules\consolidate\node_modules\bluebird\js\release\promise.js:483:18)
       at new Promise (C:\Users\owner\WebstormProjects\kp-mobile\node_modules\consolidate\node_modules\bluebird\js\release\promise.js:79:10)
       at promisify (C:\Users\owner\WebstormProjects\kp-mobile\node_modules\consolidate\lib\consolidate.js:155:10)
       at Function.exports.ejs.render (C:\Users\owner\WebstormProjects\kp-mobile\node_modules\consolidate\lib\consolidate.js:647:10)
       at C:\Users\owner\WebstormProjects\kp-mobile\node_modules\consolidate\lib\consolidate.js:183:27
       at C:\Users\owner\WebstormProjects\kp-mobile\node_modules\consolidate\lib\consolidate.js:101:5
       at tryToString (fs.js:456:3)
       at FSReqWrap.readFileAfterClose [as oncomplete] (fs.js:443:12)
     path: 'C:\\Users\\owner\\WebstormProjects\\kp-mobile\\views\\ApplyClaim\\ApplyClaimList.html' } }
[2018-01-03T12:03:11.888] [ERROR] error - GET
[2018-01-03T12:03:11.888] [ERROR] error - /ApplyClaimList
[2018-01-03T12:03:11.889] [ERROR] error - { message: 'Not Found',
  error: 
   { Error: Not Found
       at C:\Users\owner\WebstormProjects\kp-mobile\app.js:97:15
       at Layer.handle [as handle_request] (C:\Users\owner\WebstormProjects\kp-mobile\node_modules\express\lib\router\layer.js:95:5)
       at trim_prefix (C:\Users\owner\WebstormProjects\kp-mobile\node_modules\express\lib\router\index.js:317:13)
       at C:\Users\owner\WebstormProjects\kp-mobile\node_modules\express\lib\router\index.js:284:7
       at Function.process_params (C:\Users\owner\WebstormProjects\kp-mobile\node_modules\express\lib\router\index.js:335:12)
       at next (C:\Users\owner\WebstormProjects\kp-mobile\node_modules\express\lib\router\index.js:275:10)
       at C:\Users\owner\WebstormProjects\kp-mobile\node_modules\express\lib\router\index.js:635:15
       at next (C:\Users\owner\WebstormProjects\kp-mobile\node_modules\express\lib\router\index.js:260:14)
       at Function.handle (C:\Users\owner\WebstormProjects\kp-mobile\node_modules\express\lib\router\index.js:174:3)
       at router (C:\Users\owner\WebstormProjects\kp-mobile\node_modules\express\lib\router\index.js:47:12)
       at Layer.handle [as handle_request] (C:\Users\owner\WebstormProjects\kp-mobile\node_modules\express\lib\router\layer.js:95:5)
       at trim_prefix (C:\Users\owner\WebstormProjects\kp-mobile\node_modules\express\lib\router\index.js:317:13)
       at C:\Users\owner\WebstormProjects\kp-mobile\node_modules\express\lib\router\index.js:284:7
       at Function.process_params (C:\Users\owner\WebstormProjects\kp-mobile\node_modules\express\lib\router\index.js:335:12)
       at next (C:\Users\owner\WebstormProjects\kp-mobile\node_modules\express\lib\router\index.js:275:10)
       at C:\Users\owner\WebstormProjects\kp-mobile\node_modules\express\lib\router\index.js:635:15 status: 404 } }
[2018-01-03T12:03:13.479] [ERROR] error - GET
[2018-01-03T12:03:13.479] [ERROR] error - /stylesheets/page/ApplyClaim/ApplyClaimList.css
[2018-01-03T12:03:13.479] [ERROR] error - { message: 'Not Found',
  error: 
   { Error: Not Found
       at C:\Users\owner\WebstormProjects\kp-mobile\app.js:97:15
       at Layer.handle [as handle_request] (C:\Users\owner\WebstormProjects\kp-mobile\node_modules\express\lib\router\layer.js:95:5)
       at trim_prefix (C:\Users\owner\WebstormProjects\kp-mobile\node_modules\express\lib\router\index.js:317:13)
       at C:\Users\owner\WebstormProjects\kp-mobile\node_modules\express\lib\router\index.js:284:7
       at Function.process_params (C:\Users\owner\WebstormProjects\kp-mobile\node_modules\express\lib\router\index.js:335:12)
       at next (C:\Users\owner\WebstormProjects\kp-mobile\node_modules\express\lib\router\index.js:275:10)
       at C:\Users\owner\WebstormProjects\kp-mobile\node_modules\express\lib\router\index.js:635:15
       at next (C:\Users\owner\WebstormProjects\kp-mobile\node_modules\express\lib\router\index.js:260:14)
       at Function.handle (C:\Users\owner\WebstormProjects\kp-mobile\node_modules\express\lib\router\index.js:174:3)
       at router (C:\Users\owner\WebstormProjects\kp-mobile\node_modules\express\lib\router\index.js:47:12)
       at Layer.handle [as handle_request] (C:\Users\owner\WebstormProjects\kp-mobile\node_modules\express\lib\router\layer.js:95:5)
       at trim_prefix (C:\Users\owner\WebstormProjects\kp-mobile\node_modules\express\lib\router\index.js:317:13)
       at C:\Users\owner\WebstormProjects\kp-mobile\node_modules\express\lib\router\index.js:284:7
       at Function.process_params (C:\Users\owner\WebstormProjects\kp-mobile\node_modules\express\lib\router\index.js:335:12)
       at next (C:\Users\owner\WebstormProjects\kp-mobile\node_modules\express\lib\router\index.js:275:10)
       at C:\Users\owner\WebstormProjects\kp-mobile\node_modules\express\lib\router\index.js:635:15 status: 404 } }
[2018-01-03T12:03:57.461] [ERROR] error - GET
[2018-01-03T12:03:57.461] [ERROR] error - /stylesheets/page/ApplyClaim/ApplyClaimList.css
[2018-01-03T12:03:57.461] [ERROR] error - { message: 'Not Found',
  error: 
   { Error: Not Found
       at C:\Users\owner\WebstormProjects\kp-mobile\app.js:97:15
       at Layer.handle [as handle_request] (C:\Users\owner\WebstormProjects\kp-mobile\node_modules\express\lib\router\layer.js:95:5)
       at trim_prefix (C:\Users\owner\WebstormProjects\kp-mobile\node_modules\express\lib\router\index.js:317:13)
       at C:\Users\owner\WebstormProjects\kp-mobile\node_modules\express\lib\router\index.js:284:7
       at Function.process_params (C:\Users\owner\WebstormProjects\kp-mobile\node_modules\express\lib\router\index.js:335:12)
       at next (C:\Users\owner\WebstormProjects\kp-mobile\node_modules\express\lib\router\index.js:275:10)
       at C:\Users\owner\WebstormProjects\kp-mobile\node_modules\express\lib\router\index.js:635:15
       at next (C:\Users\owner\WebstormProjects\kp-mobile\node_modules\express\lib\router\index.js:260:14)
       at Function.handle (C:\Users\owner\WebstormProjects\kp-mobile\node_modules\express\lib\router\index.js:174:3)
       at router (C:\Users\owner\WebstormProjects\kp-mobile\node_modules\express\lib\router\index.js:47:12)
       at Layer.handle [as handle_request] (C:\Users\owner\WebstormProjects\kp-mobile\node_modules\express\lib\router\layer.js:95:5)
       at trim_prefix (C:\Users\owner\WebstormProjects\kp-mobile\node_modules\express\lib\router\index.js:317:13)
       at C:\Users\owner\WebstormProjects\kp-mobile\node_modules\express\lib\router\index.js:284:7
       at Function.process_params (C:\Users\owner\WebstormProjects\kp-mobile\node_modules\express\lib\router\index.js:335:12)
       at next (C:\Users\owner\WebstormProjects\kp-mobile\node_modules\express\lib\router\index.js:275:10)
       at C:\Users\owner\WebstormProjects\kp-mobile\node_modules\express\lib\router\index.js:635:15 status: 404 } }
[2018-01-03T12:04:23.877] [ERROR] error - GET
[2018-01-03T12:04:23.877] [ERROR] error - /stylesheets/page/ApplyClaim/ApplyClaimList.css
[2018-01-03T12:04:23.877] [ERROR] error - { message: 'Not Found',
  error: 
   { Error: Not Found
       at C:\Users\owner\WebstormProjects\kp-mobile\app.js:97:15
       at Layer.handle [as handle_request] (C:\Users\owner\WebstormProjects\kp-mobile\node_modules\express\lib\router\layer.js:95:5)
       at trim_prefix (C:\Users\owner\WebstormProjects\kp-mobile\node_modules\express\lib\router\index.js:317:13)
       at C:\Users\owner\WebstormProjects\kp-mobile\node_modules\express\lib\router\index.js:284:7
       at Function.process_params (C:\Users\owner\WebstormProjects\kp-mobile\node_modules\express\lib\router\index.js:335:12)
       at next (C:\Users\owner\WebstormProjects\kp-mobile\node_modules\express\lib\router\index.js:275:10)
       at C:\Users\owner\WebstormProjects\kp-mobile\node_modules\express\lib\router\index.js:635:15
       at next (C:\Users\owner\WebstormProjects\kp-mobile\node_modules\express\lib\router\index.js:260:14)
       at Function.handle (C:\Users\owner\WebstormProjects\kp-mobile\node_modules\express\lib\router\index.js:174:3)
       at router (C:\Users\owner\WebstormProjects\kp-mobile\node_modules\express\lib\router\index.js:47:12)
       at Layer.handle [as handle_request] (C:\Users\owner\WebstormProjects\kp-mobile\node_modules\express\lib\router\layer.js:95:5)
       at trim_prefix (C:\Users\owner\WebstormProjects\kp-mobile\node_modules\express\lib\router\index.js:317:13)
       at C:\Users\owner\WebstormProjects\kp-mobile\node_modules\express\lib\router\index.js:284:7
       at Function.process_params (C:\Users\owner\WebstormProjects\kp-mobile\node_modules\express\lib\router\index.js:335:12)
       at next (C:\Users\owner\WebstormProjects\kp-mobile\node_modules\express\lib\router\index.js:275:10)
       at C:\Users\owner\WebstormProjects\kp-mobile\node_modules\express\lib\router\index.js:635:15 status: 404 } }
[2018-01-03T14:37:02.448] [ERROR] error - { message: 'C:\\Users\\owner\\WebstormProjects\\kp-mobile\\views\\ApplyClaim\\ApplyPlaneClaimStep2.html:209\n    207|     </div>\r\n    208| \r\n >> 209|     <div class="nextStep" form-action="ApplyMedicineClaimStep2" data-value="<%=entClaimApplyId%>">\r\n    210|         <span>下一步</span>\r\n    211|     </div>\r\n    212| \r\n\nentClaimApplyId is not defined',
  error: 
   { ReferenceError: C:\Users\owner\WebstormProjects\kp-mobile\views\ApplyClaim\ApplyPlaneClaimStep2.html:209
       207|     </div>
       208| 
    >> 209|     <div class="nextStep" form-action="ApplyMedicineClaimStep2" data-value="<%=entClaimApplyId%>">
       210|         <span>下一步</span>
       211|     </div>
       212| 
   
   entClaimApplyId is not defined
       at eval (eval at compile (C:\Users\owner\WebstormProjects\kp-mobile\node_modules\ejs\lib\ejs.js:549:12), <anonymous>:17:25)
       at returnedFn (C:\Users\owner\WebstormProjects\kp-mobile\node_modules\ejs\lib\ejs.js:580:17)
       at C:\Users\owner\WebstormProjects\kp-mobile\node_modules\consolidate\lib\consolidate.js:651:16
       at C:\Users\owner\WebstormProjects\kp-mobile\node_modules\consolidate\lib\consolidate.js:162:5
       at Promise._execute (C:\Users\owner\WebstormProjects\kp-mobile\node_modules\consolidate\node_modules\bluebird\js\release\debuggability.js:303:9)
       at Promise._resolveFromExecutor (C:\Users\owner\WebstormProjects\kp-mobile\node_modules\consolidate\node_modules\bluebird\js\release\promise.js:483:18)
       at new Promise (C:\Users\owner\WebstormProjects\kp-mobile\node_modules\consolidate\node_modules\bluebird\js\release\promise.js:79:10)
       at promisify (C:\Users\owner\WebstormProjects\kp-mobile\node_modules\consolidate\lib\consolidate.js:155:10)
       at Function.exports.ejs.render (C:\Users\owner\WebstormProjects\kp-mobile\node_modules\consolidate\lib\consolidate.js:647:10)
       at C:\Users\owner\WebstormProjects\kp-mobile\node_modules\consolidate\lib\consolidate.js:183:27
       at C:\Users\owner\WebstormProjects\kp-mobile\node_modules\consolidate\lib\consolidate.js:101:5
       at tryToString (fs.js:456:3)
       at FSReqWrap.readFileAfterClose [as oncomplete] (fs.js:443:12)
     path: 'C:\\Users\\owner\\WebstormProjects\\kp-mobile\\views\\ApplyClaim\\ApplyPlaneClaimStep2.html' } }
[2018-01-03T16:03:19.084] [ERROR] error - POST
[2018-01-03T16:03:19.085] [ERROR] error - /ClaimRecord
[2018-01-03T16:03:19.086] [ERROR] error - { message: 'Not Found',
  error: 
   { Error: Not Found
       at C:\Users\owner\WebstormProjects\kp-mobile\app.js:97:15
       at Layer.handle [as handle_request] (C:\Users\owner\WebstormProjects\kp-mobile\node_modules\express\lib\router\layer.js:95:5)
       at trim_prefix (C:\Users\owner\WebstormProjects\kp-mobile\node_modules\express\lib\router\index.js:317:13)
       at C:\Users\owner\WebstormProjects\kp-mobile\node_modules\express\lib\router\index.js:284:7
       at Function.process_params (C:\Users\owner\WebstormProjects\kp-mobile\node_modules\express\lib\router\index.js:335:12)
       at next (C:\Users\owner\WebstormProjects\kp-mobile\node_modules\express\lib\router\index.js:275:10)
       at C:\Users\owner\WebstormProjects\kp-mobile\node_modules\express\lib\router\index.js:635:15
       at next (C:\Users\owner\WebstormProjects\kp-mobile\node_modules\express\lib\router\index.js:260:14)
       at Function.handle (C:\Users\owner\WebstormProjects\kp-mobile\node_modules\express\lib\router\index.js:174:3)
       at router (C:\Users\owner\WebstormProjects\kp-mobile\node_modules\express\lib\router\index.js:47:12)
       at Layer.handle [as handle_request] (C:\Users\owner\WebstormProjects\kp-mobile\node_modules\express\lib\router\layer.js:95:5)
       at trim_prefix (C:\Users\owner\WebstormProjects\kp-mobile\node_modules\express\lib\router\index.js:317:13)
       at C:\Users\owner\WebstormProjects\kp-mobile\node_modules\express\lib\router\index.js:284:7
       at Function.process_params (C:\Users\owner\WebstormProjects\kp-mobile\node_modules\express\lib\router\index.js:335:12)
       at next (C:\Users\owner\WebstormProjects\kp-mobile\node_modules\express\lib\router\index.js:275:10)
       at C:\Users\owner\WebstormProjects\kp-mobile\node_modules\express\lib\router\index.js:635:15 status: 404 } }
[2018-01-03T17:37:18.608] [ERROR] error - POST
[2018-01-03T17:37:18.608] [ERROR] error - /ExpressRecord
[2018-01-03T17:37:18.608] [ERROR] error - { message: 'Not Found',
  error: 
   { Error: Not Found
       at C:\Users\owner\WebstormProjects\kp-mobile\app.js:97:15
       at Layer.handle [as handle_request] (C:\Users\owner\WebstormProjects\kp-mobile\node_modules\express\lib\router\layer.js:95:5)
       at trim_prefix (C:\Users\owner\WebstormProjects\kp-mobile\node_modules\express\lib\router\index.js:317:13)
       at C:\Users\owner\WebstormProjects\kp-mobile\node_modules\express\lib\router\index.js:284:7
       at Function.process_params (C:\Users\owner\WebstormProjects\kp-mobile\node_modules\express\lib\router\index.js:335:12)
       at next (C:\Users\owner\WebstormProjects\kp-mobile\node_modules\express\lib\router\index.js:275:10)
       at C:\Users\owner\WebstormProjects\kp-mobile\node_modules\express\lib\router\index.js:635:15
       at next (C:\Users\owner\WebstormProjects\kp-mobile\node_modules\express\lib\router\index.js:260:14)
       at Function.handle (C:\Users\owner\WebstormProjects\kp-mobile\node_modules\express\lib\router\index.js:174:3)
       at router (C:\Users\owner\WebstormProjects\kp-mobile\node_modules\express\lib\router\index.js:47:12)
       at Layer.handle [as handle_request] (C:\Users\owner\WebstormProjects\kp-mobile\node_modules\express\lib\router\layer.js:95:5)
       at trim_prefix (C:\Users\owner\WebstormProjects\kp-mobile\node_modules\express\lib\router\index.js:317:13)
       at C:\Users\owner\WebstormProjects\kp-mobile\node_modules\express\lib\router\index.js:284:7
       at Function.process_params (C:\Users\owner\WebstormProjects\kp-mobile\node_modules\express\lib\router\index.js:335:12)
       at next (C:\Users\owner\WebstormProjects\kp-mobile\node_modules\express\lib\router\index.js:275:10)
       at C:\Users\owner\WebstormProjects\kp-mobile\node_modules\express\lib\router\index.js:635:15 status: 404 } }
[2018-01-03T17:37:20.375] [ERROR] error - POST
[2018-01-03T17:37:20.375] [ERROR] error - /ClaimRecord
[2018-01-03T17:37:20.376] [ERROR] error - { message: 'Not Found',
  error: 
   { Error: Not Found
       at C:\Users\owner\WebstormProjects\kp-mobile\app.js:97:15
       at Layer.handle [as handle_request] (C:\Users\owner\WebstormProjects\kp-mobile\node_modules\express\lib\router\layer.js:95:5)
       at trim_prefix (C:\Users\owner\WebstormProjects\kp-mobile\node_modules\express\lib\router\index.js:317:13)
       at C:\Users\owner\WebstormProjects\kp-mobile\node_modules\express\lib\router\index.js:284:7
       at Function.process_params (C:\Users\owner\WebstormProjects\kp-mobile\node_modules\express\lib\router\index.js:335:12)
       at next (C:\Users\owner\WebstormProjects\kp-mobile\node_modules\express\lib\router\index.js:275:10)
       at C:\Users\owner\WebstormProjects\kp-mobile\node_modules\express\lib\router\index.js:635:15
       at next (C:\Users\owner\WebstormProjects\kp-mobile\node_modules\express\lib\router\index.js:260:14)
       at Function.handle (C:\Users\owner\WebstormProjects\kp-mobile\node_modules\express\lib\router\index.js:174:3)
       at router (C:\Users\owner\WebstormProjects\kp-mobile\node_modules\express\lib\router\index.js:47:12)
       at Layer.handle [as handle_request] (C:\Users\owner\WebstormProjects\kp-mobile\node_modules\express\lib\router\layer.js:95:5)
       at trim_prefix (C:\Users\owner\WebstormProjects\kp-mobile\node_modules\express\lib\router\index.js:317:13)
       at C:\Users\owner\WebstormProjects\kp-mobile\node_modules\express\lib\router\index.js:284:7
       at Function.process_params (C:\Users\owner\WebstormProjects\kp-mobile\node_modules\express\lib\router\index.js:335:12)
       at next (C:\Users\owner\WebstormProjects\kp-mobile\node_modules\express\lib\router\index.js:275:10)
       at C:\Users\owner\WebstormProjects\kp-mobile\node_modules\express\lib\router\index.js:635:15 status: 404 } }
[2018-01-03T17:38:17.969] [ERROR] error - GET
[2018-01-03T17:38:17.969] [ERROR] error - /undefined
[2018-01-03T17:38:17.970] [ERROR] error - { message: 'Not Found',
  error: 
   { Error: Not Found
       at C:\Users\owner\WebstormProjects\kp-mobile\app.js:97:15
       at Layer.handle [as handle_request] (C:\Users\owner\WebstormProjects\kp-mobile\node_modules\express\lib\router\layer.js:95:5)
       at trim_prefix (C:\Users\owner\WebstormProjects\kp-mobile\node_modules\express\lib\router\index.js:317:13)
       at C:\Users\owner\WebstormProjects\kp-mobile\node_modules\express\lib\router\index.js:284:7
       at Function.process_params (C:\Users\owner\WebstormProjects\kp-mobile\node_modules\express\lib\router\index.js:335:12)
       at next (C:\Users\owner\WebstormProjects\kp-mobile\node_modules\express\lib\router\index.js:275:10)
       at C:\Users\owner\WebstormProjects\kp-mobile\node_modules\express\lib\router\index.js:635:15
       at next (C:\Users\owner\WebstormProjects\kp-mobile\node_modules\express\lib\router\index.js:260:14)
       at Function.handle (C:\Users\owner\WebstormProjects\kp-mobile\node_modules\express\lib\router\index.js:174:3)
       at router (C:\Users\owner\WebstormProjects\kp-mobile\node_modules\express\lib\router\index.js:47:12)
       at Layer.handle [as handle_request] (C:\Users\owner\WebstormProjects\kp-mobile\node_modules\express\lib\router\layer.js:95:5)
       at trim_prefix (C:\Users\owner\WebstormProjects\kp-mobile\node_modules\express\lib\router\index.js:317:13)
       at C:\Users\owner\WebstormProjects\kp-mobile\node_modules\express\lib\router\index.js:284:7
       at Function.process_params (C:\Users\owner\WebstormProjects\kp-mobile\node_modules\express\lib\router\index.js:335:12)
       at next (C:\Users\owner\WebstormProjects\kp-mobile\node_modules\express\lib\router\index.js:275:10)
       at C:\Users\owner\WebstormProjects\kp-mobile\node_modules\express\lib\router\index.js:635:15 status: 404 } }
[2018-01-03T18:03:43.936] [ERROR] error - { message: 'Cannot read property \'userId\' of undefined',
  error: 
   TypeError: Cannot read property 'userId' of undefined
       at router.post (C:\Users\owner\WebstormProjects\kp-mobile\routes\CommonInformation.js:43:39)
       at Layer.handle [as handle_request] (C:\Users\owner\WebstormProjects\kp-mobile\node_modules\express\lib\router\layer.js:95:5)
       at next (C:\Users\owner\WebstormProjects\kp-mobile\node_modules\express\lib\router\route.js:137:13)
       at multipart (C:\Users\owner\WebstormProjects\kp-mobile\node_modules\connect-multiparty\index.js:48:27)
       at Layer.handle [as handle_request] (C:\Users\owner\WebstormProjects\kp-mobile\node_modules\express\lib\router\layer.js:95:5)
       at next (C:\Users\owner\WebstormProjects\kp-mobile\node_modules\express\lib\router\route.js:137:13)
       at Route.dispatch (C:\Users\owner\WebstormProjects\kp-mobile\node_modules\express\lib\router\route.js:112:3)
       at Layer.handle [as handle_request] (C:\Users\owner\WebstormProjects\kp-mobile\node_modules\express\lib\router\layer.js:95:5)
       at C:\Users\owner\WebstormProjects\kp-mobile\node_modules\express\lib\router\index.js:281:22
       at Function.process_params (C:\Users\owner\WebstormProjects\kp-mobile\node_modules\express\lib\router\index.js:335:12)
       at next (C:\Users\owner\WebstormProjects\kp-mobile\node_modules\express\lib\router\index.js:275:10)
       at Function.handle (C:\Users\owner\WebstormProjects\kp-mobile\node_modules\express\lib\router\index.js:174:3)
       at router (C:\Users\owner\WebstormProjects\kp-mobile\node_modules\express\lib\router\index.js:47:12)
       at Layer.handle [as handle_request] (C:\Users\owner\WebstormProjects\kp-mobile\node_modules\express\lib\router\layer.js:95:5)
       at trim_prefix (C:\Users\owner\WebstormProjects\kp-mobile\node_modules\express\lib\router\index.js:317:13)
       at C:\Users\owner\WebstormProjects\kp-mobile\node_modules\express\lib\router\index.js:284:7 }
[2018-01-03T18:30:43.363] [ERROR] error - POST
[2018-01-03T18:30:43.363] [ERROR] error - /CheckAddressInformation
[2018-01-03T18:30:43.363] [ERROR] error - { message: 'Not Found',
  error: 
   { Error: Not Found
       at C:\Users\owner\WebstormProjects\kp-mobile\app.js:97:15
       at Layer.handle [as handle_request] (C:\Users\owner\WebstormProjects\kp-mobile\node_modules\express\lib\router\layer.js:95:5)
       at trim_prefix (C:\Users\owner\WebstormProjects\kp-mobile\node_modules\express\lib\router\index.js:317:13)
       at C:\Users\owner\WebstormProjects\kp-mobile\node_modules\express\lib\router\index.js:284:7
       at Function.process_params (C:\Users\owner\WebstormProjects\kp-mobile\node_modules\express\lib\router\index.js:335:12)
       at next (C:\Users\owner\WebstormProjects\kp-mobile\node_modules\express\lib\router\index.js:275:10)
       at C:\Users\owner\WebstormProjects\kp-mobile\node_modules\express\lib\router\index.js:635:15
       at next (C:\Users\owner\WebstormProjects\kp-mobile\node_modules\express\lib\router\index.js:260:14)
       at Function.handle (C:\Users\owner\WebstormProjects\kp-mobile\node_modules\express\lib\router\index.js:174:3)
       at router (C:\Users\owner\WebstormProjects\kp-mobile\node_modules\express\lib\router\index.js:47:12)
       at Layer.handle [as handle_request] (C:\Users\owner\WebstormProjects\kp-mobile\node_modules\express\lib\router\layer.js:95:5)
       at trim_prefix (C:\Users\owner\WebstormProjects\kp-mobile\node_modules\express\lib\router\index.js:317:13)
       at C:\Users\owner\WebstormProjects\kp-mobile\node_modules\express\lib\router\index.js:284:7
       at Function.process_params (C:\Users\owner\WebstormProjects\kp-mobile\node_modules\express\lib\router\index.js:335:12)
       at next (C:\Users\owner\WebstormProjects\kp-mobile\node_modules\express\lib\router\index.js:275:10)
       at C:\Users\owner\WebstormProjects\kp-mobile\node_modules\express\lib\router\index.js:635:15 status: 404 } }
[2018-01-03T18:33:39.139] [ERROR] error - POST
[2018-01-03T18:33:39.139] [ERROR] error - /CheckAddressInformation
[2018-01-03T18:33:39.140] [ERROR] error - { message: 'Not Found',
  error: 
   { Error: Not Found
       at C:\Users\owner\WebstormProjects\kp-mobile\app.js:97:15
       at Layer.handle [as handle_request] (C:\Users\owner\WebstormProjects\kp-mobile\node_modules\express\lib\router\layer.js:95:5)
       at trim_prefix (C:\Users\owner\WebstormProjects\kp-mobile\node_modules\express\lib\router\index.js:317:13)
       at C:\Users\owner\WebstormProjects\kp-mobile\node_modules\express\lib\router\index.js:284:7
       at Function.process_params (C:\Users\owner\WebstormProjects\kp-mobile\node_modules\express\lib\router\index.js:335:12)
       at next (C:\Users\owner\WebstormProjects\kp-mobile\node_modules\express\lib\router\index.js:275:10)
       at C:\Users\owner\WebstormProjects\kp-mobile\node_modules\express\lib\router\index.js:635:15
       at next (C:\Users\owner\WebstormProjects\kp-mobile\node_modules\express\lib\router\index.js:260:14)
       at Function.handle (C:\Users\owner\WebstormProjects\kp-mobile\node_modules\express\lib\router\index.js:174:3)
       at router (C:\Users\owner\WebstormProjects\kp-mobile\node_modules\express\lib\router\index.js:47:12)
       at Layer.handle [as handle_request] (C:\Users\owner\WebstormProjects\kp-mobile\node_modules\express\lib\router\layer.js:95:5)
       at trim_prefix (C:\Users\owner\WebstormProjects\kp-mobile\node_modules\express\lib\router\index.js:317:13)
       at C:\Users\owner\WebstormProjects\kp-mobile\node_modules\express\lib\router\index.js:284:7
       at Function.process_params (C:\Users\owner\WebstormProjects\kp-mobile\node_modules\express\lib\router\index.js:335:12)
       at next (C:\Users\owner\WebstormProjects\kp-mobile\node_modules\express\lib\router\index.js:275:10)
       at C:\Users\owner\WebstormProjects\kp-mobile\node_modules\express\lib\router\index.js:635:15 status: 404 } }
[2018-01-03T18:33:48.363] [ERROR] error - POST
[2018-01-03T18:33:48.363] [ERROR] error - /CheckAddressInformation
[2018-01-03T18:33:48.364] [ERROR] error - { message: 'Not Found',
  error: 
   { Error: Not Found
       at C:\Users\owner\WebstormProjects\kp-mobile\app.js:97:15
       at Layer.handle [as handle_request] (C:\Users\owner\WebstormProjects\kp-mobile\node_modules\express\lib\router\layer.js:95:5)
       at trim_prefix (C:\Users\owner\WebstormProjects\kp-mobile\node_modules\express\lib\router\index.js:317:13)
       at C:\Users\owner\WebstormProjects\kp-mobile\node_modules\express\lib\router\index.js:284:7
       at Function.process_params (C:\Users\owner\WebstormProjects\kp-mobile\node_modules\express\lib\router\index.js:335:12)
       at next (C:\Users\owner\WebstormProjects\kp-mobile\node_modules\express\lib\router\index.js:275:10)
       at C:\Users\owner\WebstormProjects\kp-mobile\node_modules\express\lib\router\index.js:635:15
       at next (C:\Users\owner\WebstormProjects\kp-mobile\node_modules\express\lib\router\index.js:260:14)
       at Function.handle (C:\Users\owner\WebstormProjects\kp-mobile\node_modules\express\lib\router\index.js:174:3)
       at router (C:\Users\owner\WebstormProjects\kp-mobile\node_modules\express\lib\router\index.js:47:12)
       at Layer.handle [as handle_request] (C:\Users\owner\WebstormProjects\kp-mobile\node_modules\express\lib\router\layer.js:95:5)
       at trim_prefix (C:\Users\owner\WebstormProjects\kp-mobile\node_modules\express\lib\router\index.js:317:13)
       at C:\Users\owner\WebstormProjects\kp-mobile\node_modules\express\lib\router\index.js:284:7
       at Function.process_params (C:\Users\owner\WebstormProjects\kp-mobile\node_modules\express\lib\router\index.js:335:12)
       at next (C:\Users\owner\WebstormProjects\kp-mobile\node_modules\express\lib\router\index.js:275:10)
       at C:\Users\owner\WebstormProjects\kp-mobile\node_modules\express\lib\router\index.js:635:15 status: 404 } }
