[2018-01-08T10:59:43.635] [ERROR] error - problem with request: connect ECONNREFUSED 192.168.1.93:8080
[2018-01-08T10:59:48.812] [ERROR] error - problem with request: connect ECONNREFUSED 192.168.1.93:8080
[2018-01-08T11:14:37.355] [ERROR] error - GET
[2018-01-08T11:14:37.356] [ERROR] error - /page-transitions-dialog.html
[2018-01-08T11:14:37.357] [ERROR] error - { message: 'Not Found',
  error: 
   { Error: Not Found
       at C:\Users\owner\WebstormProjects\kp-mobile\app.js:114:15
       at Layer.handle [as handle_request] (C:\Users\owner\WebstormProjects\kp-mobile\node_modules\express\lib\router\layer.js:95:5)
       at trim_prefix (C:\Users\owner\WebstormProjects\kp-mobile\node_modules\express\lib\router\index.js:317:13)
       at C:\Users\owner\WebstormProjects\kp-mobile\node_modules\express\lib\router\index.js:284:7
       at Function.process_params (C:\Users\owner\WebstormProjects\kp-mobile\node_modules\express\lib\router\index.js:335:12)
       at next (C:\Users\owner\WebstormProjects\kp-mobile\node_modules\express\lib\router\index.js:275:10)
       at C:\Users\owner\WebstormProjects\kp-mobile\node_modules\express\lib\router\index.js:635:15
       at next (C:\Users\owner\WebstormProjects\kp-mobile\node_modules\express\lib\router\index.js:260:14)
       at Function.handle (C:\Users\owner\WebstormProjects\kp-mobile\node_modules\express\lib\router\index.js:174:3)
       at router (C:\Users\owner\WebstormProjects\kp-mobile\node_modules\express\lib\router\index.js:47:12)
       at Layer.handle [as handle_request] (C:\Users\owner\WebstormProjects\kp-mobile\node_modules\express\lib\router\layer.js:95:5)
       at trim_prefix (C:\Users\owner\WebstormProjects\kp-mobile\node_modules\express\lib\router\index.js:317:13)
       at C:\Users\owner\WebstormProjects\kp-mobile\node_modules\express\lib\router\index.js:284:7
       at Function.process_params (C:\Users\owner\WebstormProjects\kp-mobile\node_modules\express\lib\router\index.js:335:12)
       at next (C:\Users\owner\WebstormProjects\kp-mobile\node_modules\express\lib\router\index.js:275:10)
       at C:\Users\owner\WebstormProjects\kp-mobile\node_modules\express\lib\router\index.js:635:15 status: 404 } }
[2018-01-08T11:17:11.265] [ERROR] error - GET
[2018-01-08T11:17:11.267] [ERROR] error - /page-transitions-dialog.html
[2018-01-08T11:17:11.267] [ERROR] error - { message: 'Not Found',
  error: 
   { Error: Not Found
       at C:\Users\owner\WebstormProjects\kp-mobile\app.js:114:15
       at Layer.handle [as handle_request] (C:\Users\owner\WebstormProjects\kp-mobile\node_modules\express\lib\router\layer.js:95:5)
       at trim_prefix (C:\Users\owner\WebstormProjects\kp-mobile\node_modules\express\lib\router\index.js:317:13)
       at C:\Users\owner\WebstormProjects\kp-mobile\node_modules\express\lib\router\index.js:284:7
       at Function.process_params (C:\Users\owner\WebstormProjects\kp-mobile\node_modules\express\lib\router\index.js:335:12)
       at next (C:\Users\owner\WebstormProjects\kp-mobile\node_modules\express\lib\router\index.js:275:10)
       at C:\Users\owner\WebstormProjects\kp-mobile\node_modules\express\lib\router\index.js:635:15
       at next (C:\Users\owner\WebstormProjects\kp-mobile\node_modules\express\lib\router\index.js:260:14)
       at Function.handle (C:\Users\owner\WebstormProjects\kp-mobile\node_modules\express\lib\router\index.js:174:3)
       at router (C:\Users\owner\WebstormProjects\kp-mobile\node_modules\express\lib\router\index.js:47:12)
       at Layer.handle [as handle_request] (C:\Users\owner\WebstormProjects\kp-mobile\node_modules\express\lib\router\layer.js:95:5)
       at trim_prefix (C:\Users\owner\WebstormProjects\kp-mobile\node_modules\express\lib\router\index.js:317:13)
       at C:\Users\owner\WebstormProjects\kp-mobile\node_modules\express\lib\router\index.js:284:7
       at Function.process_params (C:\Users\owner\WebstormProjects\kp-mobile\node_modules\express\lib\router\index.js:335:12)
       at next (C:\Users\owner\WebstormProjects\kp-mobile\node_modules\express\lib\router\index.js:275:10)
       at C:\Users\owner\WebstormProjects\kp-mobile\node_modules\express\lib\router\index.js:635:15 status: 404 } }
[2018-01-08T11:17:39.879] [ERROR] error - GET
[2018-01-08T11:17:39.879] [ERROR] error - /page-transitions-dialog.html
[2018-01-08T11:17:39.879] [ERROR] error - { message: 'Not Found',
  error: 
   { Error: Not Found
       at C:\Users\owner\WebstormProjects\kp-mobile\app.js:114:15
       at Layer.handle [as handle_request] (C:\Users\owner\WebstormProjects\kp-mobile\node_modules\express\lib\router\layer.js:95:5)
       at trim_prefix (C:\Users\owner\WebstormProjects\kp-mobile\node_modules\express\lib\router\index.js:317:13)
       at C:\Users\owner\WebstormProjects\kp-mobile\node_modules\express\lib\router\index.js:284:7
       at Function.process_params (C:\Users\owner\WebstormProjects\kp-mobile\node_modules\express\lib\router\index.js:335:12)
       at next (C:\Users\owner\WebstormProjects\kp-mobile\node_modules\express\lib\router\index.js:275:10)
       at C:\Users\owner\WebstormProjects\kp-mobile\node_modules\express\lib\router\index.js:635:15
       at next (C:\Users\owner\WebstormProjects\kp-mobile\node_modules\express\lib\router\index.js:260:14)
       at Function.handle (C:\Users\owner\WebstormProjects\kp-mobile\node_modules\express\lib\router\index.js:174:3)
       at router (C:\Users\owner\WebstormProjects\kp-mobile\node_modules\express\lib\router\index.js:47:12)
       at Layer.handle [as handle_request] (C:\Users\owner\WebstormProjects\kp-mobile\node_modules\express\lib\router\layer.js:95:5)
       at trim_prefix (C:\Users\owner\WebstormProjects\kp-mobile\node_modules\express\lib\router\index.js:317:13)
       at C:\Users\owner\WebstormProjects\kp-mobile\node_modules\express\lib\router\index.js:284:7
       at Function.process_params (C:\Users\owner\WebstormProjects\kp-mobile\node_modules\express\lib\router\index.js:335:12)
       at next (C:\Users\owner\WebstormProjects\kp-mobile\node_modules\express\lib\router\index.js:275:10)
       at C:\Users\owner\WebstormProjects\kp-mobile\node_modules\express\lib\router\index.js:635:15 status: 404 } }
[2018-01-08T11:17:43.143] [ERROR] error - GET
[2018-01-08T11:17:43.143] [ERROR] error - /page-transitions-dialog.html
[2018-01-08T11:17:43.143] [ERROR] error - { message: 'Not Found',
  error: 
   { Error: Not Found
       at C:\Users\owner\WebstormProjects\kp-mobile\app.js:114:15
       at Layer.handle [as handle_request] (C:\Users\owner\WebstormProjects\kp-mobile\node_modules\express\lib\router\layer.js:95:5)
       at trim_prefix (C:\Users\owner\WebstormProjects\kp-mobile\node_modules\express\lib\router\index.js:317:13)
       at C:\Users\owner\WebstormProjects\kp-mobile\node_modules\express\lib\router\index.js:284:7
       at Function.process_params (C:\Users\owner\WebstormProjects\kp-mobile\node_modules\express\lib\router\index.js:335:12)
       at next (C:\Users\owner\WebstormProjects\kp-mobile\node_modules\express\lib\router\index.js:275:10)
       at C:\Users\owner\WebstormProjects\kp-mobile\node_modules\express\lib\router\index.js:635:15
       at next (C:\Users\owner\WebstormProjects\kp-mobile\node_modules\express\lib\router\index.js:260:14)
       at Function.handle (C:\Users\owner\WebstormProjects\kp-mobile\node_modules\express\lib\router\index.js:174:3)
       at router (C:\Users\owner\WebstormProjects\kp-mobile\node_modules\express\lib\router\index.js:47:12)
       at Layer.handle [as handle_request] (C:\Users\owner\WebstormProjects\kp-mobile\node_modules\express\lib\router\layer.js:95:5)
       at trim_prefix (C:\Users\owner\WebstormProjects\kp-mobile\node_modules\express\lib\router\index.js:317:13)
       at C:\Users\owner\WebstormProjects\kp-mobile\node_modules\express\lib\router\index.js:284:7
       at Function.process_params (C:\Users\owner\WebstormProjects\kp-mobile\node_modules\express\lib\router\index.js:335:12)
       at next (C:\Users\owner\WebstormProjects\kp-mobile\node_modules\express\lib\router\index.js:275:10)
       at C:\Users\owner\WebstormProjects\kp-mobile\node_modules\express\lib\router\index.js:635:15 status: 404 } }
[2018-01-08T11:17:46.693] [ERROR] error - GET
[2018-01-08T11:17:46.694] [ERROR] error - /page-transitions-dialog.html
[2018-01-08T11:17:46.694] [ERROR] error - { message: 'Not Found',
  error: 
   { Error: Not Found
       at C:\Users\owner\WebstormProjects\kp-mobile\app.js:114:15
       at Layer.handle [as handle_request] (C:\Users\owner\WebstormProjects\kp-mobile\node_modules\express\lib\router\layer.js:95:5)
       at trim_prefix (C:\Users\owner\WebstormProjects\kp-mobile\node_modules\express\lib\router\index.js:317:13)
       at C:\Users\owner\WebstormProjects\kp-mobile\node_modules\express\lib\router\index.js:284:7
       at Function.process_params (C:\Users\owner\WebstormProjects\kp-mobile\node_modules\express\lib\router\index.js:335:12)
       at next (C:\Users\owner\WebstormProjects\kp-mobile\node_modules\express\lib\router\index.js:275:10)
       at C:\Users\owner\WebstormProjects\kp-mobile\node_modules\express\lib\router\index.js:635:15
       at next (C:\Users\owner\WebstormProjects\kp-mobile\node_modules\express\lib\router\index.js:260:14)
       at Function.handle (C:\Users\owner\WebstormProjects\kp-mobile\node_modules\express\lib\router\index.js:174:3)
       at router (C:\Users\owner\WebstormProjects\kp-mobile\node_modules\express\lib\router\index.js:47:12)
       at Layer.handle [as handle_request] (C:\Users\owner\WebstormProjects\kp-mobile\node_modules\express\lib\router\layer.js:95:5)
       at trim_prefix (C:\Users\owner\WebstormProjects\kp-mobile\node_modules\express\lib\router\index.js:317:13)
       at C:\Users\owner\WebstormProjects\kp-mobile\node_modules\express\lib\router\index.js:284:7
       at Function.process_params (C:\Users\owner\WebstormProjects\kp-mobile\node_modules\express\lib\router\index.js:335:12)
       at next (C:\Users\owner\WebstormProjects\kp-mobile\node_modules\express\lib\router\index.js:275:10)
       at C:\Users\owner\WebstormProjects\kp-mobile\node_modules\express\lib\router\index.js:635:15 status: 404 } }
[2018-01-08T11:17:49.118] [ERROR] error - GET
[2018-01-08T11:17:49.118] [ERROR] error - /page-transitions-dialog.html
[2018-01-08T11:17:49.119] [ERROR] error - { message: 'Not Found',
  error: 
   { Error: Not Found
       at C:\Users\owner\WebstormProjects\kp-mobile\app.js:114:15
       at Layer.handle [as handle_request] (C:\Users\owner\WebstormProjects\kp-mobile\node_modules\express\lib\router\layer.js:95:5)
       at trim_prefix (C:\Users\owner\WebstormProjects\kp-mobile\node_modules\express\lib\router\index.js:317:13)
       at C:\Users\owner\WebstormProjects\kp-mobile\node_modules\express\lib\router\index.js:284:7
       at Function.process_params (C:\Users\owner\WebstormProjects\kp-mobile\node_modules\express\lib\router\index.js:335:12)
       at next (C:\Users\owner\WebstormProjects\kp-mobile\node_modules\express\lib\router\index.js:275:10)
       at C:\Users\owner\WebstormProjects\kp-mobile\node_modules\express\lib\router\index.js:635:15
       at next (C:\Users\owner\WebstormProjects\kp-mobile\node_modules\express\lib\router\index.js:260:14)
       at Function.handle (C:\Users\owner\WebstormProjects\kp-mobile\node_modules\express\lib\router\index.js:174:3)
       at router (C:\Users\owner\WebstormProjects\kp-mobile\node_modules\express\lib\router\index.js:47:12)
       at Layer.handle [as handle_request] (C:\Users\owner\WebstormProjects\kp-mobile\node_modules\express\lib\router\layer.js:95:5)
       at trim_prefix (C:\Users\owner\WebstormProjects\kp-mobile\node_modules\express\lib\router\index.js:317:13)
       at C:\Users\owner\WebstormProjects\kp-mobile\node_modules\express\lib\router\index.js:284:7
       at Function.process_params (C:\Users\owner\WebstormProjects\kp-mobile\node_modules\express\lib\router\index.js:335:12)
       at next (C:\Users\owner\WebstormProjects\kp-mobile\node_modules\express\lib\router\index.js:275:10)
       at C:\Users\owner\WebstormProjects\kp-mobile\node_modules\express\lib\router\index.js:635:15 status: 404 } }
[2018-01-08T11:38:42.164] [ERROR] error - GET
[2018-01-08T11:38:42.165] [ERROR] error - /jquery.min.map
[2018-01-08T11:38:42.166] [ERROR] error - { message: 'Not Found',
  error: 
   { Error: Not Found
       at C:\Users\owner\WebstormProjects\kp-mobile\app.js:114:15
       at Layer.handle [as handle_request] (C:\Users\owner\WebstormProjects\kp-mobile\node_modules\express\lib\router\layer.js:95:5)
       at trim_prefix (C:\Users\owner\WebstormProjects\kp-mobile\node_modules\express\lib\router\index.js:317:13)
       at C:\Users\owner\WebstormProjects\kp-mobile\node_modules\express\lib\router\index.js:284:7
       at Function.process_params (C:\Users\owner\WebstormProjects\kp-mobile\node_modules\express\lib\router\index.js:335:12)
       at next (C:\Users\owner\WebstormProjects\kp-mobile\node_modules\express\lib\router\index.js:275:10)
       at C:\Users\owner\WebstormProjects\kp-mobile\node_modules\express\lib\router\index.js:635:15
       at next (C:\Users\owner\WebstormProjects\kp-mobile\node_modules\express\lib\router\index.js:260:14)
       at Function.handle (C:\Users\owner\WebstormProjects\kp-mobile\node_modules\express\lib\router\index.js:174:3)
       at router (C:\Users\owner\WebstormProjects\kp-mobile\node_modules\express\lib\router\index.js:47:12)
       at Layer.handle [as handle_request] (C:\Users\owner\WebstormProjects\kp-mobile\node_modules\express\lib\router\layer.js:95:5)
       at trim_prefix (C:\Users\owner\WebstormProjects\kp-mobile\node_modules\express\lib\router\index.js:317:13)
       at C:\Users\owner\WebstormProjects\kp-mobile\node_modules\express\lib\router\index.js:284:7
       at Function.process_params (C:\Users\owner\WebstormProjects\kp-mobile\node_modules\express\lib\router\index.js:335:12)
       at next (C:\Users\owner\WebstormProjects\kp-mobile\node_modules\express\lib\router\index.js:275:10)
       at C:\Users\owner\WebstormProjects\kp-mobile\node_modules\express\lib\router\index.js:635:15 status: 404 } }
[2018-01-08T11:38:42.233] [ERROR] error - GET
[2018-01-08T11:38:42.234] [ERROR] error - /jquery.mobile-1.4.5.min.map
[2018-01-08T11:38:42.234] [ERROR] error - { message: 'Not Found',
  error: 
   { Error: Not Found
       at C:\Users\owner\WebstormProjects\kp-mobile\app.js:114:15
       at Layer.handle [as handle_request] (C:\Users\owner\WebstormProjects\kp-mobile\node_modules\express\lib\router\layer.js:95:5)
       at trim_prefix (C:\Users\owner\WebstormProjects\kp-mobile\node_modules\express\lib\router\index.js:317:13)
       at C:\Users\owner\WebstormProjects\kp-mobile\node_modules\express\lib\router\index.js:284:7
       at Function.process_params (C:\Users\owner\WebstormProjects\kp-mobile\node_modules\express\lib\router\index.js:335:12)
       at next (C:\Users\owner\WebstormProjects\kp-mobile\node_modules\express\lib\router\index.js:275:10)
       at C:\Users\owner\WebstormProjects\kp-mobile\node_modules\express\lib\router\index.js:635:15
       at next (C:\Users\owner\WebstormProjects\kp-mobile\node_modules\express\lib\router\index.js:260:14)
       at Function.handle (C:\Users\owner\WebstormProjects\kp-mobile\node_modules\express\lib\router\index.js:174:3)
       at router (C:\Users\owner\WebstormProjects\kp-mobile\node_modules\express\lib\router\index.js:47:12)
       at Layer.handle [as handle_request] (C:\Users\owner\WebstormProjects\kp-mobile\node_modules\express\lib\router\layer.js:95:5)
       at trim_prefix (C:\Users\owner\WebstormProjects\kp-mobile\node_modules\express\lib\router\index.js:317:13)
       at C:\Users\owner\WebstormProjects\kp-mobile\node_modules\express\lib\router\index.js:284:7
       at Function.process_params (C:\Users\owner\WebstormProjects\kp-mobile\node_modules\express\lib\router\index.js:335:12)
       at next (C:\Users\owner\WebstormProjects\kp-mobile\node_modules\express\lib\router\index.js:275:10)
       at C:\Users\owner\WebstormProjects\kp-mobile\node_modules\express\lib\router\index.js:635:15 status: 404 } }
[2018-01-08T11:38:49.483] [ERROR] error - GET
[2018-01-08T11:38:49.483] [ERROR] error - /jquery.min.map
[2018-01-08T11:38:49.483] [ERROR] error - { message: 'Not Found',
  error: 
   { Error: Not Found
       at C:\Users\owner\WebstormProjects\kp-mobile\app.js:114:15
       at Layer.handle [as handle_request] (C:\Users\owner\WebstormProjects\kp-mobile\node_modules\express\lib\router\layer.js:95:5)
       at trim_prefix (C:\Users\owner\WebstormProjects\kp-mobile\node_modules\express\lib\router\index.js:317:13)
       at C:\Users\owner\WebstormProjects\kp-mobile\node_modules\express\lib\router\index.js:284:7
       at Function.process_params (C:\Users\owner\WebstormProjects\kp-mobile\node_modules\express\lib\router\index.js:335:12)
       at next (C:\Users\owner\WebstormProjects\kp-mobile\node_modules\express\lib\router\index.js:275:10)
       at C:\Users\owner\WebstormProjects\kp-mobile\node_modules\express\lib\router\index.js:635:15
       at next (C:\Users\owner\WebstormProjects\kp-mobile\node_modules\express\lib\router\index.js:260:14)
       at Function.handle (C:\Users\owner\WebstormProjects\kp-mobile\node_modules\express\lib\router\index.js:174:3)
       at router (C:\Users\owner\WebstormProjects\kp-mobile\node_modules\express\lib\router\index.js:47:12)
       at Layer.handle [as handle_request] (C:\Users\owner\WebstormProjects\kp-mobile\node_modules\express\lib\router\layer.js:95:5)
       at trim_prefix (C:\Users\owner\WebstormProjects\kp-mobile\node_modules\express\lib\router\index.js:317:13)
       at C:\Users\owner\WebstormProjects\kp-mobile\node_modules\express\lib\router\index.js:284:7
       at Function.process_params (C:\Users\owner\WebstormProjects\kp-mobile\node_modules\express\lib\router\index.js:335:12)
       at next (C:\Users\owner\WebstormProjects\kp-mobile\node_modules\express\lib\router\index.js:275:10)
       at C:\Users\owner\WebstormProjects\kp-mobile\node_modules\express\lib\router\index.js:635:15 status: 404 } }
[2018-01-08T11:38:49.547] [ERROR] error - GET
[2018-01-08T11:38:49.547] [ERROR] error - /jquery.mobile-1.4.5.min.map
[2018-01-08T11:38:49.548] [ERROR] error - { message: 'Not Found',
  error: 
   { Error: Not Found
       at C:\Users\owner\WebstormProjects\kp-mobile\app.js:114:15
       at Layer.handle [as handle_request] (C:\Users\owner\WebstormProjects\kp-mobile\node_modules\express\lib\router\layer.js:95:5)
       at trim_prefix (C:\Users\owner\WebstormProjects\kp-mobile\node_modules\express\lib\router\index.js:317:13)
       at C:\Users\owner\WebstormProjects\kp-mobile\node_modules\express\lib\router\index.js:284:7
       at Function.process_params (C:\Users\owner\WebstormProjects\kp-mobile\node_modules\express\lib\router\index.js:335:12)
       at next (C:\Users\owner\WebstormProjects\kp-mobile\node_modules\express\lib\router\index.js:275:10)
       at C:\Users\owner\WebstormProjects\kp-mobile\node_modules\express\lib\router\index.js:635:15
       at next (C:\Users\owner\WebstormProjects\kp-mobile\node_modules\express\lib\router\index.js:260:14)
       at Function.handle (C:\Users\owner\WebstormProjects\kp-mobile\node_modules\express\lib\router\index.js:174:3)
       at router (C:\Users\owner\WebstormProjects\kp-mobile\node_modules\express\lib\router\index.js:47:12)
       at Layer.handle [as handle_request] (C:\Users\owner\WebstormProjects\kp-mobile\node_modules\express\lib\router\layer.js:95:5)
       at trim_prefix (C:\Users\owner\WebstormProjects\kp-mobile\node_modules\express\lib\router\index.js:317:13)
       at C:\Users\owner\WebstormProjects\kp-mobile\node_modules\express\lib\router\index.js:284:7
       at Function.process_params (C:\Users\owner\WebstormProjects\kp-mobile\node_modules\express\lib\router\index.js:335:12)
       at next (C:\Users\owner\WebstormProjects\kp-mobile\node_modules\express\lib\router\index.js:275:10)
       at C:\Users\owner\WebstormProjects\kp-mobile\node_modules\express\lib\router\index.js:635:15 status: 404 } }
[2018-01-08T15:01:45.705] [ERROR] error - { message: 'C:\\Users\\owner\\WebstormProjects\\kp-mobile\\views\\pcError.html:18\n    16| </div>\r\n    17| <div class="bodyContent">\r\n >> 18|     <% if(!msg){\r\n    19|         msg ="aaaaa";\r\n    20|     } %>\r\n    21|     <div><%=msg%></div>\r\n\nmsg is not defined',
  error: 
   { ReferenceError: C:\Users\owner\WebstormProjects\kp-mobile\views\pcError.html:18
       16| </div>
       17| <div class="bodyContent">
    >> 18|     <% if(!msg){
       19|         msg ="aaaaa";
       20|     } %>
       21|     <div><%=msg%></div>
   
   msg is not defined
       at eval (eval at compile (C:\Users\owner\WebstormProjects\kp-mobile\node_modules\ejs\lib\ejs.js:549:12), <anonymous>:14:12)
       at returnedFn (C:\Users\owner\WebstormProjects\kp-mobile\node_modules\ejs\lib\ejs.js:580:17)
       at C:\Users\owner\WebstormProjects\kp-mobile\node_modules\consolidate\lib\consolidate.js:651:16
       at C:\Users\owner\WebstormProjects\kp-mobile\node_modules\consolidate\lib\consolidate.js:162:5
       at Promise._execute (C:\Users\owner\WebstormProjects\kp-mobile\node_modules\consolidate\node_modules\bluebird\js\release\debuggability.js:303:9)
       at Promise._resolveFromExecutor (C:\Users\owner\WebstormProjects\kp-mobile\node_modules\consolidate\node_modules\bluebird\js\release\promise.js:483:18)
       at new Promise (C:\Users\owner\WebstormProjects\kp-mobile\node_modules\consolidate\node_modules\bluebird\js\release\promise.js:79:10)
       at promisify (C:\Users\owner\WebstormProjects\kp-mobile\node_modules\consolidate\lib\consolidate.js:155:10)
       at Function.exports.ejs.render (C:\Users\owner\WebstormProjects\kp-mobile\node_modules\consolidate\lib\consolidate.js:647:10)
       at C:\Users\owner\WebstormProjects\kp-mobile\node_modules\consolidate\lib\consolidate.js:183:27
       at C:\Users\owner\WebstormProjects\kp-mobile\node_modules\consolidate\lib\consolidate.js:101:5
       at tryToString (fs.js:456:3)
       at FSReqWrap.readFileAfterClose [as oncomplete] (fs.js:443:12)
     path: 'C:\\Users\\owner\\WebstormProjects\\kp-mobile\\views\\pcError.html' } }
[2018-01-08T15:02:56.814] [ERROR] error - { message: 'C:\\Users\\owner\\WebstormProjects\\kp-mobile\\views\\pcError.html:21\n    19|         msg ="aaaaa";\r\n    20|     } %>\r\n >> 21|     <div><%=msg%></div>\r\n    22| </div>\r\n    23| </body>\r\n    24| </html>\r\n\nmsg is not defined',
  error: 
   { ReferenceError: C:\Users\owner\WebstormProjects\kp-mobile\views\pcError.html:21
       19|         msg ="aaaaa";
       20|     } %>
    >> 21|     <div><%=msg%></div>
       22| </div>
       23| </body>
       24| </html>
   
   msg is not defined
       at eval (eval at compile (C:\Users\owner\WebstormProjects\kp-mobile\node_modules\ejs\lib\ejs.js:549:12), <anonymous>:20:25)
       at returnedFn (C:\Users\owner\WebstormProjects\kp-mobile\node_modules\ejs\lib\ejs.js:580:17)
       at C:\Users\owner\WebstormProjects\kp-mobile\node_modules\consolidate\lib\consolidate.js:651:16
       at C:\Users\owner\WebstormProjects\kp-mobile\node_modules\consolidate\lib\consolidate.js:162:5
       at Promise._execute (C:\Users\owner\WebstormProjects\kp-mobile\node_modules\consolidate\node_modules\bluebird\js\release\debuggability.js:303:9)
       at Promise._resolveFromExecutor (C:\Users\owner\WebstormProjects\kp-mobile\node_modules\consolidate\node_modules\bluebird\js\release\promise.js:483:18)
       at new Promise (C:\Users\owner\WebstormProjects\kp-mobile\node_modules\consolidate\node_modules\bluebird\js\release\promise.js:79:10)
       at promisify (C:\Users\owner\WebstormProjects\kp-mobile\node_modules\consolidate\lib\consolidate.js:155:10)
       at Function.exports.ejs.render (C:\Users\owner\WebstormProjects\kp-mobile\node_modules\consolidate\lib\consolidate.js:647:10)
       at C:\Users\owner\WebstormProjects\kp-mobile\node_modules\consolidate\lib\consolidate.js:183:27
       at C:\Users\owner\WebstormProjects\kp-mobile\node_modules\consolidate\lib\consolidate.js:101:5
       at tryToString (fs.js:456:3)
       at FSReqWrap.readFileAfterClose [as oncomplete] (fs.js:443:12)
     path: 'C:\\Users\\owner\\WebstormProjects\\kp-mobile\\views\\pcError.html' } }
[2018-01-08T15:03:35.261] [ERROR] error - { message: 'C:\\Users\\owner\\WebstormProjects\\kp-mobile\\views\\pcError.html:21\n    19|         msg ="aaaaa";\r\n    20|     } %>\r\n >> 21|     <div><%=msg%></div>\r\n    22| </div>\r\n    23| </body>\r\n    24| </html>\r\n\nmsg is not defined',
  error: 
   { ReferenceError: C:\Users\owner\WebstormProjects\kp-mobile\views\pcError.html:21
       19|         msg ="aaaaa";
       20|     } %>
    >> 21|     <div><%=msg%></div>
       22| </div>
       23| </body>
       24| </html>
   
   msg is not defined
       at eval (eval at compile (C:\Users\owner\WebstormProjects\kp-mobile\node_modules\ejs\lib\ejs.js:549:12), <anonymous>:20:25)
       at returnedFn (C:\Users\owner\WebstormProjects\kp-mobile\node_modules\ejs\lib\ejs.js:580:17)
       at C:\Users\owner\WebstormProjects\kp-mobile\node_modules\consolidate\lib\consolidate.js:651:16
       at C:\Users\owner\WebstormProjects\kp-mobile\node_modules\consolidate\lib\consolidate.js:162:5
       at Promise._execute (C:\Users\owner\WebstormProjects\kp-mobile\node_modules\consolidate\node_modules\bluebird\js\release\debuggability.js:303:9)
       at Promise._resolveFromExecutor (C:\Users\owner\WebstormProjects\kp-mobile\node_modules\consolidate\node_modules\bluebird\js\release\promise.js:483:18)
       at new Promise (C:\Users\owner\WebstormProjects\kp-mobile\node_modules\consolidate\node_modules\bluebird\js\release\promise.js:79:10)
       at promisify (C:\Users\owner\WebstormProjects\kp-mobile\node_modules\consolidate\lib\consolidate.js:155:10)
       at Function.exports.ejs.render (C:\Users\owner\WebstormProjects\kp-mobile\node_modules\consolidate\lib\consolidate.js:647:10)
       at C:\Users\owner\WebstormProjects\kp-mobile\node_modules\consolidate\lib\consolidate.js:183:27
       at C:\Users\owner\WebstormProjects\kp-mobile\node_modules\consolidate\lib\consolidate.js:101:5
       at tryToString (fs.js:456:3)
       at FSReqWrap.readFileAfterClose [as oncomplete] (fs.js:443:12)
     path: 'C:\\Users\\owner\\WebstormProjects\\kp-mobile\\views\\pcError.html' } }
[2018-01-08T15:03:41.665] [ERROR] error - { message: 'C:\\Users\\owner\\WebstormProjects\\kp-mobile\\views\\pcError.html:21\n    19|         msg ="aaaaa";\r\n    20|     } %>\r\n >> 21|     <div><%=msg%></div>\r\n    22| </div>\r\n    23| </body>\r\n    24| </html>\r\n\nmsg is not defined',
  error: 
   { ReferenceError: C:\Users\owner\WebstormProjects\kp-mobile\views\pcError.html:21
       19|         msg ="aaaaa";
       20|     } %>
    >> 21|     <div><%=msg%></div>
       22| </div>
       23| </body>
       24| </html>
   
   msg is not defined
       at eval (eval at compile (C:\Users\owner\WebstormProjects\kp-mobile\node_modules\ejs\lib\ejs.js:549:12), <anonymous>:20:25)
       at returnedFn (C:\Users\owner\WebstormProjects\kp-mobile\node_modules\ejs\lib\ejs.js:580:17)
       at C:\Users\owner\WebstormProjects\kp-mobile\node_modules\consolidate\lib\consolidate.js:651:16
       at C:\Users\owner\WebstormProjects\kp-mobile\node_modules\consolidate\lib\consolidate.js:162:5
       at Promise._execute (C:\Users\owner\WebstormProjects\kp-mobile\node_modules\consolidate\node_modules\bluebird\js\release\debuggability.js:303:9)
       at Promise._resolveFromExecutor (C:\Users\owner\WebstormProjects\kp-mobile\node_modules\consolidate\node_modules\bluebird\js\release\promise.js:483:18)
       at new Promise (C:\Users\owner\WebstormProjects\kp-mobile\node_modules\consolidate\node_modules\bluebird\js\release\promise.js:79:10)
       at promisify (C:\Users\owner\WebstormProjects\kp-mobile\node_modules\consolidate\lib\consolidate.js:155:10)
       at Function.exports.ejs.render (C:\Users\owner\WebstormProjects\kp-mobile\node_modules\consolidate\lib\consolidate.js:647:10)
       at C:\Users\owner\WebstormProjects\kp-mobile\node_modules\consolidate\lib\consolidate.js:183:27
       at C:\Users\owner\WebstormProjects\kp-mobile\node_modules\consolidate\lib\consolidate.js:101:5
       at tryToString (fs.js:456:3)
       at FSReqWrap.readFileAfterClose [as oncomplete] (fs.js:443:12)
     path: 'C:\\Users\\owner\\WebstormProjects\\kp-mobile\\views\\pcError.html' } }
[2018-01-08T15:05:54.377] [ERROR] error - problem with request: connect ECONNREFUSED 192.168.1.93:8080
[2018-01-08T15:06:05.639] [ERROR] error - problem with request: connect ECONNREFUSED 192.168.1.93:8080
[2018-01-08T15:06:08.285] [ERROR] error - problem with request: connect ECONNREFUSED 192.168.1.93:8080
[2018-01-08T15:06:19.567] [ERROR] error - problem with request: connect ECONNREFUSED 192.168.1.93:8080
[2018-01-08T15:07:03.408] [ERROR] error - GET
[2018-01-08T15:07:03.409] [ERROR] error - /javascripts/custom/calculateSize.js
[2018-01-08T15:07:03.410] [ERROR] error - { message: 'Not Found',
  error: 
   { Error: Not Found
       at C:\Users\owner\WebstormProjects\kp-mobile\app.js:114:15
       at Layer.handle [as handle_request] (C:\Users\owner\WebstormProjects\kp-mobile\node_modules\express\lib\router\layer.js:95:5)
       at trim_prefix (C:\Users\owner\WebstormProjects\kp-mobile\node_modules\express\lib\router\index.js:317:13)
       at C:\Users\owner\WebstormProjects\kp-mobile\node_modules\express\lib\router\index.js:284:7
       at Function.process_params (C:\Users\owner\WebstormProjects\kp-mobile\node_modules\express\lib\router\index.js:335:12)
       at next (C:\Users\owner\WebstormProjects\kp-mobile\node_modules\express\lib\router\index.js:275:10)
       at C:\Users\owner\WebstormProjects\kp-mobile\node_modules\express\lib\router\index.js:635:15
       at next (C:\Users\owner\WebstormProjects\kp-mobile\node_modules\express\lib\router\index.js:260:14)
       at Function.handle (C:\Users\owner\WebstormProjects\kp-mobile\node_modules\express\lib\router\index.js:174:3)
       at router (C:\Users\owner\WebstormProjects\kp-mobile\node_modules\express\lib\router\index.js:47:12)
       at Layer.handle [as handle_request] (C:\Users\owner\WebstormProjects\kp-mobile\node_modules\express\lib\router\layer.js:95:5)
       at trim_prefix (C:\Users\owner\WebstormProjects\kp-mobile\node_modules\express\lib\router\index.js:317:13)
       at C:\Users\owner\WebstormProjects\kp-mobile\node_modules\express\lib\router\index.js:284:7
       at Function.process_params (C:\Users\owner\WebstormProjects\kp-mobile\node_modules\express\lib\router\index.js:335:12)
       at next (C:\Users\owner\WebstormProjects\kp-mobile\node_modules\express\lib\router\index.js:275:10)
       at C:\Users\owner\WebstormProjects\kp-mobile\node_modules\express\lib\router\index.js:635:15 status: 404 } }
