[2017-12-21T09:28:24.637] [ERROR] error - problem with request: connect ETIMEDOUT 192.168.1.38:8380
[2017-12-21T09:28:48.912] [ERROR] error - { message: 'C:\\Users\\owner\\WebstormProjects\\kp-mobile\\views\\ApplyClaim\\ApplyClaimStep3.html:28\n    26|         <span>完成</span>\r\n    27|     </div>\r\n >> 28|     <div class="nextStep" form-action="ApplyClaimStep2" data-value="<%=json.entClaimApplyId%>">\r\n    29|         <span>下一步</span>\r\n    30|     </div>\r\n    31| </div>\r\n\njson is not defined',
  error: 
   { ReferenceError: C:\Users\owner\WebstormProjects\kp-mobile\views\ApplyClaim\ApplyClaimStep3.html:28
       26|         <span>完成</span>
       27|     </div>
    >> 28|     <div class="nextStep" form-action="ApplyClaimStep2" data-value="<%=json.entClaimApplyId%>">
       29|         <span>下一步</span>
       30|     </div>
       31| </div>
   
   json is not defined
       at eval (eval at compile (C:\Users\owner\WebstormProjects\kp-mobile\node_modules\ejs\lib\ejs.js:549:12), <anonymous>:21:25)
       at returnedFn (C:\Users\owner\WebstormProjects\kp-mobile\node_modules\ejs\lib\ejs.js:580:17)
       at C:\Users\owner\WebstormProjects\kp-mobile\node_modules\consolidate\lib\consolidate.js:651:16
       at C:\Users\owner\WebstormProjects\kp-mobile\node_modules\consolidate\lib\consolidate.js:162:5
       at Promise._execute (C:\Users\owner\WebstormProjects\kp-mobile\node_modules\consolidate\node_modules\bluebird\js\release\debuggability.js:303:9)
       at Promise._resolveFromExecutor (C:\Users\owner\WebstormProjects\kp-mobile\node_modules\consolidate\node_modules\bluebird\js\release\promise.js:483:18)
       at new Promise (C:\Users\owner\WebstormProjects\kp-mobile\node_modules\consolidate\node_modules\bluebird\js\release\promise.js:79:10)
       at promisify (C:\Users\owner\WebstormProjects\kp-mobile\node_modules\consolidate\lib\consolidate.js:155:10)
       at Function.exports.ejs.render (C:\Users\owner\WebstormProjects\kp-mobile\node_modules\consolidate\lib\consolidate.js:647:10)
       at C:\Users\owner\WebstormProjects\kp-mobile\node_modules\consolidate\lib\consolidate.js:183:27
       at C:\Users\owner\WebstormProjects\kp-mobile\node_modules\consolidate\lib\consolidate.js:101:5
       at tryToString (fs.js:456:3)
       at FSReqWrap.readFileAfterClose [as oncomplete] (fs.js:443:12)
     path: 'C:\\Users\\owner\\WebstormProjects\\kp-mobile\\views\\ApplyClaim\\ApplyClaimStep3.html' } }
[2017-12-21T09:28:56.056] [ERROR] error - { message: 'C:\\Users\\owner\\WebstormProjects\\kp-mobile\\views\\ApplyClaim\\ApplyClaimStep3.html:28\n    26|         <span>完成</span>\r\n    27|     </div>\r\n >> 28|     <div class="nextStep" form-action="ApplyClaimStep2" data-value="<%=json.entClaimApplyId%>">\r\n    29|         <span>下一步</span>\r\n    30|     </div>\r\n    31| </div>\r\n\njson is not defined',
  error: 
   { ReferenceError: C:\Users\owner\WebstormProjects\kp-mobile\views\ApplyClaim\ApplyClaimStep3.html:28
       26|         <span>完成</span>
       27|     </div>
    >> 28|     <div class="nextStep" form-action="ApplyClaimStep2" data-value="<%=json.entClaimApplyId%>">
       29|         <span>下一步</span>
       30|     </div>
       31| </div>
   
   json is not defined
       at eval (eval at compile (C:\Users\owner\WebstormProjects\kp-mobile\node_modules\ejs\lib\ejs.js:549:12), <anonymous>:21:25)
       at returnedFn (C:\Users\owner\WebstormProjects\kp-mobile\node_modules\ejs\lib\ejs.js:580:17)
       at C:\Users\owner\WebstormProjects\kp-mobile\node_modules\consolidate\lib\consolidate.js:651:16
       at C:\Users\owner\WebstormProjects\kp-mobile\node_modules\consolidate\lib\consolidate.js:162:5
       at Promise._execute (C:\Users\owner\WebstormProjects\kp-mobile\node_modules\consolidate\node_modules\bluebird\js\release\debuggability.js:303:9)
       at Promise._resolveFromExecutor (C:\Users\owner\WebstormProjects\kp-mobile\node_modules\consolidate\node_modules\bluebird\js\release\promise.js:483:18)
       at new Promise (C:\Users\owner\WebstormProjects\kp-mobile\node_modules\consolidate\node_modules\bluebird\js\release\promise.js:79:10)
       at promisify (C:\Users\owner\WebstormProjects\kp-mobile\node_modules\consolidate\lib\consolidate.js:155:10)
       at Function.exports.ejs.render (C:\Users\owner\WebstormProjects\kp-mobile\node_modules\consolidate\lib\consolidate.js:647:10)
       at C:\Users\owner\WebstormProjects\kp-mobile\node_modules\consolidate\lib\consolidate.js:183:27
       at C:\Users\owner\WebstormProjects\kp-mobile\node_modules\consolidate\lib\consolidate.js:101:5
       at tryToString (fs.js:456:3)
       at FSReqWrap.readFileAfterClose [as oncomplete] (fs.js:443:12)
     path: 'C:\\Users\\owner\\WebstormProjects\\kp-mobile\\views\\ApplyClaim\\ApplyClaimStep3.html' } }
[2017-12-21T10:02:51.107] [ERROR] error - problem with request: connect ETIMEDOUT 192.168.1.38:8380
[2017-12-21T10:12:55.082] [ERROR] error - problem with request: connect ETIMEDOUT 192.168.1.38:8380
[2017-12-21T10:14:55.087] [ERROR] error - problem with request: connect ETIMEDOUT 192.168.1.38:8380
[2017-12-21T10:16:55.213] [ERROR] error - problem with request: connect ETIMEDOUT 192.168.1.38:8380
[2017-12-21T10:19:28.652] [ERROR] error - GET
[2017-12-21T10:19:28.652] [ERROR] error - /ApplyClaim
[2017-12-21T10:19:28.654] [ERROR] error - { message: 'Not Found',
  error: 
   { Error: Not Found
       at C:\Users\owner\WebstormProjects\kp-mobile\app.js:91:15
       at Layer.handle [as handle_request] (C:\Users\owner\WebstormProjects\kp-mobile\node_modules\express\lib\router\layer.js:95:5)
       at trim_prefix (C:\Users\owner\WebstormProjects\kp-mobile\node_modules\express\lib\router\index.js:317:13)
       at C:\Users\owner\WebstormProjects\kp-mobile\node_modules\express\lib\router\index.js:284:7
       at Function.process_params (C:\Users\owner\WebstormProjects\kp-mobile\node_modules\express\lib\router\index.js:335:12)
       at next (C:\Users\owner\WebstormProjects\kp-mobile\node_modules\express\lib\router\index.js:275:10)
       at C:\Users\owner\WebstormProjects\kp-mobile\node_modules\express\lib\router\index.js:635:15
       at next (C:\Users\owner\WebstormProjects\kp-mobile\node_modules\express\lib\router\index.js:260:14)
       at Function.handle (C:\Users\owner\WebstormProjects\kp-mobile\node_modules\express\lib\router\index.js:174:3)
       at router (C:\Users\owner\WebstormProjects\kp-mobile\node_modules\express\lib\router\index.js:47:12)
       at Layer.handle [as handle_request] (C:\Users\owner\WebstormProjects\kp-mobile\node_modules\express\lib\router\layer.js:95:5)
       at trim_prefix (C:\Users\owner\WebstormProjects\kp-mobile\node_modules\express\lib\router\index.js:317:13)
       at C:\Users\owner\WebstormProjects\kp-mobile\node_modules\express\lib\router\index.js:284:7
       at Function.process_params (C:\Users\owner\WebstormProjects\kp-mobile\node_modules\express\lib\router\index.js:335:12)
       at next (C:\Users\owner\WebstormProjects\kp-mobile\node_modules\express\lib\router\index.js:275:10)
       at C:\Users\owner\WebstormProjects\kp-mobile\node_modules\express\lib\router\index.js:635:15 status: 404 } }
[2017-12-21T10:47:57.520] [ERROR] error - problem with request: connect ETIMEDOUT 192.168.1.38:8380
[2017-12-21T11:13:42.808] [ERROR] error - GET
[2017-12-21T11:13:42.808] [ERROR] error - /javascript/component/jquery-1.11.1.js
[2017-12-21T11:13:42.808] [ERROR] error - { message: 'Not Found',
  error: 
   { Error: Not Found
       at C:\Users\owner\WebstormProjects\kp-mobile\app.js:91:15
       at Layer.handle [as handle_request] (C:\Users\owner\WebstormProjects\kp-mobile\node_modules\express\lib\router\layer.js:95:5)
       at trim_prefix (C:\Users\owner\WebstormProjects\kp-mobile\node_modules\express\lib\router\index.js:317:13)
       at C:\Users\owner\WebstormProjects\kp-mobile\node_modules\express\lib\router\index.js:284:7
       at Function.process_params (C:\Users\owner\WebstormProjects\kp-mobile\node_modules\express\lib\router\index.js:335:12)
       at next (C:\Users\owner\WebstormProjects\kp-mobile\node_modules\express\lib\router\index.js:275:10)
       at C:\Users\owner\WebstormProjects\kp-mobile\node_modules\express\lib\router\index.js:635:15
       at next (C:\Users\owner\WebstormProjects\kp-mobile\node_modules\express\lib\router\index.js:260:14)
       at Function.handle (C:\Users\owner\WebstormProjects\kp-mobile\node_modules\express\lib\router\index.js:174:3)
       at router (C:\Users\owner\WebstormProjects\kp-mobile\node_modules\express\lib\router\index.js:47:12)
       at Layer.handle [as handle_request] (C:\Users\owner\WebstormProjects\kp-mobile\node_modules\express\lib\router\layer.js:95:5)
       at trim_prefix (C:\Users\owner\WebstormProjects\kp-mobile\node_modules\express\lib\router\index.js:317:13)
       at C:\Users\owner\WebstormProjects\kp-mobile\node_modules\express\lib\router\index.js:284:7
       at Function.process_params (C:\Users\owner\WebstormProjects\kp-mobile\node_modules\express\lib\router\index.js:335:12)
       at next (C:\Users\owner\WebstormProjects\kp-mobile\node_modules\express\lib\router\index.js:275:10)
       at C:\Users\owner\WebstormProjects\kp-mobile\node_modules\express\lib\router\index.js:635:15 status: 404 } }
[2017-12-21T11:14:03.817] [ERROR] error - problem with request: connect ETIMEDOUT 192.168.1.38:8380
[2017-12-21T11:16:03.820] [ERROR] error - problem with request: connect ETIMEDOUT 192.168.1.38:8380
[2017-12-21T11:46:09.982] [ERROR] error - GET
[2017-12-21T11:46:09.982] [ERROR] error - /javascript/component/jquery-1.11.1.js
[2017-12-21T11:46:09.982] [ERROR] error - { message: 'Not Found',
  error: 
   { Error: Not Found
       at C:\Users\owner\WebstormProjects\kp-mobile\app.js:91:15
       at Layer.handle [as handle_request] (C:\Users\owner\WebstormProjects\kp-mobile\node_modules\express\lib\router\layer.js:95:5)
       at trim_prefix (C:\Users\owner\WebstormProjects\kp-mobile\node_modules\express\lib\router\index.js:317:13)
       at C:\Users\owner\WebstormProjects\kp-mobile\node_modules\express\lib\router\index.js:284:7
       at Function.process_params (C:\Users\owner\WebstormProjects\kp-mobile\node_modules\express\lib\router\index.js:335:12)
       at next (C:\Users\owner\WebstormProjects\kp-mobile\node_modules\express\lib\router\index.js:275:10)
       at C:\Users\owner\WebstormProjects\kp-mobile\node_modules\express\lib\router\index.js:635:15
       at next (C:\Users\owner\WebstormProjects\kp-mobile\node_modules\express\lib\router\index.js:260:14)
       at Function.handle (C:\Users\owner\WebstormProjects\kp-mobile\node_modules\express\lib\router\index.js:174:3)
       at router (C:\Users\owner\WebstormProjects\kp-mobile\node_modules\express\lib\router\index.js:47:12)
       at Layer.handle [as handle_request] (C:\Users\owner\WebstormProjects\kp-mobile\node_modules\express\lib\router\layer.js:95:5)
       at trim_prefix (C:\Users\owner\WebstormProjects\kp-mobile\node_modules\express\lib\router\index.js:317:13)
       at C:\Users\owner\WebstormProjects\kp-mobile\node_modules\express\lib\router\index.js:284:7
       at Function.process_params (C:\Users\owner\WebstormProjects\kp-mobile\node_modules\express\lib\router\index.js:335:12)
       at next (C:\Users\owner\WebstormProjects\kp-mobile\node_modules\express\lib\router\index.js:275:10)
       at C:\Users\owner\WebstormProjects\kp-mobile\node_modules\express\lib\router\index.js:635:15 status: 404 } }
[2017-12-21T13:38:56.274] [ERROR] error - GET
[2017-12-21T13:38:56.275] [ERROR] error - /detailInfoList
[2017-12-21T13:38:56.275] [ERROR] error - { message: 'Not Found',
  error: 
   { Error: Not Found
       at C:\Users\owner\WebstormProjects\kp-mobile\app.js:91:15
       at Layer.handle [as handle_request] (C:\Users\owner\WebstormProjects\kp-mobile\node_modules\express\lib\router\layer.js:95:5)
       at trim_prefix (C:\Users\owner\WebstormProjects\kp-mobile\node_modules\express\lib\router\index.js:317:13)
       at C:\Users\owner\WebstormProjects\kp-mobile\node_modules\express\lib\router\index.js:284:7
       at Function.process_params (C:\Users\owner\WebstormProjects\kp-mobile\node_modules\express\lib\router\index.js:335:12)
       at next (C:\Users\owner\WebstormProjects\kp-mobile\node_modules\express\lib\router\index.js:275:10)
       at C:\Users\owner\WebstormProjects\kp-mobile\node_modules\express\lib\router\index.js:635:15
       at next (C:\Users\owner\WebstormProjects\kp-mobile\node_modules\express\lib\router\index.js:260:14)
       at Function.handle (C:\Users\owner\WebstormProjects\kp-mobile\node_modules\express\lib\router\index.js:174:3)
       at router (C:\Users\owner\WebstormProjects\kp-mobile\node_modules\express\lib\router\index.js:47:12)
       at Layer.handle [as handle_request] (C:\Users\owner\WebstormProjects\kp-mobile\node_modules\express\lib\router\layer.js:95:5)
       at trim_prefix (C:\Users\owner\WebstormProjects\kp-mobile\node_modules\express\lib\router\index.js:317:13)
       at C:\Users\owner\WebstormProjects\kp-mobile\node_modules\express\lib\router\index.js:284:7
       at Function.process_params (C:\Users\owner\WebstormProjects\kp-mobile\node_modules\express\lib\router\index.js:335:12)
       at next (C:\Users\owner\WebstormProjects\kp-mobile\node_modules\express\lib\router\index.js:275:10)
       at C:\Users\owner\WebstormProjects\kp-mobile\node_modules\express\lib\router\index.js:635:15 status: 404 } }
[2017-12-21T13:42:25.943] [ERROR] error - GET
[2017-12-21T13:42:25.943] [ERROR] error - /detailInfoList
[2017-12-21T13:42:25.943] [ERROR] error - { message: 'Not Found',
  error: 
   { Error: Not Found
       at C:\Users\owner\WebstormProjects\kp-mobile\app.js:91:15
       at Layer.handle [as handle_request] (C:\Users\owner\WebstormProjects\kp-mobile\node_modules\express\lib\router\layer.js:95:5)
       at trim_prefix (C:\Users\owner\WebstormProjects\kp-mobile\node_modules\express\lib\router\index.js:317:13)
       at C:\Users\owner\WebstormProjects\kp-mobile\node_modules\express\lib\router\index.js:284:7
       at Function.process_params (C:\Users\owner\WebstormProjects\kp-mobile\node_modules\express\lib\router\index.js:335:12)
       at next (C:\Users\owner\WebstormProjects\kp-mobile\node_modules\express\lib\router\index.js:275:10)
       at C:\Users\owner\WebstormProjects\kp-mobile\node_modules\express\lib\router\index.js:635:15
       at next (C:\Users\owner\WebstormProjects\kp-mobile\node_modules\express\lib\router\index.js:260:14)
       at Function.handle (C:\Users\owner\WebstormProjects\kp-mobile\node_modules\express\lib\router\index.js:174:3)
       at router (C:\Users\owner\WebstormProjects\kp-mobile\node_modules\express\lib\router\index.js:47:12)
       at Layer.handle [as handle_request] (C:\Users\owner\WebstormProjects\kp-mobile\node_modules\express\lib\router\layer.js:95:5)
       at trim_prefix (C:\Users\owner\WebstormProjects\kp-mobile\node_modules\express\lib\router\index.js:317:13)
       at C:\Users\owner\WebstormProjects\kp-mobile\node_modules\express\lib\router\index.js:284:7
       at Function.process_params (C:\Users\owner\WebstormProjects\kp-mobile\node_modules\express\lib\router\index.js:335:12)
       at next (C:\Users\owner\WebstormProjects\kp-mobile\node_modules\express\lib\router\index.js:275:10)
       at C:\Users\owner\WebstormProjects\kp-mobile\node_modules\express\lib\router\index.js:635:15 status: 404 } }
[2017-12-21T13:42:40.876] [ERROR] error - GET
[2017-12-21T13:42:40.876] [ERROR] error - /detailInfoList
[2017-12-21T13:42:40.876] [ERROR] error - { message: 'Not Found',
  error: 
   { Error: Not Found
       at C:\Users\owner\WebstormProjects\kp-mobile\app.js:91:15
       at Layer.handle [as handle_request] (C:\Users\owner\WebstormProjects\kp-mobile\node_modules\express\lib\router\layer.js:95:5)
       at trim_prefix (C:\Users\owner\WebstormProjects\kp-mobile\node_modules\express\lib\router\index.js:317:13)
       at C:\Users\owner\WebstormProjects\kp-mobile\node_modules\express\lib\router\index.js:284:7
       at Function.process_params (C:\Users\owner\WebstormProjects\kp-mobile\node_modules\express\lib\router\index.js:335:12)
       at next (C:\Users\owner\WebstormProjects\kp-mobile\node_modules\express\lib\router\index.js:275:10)
       at C:\Users\owner\WebstormProjects\kp-mobile\node_modules\express\lib\router\index.js:635:15
       at next (C:\Users\owner\WebstormProjects\kp-mobile\node_modules\express\lib\router\index.js:260:14)
       at Function.handle (C:\Users\owner\WebstormProjects\kp-mobile\node_modules\express\lib\router\index.js:174:3)
       at router (C:\Users\owner\WebstormProjects\kp-mobile\node_modules\express\lib\router\index.js:47:12)
       at Layer.handle [as handle_request] (C:\Users\owner\WebstormProjects\kp-mobile\node_modules\express\lib\router\layer.js:95:5)
       at trim_prefix (C:\Users\owner\WebstormProjects\kp-mobile\node_modules\express\lib\router\index.js:317:13)
       at C:\Users\owner\WebstormProjects\kp-mobile\node_modules\express\lib\router\index.js:284:7
       at Function.process_params (C:\Users\owner\WebstormProjects\kp-mobile\node_modules\express\lib\router\index.js:335:12)
       at next (C:\Users\owner\WebstormProjects\kp-mobile\node_modules\express\lib\router\index.js:275:10)
       at C:\Users\owner\WebstormProjects\kp-mobile\node_modules\express\lib\router\index.js:635:15 status: 404 } }
[2017-12-21T13:43:53.221] [ERROR] error - GET
[2017-12-21T13:43:53.221] [ERROR] error - /detailInfoList
[2017-12-21T13:43:53.221] [ERROR] error - { message: 'Not Found',
  error: 
   { Error: Not Found
       at C:\Users\owner\WebstormProjects\kp-mobile\app.js:91:15
       at Layer.handle [as handle_request] (C:\Users\owner\WebstormProjects\kp-mobile\node_modules\express\lib\router\layer.js:95:5)
       at trim_prefix (C:\Users\owner\WebstormProjects\kp-mobile\node_modules\express\lib\router\index.js:317:13)
       at C:\Users\owner\WebstormProjects\kp-mobile\node_modules\express\lib\router\index.js:284:7
       at Function.process_params (C:\Users\owner\WebstormProjects\kp-mobile\node_modules\express\lib\router\index.js:335:12)
       at next (C:\Users\owner\WebstormProjects\kp-mobile\node_modules\express\lib\router\index.js:275:10)
       at C:\Users\owner\WebstormProjects\kp-mobile\node_modules\express\lib\router\index.js:635:15
       at next (C:\Users\owner\WebstormProjects\kp-mobile\node_modules\express\lib\router\index.js:260:14)
       at Function.handle (C:\Users\owner\WebstormProjects\kp-mobile\node_modules\express\lib\router\index.js:174:3)
       at router (C:\Users\owner\WebstormProjects\kp-mobile\node_modules\express\lib\router\index.js:47:12)
       at Layer.handle [as handle_request] (C:\Users\owner\WebstormProjects\kp-mobile\node_modules\express\lib\router\layer.js:95:5)
       at trim_prefix (C:\Users\owner\WebstormProjects\kp-mobile\node_modules\express\lib\router\index.js:317:13)
       at C:\Users\owner\WebstormProjects\kp-mobile\node_modules\express\lib\router\index.js:284:7
       at Function.process_params (C:\Users\owner\WebstormProjects\kp-mobile\node_modules\express\lib\router\index.js:335:12)
       at next (C:\Users\owner\WebstormProjects\kp-mobile\node_modules\express\lib\router\index.js:275:10)
       at C:\Users\owner\WebstormProjects\kp-mobile\node_modules\express\lib\router\index.js:635:15 status: 404 } }
[2017-12-21T15:00:51.169] [ERROR] error - { message: 'C:\\Users\\owner\\WebstormProjects\\kp-mobile\\views\\Claim\\ClaimDetail.html:35\n    33|                 input0.type = "text";\r\n    34|                 input0.name = "entClaimApplyId";\r\n >> 35|                 input0.value = "<%=claimApply.entClaimApplyId%>";\r\n    36|                 var input1 = document.createElement("input");\r\n    37|                 input1.type = "text";\r\n    38|                 input1.name = "planId";\r\n\nclaimApply is not defined',
  error: 
   { ReferenceError: C:\Users\owner\WebstormProjects\kp-mobile\views\Claim\ClaimDetail.html:35
       33|                 input0.type = "text";
       34|                 input0.name = "entClaimApplyId";
    >> 35|                 input0.value = "<%=claimApply.entClaimApplyId%>";
       36|                 var input1 = document.createElement("input");
       37|                 input1.type = "text";
       38|                 input1.name = "planId";
   
   claimApply is not defined
       at eval (eval at compile (C:\Users\owner\WebstormProjects\kp-mobile\node_modules\ejs\lib\ejs.js:549:12), <anonymous>:27:25)
       at returnedFn (C:\Users\owner\WebstormProjects\kp-mobile\node_modules\ejs\lib\ejs.js:580:17)
       at C:\Users\owner\WebstormProjects\kp-mobile\node_modules\consolidate\lib\consolidate.js:651:16
       at C:\Users\owner\WebstormProjects\kp-mobile\node_modules\consolidate\lib\consolidate.js:162:5
       at Promise._execute (C:\Users\owner\WebstormProjects\kp-mobile\node_modules\consolidate\node_modules\bluebird\js\release\debuggability.js:303:9)
       at Promise._resolveFromExecutor (C:\Users\owner\WebstormProjects\kp-mobile\node_modules\consolidate\node_modules\bluebird\js\release\promise.js:483:18)
       at new Promise (C:\Users\owner\WebstormProjects\kp-mobile\node_modules\consolidate\node_modules\bluebird\js\release\promise.js:79:10)
       at promisify (C:\Users\owner\WebstormProjects\kp-mobile\node_modules\consolidate\lib\consolidate.js:155:10)
       at Function.exports.ejs.render (C:\Users\owner\WebstormProjects\kp-mobile\node_modules\consolidate\lib\consolidate.js:647:10)
       at C:\Users\owner\WebstormProjects\kp-mobile\node_modules\consolidate\lib\consolidate.js:183:27
       at C:\Users\owner\WebstormProjects\kp-mobile\node_modules\consolidate\lib\consolidate.js:101:5
       at tryToString (fs.js:456:3)
       at FSReqWrap.readFileAfterClose [as oncomplete] (fs.js:443:12)
     path: 'C:\\Users\\owner\\WebstormProjects\\kp-mobile\\views\\Claim\\ClaimDetail.html' } }
[2017-12-21T15:02:37.839] [ERROR] error - { message: 'Cannot read property \'userId\' of undefined',
  error: 
   TypeError: Cannot read property 'userId' of undefined
       at router.post (C:\Users\owner\WebstormProjects\kp-mobile\routes\Claim.js:25:39)
       at Layer.handle [as handle_request] (C:\Users\owner\WebstormProjects\kp-mobile\node_modules\express\lib\router\layer.js:95:5)
       at next (C:\Users\owner\WebstormProjects\kp-mobile\node_modules\express\lib\router\route.js:137:13)
       at multipart (C:\Users\owner\WebstormProjects\kp-mobile\node_modules\connect-multiparty\index.js:48:27)
       at Layer.handle [as handle_request] (C:\Users\owner\WebstormProjects\kp-mobile\node_modules\express\lib\router\layer.js:95:5)
       at next (C:\Users\owner\WebstormProjects\kp-mobile\node_modules\express\lib\router\route.js:137:13)
       at Route.dispatch (C:\Users\owner\WebstormProjects\kp-mobile\node_modules\express\lib\router\route.js:112:3)
       at Layer.handle [as handle_request] (C:\Users\owner\WebstormProjects\kp-mobile\node_modules\express\lib\router\layer.js:95:5)
       at C:\Users\owner\WebstormProjects\kp-mobile\node_modules\express\lib\router\index.js:281:22
       at Function.process_params (C:\Users\owner\WebstormProjects\kp-mobile\node_modules\express\lib\router\index.js:335:12)
       at next (C:\Users\owner\WebstormProjects\kp-mobile\node_modules\express\lib\router\index.js:275:10)
       at Function.handle (C:\Users\owner\WebstormProjects\kp-mobile\node_modules\express\lib\router\index.js:174:3)
       at router (C:\Users\owner\WebstormProjects\kp-mobile\node_modules\express\lib\router\index.js:47:12)
       at Layer.handle [as handle_request] (C:\Users\owner\WebstormProjects\kp-mobile\node_modules\express\lib\router\layer.js:95:5)
       at trim_prefix (C:\Users\owner\WebstormProjects\kp-mobile\node_modules\express\lib\router\index.js:317:13)
       at C:\Users\owner\WebstormProjects\kp-mobile\node_modules\express\lib\router\index.js:284:7 }
[2017-12-21T15:02:40.211] [ERROR] error - { message: 'Cannot read property \'userId\' of undefined',
  error: 
   TypeError: Cannot read property 'userId' of undefined
       at router.post (C:\Users\owner\WebstormProjects\kp-mobile\routes\SafeguardManagement.js:22:39)
       at Layer.handle [as handle_request] (C:\Users\owner\WebstormProjects\kp-mobile\node_modules\express\lib\router\layer.js:95:5)
       at next (C:\Users\owner\WebstormProjects\kp-mobile\node_modules\express\lib\router\route.js:137:13)
       at multipart (C:\Users\owner\WebstormProjects\kp-mobile\node_modules\connect-multiparty\index.js:48:27)
       at Layer.handle [as handle_request] (C:\Users\owner\WebstormProjects\kp-mobile\node_modules\express\lib\router\layer.js:95:5)
       at next (C:\Users\owner\WebstormProjects\kp-mobile\node_modules\express\lib\router\route.js:137:13)
       at Route.dispatch (C:\Users\owner\WebstormProjects\kp-mobile\node_modules\express\lib\router\route.js:112:3)
       at Layer.handle [as handle_request] (C:\Users\owner\WebstormProjects\kp-mobile\node_modules\express\lib\router\layer.js:95:5)
       at C:\Users\owner\WebstormProjects\kp-mobile\node_modules\express\lib\router\index.js:281:22
       at Function.process_params (C:\Users\owner\WebstormProjects\kp-mobile\node_modules\express\lib\router\index.js:335:12)
       at next (C:\Users\owner\WebstormProjects\kp-mobile\node_modules\express\lib\router\index.js:275:10)
       at Function.handle (C:\Users\owner\WebstormProjects\kp-mobile\node_modules\express\lib\router\index.js:174:3)
       at router (C:\Users\owner\WebstormProjects\kp-mobile\node_modules\express\lib\router\index.js:47:12)
       at Layer.handle [as handle_request] (C:\Users\owner\WebstormProjects\kp-mobile\node_modules\express\lib\router\layer.js:95:5)
       at trim_prefix (C:\Users\owner\WebstormProjects\kp-mobile\node_modules\express\lib\router\index.js:317:13)
       at C:\Users\owner\WebstormProjects\kp-mobile\node_modules\express\lib\router\index.js:284:7 }
[2017-12-21T15:02:41.611] [ERROR] error - { message: 'Cannot read property \'userId\' of undefined',
  error: 
   TypeError: Cannot read property 'userId' of undefined
       at router.post (C:\Users\owner\WebstormProjects\kp-mobile\routes\Claim.js:25:39)
       at Layer.handle [as handle_request] (C:\Users\owner\WebstormProjects\kp-mobile\node_modules\express\lib\router\layer.js:95:5)
       at next (C:\Users\owner\WebstormProjects\kp-mobile\node_modules\express\lib\router\route.js:137:13)
       at multipart (C:\Users\owner\WebstormProjects\kp-mobile\node_modules\connect-multiparty\index.js:48:27)
       at Layer.handle [as handle_request] (C:\Users\owner\WebstormProjects\kp-mobile\node_modules\express\lib\router\layer.js:95:5)
       at next (C:\Users\owner\WebstormProjects\kp-mobile\node_modules\express\lib\router\route.js:137:13)
       at Route.dispatch (C:\Users\owner\WebstormProjects\kp-mobile\node_modules\express\lib\router\route.js:112:3)
       at Layer.handle [as handle_request] (C:\Users\owner\WebstormProjects\kp-mobile\node_modules\express\lib\router\layer.js:95:5)
       at C:\Users\owner\WebstormProjects\kp-mobile\node_modules\express\lib\router\index.js:281:22
       at Function.process_params (C:\Users\owner\WebstormProjects\kp-mobile\node_modules\express\lib\router\index.js:335:12)
       at next (C:\Users\owner\WebstormProjects\kp-mobile\node_modules\express\lib\router\index.js:275:10)
       at Function.handle (C:\Users\owner\WebstormProjects\kp-mobile\node_modules\express\lib\router\index.js:174:3)
       at router (C:\Users\owner\WebstormProjects\kp-mobile\node_modules\express\lib\router\index.js:47:12)
       at Layer.handle [as handle_request] (C:\Users\owner\WebstormProjects\kp-mobile\node_modules\express\lib\router\layer.js:95:5)
       at trim_prefix (C:\Users\owner\WebstormProjects\kp-mobile\node_modules\express\lib\router\index.js:317:13)
       at C:\Users\owner\WebstormProjects\kp-mobile\node_modules\express\lib\router\index.js:284:7 }
[2017-12-21T15:02:43.220] [ERROR] error - { message: 'Cannot read property \'userId\' of undefined',
  error: 
   TypeError: Cannot read property 'userId' of undefined
       at router.post (C:\Users\owner\WebstormProjects\kp-mobile\routes\Claim.js:25:39)
       at Layer.handle [as handle_request] (C:\Users\owner\WebstormProjects\kp-mobile\node_modules\express\lib\router\layer.js:95:5)
       at next (C:\Users\owner\WebstormProjects\kp-mobile\node_modules\express\lib\router\route.js:137:13)
       at multipart (C:\Users\owner\WebstormProjects\kp-mobile\node_modules\connect-multiparty\index.js:48:27)
       at Layer.handle [as handle_request] (C:\Users\owner\WebstormProjects\kp-mobile\node_modules\express\lib\router\layer.js:95:5)
       at next (C:\Users\owner\WebstormProjects\kp-mobile\node_modules\express\lib\router\route.js:137:13)
       at Route.dispatch (C:\Users\owner\WebstormProjects\kp-mobile\node_modules\express\lib\router\route.js:112:3)
       at Layer.handle [as handle_request] (C:\Users\owner\WebstormProjects\kp-mobile\node_modules\express\lib\router\layer.js:95:5)
       at C:\Users\owner\WebstormProjects\kp-mobile\node_modules\express\lib\router\index.js:281:22
       at Function.process_params (C:\Users\owner\WebstormProjects\kp-mobile\node_modules\express\lib\router\index.js:335:12)
       at next (C:\Users\owner\WebstormProjects\kp-mobile\node_modules\express\lib\router\index.js:275:10)
       at Function.handle (C:\Users\owner\WebstormProjects\kp-mobile\node_modules\express\lib\router\index.js:174:3)
       at router (C:\Users\owner\WebstormProjects\kp-mobile\node_modules\express\lib\router\index.js:47:12)
       at Layer.handle [as handle_request] (C:\Users\owner\WebstormProjects\kp-mobile\node_modules\express\lib\router\layer.js:95:5)
       at trim_prefix (C:\Users\owner\WebstormProjects\kp-mobile\node_modules\express\lib\router\index.js:317:13)
       at C:\Users\owner\WebstormProjects\kp-mobile\node_modules\express\lib\router\index.js:284:7 }
[2017-12-21T15:44:16.658] [ERROR] error - GET
[2017-12-21T15:44:16.660] [ERROR] error - /policyGetPlanQuestionAnswer
[2017-12-21T15:44:16.661] [ERROR] error - { message: 'Not Found',
  error: 
   { Error: Not Found
       at C:\Users\owner\WebstormProjects\kp-mobile\app.js:91:15
       at Layer.handle [as handle_request] (C:\Users\owner\WebstormProjects\kp-mobile\node_modules\express\lib\router\layer.js:95:5)
       at trim_prefix (C:\Users\owner\WebstormProjects\kp-mobile\node_modules\express\lib\router\index.js:317:13)
       at C:\Users\owner\WebstormProjects\kp-mobile\node_modules\express\lib\router\index.js:284:7
       at Function.process_params (C:\Users\owner\WebstormProjects\kp-mobile\node_modules\express\lib\router\index.js:335:12)
       at next (C:\Users\owner\WebstormProjects\kp-mobile\node_modules\express\lib\router\index.js:275:10)
       at C:\Users\owner\WebstormProjects\kp-mobile\node_modules\express\lib\router\index.js:635:15
       at next (C:\Users\owner\WebstormProjects\kp-mobile\node_modules\express\lib\router\index.js:260:14)
       at Function.handle (C:\Users\owner\WebstormProjects\kp-mobile\node_modules\express\lib\router\index.js:174:3)
       at router (C:\Users\owner\WebstormProjects\kp-mobile\node_modules\express\lib\router\index.js:47:12)
       at Layer.handle [as handle_request] (C:\Users\owner\WebstormProjects\kp-mobile\node_modules\express\lib\router\layer.js:95:5)
       at trim_prefix (C:\Users\owner\WebstormProjects\kp-mobile\node_modules\express\lib\router\index.js:317:13)
       at C:\Users\owner\WebstormProjects\kp-mobile\node_modules\express\lib\router\index.js:284:7
       at Function.process_params (C:\Users\owner\WebstormProjects\kp-mobile\node_modules\express\lib\router\index.js:335:12)
       at next (C:\Users\owner\WebstormProjects\kp-mobile\node_modules\express\lib\router\index.js:275:10)
       at C:\Users\owner\WebstormProjects\kp-mobile\node_modules\express\lib\router\index.js:635:15 status: 404 } }
[2017-12-21T15:44:37.682] [ERROR] error - problem with request: connect ETIMEDOUT 192.168.1.38:8380
[2017-12-21T15:45:47.415] [ERROR] error - GET
[2017-12-21T15:45:47.415] [ERROR] error - /getEntClaimApplyInfo%EF%BC%9Fcode=11111111&state=111222333
[2017-12-21T15:45:47.415] [ERROR] error - { message: 'Not Found',
  error: 
   { Error: Not Found
       at C:\Users\owner\WebstormProjects\kp-mobile\app.js:91:15
       at Layer.handle [as handle_request] (C:\Users\owner\WebstormProjects\kp-mobile\node_modules\express\lib\router\layer.js:95:5)
       at trim_prefix (C:\Users\owner\WebstormProjects\kp-mobile\node_modules\express\lib\router\index.js:317:13)
       at C:\Users\owner\WebstormProjects\kp-mobile\node_modules\express\lib\router\index.js:284:7
       at Function.process_params (C:\Users\owner\WebstormProjects\kp-mobile\node_modules\express\lib\router\index.js:335:12)
       at next (C:\Users\owner\WebstormProjects\kp-mobile\node_modules\express\lib\router\index.js:275:10)
       at C:\Users\owner\WebstormProjects\kp-mobile\node_modules\express\lib\router\index.js:635:15
       at next (C:\Users\owner\WebstormProjects\kp-mobile\node_modules\express\lib\router\index.js:260:14)
       at Function.handle (C:\Users\owner\WebstormProjects\kp-mobile\node_modules\express\lib\router\index.js:174:3)
       at router (C:\Users\owner\WebstormProjects\kp-mobile\node_modules\express\lib\router\index.js:47:12)
       at Layer.handle [as handle_request] (C:\Users\owner\WebstormProjects\kp-mobile\node_modules\express\lib\router\layer.js:95:5)
       at trim_prefix (C:\Users\owner\WebstormProjects\kp-mobile\node_modules\express\lib\router\index.js:317:13)
       at C:\Users\owner\WebstormProjects\kp-mobile\node_modules\express\lib\router\index.js:284:7
       at Function.process_params (C:\Users\owner\WebstormProjects\kp-mobile\node_modules\express\lib\router\index.js:335:12)
       at next (C:\Users\owner\WebstormProjects\kp-mobile\node_modules\express\lib\router\index.js:275:10)
       at C:\Users\owner\WebstormProjects\kp-mobile\node_modules\express\lib\router\index.js:635:15 status: 404 } }
[2017-12-21T15:46:08.448] [ERROR] error - problem with request: connect ETIMEDOUT 192.168.1.38:8380
[2017-12-21T15:46:19.321] [ERROR] error - problem with request: connect ETIMEDOUT 192.168.1.38:8380
[2017-12-21T15:46:37.685] [ERROR] error - problem with request: connect ETIMEDOUT 192.168.1.38:8380
[2017-12-21T15:47:21.642] [ERROR] error - problem with request: connect ETIMEDOUT 192.168.1.38:8380
[2017-12-21T15:47:25.605] [ERROR] error - problem with request: connect ETIMEDOUT 192.168.1.38:8380
[2017-12-21T15:48:17.110] [ERROR] error - problem with request: connect ETIMEDOUT 192.168.1.38:8380
[2017-12-21T15:48:24.878] [ERROR] error - problem with request: connect ETIMEDOUT 192.168.1.38:8380
[2017-12-21T15:48:38.686] [ERROR] error - problem with request: connect ETIMEDOUT 192.168.1.38:8380
[2017-12-21T15:50:24.879] [ERROR] error - problem with request: connect ETIMEDOUT 192.168.1.38:8380
[2017-12-21T15:51:38.695] [ERROR] error - problem with request: connect ETIMEDOUT 192.168.1.38:8380
[2017-12-21T15:58:38.751] [ERROR] error - problem with request: connect ETIMEDOUT 192.168.1.38:8380
[2017-12-21T18:26:14.375] [ERROR] error - POST
[2017-12-21T18:26:14.375] [ERROR] error - /mk/ClaimRecord
[2017-12-21T18:26:14.376] [ERROR] error - { message: 'Not Found',
  error: 
   { Error: Not Found
       at C:\Users\owner\WebstormProjects\kp-mobile\app.js:91:15
       at Layer.handle [as handle_request] (C:\Users\owner\WebstormProjects\kp-mobile\node_modules\express\lib\router\layer.js:95:5)
       at trim_prefix (C:\Users\owner\WebstormProjects\kp-mobile\node_modules\express\lib\router\index.js:317:13)
       at C:\Users\owner\WebstormProjects\kp-mobile\node_modules\express\lib\router\index.js:284:7
       at Function.process_params (C:\Users\owner\WebstormProjects\kp-mobile\node_modules\express\lib\router\index.js:335:12)
       at next (C:\Users\owner\WebstormProjects\kp-mobile\node_modules\express\lib\router\index.js:275:10)
       at C:\Users\owner\WebstormProjects\kp-mobile\node_modules\express\lib\router\index.js:635:15
       at next (C:\Users\owner\WebstormProjects\kp-mobile\node_modules\express\lib\router\index.js:260:14)
       at Function.handle (C:\Users\owner\WebstormProjects\kp-mobile\node_modules\express\lib\router\index.js:174:3)
       at router (C:\Users\owner\WebstormProjects\kp-mobile\node_modules\express\lib\router\index.js:47:12)
       at Layer.handle [as handle_request] (C:\Users\owner\WebstormProjects\kp-mobile\node_modules\express\lib\router\layer.js:95:5)
       at trim_prefix (C:\Users\owner\WebstormProjects\kp-mobile\node_modules\express\lib\router\index.js:317:13)
       at C:\Users\owner\WebstormProjects\kp-mobile\node_modules\express\lib\router\index.js:284:7
       at Function.process_params (C:\Users\owner\WebstormProjects\kp-mobile\node_modules\express\lib\router\index.js:335:12)
       at next (C:\Users\owner\WebstormProjects\kp-mobile\node_modules\express\lib\router\index.js:275:10)
       at C:\Users\owner\WebstormProjects\kp-mobile\node_modules\express\lib\router\index.js:635:15 status: 404 } }
