[2017-12-18T17:06:29.607] [INFO] default - have promission : undefined
[2017-12-18T17:06:29.609] [INFO] default - req.method  : GET
[2017-12-18T17:06:45.708] [INFO] default - have promission : undefined
[2017-12-18T17:06:45.710] [INFO] default - req.method  : GET
[2017-12-18T17:06:49.201] [INFO] default - have promission : undefined
[2017-12-18T17:06:49.201] [INFO] default - req.method  : GET
[2017-12-18T17:06:49.201] [ERROR] error - GET
[2017-12-18T17:06:49.201] [ERROR] error - /
[2017-12-18T17:06:49.202] [ERROR] error - { message: 'Not Found',
  error: 
   { Error: Not Found
       at C:\Users\owner\WebstormProjects\kp-mobile\app.js:93:15
       at Layer.handle [as handle_request] (C:\Users\owner\WebstormProjects\kp-mobile\node_modules\express\lib\router\layer.js:95:5)
       at trim_prefix (C:\Users\owner\WebstormProjects\kp-mobile\node_modules\express\lib\router\index.js:317:13)
       at C:\Users\owner\WebstormProjects\kp-mobile\node_modules\express\lib\router\index.js:284:7
       at Function.process_params (C:\Users\owner\WebstormProjects\kp-mobile\node_modules\express\lib\router\index.js:335:12)
       at next (C:\Users\owner\WebstormProjects\kp-mobile\node_modules\express\lib\router\index.js:275:10)
       at C:\Users\owner\WebstormProjects\kp-mobile\app.js:74:5
       at Layer.handle [as handle_request] (C:\Users\owner\WebstormProjects\kp-mobile\node_modules\express\lib\router\layer.js:95:5)
       at trim_prefix (C:\Users\owner\WebstormProjects\kp-mobile\node_modules\express\lib\router\index.js:317:13)
       at C:\Users\owner\WebstormProjects\kp-mobile\node_modules\express\lib\router\index.js:284:7
       at Function.process_params (C:\Users\owner\WebstormProjects\kp-mobile\node_modules\express\lib\router\index.js:335:12)
       at next (C:\Users\owner\WebstormProjects\kp-mobile\node_modules\express\lib\router\index.js:275:10)
       at multipart (C:\Users\owner\WebstormProjects\kp-mobile\node_modules\connect-multiparty\index.js:53:63)
       at Layer.handle [as handle_request] (C:\Users\owner\WebstormProjects\kp-mobile\node_modules\express\lib\router\layer.js:95:5)
       at trim_prefix (C:\Users\owner\WebstormProjects\kp-mobile\node_modules\express\lib\router\index.js:317:13)
       at C:\Users\owner\WebstormProjects\kp-mobile\node_modules\express\lib\router\index.js:284:7 status: 404 } }
[2017-12-18T17:06:49.210] [INFO] default - have promission : undefined
[2017-12-18T17:06:49.211] [INFO] default - req.method  : GET
[2017-12-18T17:06:49.211] [INFO] default - {}
[2017-12-18T17:06:49.211] [INFO] default - 这是从session 登陆缓存走的
[2017-12-18T17:06:49.211] [INFO] default - requireUrl = /kp-api/ssl/h5/Oauth/getUserInfo
[2017-12-18T17:06:49.212] [INFO] default - requireBody = {"openId":"111111","userId":"3e1040bfa48047308b5927ecc3d199e8","url":"Oauth/getUserInfo"}
[2017-12-18T17:06:49.286] [INFO] default - body:{"ret":"0","claimApply":{"userClaimApplyCount2":0,"userClaimApplyCount3":0,"userClaimApplyCount1":3,"userClaimApplyCount":3},"userId":"3e1040bfa48047308b5927ecc3d199e8","user":{"userHeadAppearUrl":"","userGender":0,"userName":"张三父"},"msg":"成功","openId":"111111"}
[2017-12-18T17:20:49.720] [DEBUG] default - Some debug messages
[2017-12-18T17:20:54.897] [ERROR] error - GET
[2017-12-18T17:20:54.898] [ERROR] error - /kp/
[2017-12-18T17:20:54.898] [ERROR] error - { message: 'Not Found',
  error: 
   { Error: Not Found
       at C:\Users\owner\WebstormProjects\kp-mobile\app.js:93:15
       at Layer.handle [as handle_request] (C:\Users\owner\WebstormProjects\kp-mobile\node_modules\express\lib\router\layer.js:95:5)
       at trim_prefix (C:\Users\owner\WebstormProjects\kp-mobile\node_modules\express\lib\router\index.js:317:13)
       at C:\Users\owner\WebstormProjects\kp-mobile\node_modules\express\lib\router\index.js:284:7
       at Function.process_params (C:\Users\owner\WebstormProjects\kp-mobile\node_modules\express\lib\router\index.js:335:12)
       at next (C:\Users\owner\WebstormProjects\kp-mobile\node_modules\express\lib\router\index.js:275:10)
       at C:\Users\owner\WebstormProjects\kp-mobile\node_modules\express\lib\router\index.js:635:15
       at next (C:\Users\owner\WebstormProjects\kp-mobile\node_modules\express\lib\router\index.js:260:14)
       at Function.handle (C:\Users\owner\WebstormProjects\kp-mobile\node_modules\express\lib\router\index.js:174:3)
       at router (C:\Users\owner\WebstormProjects\kp-mobile\node_modules\express\lib\router\index.js:47:12)
       at Layer.handle [as handle_request] (C:\Users\owner\WebstormProjects\kp-mobile\node_modules\express\lib\router\layer.js:95:5)
       at trim_prefix (C:\Users\owner\WebstormProjects\kp-mobile\node_modules\express\lib\router\index.js:317:13)
       at C:\Users\owner\WebstormProjects\kp-mobile\node_modules\express\lib\router\index.js:284:7
       at Function.process_params (C:\Users\owner\WebstormProjects\kp-mobile\node_modules\express\lib\router\index.js:335:12)
       at next (C:\Users\owner\WebstormProjects\kp-mobile\node_modules\express\lib\router\index.js:275:10)
       at C:\Users\owner\WebstormProjects\kp-mobile\node_modules\express\lib\router\index.js:635:15 status: 404 } }
[2017-12-18T17:20:54.919] [INFO] default - {}
[2017-12-18T17:20:54.919] [INFO] default - 这不是从session 登陆缓存走的
[2017-12-18T17:20:54.919] [INFO] default - requireUrl = /kp-api/ssl/h5/Oauth/getUserInfo
[2017-12-18T17:20:54.919] [INFO] default - requireBody = {"openId":"111111","userId":"3e1040bfa48047308b5927ecc3d199e8","url":"Oauth/getUserInfo"}
[2017-12-18T17:20:54.940] [INFO] default - body:{"ret":"0","claimApply":{"userClaimApplyCount2":0,"userClaimApplyCount3":0,"userClaimApplyCount1":3,"userClaimApplyCount":3},"userId":"3e1040bfa48047308b5927ecc3d199e8","user":{"userHeadAppearUrl":"","userGender":0,"userName":"张三父"},"msg":"成功","openId":"111111"}
[2017-12-18T17:20:58.924] [INFO] default - {}
[2017-12-18T17:20:58.924] [INFO] default - 这是从session 登陆缓存走的
[2017-12-18T17:20:58.925] [INFO] default - requireUrl = /kp-api/ssl/h5/Oauth/getUserInfo
[2017-12-18T17:20:58.925] [INFO] default - requireBody = {"openId":"111111","userId":"3e1040bfa48047308b5927ecc3d199e8","url":"Oauth/getUserInfo"}
[2017-12-18T17:20:58.944] [INFO] default - body:{"ret":"0","claimApply":{"userClaimApplyCount2":0,"userClaimApplyCount3":0,"userClaimApplyCount1":3,"userClaimApplyCount":3},"userId":"3e1040bfa48047308b5927ecc3d199e8","user":{"userHeadAppearUrl":"","userGender":0,"userName":"张三父"},"msg":"成功","openId":"111111"}
[2017-12-18T17:20:59.262] [ERROR] error - GET
[2017-12-18T17:20:59.263] [ERROR] error - /%3C%=projectUrl%%3EpcError
[2017-12-18T17:20:59.264] [ERROR] error - { message: 'Not Found',
  error: 
   { Error: Not Found
       at C:\Users\owner\WebstormProjects\kp-mobile\app.js:93:15
       at Layer.handle [as handle_request] (C:\Users\owner\WebstormProjects\kp-mobile\node_modules\express\lib\router\layer.js:95:5)
       at trim_prefix (C:\Users\owner\WebstormProjects\kp-mobile\node_modules\express\lib\router\index.js:317:13)
       at C:\Users\owner\WebstormProjects\kp-mobile\node_modules\express\lib\router\index.js:284:7
       at Function.process_params (C:\Users\owner\WebstormProjects\kp-mobile\node_modules\express\lib\router\index.js:335:12)
       at next (C:\Users\owner\WebstormProjects\kp-mobile\node_modules\express\lib\router\index.js:275:10)
       at C:\Users\owner\WebstormProjects\kp-mobile\node_modules\express\lib\router\index.js:635:15
       at next (C:\Users\owner\WebstormProjects\kp-mobile\node_modules\express\lib\router\index.js:260:14)
       at Function.handle (C:\Users\owner\WebstormProjects\kp-mobile\node_modules\express\lib\router\index.js:174:3)
       at router (C:\Users\owner\WebstormProjects\kp-mobile\node_modules\express\lib\router\index.js:47:12)
       at Layer.handle [as handle_request] (C:\Users\owner\WebstormProjects\kp-mobile\node_modules\express\lib\router\layer.js:95:5)
       at trim_prefix (C:\Users\owner\WebstormProjects\kp-mobile\node_modules\express\lib\router\index.js:317:13)
       at C:\Users\owner\WebstormProjects\kp-mobile\node_modules\express\lib\router\index.js:284:7
       at Function.process_params (C:\Users\owner\WebstormProjects\kp-mobile\node_modules\express\lib\router\index.js:335:12)
       at next (C:\Users\owner\WebstormProjects\kp-mobile\node_modules\express\lib\router\index.js:275:10)
       at C:\Users\owner\WebstormProjects\kp-mobile\node_modules\express\lib\router\index.js:635:15 status: 404 } }
[2017-12-18T17:20:59.274] [INFO] default - {}
[2017-12-18T17:20:59.274] [INFO] default - 这是从session 登陆缓存走的
[2017-12-18T17:20:59.274] [INFO] default - requireUrl = /kp-api/ssl/h5/Oauth/getUserInfo
[2017-12-18T17:20:59.275] [INFO] default - requireBody = {"openId":"111111","userId":"3e1040bfa48047308b5927ecc3d199e8","url":"Oauth/getUserInfo"}
[2017-12-18T17:20:59.290] [INFO] default - body:{"ret":"0","claimApply":{"userClaimApplyCount2":0,"userClaimApplyCount3":0,"userClaimApplyCount1":3,"userClaimApplyCount":3},"userId":"3e1040bfa48047308b5927ecc3d199e8","user":{"userHeadAppearUrl":"","userGender":0,"userName":"张三父"},"msg":"成功","openId":"111111"}
[2017-12-18T17:20:59.636] [ERROR] error - GET
[2017-12-18T17:20:59.636] [ERROR] error - /%3C%=projectUrl%%3EpcError
[2017-12-18T17:20:59.636] [ERROR] error - { message: 'Not Found',
  error: 
   { Error: Not Found
       at C:\Users\owner\WebstormProjects\kp-mobile\app.js:93:15
       at Layer.handle [as handle_request] (C:\Users\owner\WebstormProjects\kp-mobile\node_modules\express\lib\router\layer.js:95:5)
       at trim_prefix (C:\Users\owner\WebstormProjects\kp-mobile\node_modules\express\lib\router\index.js:317:13)
       at C:\Users\owner\WebstormProjects\kp-mobile\node_modules\express\lib\router\index.js:284:7
       at Function.process_params (C:\Users\owner\WebstormProjects\kp-mobile\node_modules\express\lib\router\index.js:335:12)
       at next (C:\Users\owner\WebstormProjects\kp-mobile\node_modules\express\lib\router\index.js:275:10)
       at C:\Users\owner\WebstormProjects\kp-mobile\node_modules\express\lib\router\index.js:635:15
       at next (C:\Users\owner\WebstormProjects\kp-mobile\node_modules\express\lib\router\index.js:260:14)
       at Function.handle (C:\Users\owner\WebstormProjects\kp-mobile\node_modules\express\lib\router\index.js:174:3)
       at router (C:\Users\owner\WebstormProjects\kp-mobile\node_modules\express\lib\router\index.js:47:12)
       at Layer.handle [as handle_request] (C:\Users\owner\WebstormProjects\kp-mobile\node_modules\express\lib\router\layer.js:95:5)
       at trim_prefix (C:\Users\owner\WebstormProjects\kp-mobile\node_modules\express\lib\router\index.js:317:13)
       at C:\Users\owner\WebstormProjects\kp-mobile\node_modules\express\lib\router\index.js:284:7
       at Function.process_params (C:\Users\owner\WebstormProjects\kp-mobile\node_modules\express\lib\router\index.js:335:12)
       at next (C:\Users\owner\WebstormProjects\kp-mobile\node_modules\express\lib\router\index.js:275:10)
       at C:\Users\owner\WebstormProjects\kp-mobile\node_modules\express\lib\router\index.js:635:15 status: 404 } }
[2017-12-18T17:20:59.648] [INFO] default - {}
[2017-12-18T17:20:59.650] [INFO] default - 这是从session 登陆缓存走的
[2017-12-18T17:20:59.650] [INFO] default - requireUrl = /kp-api/ssl/h5/Oauth/getUserInfo
[2017-12-18T17:20:59.650] [INFO] default - requireBody = {"openId":"111111","userId":"3e1040bfa48047308b5927ecc3d199e8","url":"Oauth/getUserInfo"}
[2017-12-18T17:20:59.663] [INFO] default - body:{"ret":"0","claimApply":{"userClaimApplyCount2":0,"userClaimApplyCount3":0,"userClaimApplyCount1":3,"userClaimApplyCount":3},"userId":"3e1040bfa48047308b5927ecc3d199e8","user":{"userHeadAppearUrl":"","userGender":0,"userName":"张三父"},"msg":"成功","openId":"111111"}
[2017-12-18T17:20:59.967] [ERROR] error - GET
[2017-12-18T17:20:59.967] [ERROR] error - /%3C%=projectUrl%%3EpcError
[2017-12-18T17:20:59.967] [ERROR] error - { message: 'Not Found',
  error: 
   { Error: Not Found
       at C:\Users\owner\WebstormProjects\kp-mobile\app.js:93:15
       at Layer.handle [as handle_request] (C:\Users\owner\WebstormProjects\kp-mobile\node_modules\express\lib\router\layer.js:95:5)
       at trim_prefix (C:\Users\owner\WebstormProjects\kp-mobile\node_modules\express\lib\router\index.js:317:13)
       at C:\Users\owner\WebstormProjects\kp-mobile\node_modules\express\lib\router\index.js:284:7
       at Function.process_params (C:\Users\owner\WebstormProjects\kp-mobile\node_modules\express\lib\router\index.js:335:12)
       at next (C:\Users\owner\WebstormProjects\kp-mobile\node_modules\express\lib\router\index.js:275:10)
       at C:\Users\owner\WebstormProjects\kp-mobile\node_modules\express\lib\router\index.js:635:15
       at next (C:\Users\owner\WebstormProjects\kp-mobile\node_modules\express\lib\router\index.js:260:14)
       at Function.handle (C:\Users\owner\WebstormProjects\kp-mobile\node_modules\express\lib\router\index.js:174:3)
       at router (C:\Users\owner\WebstormProjects\kp-mobile\node_modules\express\lib\router\index.js:47:12)
       at Layer.handle [as handle_request] (C:\Users\owner\WebstormProjects\kp-mobile\node_modules\express\lib\router\layer.js:95:5)
       at trim_prefix (C:\Users\owner\WebstormProjects\kp-mobile\node_modules\express\lib\router\index.js:317:13)
       at C:\Users\owner\WebstormProjects\kp-mobile\node_modules\express\lib\router\index.js:284:7
       at Function.process_params (C:\Users\owner\WebstormProjects\kp-mobile\node_modules\express\lib\router\index.js:335:12)
       at next (C:\Users\owner\WebstormProjects\kp-mobile\node_modules\express\lib\router\index.js:275:10)
       at C:\Users\owner\WebstormProjects\kp-mobile\node_modules\express\lib\router\index.js:635:15 status: 404 } }
[2017-12-18T17:20:59.974] [INFO] default - {}
[2017-12-18T17:20:59.974] [INFO] default - 这是从session 登陆缓存走的
[2017-12-18T17:20:59.975] [INFO] default - requireUrl = /kp-api/ssl/h5/Oauth/getUserInfo
[2017-12-18T17:20:59.975] [INFO] default - requireBody = {"openId":"111111","userId":"3e1040bfa48047308b5927ecc3d199e8","url":"Oauth/getUserInfo"}
[2017-12-18T17:20:59.999] [INFO] default - body:{"ret":"0","claimApply":{"userClaimApplyCount2":0,"userClaimApplyCount3":0,"userClaimApplyCount1":3,"userClaimApplyCount":3},"userId":"3e1040bfa48047308b5927ecc3d199e8","user":{"userHeadAppearUrl":"","userGender":0,"userName":"张三父"},"msg":"成功","openId":"111111"}
[2017-12-18T17:21:00.299] [ERROR] error - GET
[2017-12-18T17:21:00.301] [ERROR] error - /%3C%=projectUrl%%3EpcError
[2017-12-18T17:21:00.301] [ERROR] error - { message: 'Not Found',
  error: 
   { Error: Not Found
       at C:\Users\owner\WebstormProjects\kp-mobile\app.js:93:15
       at Layer.handle [as handle_request] (C:\Users\owner\WebstormProjects\kp-mobile\node_modules\express\lib\router\layer.js:95:5)
       at trim_prefix (C:\Users\owner\WebstormProjects\kp-mobile\node_modules\express\lib\router\index.js:317:13)
       at C:\Users\owner\WebstormProjects\kp-mobile\node_modules\express\lib\router\index.js:284:7
       at Function.process_params (C:\Users\owner\WebstormProjects\kp-mobile\node_modules\express\lib\router\index.js:335:12)
       at next (C:\Users\owner\WebstormProjects\kp-mobile\node_modules\express\lib\router\index.js:275:10)
       at C:\Users\owner\WebstormProjects\kp-mobile\node_modules\express\lib\router\index.js:635:15
       at next (C:\Users\owner\WebstormProjects\kp-mobile\node_modules\express\lib\router\index.js:260:14)
       at Function.handle (C:\Users\owner\WebstormProjects\kp-mobile\node_modules\express\lib\router\index.js:174:3)
       at router (C:\Users\owner\WebstormProjects\kp-mobile\node_modules\express\lib\router\index.js:47:12)
       at Layer.handle [as handle_request] (C:\Users\owner\WebstormProjects\kp-mobile\node_modules\express\lib\router\layer.js:95:5)
       at trim_prefix (C:\Users\owner\WebstormProjects\kp-mobile\node_modules\express\lib\router\index.js:317:13)
       at C:\Users\owner\WebstormProjects\kp-mobile\node_modules\express\lib\router\index.js:284:7
       at Function.process_params (C:\Users\owner\WebstormProjects\kp-mobile\node_modules\express\lib\router\index.js:335:12)
       at next (C:\Users\owner\WebstormProjects\kp-mobile\node_modules\express\lib\router\index.js:275:10)
       at C:\Users\owner\WebstormProjects\kp-mobile\node_modules\express\lib\router\index.js:635:15 status: 404 } }
[2017-12-18T17:21:00.310] [INFO] default - {}
[2017-12-18T17:21:00.310] [INFO] default - 这是从session 登陆缓存走的
[2017-12-18T17:21:00.310] [INFO] default - requireUrl = /kp-api/ssl/h5/Oauth/getUserInfo
[2017-12-18T17:21:00.310] [INFO] default - requireBody = {"openId":"111111","userId":"3e1040bfa48047308b5927ecc3d199e8","url":"Oauth/getUserInfo"}
[2017-12-18T17:21:00.327] [INFO] default - body:{"ret":"0","claimApply":{"userClaimApplyCount2":0,"userClaimApplyCount3":0,"userClaimApplyCount1":3,"userClaimApplyCount":3},"userId":"3e1040bfa48047308b5927ecc3d199e8","user":{"userHeadAppearUrl":"","userGender":0,"userName":"张三父"},"msg":"成功","openId":"111111"}
[2017-12-18T17:21:00.665] [ERROR] error - GET
[2017-12-18T17:21:00.665] [ERROR] error - /%3C%=projectUrl%%3EpcError
[2017-12-18T17:21:00.665] [ERROR] error - { message: 'Not Found',
  error: 
   { Error: Not Found
       at C:\Users\owner\WebstormProjects\kp-mobile\app.js:93:15
       at Layer.handle [as handle_request] (C:\Users\owner\WebstormProjects\kp-mobile\node_modules\express\lib\router\layer.js:95:5)
       at trim_prefix (C:\Users\owner\WebstormProjects\kp-mobile\node_modules\express\lib\router\index.js:317:13)
       at C:\Users\owner\WebstormProjects\kp-mobile\node_modules\express\lib\router\index.js:284:7
       at Function.process_params (C:\Users\owner\WebstormProjects\kp-mobile\node_modules\express\lib\router\index.js:335:12)
       at next (C:\Users\owner\WebstormProjects\kp-mobile\node_modules\express\lib\router\index.js:275:10)
       at C:\Users\owner\WebstormProjects\kp-mobile\node_modules\express\lib\router\index.js:635:15
       at next (C:\Users\owner\WebstormProjects\kp-mobile\node_modules\express\lib\router\index.js:260:14)
       at Function.handle (C:\Users\owner\WebstormProjects\kp-mobile\node_modules\express\lib\router\index.js:174:3)
       at router (C:\Users\owner\WebstormProjects\kp-mobile\node_modules\express\lib\router\index.js:47:12)
       at Layer.handle [as handle_request] (C:\Users\owner\WebstormProjects\kp-mobile\node_modules\express\lib\router\layer.js:95:5)
       at trim_prefix (C:\Users\owner\WebstormProjects\kp-mobile\node_modules\express\lib\router\index.js:317:13)
       at C:\Users\owner\WebstormProjects\kp-mobile\node_modules\express\lib\router\index.js:284:7
       at Function.process_params (C:\Users\owner\WebstormProjects\kp-mobile\node_modules\express\lib\router\index.js:335:12)
       at next (C:\Users\owner\WebstormProjects\kp-mobile\node_modules\express\lib\router\index.js:275:10)
       at C:\Users\owner\WebstormProjects\kp-mobile\node_modules\express\lib\router\index.js:635:15 status: 404 } }
[2017-12-18T17:21:00.675] [INFO] default - {}
[2017-12-18T17:21:00.676] [INFO] default - 这是从session 登陆缓存走的
[2017-12-18T17:21:00.676] [INFO] default - requireUrl = /kp-api/ssl/h5/Oauth/getUserInfo
[2017-12-18T17:21:00.676] [INFO] default - requireBody = {"openId":"111111","userId":"3e1040bfa48047308b5927ecc3d199e8","url":"Oauth/getUserInfo"}
[2017-12-18T17:21:00.768] [INFO] default - body:{"ret":"0","claimApply":{"userClaimApplyCount2":0,"userClaimApplyCount3":0,"userClaimApplyCount1":3,"userClaimApplyCount":3},"userId":"3e1040bfa48047308b5927ecc3d199e8","user":{"userHeadAppearUrl":"","userGender":0,"userName":"张三父"},"msg":"成功","openId":"111111"}
[2017-12-18T17:21:01.143] [ERROR] error - GET
[2017-12-18T17:21:01.143] [ERROR] error - /%3C%=projectUrl%%3EpcError
[2017-12-18T17:21:01.144] [ERROR] error - { message: 'Not Found',
  error: 
   { Error: Not Found
       at C:\Users\owner\WebstormProjects\kp-mobile\app.js:93:15
       at Layer.handle [as handle_request] (C:\Users\owner\WebstormProjects\kp-mobile\node_modules\express\lib\router\layer.js:95:5)
       at trim_prefix (C:\Users\owner\WebstormProjects\kp-mobile\node_modules\express\lib\router\index.js:317:13)
       at C:\Users\owner\WebstormProjects\kp-mobile\node_modules\express\lib\router\index.js:284:7
       at Function.process_params (C:\Users\owner\WebstormProjects\kp-mobile\node_modules\express\lib\router\index.js:335:12)
       at next (C:\Users\owner\WebstormProjects\kp-mobile\node_modules\express\lib\router\index.js:275:10)
       at C:\Users\owner\WebstormProjects\kp-mobile\node_modules\express\lib\router\index.js:635:15
       at next (C:\Users\owner\WebstormProjects\kp-mobile\node_modules\express\lib\router\index.js:260:14)
       at Function.handle (C:\Users\owner\WebstormProjects\kp-mobile\node_modules\express\lib\router\index.js:174:3)
       at router (C:\Users\owner\WebstormProjects\kp-mobile\node_modules\express\lib\router\index.js:47:12)
       at Layer.handle [as handle_request] (C:\Users\owner\WebstormProjects\kp-mobile\node_modules\express\lib\router\layer.js:95:5)
       at trim_prefix (C:\Users\owner\WebstormProjects\kp-mobile\node_modules\express\lib\router\index.js:317:13)
       at C:\Users\owner\WebstormProjects\kp-mobile\node_modules\express\lib\router\index.js:284:7
       at Function.process_params (C:\Users\owner\WebstormProjects\kp-mobile\node_modules\express\lib\router\index.js:335:12)
       at next (C:\Users\owner\WebstormProjects\kp-mobile\node_modules\express\lib\router\index.js:275:10)
       at C:\Users\owner\WebstormProjects\kp-mobile\node_modules\express\lib\router\index.js:635:15 status: 404 } }
[2017-12-18T17:21:01.156] [INFO] default - {}
[2017-12-18T17:21:01.157] [INFO] default - 这是从session 登陆缓存走的
[2017-12-18T17:21:01.157] [INFO] default - requireUrl = /kp-api/ssl/h5/Oauth/getUserInfo
[2017-12-18T17:21:01.157] [INFO] default - requireBody = {"openId":"111111","userId":"3e1040bfa48047308b5927ecc3d199e8","url":"Oauth/getUserInfo"}
[2017-12-18T17:21:01.176] [INFO] default - body:{"ret":"0","claimApply":{"userClaimApplyCount2":0,"userClaimApplyCount3":0,"userClaimApplyCount1":3,"userClaimApplyCount":3},"userId":"3e1040bfa48047308b5927ecc3d199e8","user":{"userHeadAppearUrl":"","userGender":0,"userName":"张三父"},"msg":"成功","openId":"111111"}
[2017-12-18T17:21:01.502] [ERROR] error - GET
[2017-12-18T17:21:01.502] [ERROR] error - /%3C%=projectUrl%%3EpcError
[2017-12-18T17:21:01.502] [ERROR] error - { message: 'Not Found',
  error: 
   { Error: Not Found
       at C:\Users\owner\WebstormProjects\kp-mobile\app.js:93:15
       at Layer.handle [as handle_request] (C:\Users\owner\WebstormProjects\kp-mobile\node_modules\express\lib\router\layer.js:95:5)
       at trim_prefix (C:\Users\owner\WebstormProjects\kp-mobile\node_modules\express\lib\router\index.js:317:13)
       at C:\Users\owner\WebstormProjects\kp-mobile\node_modules\express\lib\router\index.js:284:7
       at Function.process_params (C:\Users\owner\WebstormProjects\kp-mobile\node_modules\express\lib\router\index.js:335:12)
       at next (C:\Users\owner\WebstormProjects\kp-mobile\node_modules\express\lib\router\index.js:275:10)
       at C:\Users\owner\WebstormProjects\kp-mobile\node_modules\express\lib\router\index.js:635:15
       at next (C:\Users\owner\WebstormProjects\kp-mobile\node_modules\express\lib\router\index.js:260:14)
       at Function.handle (C:\Users\owner\WebstormProjects\kp-mobile\node_modules\express\lib\router\index.js:174:3)
       at router (C:\Users\owner\WebstormProjects\kp-mobile\node_modules\express\lib\router\index.js:47:12)
       at Layer.handle [as handle_request] (C:\Users\owner\WebstormProjects\kp-mobile\node_modules\express\lib\router\layer.js:95:5)
       at trim_prefix (C:\Users\owner\WebstormProjects\kp-mobile\node_modules\express\lib\router\index.js:317:13)
       at C:\Users\owner\WebstormProjects\kp-mobile\node_modules\express\lib\router\index.js:284:7
       at Function.process_params (C:\Users\owner\WebstormProjects\kp-mobile\node_modules\express\lib\router\index.js:335:12)
       at next (C:\Users\owner\WebstormProjects\kp-mobile\node_modules\express\lib\router\index.js:275:10)
       at C:\Users\owner\WebstormProjects\kp-mobile\node_modules\express\lib\router\index.js:635:15 status: 404 } }
[2017-12-18T17:21:01.510] [INFO] default - {}
[2017-12-18T17:21:01.511] [INFO] default - 这是从session 登陆缓存走的
[2017-12-18T17:21:01.511] [INFO] default - requireUrl = /kp-api/ssl/h5/Oauth/getUserInfo
[2017-12-18T17:21:01.511] [INFO] default - requireBody = {"openId":"111111","userId":"3e1040bfa48047308b5927ecc3d199e8","url":"Oauth/getUserInfo"}
[2017-12-18T17:21:01.529] [INFO] default - body:{"ret":"0","claimApply":{"userClaimApplyCount2":0,"userClaimApplyCount3":0,"userClaimApplyCount1":3,"userClaimApplyCount":3},"userId":"3e1040bfa48047308b5927ecc3d199e8","user":{"userHeadAppearUrl":"","userGender":0,"userName":"张三父"},"msg":"成功","openId":"111111"}
[2017-12-18T17:21:01.865] [ERROR] error - GET
[2017-12-18T17:21:01.866] [ERROR] error - /%3C%=projectUrl%%3EpcError
[2017-12-18T17:21:01.866] [ERROR] error - { message: 'Not Found',
  error: 
   { Error: Not Found
       at C:\Users\owner\WebstormProjects\kp-mobile\app.js:93:15
       at Layer.handle [as handle_request] (C:\Users\owner\WebstormProjects\kp-mobile\node_modules\express\lib\router\layer.js:95:5)
       at trim_prefix (C:\Users\owner\WebstormProjects\kp-mobile\node_modules\express\lib\router\index.js:317:13)
       at C:\Users\owner\WebstormProjects\kp-mobile\node_modules\express\lib\router\index.js:284:7
       at Function.process_params (C:\Users\owner\WebstormProjects\kp-mobile\node_modules\express\lib\router\index.js:335:12)
       at next (C:\Users\owner\WebstormProjects\kp-mobile\node_modules\express\lib\router\index.js:275:10)
       at C:\Users\owner\WebstormProjects\kp-mobile\node_modules\express\lib\router\index.js:635:15
       at next (C:\Users\owner\WebstormProjects\kp-mobile\node_modules\express\lib\router\index.js:260:14)
       at Function.handle (C:\Users\owner\WebstormProjects\kp-mobile\node_modules\express\lib\router\index.js:174:3)
       at router (C:\Users\owner\WebstormProjects\kp-mobile\node_modules\express\lib\router\index.js:47:12)
       at Layer.handle [as handle_request] (C:\Users\owner\WebstormProjects\kp-mobile\node_modules\express\lib\router\layer.js:95:5)
       at trim_prefix (C:\Users\owner\WebstormProjects\kp-mobile\node_modules\express\lib\router\index.js:317:13)
       at C:\Users\owner\WebstormProjects\kp-mobile\node_modules\express\lib\router\index.js:284:7
       at Function.process_params (C:\Users\owner\WebstormProjects\kp-mobile\node_modules\express\lib\router\index.js:335:12)
       at next (C:\Users\owner\WebstormProjects\kp-mobile\node_modules\express\lib\router\index.js:275:10)
       at C:\Users\owner\WebstormProjects\kp-mobile\node_modules\express\lib\router\index.js:635:15 status: 404 } }
[2017-12-18T17:21:01.876] [INFO] default - {}
[2017-12-18T17:21:01.876] [INFO] default - 这是从session 登陆缓存走的
[2017-12-18T17:21:01.877] [INFO] default - requireUrl = /kp-api/ssl/h5/Oauth/getUserInfo
[2017-12-18T17:21:01.877] [INFO] default - requireBody = {"openId":"111111","userId":"3e1040bfa48047308b5927ecc3d199e8","url":"Oauth/getUserInfo"}
[2017-12-18T17:21:01.892] [INFO] default - body:{"ret":"0","claimApply":{"userClaimApplyCount2":0,"userClaimApplyCount3":0,"userClaimApplyCount1":3,"userClaimApplyCount":3},"userId":"3e1040bfa48047308b5927ecc3d199e8","user":{"userHeadAppearUrl":"","userGender":0,"userName":"张三父"},"msg":"成功","openId":"111111"}
[2017-12-18T17:21:02.243] [ERROR] error - GET
[2017-12-18T17:21:02.244] [ERROR] error - /%3C%=projectUrl%%3EpcError
[2017-12-18T17:21:02.244] [ERROR] error - { message: 'Not Found',
  error: 
   { Error: Not Found
       at C:\Users\owner\WebstormProjects\kp-mobile\app.js:93:15
       at Layer.handle [as handle_request] (C:\Users\owner\WebstormProjects\kp-mobile\node_modules\express\lib\router\layer.js:95:5)
       at trim_prefix (C:\Users\owner\WebstormProjects\kp-mobile\node_modules\express\lib\router\index.js:317:13)
       at C:\Users\owner\WebstormProjects\kp-mobile\node_modules\express\lib\router\index.js:284:7
       at Function.process_params (C:\Users\owner\WebstormProjects\kp-mobile\node_modules\express\lib\router\index.js:335:12)
       at next (C:\Users\owner\WebstormProjects\kp-mobile\node_modules\express\lib\router\index.js:275:10)
       at C:\Users\owner\WebstormProjects\kp-mobile\node_modules\express\lib\router\index.js:635:15
       at next (C:\Users\owner\WebstormProjects\kp-mobile\node_modules\express\lib\router\index.js:260:14)
       at Function.handle (C:\Users\owner\WebstormProjects\kp-mobile\node_modules\express\lib\router\index.js:174:3)
       at router (C:\Users\owner\WebstormProjects\kp-mobile\node_modules\express\lib\router\index.js:47:12)
       at Layer.handle [as handle_request] (C:\Users\owner\WebstormProjects\kp-mobile\node_modules\express\lib\router\layer.js:95:5)
       at trim_prefix (C:\Users\owner\WebstormProjects\kp-mobile\node_modules\express\lib\router\index.js:317:13)
       at C:\Users\owner\WebstormProjects\kp-mobile\node_modules\express\lib\router\index.js:284:7
       at Function.process_params (C:\Users\owner\WebstormProjects\kp-mobile\node_modules\express\lib\router\index.js:335:12)
       at next (C:\Users\owner\WebstormProjects\kp-mobile\node_modules\express\lib\router\index.js:275:10)
       at C:\Users\owner\WebstormProjects\kp-mobile\node_modules\express\lib\router\index.js:635:15 status: 404 } }
[2017-12-18T17:21:02.252] [INFO] default - {}
[2017-12-18T17:21:02.252] [INFO] default - 这是从session 登陆缓存走的
[2017-12-18T17:21:02.252] [INFO] default - requireUrl = /kp-api/ssl/h5/Oauth/getUserInfo
[2017-12-18T17:21:02.252] [INFO] default - requireBody = {"openId":"111111","userId":"3e1040bfa48047308b5927ecc3d199e8","url":"Oauth/getUserInfo"}
[2017-12-18T17:21:02.271] [INFO] default - body:{"ret":"0","claimApply":{"userClaimApplyCount2":0,"userClaimApplyCount3":0,"userClaimApplyCount1":3,"userClaimApplyCount":3},"userId":"3e1040bfa48047308b5927ecc3d199e8","user":{"userHeadAppearUrl":"","userGender":0,"userName":"张三父"},"msg":"成功","openId":"111111"}
[2017-12-18T17:21:02.610] [ERROR] error - GET
[2017-12-18T17:21:02.610] [ERROR] error - /%3C%=projectUrl%%3EpcError
[2017-12-18T17:21:02.611] [ERROR] error - { message: 'Not Found',
  error: 
   { Error: Not Found
       at C:\Users\owner\WebstormProjects\kp-mobile\app.js:93:15
       at Layer.handle [as handle_request] (C:\Users\owner\WebstormProjects\kp-mobile\node_modules\express\lib\router\layer.js:95:5)
       at trim_prefix (C:\Users\owner\WebstormProjects\kp-mobile\node_modules\express\lib\router\index.js:317:13)
       at C:\Users\owner\WebstormProjects\kp-mobile\node_modules\express\lib\router\index.js:284:7
       at Function.process_params (C:\Users\owner\WebstormProjects\kp-mobile\node_modules\express\lib\router\index.js:335:12)
       at next (C:\Users\owner\WebstormProjects\kp-mobile\node_modules\express\lib\router\index.js:275:10)
       at C:\Users\owner\WebstormProjects\kp-mobile\node_modules\express\lib\router\index.js:635:15
       at next (C:\Users\owner\WebstormProjects\kp-mobile\node_modules\express\lib\router\index.js:260:14)
       at Function.handle (C:\Users\owner\WebstormProjects\kp-mobile\node_modules\express\lib\router\index.js:174:3)
       at router (C:\Users\owner\WebstormProjects\kp-mobile\node_modules\express\lib\router\index.js:47:12)
       at Layer.handle [as handle_request] (C:\Users\owner\WebstormProjects\kp-mobile\node_modules\express\lib\router\layer.js:95:5)
       at trim_prefix (C:\Users\owner\WebstormProjects\kp-mobile\node_modules\express\lib\router\index.js:317:13)
       at C:\Users\owner\WebstormProjects\kp-mobile\node_modules\express\lib\router\index.js:284:7
       at Function.process_params (C:\Users\owner\WebstormProjects\kp-mobile\node_modules\express\lib\router\index.js:335:12)
       at next (C:\Users\owner\WebstormProjects\kp-mobile\node_modules\express\lib\router\index.js:275:10)
       at C:\Users\owner\WebstormProjects\kp-mobile\node_modules\express\lib\router\index.js:635:15 status: 404 } }
[2017-12-18T17:21:02.622] [INFO] default - {}
[2017-12-18T17:21:02.622] [INFO] default - 这是从session 登陆缓存走的
[2017-12-18T17:21:02.622] [INFO] default - requireUrl = /kp-api/ssl/h5/Oauth/getUserInfo
[2017-12-18T17:21:02.622] [INFO] default - requireBody = {"openId":"111111","userId":"3e1040bfa48047308b5927ecc3d199e8","url":"Oauth/getUserInfo"}
[2017-12-18T17:21:02.637] [INFO] default - body:{"ret":"0","claimApply":{"userClaimApplyCount2":0,"userClaimApplyCount3":0,"userClaimApplyCount1":3,"userClaimApplyCount":3},"userId":"3e1040bfa48047308b5927ecc3d199e8","user":{"userHeadAppearUrl":"","userGender":0,"userName":"张三父"},"msg":"成功","openId":"111111"}
[2017-12-18T17:25:16.897] [DEBUG] default - Some debug messages
[2017-12-18T17:25:19.942] [INFO] default - {}
[2017-12-18T17:25:19.944] [INFO] default - 这不是从session 登陆缓存走的
[2017-12-18T17:25:19.944] [INFO] default - requireUrl = /kp-api/ssl/h5/Oauth/getUserInfo
[2017-12-18T17:25:19.944] [INFO] default - requireBody = {"openId":"111111","userId":"3e1040bfa48047308b5927ecc3d199e8","url":"Oauth/getUserInfo"}
[2017-12-18T17:25:19.967] [INFO] default - body:{"ret":"0","claimApply":{"userClaimApplyCount2":0,"userClaimApplyCount3":0,"userClaimApplyCount1":3,"userClaimApplyCount":3},"userId":"3e1040bfa48047308b5927ecc3d199e8","user":{"userHeadAppearUrl":"","userGender":0,"userName":"张三父"},"msg":"成功","openId":"111111"}
[2017-12-18T17:25:34.408] [DEBUG] default - Some debug messages
[2017-12-18T17:25:55.607] [DEBUG] default - Some debug messages
[2017-12-18T17:32:26.404] [INFO] default - {}
[2017-12-18T17:32:26.406] [INFO] default - 这不是从session 登陆缓存走的
[2017-12-18T17:32:26.406] [INFO] default - requireUrl = /kp-api/ssl/h5/Oauth/getUserInfo
[2017-12-18T17:32:26.407] [INFO] default - requireBody = {"openId":"111111","userId":"3e1040bfa48047308b5927ecc3d199e8","url":"Oauth/getUserInfo"}
[2017-12-18T17:32:26.426] [INFO] default - body:{"ret":"0","claimApply":{"userClaimApplyCount2":0,"userClaimApplyCount3":0,"userClaimApplyCount1":3,"userClaimApplyCount":3},"userId":"3e1040bfa48047308b5927ecc3d199e8","user":{"userHeadAppearUrl":"","userGender":0,"userName":"张三父"},"msg":"成功","openId":"111111"}
[2017-12-18T17:32:41.539] [DEBUG] default - Some debug messages
[2017-12-18T17:32:43.556] [INFO] default - {}
[2017-12-18T17:32:43.557] [INFO] default - 这不是从session 登陆缓存走的
[2017-12-18T17:32:43.557] [INFO] default - requireUrl = /kp-api/ssl/h5/Oauth/getUserInfo
[2017-12-18T17:32:43.558] [INFO] default - requireBody = {"openId":"111111","userId":"3e1040bfa48047308b5927ecc3d199e8","url":"Oauth/getUserInfo"}
[2017-12-18T17:32:43.583] [INFO] default - body:{"ret":"0","claimApply":{"userClaimApplyCount2":0,"userClaimApplyCount3":0,"userClaimApplyCount1":3,"userClaimApplyCount":3},"userId":"3e1040bfa48047308b5927ecc3d199e8","user":{"userHeadAppearUrl":"","userGender":0,"userName":"张三父"},"msg":"成功","openId":"111111"}
[2017-12-18T18:08:20.173] [DEBUG] default - Some debug messages
[2017-12-18T18:08:23.328] [INFO] default - {}
[2017-12-18T18:08:23.329] [INFO] default - 这不是从session 登陆缓存走的
[2017-12-18T18:08:23.329] [INFO] default - requireUrl = /kp-api/ssl/h5/Oauth/getUserInfo
[2017-12-18T18:08:23.329] [INFO] default - requireBody = {"openId":"111111","userId":"3e1040bfa48047308b5927ecc3d199e8","url":"Oauth/getUserInfo"}
[2017-12-18T18:08:24.338] [ERROR] error - problem with request: connect ECONNREFUSED 192.168.1.93:8080
[2017-12-18T18:08:56.409] [INFO] default - {}
[2017-12-18T18:08:56.410] [INFO] default - 这不是从session 登陆缓存走的
[2017-12-18T18:08:56.410] [INFO] default - requireUrl = /kp-api/ssl/h5/Oauth/getUserInfo
[2017-12-18T18:08:56.410] [INFO] default - requireBody = {"openId":"111111","userId":"3e1040bfa48047308b5927ecc3d199e8","url":"Oauth/getUserInfo"}
[2017-12-18T18:08:57.475] [INFO] default - body:{"ret":"0","claimApply":{"userClaimApplyCount2":0,"userClaimApplyCount3":0,"userClaimApplyCount1":3,"userClaimApplyCount":3},"userId":"3e1040bfa48047308b5927ecc3d199e8","user":{"userHeadAppearUrl":"","userGender":0,"userName":"张三父"},"msg":"成功","openId":"111111"}
[2017-12-18T18:08:57.476] [INFO] default - { openId: '111111',
  userId: '3e1040bfa48047308b5927ecc3d199e8',
  url: 'Oauth/getUserInfo',
  localurl: 'http://localhost:8880',
  projectUrl: '/' }
