[2018-01-05T09:57:46.569] [DEBUG] default - Some debug messages
[2018-01-05T09:57:52.424] [INFO] default - {}
[2018-01-05T09:57:52.425] [INFO] default - 这不是从session 登陆缓存走的
[2018-01-05T09:57:52.426] [INFO] default - requireUrl = /kp-api/ssl/h5/Oauth/getUserInfo
[2018-01-05T09:57:52.426] [INFO] default - requireBody = {"openId":"oW00nwWggzfXeJPTb0dN-xO9h-6A","userId":"3e1040bfa48047308b5927ecc3d199e8","url":"Oauth/getUserInfo"}
[2018-01-05T09:57:55.565] [INFO] default - body:{"ret":"0","claimApply":{"userClaimApplyCount2":0,"userClaimApplyCount3":0,"userClaimApplyCount1":3,"userClaimApplyCount":3},"userId":"3e1040bfa48047308b5927ecc3d199e8","state":"","user":{"userHeadAppearUrl":"","userGender":0,"userName":"张三父"},"msg":"成功","openId":"oW00nwWggzfXeJPTb0dN-xO9h-6A"}
[2018-01-05T09:58:03.597] [INFO] default - {}
[2018-01-05T09:58:03.598] [INFO] default - 这是从session 登陆缓存走的
[2018-01-05T09:58:03.598] [INFO] default - requireUrl = /kp-api/ssl/h5/Oauth/getUserInfo
[2018-01-05T09:58:03.598] [INFO] default - requireBody = {"openId":"oW00nwWggzfXeJPTb0dN-xO9h-6A","userId":"3e1040bfa48047308b5927ecc3d199e8","url":"Oauth/getUserInfo"}
[2018-01-05T09:58:03.619] [INFO] default - body:{"ret":"0","claimApply":{"userClaimApplyCount2":0,"userClaimApplyCount3":0,"userClaimApplyCount1":3,"userClaimApplyCount":3},"userId":"3e1040bfa48047308b5927ecc3d199e8","state":"","user":{"userHeadAppearUrl":"","userGender":0,"userName":"张三父"},"msg":"成功","openId":"oW00nwWggzfXeJPTb0dN-xO9h-6A"}
[2018-01-05T09:58:06.548] [INFO] default - {}
[2018-01-05T09:58:06.548] [INFO] default - 这是从session 登陆缓存走的
[2018-01-05T09:58:06.549] [INFO] default - requireUrl = /kp-api/ssl/h5/Oauth/getUserInfo
[2018-01-05T09:58:06.549] [INFO] default - requireBody = {"openId":"oW00nwWggzfXeJPTb0dN-xO9h-6A","userId":"3e1040bfa48047308b5927ecc3d199e8","url":"Oauth/getUserInfo"}
[2018-01-05T09:58:06.575] [INFO] default - body:{"ret":"0","claimApply":{"userClaimApplyCount2":0,"userClaimApplyCount3":0,"userClaimApplyCount1":3,"userClaimApplyCount":3},"userId":"3e1040bfa48047308b5927ecc3d199e8","state":"","user":{"userHeadAppearUrl":"","userGender":0,"userName":"张三父"},"msg":"成功","openId":"oW00nwWggzfXeJPTb0dN-xO9h-6A"}
[2018-01-05T13:55:07.678] [DEBUG] default - Some debug messages
[2018-01-05T13:55:18.233] [INFO] default - have state : undefined
[2018-01-05T13:55:18.234] [INFO] default - req.method  : GET
[2018-01-05T13:55:18.234] [INFO] default - 未登陆
[2018-01-05T13:55:18.326] [INFO] default - {}
[2018-01-05T13:55:18.328] [INFO] default - 这不是从session 登陆缓存走的
[2018-01-05T13:55:18.328] [INFO] default - requireUrl = /kp-api/ssl/h5/Oauth/getUserInfo
[2018-01-05T13:55:18.328] [INFO] default - requireBody = {"openId":"oW00nwWggzfXeJPTb0dN-xO9h-6A","userId":"3e1040bfa48047308b5927ecc3d199e8","url":"Oauth/getUserInfo"}
[2018-01-05T13:55:19.335] [ERROR] error - problem with request: connect ECONNREFUSED 192.168.1.93:8080
[2018-01-05T13:55:40.112] [DEBUG] default - Some debug messages
[2018-01-05T13:55:40.371] [INFO] default - {}
[2018-01-05T13:55:40.374] [INFO] default - 这不是从session 登陆缓存走的
[2018-01-05T13:55:40.374] [INFO] default - requireUrl = /kp-api/ssl/h5/Oauth/getUserInfo
[2018-01-05T13:55:40.374] [INFO] default - requireBody = {"openId":"oW00nwWggzfXeJPTb0dN-xO9h-6A","userId":"3e1040bfa48047308b5927ecc3d199e8","url":"Oauth/getUserInfo"}
[2018-01-05T13:55:41.383] [ERROR] error - problem with request: connect ECONNREFUSED 192.168.1.93:8080
[2018-01-05T14:01:06.848] [DEBUG] default - Some debug messages
[2018-01-05T14:01:20.050] [DEBUG] default - Some debug messages
[2018-01-05T14:02:11.008] [DEBUG] default - Some debug messages
[2018-01-05T14:02:24.189] [DEBUG] default - Some debug messages
[2018-01-05T14:04:12.343] [DEBUG] default - Some debug messages
[2018-01-05T18:22:49.539] [DEBUG] default - Some debug messages
[2018-01-05T18:28:43.573] [DEBUG] default - Some debug messages
[2018-01-05T18:36:04.748] [DEBUG] default - Some debug messages
[2018-01-05T18:36:52.293] [DEBUG] default - Some debug messages
[2018-01-05T18:37:03.611] [DEBUG] default - Some debug messages
[2018-01-05T18:37:24.255] [DEBUG] default - Some debug messages
[2018-01-05T18:37:56.063] [DEBUG] default - Some debug messages
[2018-01-05T18:39:11.751] [DEBUG] default - Some debug messages
[2018-01-05T18:39:21.911] [DEBUG] default - Some debug messages
[2018-01-05T18:39:31.322] [DEBUG] default - Some debug messages
[2018-01-05T18:39:50.878] [DEBUG] default - Some debug messages
