[2017-12-25T11:09:45.701] [DEBUG] default - Some debug messages
[2017-12-25T11:10:01.619] [INFO] default - {}
[2017-12-25T11:10:01.621] [INFO] default - 这不是从session 登陆缓存走的
[2017-12-25T11:10:01.621] [INFO] default - requireUrl = /kp-api/ssl/h5/Oauth/getUserInfo
[2017-12-25T11:10:01.621] [INFO] default - requireBody = {"openId":"oW00nwWggzfXeJPTb0dN-xO9h-6A","userId":"3e1040bfa48047308b5927ecc3d199e8","url":"Oauth/getUserInfo"}
[2017-12-25T11:10:02.809] [INFO] default - body:{"ret":"0","claimApply":{"userClaimApplyCount2":0,"userClaimApplyCount3":0,"userClaimApplyCount1":3,"userClaimApplyCount":3},"userId":"3e1040bfa48047308b5927ecc3d199e8","state":"","user":{"userHeadAppearUrl":"","userGender":0,"userName":"张三父"},"msg":"成功","openId":"oW00nwWggzfXeJPTb0dN-xO9h-6A"}
[2017-12-25T11:10:08.329] [INFO] default - have state : undefined
[2017-12-25T11:10:08.329] [INFO] default - req.method  : POST
[2017-12-25T11:10:08.330] [INFO] default - requireUrl = /kp-api/ssl/h5/entClaimApply/checkIsCanClaim
[2017-12-25T11:10:08.330] [INFO] default - requireBody = {"url":"entClaimApply/checkIsCanClaim","userId":"3e1040bfa48047308b5927ecc3d199e8"}
[2017-12-25T11:10:08.396] [INFO] default - checkIsCanClaim , body : {"ret":"0","msg":"成功"}
[2017-12-25T11:10:08.499] [INFO] default - have state : undefined
[2017-12-25T11:10:08.499] [INFO] default - req.method  : POST
[2017-12-25T11:10:08.501] [INFO] default - requireUrl = /kp-api/ssl/h5/entClaimApply/startEntClaimApplyStep1
[2017-12-25T11:10:08.501] [INFO] default - requireBody = {"url":"entClaimApply/startEntClaimApplyStep1","userId":"3e1040bfa48047308b5927ecc3d199e8"}
[2017-12-25T11:10:08.558] [INFO] default - ApplyClaim , body : {"ret":"0","userId":"3e1040bfa48047308b5927ecc3d199e8","policy":{"policyPersonId":"5a7041c386574202ac59fd78d88341a0","policyNo":"PEVC201731090008000347","planId":"92664d25295a11e7825ec85b763a0be0","entClaimTypeRuleList":[{"id":"04","value":"意外伤残"},{"id":"01","value":"工伤伤残"},{"id":"02","value":"误工费"},{"id":"03","value":"意外身故"}]},"userBank":{"userBankId":"7f44cde14b7346ae98000481610d4195","bankName":"上海浦东发展银行","bankAccount":"张三","bankCard":"7676767676767676"},"user":{"name":"张三父","userId":"3e1040bfa48047308b5927ecc3d199e8","mobile":"13262726906"},"msg":"成功"}
[2017-12-25T11:10:09.241] [INFO] default - have state : undefined
[2017-12-25T11:10:09.241] [INFO] default - req.method  : POST
[2017-12-25T11:10:09.241] [INFO] default - requireUrl = /kp-api/ssl/h5/userBank/getUserBankList
[2017-12-25T11:10:09.241] [INFO] default - requireBody = {"pageNum":"1","url":"userBank/getUserBankList","userId":"3e1040bfa48047308b5927ecc3d199e8"}
[2017-12-25T11:10:09.246] [INFO] default - have state : undefined
[2017-12-25T11:10:09.246] [INFO] default - req.method  : POST
[2017-12-25T11:10:09.246] [INFO] default - requireUrl = /kp-api/ssl/h5/policy/policyList
[2017-12-25T11:10:09.246] [INFO] default - requireBody = {"pageNum":"1","policyStatus":"1","url":"policy/policyList","userId":"3e1040bfa48047308b5927ecc3d199e8"}
[2017-12-25T11:10:09.746] [INFO] default - getPolicyList , body : {"ret":"0","policyList":[{"planName":"员工补充工伤商业保险","policyPersonIdType":"身份证","planIsCanClaim":1,"policyPersonDateOfBirth":"1981-06-19","planId":"92664d25295a11e7825ec85b763a0be0","policyPersonId":"5a7041c386574202ac59fd78d88341a0","policyPersonGender":"0","policyStartDate":"2017-12-13","policyPersonName":"张三父","policyEPolicyId":"e_policy/EVC0170134-1/XXX/5ef3e459dc3e4e80bf4eccd612ffbe4d","policyStatus":1,"policyNo":"PEVC201731090008000347","planDocumentList":[{"planDocumentUrl":"http://dev-test-oss-public.oss-cn-beijing.aliyuncs.com/c647736c36544a569b57def2fd88b6c8","planDocumentObjectId":"c647736c36544a569b57def2fd88b6c8","planDocumentName":"保险条款及告知"}],"policyPersonIdCard":"522728198106197126","insuranceGroupName":"中国大地财产保险股份有限公司","policyEndDate":"2018-01-12"}],"userId":"3e1040bfa48047308b5927ecc3d199e8","policyStatus":"1","msg":"成功"}
[2017-12-25T11:10:10.572] [INFO] default - getUserBankList , body : {"ret":"0","userId":"3e1040bfa48047308b5927ecc3d199e8","userBankList":[{"isExistCardImage":true,"id":"7f44cde14b7346ae98000481610d4195","status":1,"isDefault":true,"bankName":"上海浦东发展银行","cardUrl":"http://dev-test-oss-private.oss-cn-beijing.aliyuncs.com/user/3e1040bfa48047308b5927ecc3d199e8/bank/638f675dfd7645f1ad6f83a71d6a6e9d?Expires=1514175010&OSSAccessKeyId=LTAIp8V2Vw6QCmHp&Signature=8Nb5Nr7zV9fv4y2BXZFLXKWOYaA%3D","bankCard":"7676767676767676","bankAccount":"张三"},{"isExistCardImage":true,"id":"0c113aa05d5f439494a5abaf18aebc46","status":1,"isDefault":false,"bankName":"中国银行","cardUrl":"http://dev-test-oss-private.oss-cn-beijing.aliyuncs.com/user/3e1040bfa48047308b5927ecc3d199e8/bank/84b9aeec0bfc457c825191405406b846?Expires=1514175010&OSSAccessKeyId=LTAIp8V2Vw6QCmHp&Signature=xVsqrdZhz5hm4eidYYS6pL8syGI%3D","bankCard":"6217850800003355771","bankAccount":"杨先生"}],"msg":"成功"}
[2017-12-25T11:11:04.220] [DEBUG] default - Some debug messages
[2017-12-25T11:11:31.518] [DEBUG] default - Some debug messages
[2017-12-25T11:11:35.183] [INFO] default - have state : undefined
[2017-12-25T11:11:35.184] [INFO] default - req.method  : GET
[2017-12-25T11:11:35.184] [INFO] default - 未登陆
[2017-12-25T11:11:35.254] [INFO] default - {}
[2017-12-25T11:11:35.255] [INFO] default - 这不是从session 登陆缓存走的
[2017-12-25T11:11:35.255] [INFO] default - requireUrl = /kp-api/ssl/h5/Oauth/getUserInfo
[2017-12-25T11:11:35.256] [INFO] default - requireBody = {"openId":"oW00nwWggzfXeJPTb0dN-xO9h-6A","userId":"3e1040bfa48047308b5927ecc3d199e8","url":"Oauth/getUserInfo"}
[2017-12-25T11:11:35.279] [INFO] default - body:{"ret":"0","claimApply":{"userClaimApplyCount2":0,"userClaimApplyCount3":0,"userClaimApplyCount1":3,"userClaimApplyCount":3},"userId":"3e1040bfa48047308b5927ecc3d199e8","state":"","user":{"userHeadAppearUrl":"","userGender":0,"userName":"张三父"},"msg":"成功","openId":"oW00nwWggzfXeJPTb0dN-xO9h-6A"}
[2017-12-25T11:11:36.936] [INFO] default - have state : undefined
[2017-12-25T11:11:36.936] [INFO] default - req.method  : POST
[2017-12-25T11:11:36.937] [INFO] default - requireUrl = /kp-api/ssl/h5/entClaimApply/checkIsCanClaim
[2017-12-25T11:11:36.937] [INFO] default - requireBody = {"url":"entClaimApply/checkIsCanClaim","userId":"3e1040bfa48047308b5927ecc3d199e8"}
[2017-12-25T11:11:36.954] [INFO] default - checkIsCanClaim , body : {"ret":"0","msg":"成功"}
[2017-12-25T11:11:36.978] [INFO] default - have state : undefined
[2017-12-25T11:11:36.978] [INFO] default - req.method  : POST
[2017-12-25T11:11:36.979] [INFO] default - requireUrl = /kp-api/ssl/h5/entClaimApply/startEntClaimApplyStep1
[2017-12-25T11:11:36.979] [INFO] default - requireBody = {"url":"entClaimApply/startEntClaimApplyStep1","userId":"3e1040bfa48047308b5927ecc3d199e8"}
[2017-12-25T11:11:37.014] [INFO] default - ApplyClaim , body : {"ret":"0","userId":"3e1040bfa48047308b5927ecc3d199e8","policy":{"policyPersonId":"5a7041c386574202ac59fd78d88341a0","policyNo":"PEVC201731090008000347","planId":"92664d25295a11e7825ec85b763a0be0","entClaimTypeRuleList":[{"id":"04","value":"意外伤残"},{"id":"01","value":"工伤伤残"},{"id":"02","value":"误工费"},{"id":"03","value":"意外身故"}]},"userBank":{"userBankId":"7f44cde14b7346ae98000481610d4195","bankName":"上海浦东发展银行","bankAccount":"张三","bankCard":"7676767676767676"},"user":{"name":"张三父","userId":"3e1040bfa48047308b5927ecc3d199e8","mobile":"13262726906"},"msg":"成功"}
[2017-12-25T11:11:37.023] [ERROR] error - { message: 'C:\\Users\\owner\\WebstormProjects\\kp-mobile\\views\\ApplyClaim\\ApplyClaimStep1.html:37\n    35|             $(\'#applyDate\').html("请选择");\r\n    36| \r\n >> 37|             <% if(jpolicy && policy.policyPersonId != null){ %>\r\n    38| \r\n    39|             $(\'#policy\').html("<%=policy.policyNo%>");\r\n    40|             $(\'#policy\').attr("data-value" , "<%= policy.policyPersonId%>");\r\n\njpolicy is not defined',
  error: 
   { ReferenceError: C:\Users\owner\WebstormProjects\kp-mobile\views\ApplyClaim\ApplyClaimStep1.html:37
       35|             $('#applyDate').html("请选择");
       36| 
    >> 37|             <% if(jpolicy && policy.policyPersonId != null){ %>
       38| 
       39|             $('#policy').html("<%=policy.policyNo%>");
       40|             $('#policy').attr("data-value" , "<%= policy.policyPersonId%>");
   
   jpolicy is not defined
       at eval (eval at compile (C:\Users\owner\WebstormProjects\kp-mobile\node_modules\ejs\lib\ejs.js:549:12), <anonymous>:29:11)
       at returnedFn (C:\Users\owner\WebstormProjects\kp-mobile\node_modules\ejs\lib\ejs.js:580:17)
       at C:\Users\owner\WebstormProjects\kp-mobile\node_modules\consolidate\lib\consolidate.js:651:16
       at C:\Users\owner\WebstormProjects\kp-mobile\node_modules\consolidate\lib\consolidate.js:162:5
       at Promise._execute (C:\Users\owner\WebstormProjects\kp-mobile\node_modules\consolidate\node_modules\bluebird\js\release\debuggability.js:303:9)
       at Promise._resolveFromExecutor (C:\Users\owner\WebstormProjects\kp-mobile\node_modules\consolidate\node_modules\bluebird\js\release\promise.js:483:18)
       at new Promise (C:\Users\owner\WebstormProjects\kp-mobile\node_modules\consolidate\node_modules\bluebird\js\release\promise.js:79:10)
       at promisify (C:\Users\owner\WebstormProjects\kp-mobile\node_modules\consolidate\lib\consolidate.js:155:10)
       at Function.exports.ejs.render (C:\Users\owner\WebstormProjects\kp-mobile\node_modules\consolidate\lib\consolidate.js:647:10)
       at C:\Users\owner\WebstormProjects\kp-mobile\node_modules\consolidate\lib\consolidate.js:183:27
       at C:\Users\owner\WebstormProjects\kp-mobile\node_modules\consolidate\lib\consolidate.js:101:5
       at tryToString (fs.js:456:3)
       at FSReqWrap.readFileAfterClose [as oncomplete] (fs.js:443:12)
     path: 'C:\\Users\\owner\\WebstormProjects\\kp-mobile\\views\\ApplyClaim\\ApplyClaimStep1.html' } }
[2017-12-25T11:12:13.204] [DEBUG] default - Some debug messages
[2017-12-25T11:12:14.463] [INFO] default - have state : undefined
[2017-12-25T11:12:14.463] [INFO] default - req.method  : POST
[2017-12-25T11:12:14.465] [INFO] default - 未登陆
[2017-12-25T11:12:14.484] [ERROR] error - { message: 'Cannot read property \'userId\' of undefined',
  error: 
   TypeError: Cannot read property 'userId' of undefined
       at C:\Users\owner\WebstormProjects\kp-mobile\routes\ApplyClaim.js:44:39
       at Layer.handle [as handle_request] (C:\Users\owner\WebstormProjects\kp-mobile\node_modules\express\lib\router\layer.js:95:5)
       at next (C:\Users\owner\WebstormProjects\kp-mobile\node_modules\express\lib\router\route.js:137:13)
       at Route.dispatch (C:\Users\owner\WebstormProjects\kp-mobile\node_modules\express\lib\router\route.js:112:3)
       at Layer.handle [as handle_request] (C:\Users\owner\WebstormProjects\kp-mobile\node_modules\express\lib\router\layer.js:95:5)
       at C:\Users\owner\WebstormProjects\kp-mobile\node_modules\express\lib\router\index.js:281:22
       at Function.process_params (C:\Users\owner\WebstormProjects\kp-mobile\node_modules\express\lib\router\index.js:335:12)
       at next (C:\Users\owner\WebstormProjects\kp-mobile\node_modules\express\lib\router\index.js:275:10)
       at Function.handle (C:\Users\owner\WebstormProjects\kp-mobile\node_modules\express\lib\router\index.js:174:3)
       at router (C:\Users\owner\WebstormProjects\kp-mobile\node_modules\express\lib\router\index.js:47:12)
       at Layer.handle [as handle_request] (C:\Users\owner\WebstormProjects\kp-mobile\node_modules\express\lib\router\layer.js:95:5)
       at trim_prefix (C:\Users\owner\WebstormProjects\kp-mobile\node_modules\express\lib\router\index.js:317:13)
       at C:\Users\owner\WebstormProjects\kp-mobile\node_modules\express\lib\router\index.js:284:7
       at Function.process_params (C:\Users\owner\WebstormProjects\kp-mobile\node_modules\express\lib\router\index.js:335:12)
       at next (C:\Users\owner\WebstormProjects\kp-mobile\node_modules\express\lib\router\index.js:275:10)
       at C:\Users\owner\WebstormProjects\kp-mobile\node_modules\express\lib\router\index.js:635:15 }
[2017-12-25T11:12:18.612] [INFO] default - {}
[2017-12-25T11:12:18.613] [INFO] default - 这不是从session 登陆缓存走的
[2017-12-25T11:12:18.613] [INFO] default - requireUrl = /kp-api/ssl/h5/Oauth/getUserInfo
[2017-12-25T11:12:18.613] [INFO] default - requireBody = {"openId":"oW00nwWggzfXeJPTb0dN-xO9h-6A","userId":"3e1040bfa48047308b5927ecc3d199e8","url":"Oauth/getUserInfo"}
[2017-12-25T11:12:18.634] [INFO] default - body:{"ret":"0","claimApply":{"userClaimApplyCount2":0,"userClaimApplyCount3":0,"userClaimApplyCount1":3,"userClaimApplyCount":3},"userId":"3e1040bfa48047308b5927ecc3d199e8","state":"","user":{"userHeadAppearUrl":"","userGender":0,"userName":"张三父"},"msg":"成功","openId":"oW00nwWggzfXeJPTb0dN-xO9h-6A"}
[2017-12-25T11:12:20.207] [INFO] default - have state : undefined
[2017-12-25T11:12:20.207] [INFO] default - req.method  : POST
[2017-12-25T11:12:20.208] [INFO] default - requireUrl = /kp-api/ssl/h5/entClaimApply/checkIsCanClaim
[2017-12-25T11:12:20.208] [INFO] default - requireBody = {"url":"entClaimApply/checkIsCanClaim","userId":"3e1040bfa48047308b5927ecc3d199e8"}
[2017-12-25T11:12:20.221] [INFO] default - checkIsCanClaim , body : {"ret":"0","msg":"成功"}
[2017-12-25T11:12:20.230] [INFO] default - have state : undefined
[2017-12-25T11:12:20.230] [INFO] default - req.method  : POST
[2017-12-25T11:12:20.230] [INFO] default - requireUrl = /kp-api/ssl/h5/entClaimApply/startEntClaimApplyStep1
[2017-12-25T11:12:20.231] [INFO] default - requireBody = {"url":"entClaimApply/startEntClaimApplyStep1","userId":"3e1040bfa48047308b5927ecc3d199e8"}
[2017-12-25T11:12:20.262] [INFO] default - ApplyClaim , body : {"ret":"0","userId":"3e1040bfa48047308b5927ecc3d199e8","policy":{"policyPersonId":"5a7041c386574202ac59fd78d88341a0","policyNo":"PEVC201731090008000347","planId":"92664d25295a11e7825ec85b763a0be0","entClaimTypeRuleList":[{"id":"04","value":"意外伤残"},{"id":"01","value":"工伤伤残"},{"id":"02","value":"误工费"},{"id":"03","value":"意外身故"}]},"userBank":{"userBankId":"7f44cde14b7346ae98000481610d4195","bankName":"上海浦东发展银行","bankAccount":"张三","bankCard":"7676767676767676"},"user":{"name":"张三父","userId":"3e1040bfa48047308b5927ecc3d199e8","mobile":"13262726906"},"msg":"成功"}
[2017-12-25T11:12:20.896] [INFO] default - have state : undefined
[2017-12-25T11:12:20.896] [INFO] default - req.method  : POST
[2017-12-25T11:12:20.896] [INFO] default - requireUrl = /kp-api/ssl/h5/userBank/getUserBankList
[2017-12-25T11:12:20.897] [INFO] default - requireBody = {"pageNum":"1","url":"userBank/getUserBankList","userId":"3e1040bfa48047308b5927ecc3d199e8"}
[2017-12-25T11:12:20.901] [INFO] default - have state : undefined
[2017-12-25T11:12:20.901] [INFO] default - req.method  : POST
[2017-12-25T11:12:20.901] [INFO] default - requireUrl = /kp-api/ssl/h5/policy/policyList
[2017-12-25T11:12:20.901] [INFO] default - requireBody = {"pageNum":"1","policyStatus":"1","url":"policy/policyList","userId":"3e1040bfa48047308b5927ecc3d199e8"}
[2017-12-25T11:12:20.912] [INFO] default - getPolicyList , body : {"ret":"0","policyList":[{"planName":"员工补充工伤商业保险","policyPersonIdType":"身份证","planIsCanClaim":1,"policyPersonDateOfBirth":"1981-06-19","planId":"92664d25295a11e7825ec85b763a0be0","policyPersonId":"5a7041c386574202ac59fd78d88341a0","policyPersonGender":"0","policyStartDate":"2017-12-13","policyPersonName":"张三父","policyEPolicyId":"e_policy/EVC0170134-1/XXX/5ef3e459dc3e4e80bf4eccd612ffbe4d","policyStatus":1,"policyNo":"PEVC201731090008000347","planDocumentList":[{"planDocumentUrl":"http://dev-test-oss-public.oss-cn-beijing.aliyuncs.com/c647736c36544a569b57def2fd88b6c8","planDocumentObjectId":"c647736c36544a569b57def2fd88b6c8","planDocumentName":"保险条款及告知"}],"policyPersonIdCard":"522728198106197126","insuranceGroupName":"中国大地财产保险股份有限公司","policyEndDate":"2018-01-12"}],"userId":"3e1040bfa48047308b5927ecc3d199e8","policyStatus":"1","msg":"成功"}
[2017-12-25T11:12:21.275] [INFO] default - getUserBankList , body : {"ret":"0","userId":"3e1040bfa48047308b5927ecc3d199e8","userBankList":[{"isExistCardImage":true,"id":"7f44cde14b7346ae98000481610d4195","status":1,"isDefault":true,"bankName":"上海浦东发展银行","cardUrl":"http://dev-test-oss-private.oss-cn-beijing.aliyuncs.com/user/3e1040bfa48047308b5927ecc3d199e8/bank/638f675dfd7645f1ad6f83a71d6a6e9d?Expires=1514175141&OSSAccessKeyId=LTAIp8V2Vw6QCmHp&Signature=dJ%2Bj8srcXKZvB%2BEMQC4ExElhCCM%3D","bankCard":"7676767676767676","bankAccount":"张三"},{"isExistCardImage":true,"id":"0c113aa05d5f439494a5abaf18aebc46","status":1,"isDefault":false,"bankName":"中国银行","cardUrl":"http://dev-test-oss-private.oss-cn-beijing.aliyuncs.com/user/3e1040bfa48047308b5927ecc3d199e8/bank/84b9aeec0bfc457c825191405406b846?Expires=1514175141&OSSAccessKeyId=LTAIp8V2Vw6QCmHp&Signature=7AtCBSq3WhGMSuydOwMGn%2BFpu9U%3D","bankCard":"6217850800003355771","bankAccount":"杨先生"}],"msg":"成功"}
[2017-12-25T11:17:57.631] [DEBUG] default - Some debug messages
[2017-12-25T11:18:03.705] [INFO] default - have state : undefined
[2017-12-25T11:18:03.706] [INFO] default - req.method  : GET
[2017-12-25T11:18:03.706] [INFO] default - 未登陆
[2017-12-25T11:18:03.722] [INFO] default - {}
[2017-12-25T11:18:03.723] [INFO] default - 这不是从session 登陆缓存走的
[2017-12-25T11:18:03.723] [INFO] default - requireUrl = /kp-api/ssl/h5/Oauth/getUserInfo
[2017-12-25T11:18:03.723] [INFO] default - requireBody = {"openId":"oW00nwWggzfXeJPTb0dN-xO9h-6A","userId":"3e1040bfa48047308b5927ecc3d199e8","url":"Oauth/getUserInfo"}
[2017-12-25T11:18:03.744] [INFO] default - body:{"ret":"0","claimApply":{"userClaimApplyCount2":0,"userClaimApplyCount3":0,"userClaimApplyCount1":3,"userClaimApplyCount":3},"userId":"3e1040bfa48047308b5927ecc3d199e8","state":"","user":{"userHeadAppearUrl":"","userGender":0,"userName":"张三父"},"msg":"成功","openId":"oW00nwWggzfXeJPTb0dN-xO9h-6A"}
[2017-12-25T11:18:05.954] [INFO] default - have state : undefined
[2017-12-25T11:18:05.954] [INFO] default - req.method  : GET
[2017-12-25T11:18:05.956] [ERROR] error - { message: 'JSON is not a constructor',
  error: 
   TypeError: JSON is not a constructor
       at C:\Users\owner\WebstormProjects\kp-mobile\routes\ApplyClaim.js:146:16
       at Layer.handle [as handle_request] (C:\Users\owner\WebstormProjects\kp-mobile\node_modules\express\lib\router\layer.js:95:5)
       at next (C:\Users\owner\WebstormProjects\kp-mobile\node_modules\express\lib\router\route.js:137:13)
       at Route.dispatch (C:\Users\owner\WebstormProjects\kp-mobile\node_modules\express\lib\router\route.js:112:3)
       at Layer.handle [as handle_request] (C:\Users\owner\WebstormProjects\kp-mobile\node_modules\express\lib\router\layer.js:95:5)
       at C:\Users\owner\WebstormProjects\kp-mobile\node_modules\express\lib\router\index.js:281:22
       at Function.process_params (C:\Users\owner\WebstormProjects\kp-mobile\node_modules\express\lib\router\index.js:335:12)
       at next (C:\Users\owner\WebstormProjects\kp-mobile\node_modules\express\lib\router\index.js:275:10)
       at Function.handle (C:\Users\owner\WebstormProjects\kp-mobile\node_modules\express\lib\router\index.js:174:3)
       at router (C:\Users\owner\WebstormProjects\kp-mobile\node_modules\express\lib\router\index.js:47:12)
       at Layer.handle [as handle_request] (C:\Users\owner\WebstormProjects\kp-mobile\node_modules\express\lib\router\layer.js:95:5)
       at trim_prefix (C:\Users\owner\WebstormProjects\kp-mobile\node_modules\express\lib\router\index.js:317:13)
       at C:\Users\owner\WebstormProjects\kp-mobile\node_modules\express\lib\router\index.js:284:7
       at Function.process_params (C:\Users\owner\WebstormProjects\kp-mobile\node_modules\express\lib\router\index.js:335:12)
       at next (C:\Users\owner\WebstormProjects\kp-mobile\node_modules\express\lib\router\index.js:275:10)
       at C:\Users\owner\WebstormProjects\kp-mobile\node_modules\express\lib\router\index.js:635:15 }
[2017-12-25T11:19:25.082] [DEBUG] default - Some debug messages
[2017-12-25T11:19:28.162] [INFO] default - have state : undefined
[2017-12-25T11:19:28.162] [INFO] default - req.method  : GET
[2017-12-25T11:19:28.163] [INFO] default - 未登陆
[2017-12-25T11:19:28.178] [INFO] default - {}
[2017-12-25T11:19:28.179] [INFO] default - 这不是从session 登陆缓存走的
[2017-12-25T11:19:28.179] [INFO] default - requireUrl = /kp-api/ssl/h5/Oauth/getUserInfo
[2017-12-25T11:19:28.180] [INFO] default - requireBody = {"openId":"oW00nwWggzfXeJPTb0dN-xO9h-6A","userId":"3e1040bfa48047308b5927ecc3d199e8","url":"Oauth/getUserInfo"}
[2017-12-25T11:19:28.199] [INFO] default - body:{"ret":"0","claimApply":{"userClaimApplyCount2":0,"userClaimApplyCount3":0,"userClaimApplyCount1":3,"userClaimApplyCount":3},"userId":"3e1040bfa48047308b5927ecc3d199e8","state":"","user":{"userHeadAppearUrl":"","userGender":0,"userName":"张三父"},"msg":"成功","openId":"oW00nwWggzfXeJPTb0dN-xO9h-6A"}
[2017-12-25T11:19:30.561] [INFO] default - have state : undefined
[2017-12-25T11:19:30.561] [INFO] default - req.method  : GET
[2017-12-25T13:03:08.371] [DEBUG] default - Some debug messages
[2017-12-25T13:03:15.137] [INFO] default - have state : undefined
[2017-12-25T13:03:15.138] [INFO] default - req.method  : GET
[2017-12-25T13:03:15.138] [INFO] default - 未登陆
[2017-12-25T13:03:15.153] [INFO] default - {}
[2017-12-25T13:03:15.154] [INFO] default - 这不是从session 登陆缓存走的
[2017-12-25T13:03:15.154] [INFO] default - requireUrl = /kp-api/ssl/h5/Oauth/getUserInfo
[2017-12-25T13:03:15.154] [INFO] default - requireBody = {"openId":"oW00nwWggzfXeJPTb0dN-xO9h-6A","userId":"3e1040bfa48047308b5927ecc3d199e8","url":"Oauth/getUserInfo"}
[2017-12-25T13:03:15.183] [INFO] default - body:{"ret":"0","claimApply":{"userClaimApplyCount2":0,"userClaimApplyCount3":0,"userClaimApplyCount1":3,"userClaimApplyCount":3},"userId":"3e1040bfa48047308b5927ecc3d199e8","state":"","user":{"userHeadAppearUrl":"","userGender":0,"userName":"张三父"},"msg":"成功","openId":"oW00nwWggzfXeJPTb0dN-xO9h-6A"}
[2017-12-25T13:03:17.363] [INFO] default - have state : undefined
[2017-12-25T13:03:17.364] [INFO] default - req.method  : GET
[2017-12-25T13:03:37.477] [DEBUG] default - Some debug messages
[2017-12-25T13:03:43.829] [INFO] default - have state : undefined
[2017-12-25T13:03:43.829] [INFO] default - req.method  : GET
[2017-12-25T13:03:43.829] [INFO] default - 未登陆
[2017-12-25T13:03:43.844] [INFO] default - {}
[2017-12-25T13:03:43.846] [INFO] default - 这不是从session 登陆缓存走的
[2017-12-25T13:03:43.846] [INFO] default - requireUrl = /kp-api/ssl/h5/Oauth/getUserInfo
[2017-12-25T13:03:43.846] [INFO] default - requireBody = {"openId":"oW00nwWggzfXeJPTb0dN-xO9h-6A","userId":"3e1040bfa48047308b5927ecc3d199e8","url":"Oauth/getUserInfo"}
[2017-12-25T13:03:43.866] [INFO] default - body:{"ret":"0","claimApply":{"userClaimApplyCount2":0,"userClaimApplyCount3":0,"userClaimApplyCount1":3,"userClaimApplyCount":3},"userId":"3e1040bfa48047308b5927ecc3d199e8","state":"","user":{"userHeadAppearUrl":"","userGender":0,"userName":"张三父"},"msg":"成功","openId":"oW00nwWggzfXeJPTb0dN-xO9h-6A"}
[2017-12-25T13:03:46.219] [INFO] default - have state : undefined
[2017-12-25T13:03:46.219] [INFO] default - req.method  : GET
[2017-12-25T13:37:14.185] [DEBUG] default - Some debug messages
[2017-12-25T13:37:26.884] [INFO] default - have state : undefined
[2017-12-25T13:37:26.884] [INFO] default - req.method  : GET
[2017-12-25T13:37:26.885] [INFO] default - 未登陆
[2017-12-25T13:37:26.905] [INFO] default - {}
[2017-12-25T13:37:26.906] [INFO] default - 这不是从session 登陆缓存走的
[2017-12-25T13:37:26.906] [INFO] default - requireUrl = /kp-api/ssl/h5/Oauth/getUserInfo
[2017-12-25T13:37:26.907] [INFO] default - requireBody = {"openId":"oW00nwWggzfXeJPTb0dN-xO9h-6A","userId":"3e1040bfa48047308b5927ecc3d199e8","url":"Oauth/getUserInfo"}
[2017-12-25T13:37:26.964] [INFO] default - body:{"ret":"0","claimApply":{"userClaimApplyCount2":0,"userClaimApplyCount3":0,"userClaimApplyCount1":3,"userClaimApplyCount":3},"userId":"3e1040bfa48047308b5927ecc3d199e8","state":"","user":{"userHeadAppearUrl":"","userGender":0,"userName":"张三父"},"msg":"成功","openId":"oW00nwWggzfXeJPTb0dN-xO9h-6A"}
[2017-12-25T13:37:32.887] [INFO] default - {}
[2017-12-25T13:37:32.891] [INFO] default - 这是从session 登陆缓存走的
[2017-12-25T13:37:32.891] [INFO] default - requireUrl = /kp-api/ssl/h5/Oauth/getUserInfo
[2017-12-25T13:37:32.891] [INFO] default - requireBody = {"openId":"oW00nwWggzfXeJPTb0dN-xO9h-6A","userId":"3e1040bfa48047308b5927ecc3d199e8","url":"Oauth/getUserInfo"}
[2017-12-25T13:37:32.909] [INFO] default - body:{"ret":"0","claimApply":{"userClaimApplyCount2":0,"userClaimApplyCount3":0,"userClaimApplyCount1":3,"userClaimApplyCount":3},"userId":"3e1040bfa48047308b5927ecc3d199e8","state":"","user":{"userHeadAppearUrl":"","userGender":0,"userName":"张三父"},"msg":"成功","openId":"oW00nwWggzfXeJPTb0dN-xO9h-6A"}
[2017-12-25T13:37:34.482] [INFO] default - have state : undefined
[2017-12-25T13:37:34.483] [INFO] default - req.method  : POST
[2017-12-25T13:37:34.947] [INFO] default - have state : undefined
[2017-12-25T13:37:34.947] [INFO] default - req.method  : POST
[2017-12-25T13:37:34.948] [INFO] default - requireUrl = /kp-api/ssl/h5/user/getUserList
[2017-12-25T13:37:34.948] [INFO] default - requireBody = {"pageNum":"1","url":"user/getUserList","userId":"3e1040bfa48047308b5927ecc3d199e8"}
[2017-12-25T13:37:35.050] [INFO] default - getUserList , data : {"ret":"0","userId":"3e1040bfa48047308b5927ecc3d199e8","userList":[{"dateOfBirth":"1981-06-19","identifyNubmer":"522728198106197126","id":"3e1040bfa48047308b5927ecc3d199e8","idCard":"522728198106197126","name":"张三父","gender":0,"isSelf":true,"identifyType":"身份证","mobile":"13262726906"},{"dateOfBirth":"1993-02-28","identifyNubmer":"511323199302282377","id":"4aae6ddb9b9f4921968d58a77735c63a","idCard":"511323199302282377","name":"张三","gender":1,"isSelf":false,"identifyType":"身份证","mobile":"18363992860"},{"dateOfBirth":"1995-03-21","identifyNubmer":"62052519950321714X","id":"7203ec71b17c4107857fdc38a5f8da96","idCard":"62052519950321714X","name":"张四","gender":0,"isSelf":false,"identifyType":"身份证","mobile":"13262726906"}],"msg":"成功"}
[2017-12-25T13:37:48.999] [INFO] default - have state : undefined
[2017-12-25T13:37:48.999] [INFO] default - req.method  : GET
[2017-12-25T13:37:49.000] [ERROR] error - GET
[2017-12-25T13:37:49.000] [ERROR] error - /kp/index
[2017-12-25T13:37:49.001] [ERROR] error - { message: 'Not Found',
  error: 
   { Error: Not Found
       at C:\Users\owner\WebstormProjects\kp-mobile\app.js:91:15
       at Layer.handle [as handle_request] (C:\Users\owner\WebstormProjects\kp-mobile\node_modules\express\lib\router\layer.js:95:5)
       at trim_prefix (C:\Users\owner\WebstormProjects\kp-mobile\node_modules\express\lib\router\index.js:317:13)
       at C:\Users\owner\WebstormProjects\kp-mobile\node_modules\express\lib\router\index.js:284:7
       at Function.process_params (C:\Users\owner\WebstormProjects\kp-mobile\node_modules\express\lib\router\index.js:335:12)
       at next (C:\Users\owner\WebstormProjects\kp-mobile\node_modules\express\lib\router\index.js:275:10)
       at C:\Users\owner\WebstormProjects\kp-mobile\node_modules\express\lib\router\index.js:635:15
       at next (C:\Users\owner\WebstormProjects\kp-mobile\node_modules\express\lib\router\index.js:260:14)
       at Function.handle (C:\Users\owner\WebstormProjects\kp-mobile\node_modules\express\lib\router\index.js:174:3)
       at router (C:\Users\owner\WebstormProjects\kp-mobile\node_modules\express\lib\router\index.js:47:12)
       at Layer.handle [as handle_request] (C:\Users\owner\WebstormProjects\kp-mobile\node_modules\express\lib\router\layer.js:95:5)
       at trim_prefix (C:\Users\owner\WebstormProjects\kp-mobile\node_modules\express\lib\router\index.js:317:13)
       at C:\Users\owner\WebstormProjects\kp-mobile\node_modules\express\lib\router\index.js:284:7
       at Function.process_params (C:\Users\owner\WebstormProjects\kp-mobile\node_modules\express\lib\router\index.js:335:12)
       at next (C:\Users\owner\WebstormProjects\kp-mobile\node_modules\express\lib\router\index.js:275:10)
       at C:\Users\owner\WebstormProjects\kp-mobile\node_modules\express\lib\router\index.js:635:15 status: 404 } }
[2017-12-25T13:37:49.010] [INFO] default - {}
[2017-12-25T13:37:49.010] [INFO] default - 这是从session 登陆缓存走的
[2017-12-25T13:37:49.010] [INFO] default - requireUrl = /kp-api/ssl/h5/Oauth/getUserInfo
[2017-12-25T13:37:49.010] [INFO] default - requireBody = {"openId":"oW00nwWggzfXeJPTb0dN-xO9h-6A","userId":"3e1040bfa48047308b5927ecc3d199e8","url":"Oauth/getUserInfo"}
[2017-12-25T13:37:49.024] [INFO] default - body:{"ret":"0","claimApply":{"userClaimApplyCount2":0,"userClaimApplyCount3":0,"userClaimApplyCount1":3,"userClaimApplyCount":3},"userId":"3e1040bfa48047308b5927ecc3d199e8","state":"","user":{"userHeadAppearUrl":"","userGender":0,"userName":"张三父"},"msg":"成功","openId":"oW00nwWggzfXeJPTb0dN-xO9h-6A"}
