[2018-04-25T11:53:39.532] [ERROR] error - problem with request: connect ECONNREFUSED 127.0.0.1:8180
[2018-04-25T13:54:32.680] [ERROR] error - problem with request: connect ECONNREFUSED 127.0.0.1:8180
[2018-04-25T15:24:28.418] [ERROR] error - { localurl: 'http://localhost:3300',
  projectUrl: '/',
  message: 'C:\\Users\\owner\\WebstormProjects\\melktech-pds-mobile\\views\\personalInfo.html:1\n >> 1| <!DOCTYPE html><html lang="en"><head></head><body><%-include("./commonJs.html")%><%-include("./commonCss.html")%><title>个人信息</title><link rel="stylesheet" href="<%=localurl%><%=projectUrl%>stylesheets/page/login.css"><script type="text/babel">$(document).ready(function(){ const shark = new SharkTip({ needShark: true}); const loader = new Loaders({style:"rectangle"});  $(".header").on("vclick",".backIcon" , function (e) { e.preventDefault(); window.location.href = "<%=localurl%><%=projectUrl%>userCenter"; }); });</script><div class="header"><span class="icon-carat-b-onwer backIcon"></span> <span class="title">个人信息</span></div><div class="bodyContent"><div class="personalInfo"><div class="ui-grid-a oneline"><span class="ui-block-a icon iconPhone"></span> <span class="ui-block-b input"><input type="text" name="name" class="personalInfo name" data-role="none" placeholder="请输入姓名" value="<%=name%>" autocomplete="off"></span></div><div class="ui-grid-a oneline"><span class="ui-block-a icon iconPhone"></span> <span class="ui-block-b input"><input type="text" name="identifyType" class="personalInfo identifyType" data-role="none" placeholder="请选择证件类型" autocomplete="off" readonly></span></div><div class="ui-grid-a oneline"><span class="ui-block-a icon iconPhone"></span> <span class="ui-block-b input"><input type="text" name="identifyNumber" class="personalInfo identifyNumber" data-role="none" placeholder="请输入证件号码" autocomplete="off"></span></div><div class="ui-grid-a oneline"><span class="ui-block-a icon iconPhone"></span> <span class="ui-block-b input"><input type="text" name="email" class="personalInfo email" data-role="none" placeholder="请输入邮箱" autocomplete="off"></span></div><div class="ui-grid-a oneline"><span class="ui-block-a icon iconPhone"></span> <span class="ui-block-b input"><input type="text" name="name" class="personalInfo name" data-role="none" placeholder="请选择性别" autocomplete="off" readonly></span></div></div><div class="loginDiv"><span class="loginButton">登录</span></div></div></body></html>\n\nname is not defined',
  error: 
   { ReferenceError: C:\Users\owner\WebstormProjects\melktech-pds-mobile\views\personalInfo.html:1
    >> 1| <!DOCTYPE html><html lang="en"><head></head><body><%-include("./commonJs.html")%><%-include("./commonCss.html")%><title>个人信息</title><link rel="stylesheet" href="<%=localurl%><%=projectUrl%>stylesheets/page/login.css"><script type="text/babel">$(document).ready(function(){ const shark = new SharkTip({ needShark: true}); const loader = new Loaders({style:"rectangle"});  $(".header").on("vclick",".backIcon" , function (e) { e.preventDefault(); window.location.href = "<%=localurl%><%=projectUrl%>userCenter"; }); });</script><div class="header"><span class="icon-carat-b-onwer backIcon"></span> <span class="title">个人信息</span></div><div class="bodyContent"><div class="personalInfo"><div class="ui-grid-a oneline"><span class="ui-block-a icon iconPhone"></span> <span class="ui-block-b input"><input type="text" name="name" class="personalInfo name" data-role="none" placeholder="请输入姓名" value="<%=name%>" autocomplete="off"></span></div><div class="ui-grid-a oneline"><span class="ui-block-a icon iconPhone"></span> <span class="ui-block-b input"><input type="text" name="identifyType" class="personalInfo identifyType" data-role="none" placeholder="请选择证件类型" autocomplete="off" readonly></span></div><div class="ui-grid-a oneline"><span class="ui-block-a icon iconPhone"></span> <span class="ui-block-b input"><input type="text" name="identifyNumber" class="personalInfo identifyNumber" data-role="none" placeholder="请输入证件号码" autocomplete="off"></span></div><div class="ui-grid-a oneline"><span class="ui-block-a icon iconPhone"></span> <span class="ui-block-b input"><input type="text" name="email" class="personalInfo email" data-role="none" placeholder="请输入邮箱" autocomplete="off"></span></div><div class="ui-grid-a oneline"><span class="ui-block-a icon iconPhone"></span> <span class="ui-block-b input"><input type="text" name="name" class="personalInfo name" data-role="none" placeholder="请选择性别" autocomplete="off" readonly></span></div></div><div class="loginDiv"><span class="loginButton">登录</span></div></div></body></html>
   
   name is not defined
       at eval (eval at compile (C:\Users\owner\WebstormProjects\melktech-pds-mobile\node_modules\ejs\lib\ejs.js:584:12), <anonymous>:19:25)
       at returnedFn (C:\Users\owner\WebstormProjects\melktech-pds-mobile\node_modules\ejs\lib\ejs.js:615:17)
       at tryHandleCache (C:\Users\owner\WebstormProjects\melktech-pds-mobile\node_modules\ejs\lib\ejs.js:251:36)
       at View.exports.renderFile [as engine] (C:\Users\owner\WebstormProjects\melktech-pds-mobile\node_modules\ejs\lib\ejs.js:472:10)
       at View.render (C:\Users\owner\WebstormProjects\melktech-pds-mobile\node_modules\express\lib\view.js:127:8)
       at tryRender (C:\Users\owner\WebstormProjects\melktech-pds-mobile\node_modules\express\lib\application.js:640:10)
       at EventEmitter.render (C:\Users\owner\WebstormProjects\melktech-pds-mobile\node_modules\express\lib\application.js:592:3)
       at ServerResponse.render (C:\Users\owner\WebstormProjects\melktech-pds-mobile\node_modules\express\lib\response.js:971:7)
       at C:\Users\owner\WebstormProjects\melktech-pds-mobile\routes\personalInfo.js:14:6
       at Layer.handle [as handle_request] (C:\Users\owner\WebstormProjects\melktech-pds-mobile\node_modules\express\lib\router\layer.js:95:5)
     path: 'C:\\Users\\owner\\WebstormProjects\\melktech-pds-mobile\\views\\personalInfo.html' } }
[2018-04-25T15:30:46.406] [ERROR] error - { localurl: 'http://localhost:3300',
  projectUrl: '/',
  message: 'C:\\Users\\owner\\WebstormProjects\\melktech-pds-mobile\\views\\personalInfo.html:1\n >> 1| <!DOCTYPE html><html lang="en"><head></head><body><%-include("./commonJs.html")%><%-include("./commonCss.html")%><title>个人信息</title><link rel="stylesheet" href="<%=localurl%><%=projectUrl%>stylesheets/page/login.css"><script type="text/babel">$(document).ready(function(){ const shark = new SharkTip({ needShark: true}); const loader = new Loaders({style:"rectangle"});  $(".header").on("vclick",".backIcon" , function (e) { e.preventDefault(); window.location.href = "<%=localurl%><%=projectUrl%>userCenter"; }); });</script><div class="header"><span class="icon-carat-b-onwer backIcon"></span> <span class="title">个人信息</span></div><div class="bodyContent"><div class="personalInfo"><div class="ui-grid-a oneline"><span class="ui-block-a icon iconPhone"></span> <span class="ui-block-b input"><input type="text" name="name" class="personalInfo name" data-role="none" placeholder="请输入姓名" value="<%=name%>" autocomplete="off"></span></div><div class="ui-grid-a oneline"><span class="ui-block-a icon iconPhone"></span> <span class="ui-block-b input"><input type="text" name="identifyType" class="personalInfo identifyType" data-role="none" placeholder="请选择证件类型" autocomplete="off" readonly></span></div><div class="ui-grid-a oneline"><span class="ui-block-a icon iconPhone"></span> <span class="ui-block-b input"><input type="text" name="identifyNumber" class="personalInfo identifyNumber" data-role="none" placeholder="请输入证件号码" value="<%=idCard%>" autocomplete="off"></span></div><div class="ui-grid-a oneline"><span class="ui-block-a icon iconPhone"></span> <span class="ui-block-b input"><input type="text" name="email" class="personalInfo email" data-role="none" placeholder="请输入邮箱" value="<%=eamil%>" autocomplete="off"></span></div><div class="ui-grid-a oneline"><span class="ui-block-a icon iconPhone"></span> <span class="ui-block-b input"><input type="text" name="name" class="personalInfo name" data-role="none" placeholder="请选择性别" autocomplete="off" readonly></span></div></div><div class="loginDiv"><span class="loginButton">登录</span></div></div></body></html>\n\neamil is not defined',
  error: 
   { ReferenceError: C:\Users\owner\WebstormProjects\melktech-pds-mobile\views\personalInfo.html:1
    >> 1| <!DOCTYPE html><html lang="en"><head></head><body><%-include("./commonJs.html")%><%-include("./commonCss.html")%><title>个人信息</title><link rel="stylesheet" href="<%=localurl%><%=projectUrl%>stylesheets/page/login.css"><script type="text/babel">$(document).ready(function(){ const shark = new SharkTip({ needShark: true}); const loader = new Loaders({style:"rectangle"});  $(".header").on("vclick",".backIcon" , function (e) { e.preventDefault(); window.location.href = "<%=localurl%><%=projectUrl%>userCenter"; }); });</script><div class="header"><span class="icon-carat-b-onwer backIcon"></span> <span class="title">个人信息</span></div><div class="bodyContent"><div class="personalInfo"><div class="ui-grid-a oneline"><span class="ui-block-a icon iconPhone"></span> <span class="ui-block-b input"><input type="text" name="name" class="personalInfo name" data-role="none" placeholder="请输入姓名" value="<%=name%>" autocomplete="off"></span></div><div class="ui-grid-a oneline"><span class="ui-block-a icon iconPhone"></span> <span class="ui-block-b input"><input type="text" name="identifyType" class="personalInfo identifyType" data-role="none" placeholder="请选择证件类型" autocomplete="off" readonly></span></div><div class="ui-grid-a oneline"><span class="ui-block-a icon iconPhone"></span> <span class="ui-block-b input"><input type="text" name="identifyNumber" class="personalInfo identifyNumber" data-role="none" placeholder="请输入证件号码" value="<%=idCard%>" autocomplete="off"></span></div><div class="ui-grid-a oneline"><span class="ui-block-a icon iconPhone"></span> <span class="ui-block-b input"><input type="text" name="email" class="personalInfo email" data-role="none" placeholder="请输入邮箱" value="<%=eamil%>" autocomplete="off"></span></div><div class="ui-grid-a oneline"><span class="ui-block-a icon iconPhone"></span> <span class="ui-block-b input"><input type="text" name="name" class="personalInfo name" data-role="none" placeholder="请选择性别" autocomplete="off" readonly></span></div></div><div class="loginDiv"><span class="loginButton">登录</span></div></div></body></html>
   
   eamil is not defined
       at eval (eval at compile (C:\Users\owner\WebstormProjects\melktech-pds-mobile\node_modules\ejs\lib\ejs.js:584:12), <anonymous>:23:25)
       at returnedFn (C:\Users\owner\WebstormProjects\melktech-pds-mobile\node_modules\ejs\lib\ejs.js:615:17)
       at tryHandleCache (C:\Users\owner\WebstormProjects\melktech-pds-mobile\node_modules\ejs\lib\ejs.js:251:36)
       at View.exports.renderFile [as engine] (C:\Users\owner\WebstormProjects\melktech-pds-mobile\node_modules\ejs\lib\ejs.js:472:10)
       at View.render (C:\Users\owner\WebstormProjects\melktech-pds-mobile\node_modules\express\lib\view.js:127:8)
       at tryRender (C:\Users\owner\WebstormProjects\melktech-pds-mobile\node_modules\express\lib\application.js:640:10)
       at EventEmitter.render (C:\Users\owner\WebstormProjects\melktech-pds-mobile\node_modules\express\lib\application.js:592:3)
       at ServerResponse.render (C:\Users\owner\WebstormProjects\melktech-pds-mobile\node_modules\express\lib\response.js:971:7)
       at C:\Users\owner\WebstormProjects\melktech-pds-mobile\routes\personalInfo.js:18:6
       at Layer.handle [as handle_request] (C:\Users\owner\WebstormProjects\melktech-pds-mobile\node_modules\express\lib\router\layer.js:95:5)
     path: 'C:\\Users\\owner\\WebstormProjects\\melktech-pds-mobile\\views\\personalInfo.html' } }
[2018-04-25T15:31:01.692] [ERROR] error - { localurl: 'http://localhost:3300',
  projectUrl: '/',
  message: 'C:\\Users\\owner\\WebstormProjects\\melktech-pds-mobile\\views\\personalInfo.html:1\n >> 1| <!DOCTYPE html><html lang="en"><head></head><body><%-include("./commonJs.html")%><%-include("./commonCss.html")%><title>个人信息</title><link rel="stylesheet" href="<%=localurl%><%=projectUrl%>stylesheets/page/login.css"><script type="text/babel">$(document).ready(function(){ const shark = new SharkTip({ needShark: true}); const loader = new Loaders({style:"rectangle"});  $(".header").on("vclick",".backIcon" , function (e) { e.preventDefault(); window.location.href = "<%=localurl%><%=projectUrl%>userCenter"; }); });</script><div class="header"><span class="icon-carat-b-onwer backIcon"></span> <span class="title">个人信息</span></div><div class="bodyContent"><div class="personalInfo"><div class="ui-grid-a oneline"><span class="ui-block-a icon iconPhone"></span> <span class="ui-block-b input"><input type="text" name="name" class="personalInfo name" data-role="none" placeholder="请输入姓名" value="<%=name%>" autocomplete="off"></span></div><div class="ui-grid-a oneline"><span class="ui-block-a icon iconPhone"></span> <span class="ui-block-b input"><input type="text" name="identifyType" class="personalInfo identifyType" data-role="none" placeholder="请选择证件类型" autocomplete="off" readonly></span></div><div class="ui-grid-a oneline"><span class="ui-block-a icon iconPhone"></span> <span class="ui-block-b input"><input type="text" name="identifyNumber" class="personalInfo identifyNumber" data-role="none" placeholder="请输入证件号码" value="<%=idCard%>" autocomplete="off"></span></div><div class="ui-grid-a oneline"><span class="ui-block-a icon iconPhone"></span> <span class="ui-block-b input"><input type="text" name="email" class="personalInfo email" data-role="none" placeholder="请输入邮箱" value="<%=eamil%>" autocomplete="off"></span></div><div class="ui-grid-a oneline"><span class="ui-block-a icon iconPhone"></span> <span class="ui-block-b input"><input type="text" name="name" class="personalInfo name" data-role="none" placeholder="请选择性别" autocomplete="off" readonly></span></div></div><div class="loginDiv"><span class="loginButton">登录</span></div></div></body></html>\n\neamil is not defined',
  error: 
   { ReferenceError: C:\Users\owner\WebstormProjects\melktech-pds-mobile\views\personalInfo.html:1
    >> 1| <!DOCTYPE html><html lang="en"><head></head><body><%-include("./commonJs.html")%><%-include("./commonCss.html")%><title>个人信息</title><link rel="stylesheet" href="<%=localurl%><%=projectUrl%>stylesheets/page/login.css"><script type="text/babel">$(document).ready(function(){ const shark = new SharkTip({ needShark: true}); const loader = new Loaders({style:"rectangle"});  $(".header").on("vclick",".backIcon" , function (e) { e.preventDefault(); window.location.href = "<%=localurl%><%=projectUrl%>userCenter"; }); });</script><div class="header"><span class="icon-carat-b-onwer backIcon"></span> <span class="title">个人信息</span></div><div class="bodyContent"><div class="personalInfo"><div class="ui-grid-a oneline"><span class="ui-block-a icon iconPhone"></span> <span class="ui-block-b input"><input type="text" name="name" class="personalInfo name" data-role="none" placeholder="请输入姓名" value="<%=name%>" autocomplete="off"></span></div><div class="ui-grid-a oneline"><span class="ui-block-a icon iconPhone"></span> <span class="ui-block-b input"><input type="text" name="identifyType" class="personalInfo identifyType" data-role="none" placeholder="请选择证件类型" autocomplete="off" readonly></span></div><div class="ui-grid-a oneline"><span class="ui-block-a icon iconPhone"></span> <span class="ui-block-b input"><input type="text" name="identifyNumber" class="personalInfo identifyNumber" data-role="none" placeholder="请输入证件号码" value="<%=idCard%>" autocomplete="off"></span></div><div class="ui-grid-a oneline"><span class="ui-block-a icon iconPhone"></span> <span class="ui-block-b input"><input type="text" name="email" class="personalInfo email" data-role="none" placeholder="请输入邮箱" value="<%=eamil%>" autocomplete="off"></span></div><div class="ui-grid-a oneline"><span class="ui-block-a icon iconPhone"></span> <span class="ui-block-b input"><input type="text" name="name" class="personalInfo name" data-role="none" placeholder="请选择性别" autocomplete="off" readonly></span></div></div><div class="loginDiv"><span class="loginButton">登录</span></div></div></body></html>
   
   eamil is not defined
       at eval (eval at compile (C:\Users\owner\WebstormProjects\melktech-pds-mobile\node_modules\ejs\lib\ejs.js:584:12), <anonymous>:23:25)
       at returnedFn (C:\Users\owner\WebstormProjects\melktech-pds-mobile\node_modules\ejs\lib\ejs.js:615:17)
       at tryHandleCache (C:\Users\owner\WebstormProjects\melktech-pds-mobile\node_modules\ejs\lib\ejs.js:251:36)
       at View.exports.renderFile [as engine] (C:\Users\owner\WebstormProjects\melktech-pds-mobile\node_modules\ejs\lib\ejs.js:472:10)
       at View.render (C:\Users\owner\WebstormProjects\melktech-pds-mobile\node_modules\express\lib\view.js:127:8)
       at tryRender (C:\Users\owner\WebstormProjects\melktech-pds-mobile\node_modules\express\lib\application.js:640:10)
       at EventEmitter.render (C:\Users\owner\WebstormProjects\melktech-pds-mobile\node_modules\express\lib\application.js:592:3)
       at ServerResponse.render (C:\Users\owner\WebstormProjects\melktech-pds-mobile\node_modules\express\lib\response.js:971:7)
       at C:\Users\owner\WebstormProjects\melktech-pds-mobile\routes\personalInfo.js:18:6
       at Layer.handle [as handle_request] (C:\Users\owner\WebstormProjects\melktech-pds-mobile\node_modules\express\lib\router\layer.js:95:5)
     path: 'C:\\Users\\owner\\WebstormProjects\\melktech-pds-mobile\\views\\personalInfo.html' } }
[2018-04-25T18:02:29.866] [ERROR] error - { localurl: 'http://localhost:3300',
  projectUrl: '/',
  message: 'C:\\Users\\owner\\WebstormProjects\\melktech-pds-mobile\\views\\personalInfo.html:18\n    16| \t\t\tfor(let identifyTypeJsonIdx = 0 ; identifyTypeJsonIdx < identifyTypeArray.length ; identifyTypeJsonIdx++){\n    17| \t\t\t\tlet  identifyTypeJson = genderArray[identifyTypeJsonIdx];\n >> 18| \t\t\t\tif( identifyTypeJson.id== "<%=identifyType%>" ){\n    19| \t\t\t\t\tidentifyTyperPosition = identifyTypeJsonIdx;\n    20| \t\t\t\t}\n    21| \t\t\t}\n\nidentifyType is not defined',
  error: 
   { ReferenceError: C:\Users\owner\WebstormProjects\melktech-pds-mobile\views\personalInfo.html:18
       16| 			for(let identifyTypeJsonIdx = 0 ; identifyTypeJsonIdx < identifyTypeArray.length ; identifyTypeJsonIdx++){
       17| 				let  identifyTypeJson = genderArray[identifyTypeJsonIdx];
    >> 18| 				if( identifyTypeJson.id== "<%=identifyType%>" ){
       19| 					identifyTyperPosition = identifyTypeJsonIdx;
       20| 				}
       21| 			}
   
   identifyType is not defined
       at eval (eval at compile (C:\Users\owner\WebstormProjects\melktech-pds-mobile\node_modules\ejs\lib\ejs.js:584:12), <anonymous>:21:25)
       at returnedFn (C:\Users\owner\WebstormProjects\melktech-pds-mobile\node_modules\ejs\lib\ejs.js:615:17)
       at tryHandleCache (C:\Users\owner\WebstormProjects\melktech-pds-mobile\node_modules\ejs\lib\ejs.js:251:36)
       at View.exports.renderFile [as engine] (C:\Users\owner\WebstormProjects\melktech-pds-mobile\node_modules\ejs\lib\ejs.js:472:10)
       at View.render (C:\Users\owner\WebstormProjects\melktech-pds-mobile\node_modules\express\lib\view.js:127:8)
       at tryRender (C:\Users\owner\WebstormProjects\melktech-pds-mobile\node_modules\express\lib\application.js:640:10)
       at EventEmitter.render (C:\Users\owner\WebstormProjects\melktech-pds-mobile\node_modules\express\lib\application.js:592:3)
       at ServerResponse.render (C:\Users\owner\WebstormProjects\melktech-pds-mobile\node_modules\express\lib\response.js:971:7)
       at C:\Users\owner\WebstormProjects\melktech-pds-mobile\routes\personalInfo.js:18:6
       at Layer.handle [as handle_request] (C:\Users\owner\WebstormProjects\melktech-pds-mobile\node_modules\express\lib\router\layer.js:95:5)
     path: 'C:\\Users\\owner\\WebstormProjects\\melktech-pds-mobile\\views\\personalInfo.html' } }
[2018-04-25T18:43:22.341] [ERROR] error - problem with request: connect ECONNREFUSED 127.0.0.1:8180
[2018-04-25T18:44:16.215] [ERROR] error - { localurl: 'http://localhost:3300',
  projectUrl: '/',
  message: 'C:\\Users\\owner\\WebstormProjects\\melktech-pds-mobile\\views\\bankCard.html:17\n    15| \t\t\tfor(let identifyTypeJsonIdx = 0 ; identifyTypeJsonIdx < identifyTypeArray.length ; identifyTypeJsonIdx++){\n    16| \t\t\t\tlet  identifyTypeJson = identifyTypeArray[identifyTypeJsonIdx];\n >> 17| \t\t\t\tif( identifyTypeJson.id== "<%=identifyType%>" ){\n    18| \t\t\t\t\tidentifyTyperPosition = identifyTypeJsonIdx;\n    19| \t\t\t\t}\n    20| \t\t\t}\n\nidentifyType is not defined',
  error: 
   { ReferenceError: C:\Users\owner\WebstormProjects\melktech-pds-mobile\views\bankCard.html:17
       15| 			for(let identifyTypeJsonIdx = 0 ; identifyTypeJsonIdx < identifyTypeArray.length ; identifyTypeJsonIdx++){
       16| 				let  identifyTypeJson = identifyTypeArray[identifyTypeJsonIdx];
    >> 17| 				if( identifyTypeJson.id== "<%=identifyType%>" ){
       18| 					identifyTyperPosition = identifyTypeJsonIdx;
       19| 				}
       20| 			}
   
   identifyType is not defined
       at eval (eval at compile (C:\Users\owner\WebstormProjects\melktech-pds-mobile\node_modules\ejs\lib\ejs.js:584:12), <anonymous>:21:25)
       at returnedFn (C:\Users\owner\WebstormProjects\melktech-pds-mobile\node_modules\ejs\lib\ejs.js:615:17)
       at tryHandleCache (C:\Users\owner\WebstormProjects\melktech-pds-mobile\node_modules\ejs\lib\ejs.js:251:36)
       at View.exports.renderFile [as engine] (C:\Users\owner\WebstormProjects\melktech-pds-mobile\node_modules\ejs\lib\ejs.js:472:10)
       at View.render (C:\Users\owner\WebstormProjects\melktech-pds-mobile\node_modules\express\lib\view.js:127:8)
       at tryRender (C:\Users\owner\WebstormProjects\melktech-pds-mobile\node_modules\express\lib\application.js:640:10)
       at EventEmitter.render (C:\Users\owner\WebstormProjects\melktech-pds-mobile\node_modules\express\lib\application.js:592:3)
       at ServerResponse.render (C:\Users\owner\WebstormProjects\melktech-pds-mobile\node_modules\express\lib\response.js:971:7)
       at C:\Users\owner\WebstormProjects\melktech-pds-mobile\routes\bankCard.js:14:6
       at Layer.handle [as handle_request] (C:\Users\owner\WebstormProjects\melktech-pds-mobile\node_modules\express\lib\router\layer.js:95:5)
     path: 'C:\\Users\\owner\\WebstormProjects\\melktech-pds-mobile\\views\\bankCard.html' } }
[2018-04-25T18:45:11.407] [ERROR] error - { localurl: 'http://localhost:3300',
  projectUrl: '/',
  message: 'C:\\Users\\owner\\WebstormProjects\\melktech-pds-mobile\\views\\bankCard.html:17\n    15| \t\t\tfor(let identifyTypeJsonIdx = 0 ; identifyTypeJsonIdx < identifyTypeArray.length ; identifyTypeJsonIdx++){\n    16| \t\t\t\tlet  identifyTypeJson = identifyTypeArray[identifyTypeJsonIdx];\n >> 17| \t\t\t\tif( identifyTypeJson.id== "<%=identifyType%>" ){\n    18| \t\t\t\t\tidentifyTyperPosition = identifyTypeJsonIdx;\n    19| \t\t\t\t}\n    20| \t\t\t}\n\nidentifyType is not defined',
  error: 
   { ReferenceError: C:\Users\owner\WebstormProjects\melktech-pds-mobile\views\bankCard.html:17
       15| 			for(let identifyTypeJsonIdx = 0 ; identifyTypeJsonIdx < identifyTypeArray.length ; identifyTypeJsonIdx++){
       16| 				let  identifyTypeJson = identifyTypeArray[identifyTypeJsonIdx];
    >> 17| 				if( identifyTypeJson.id== "<%=identifyType%>" ){
       18| 					identifyTyperPosition = identifyTypeJsonIdx;
       19| 				}
       20| 			}
   
   identifyType is not defined
       at eval (eval at compile (C:\Users\owner\WebstormProjects\melktech-pds-mobile\node_modules\ejs\lib\ejs.js:584:12), <anonymous>:21:25)
       at returnedFn (C:\Users\owner\WebstormProjects\melktech-pds-mobile\node_modules\ejs\lib\ejs.js:615:17)
       at tryHandleCache (C:\Users\owner\WebstormProjects\melktech-pds-mobile\node_modules\ejs\lib\ejs.js:251:36)
       at View.exports.renderFile [as engine] (C:\Users\owner\WebstormProjects\melktech-pds-mobile\node_modules\ejs\lib\ejs.js:472:10)
       at View.render (C:\Users\owner\WebstormProjects\melktech-pds-mobile\node_modules\express\lib\view.js:127:8)
       at tryRender (C:\Users\owner\WebstormProjects\melktech-pds-mobile\node_modules\express\lib\application.js:640:10)
       at EventEmitter.render (C:\Users\owner\WebstormProjects\melktech-pds-mobile\node_modules\express\lib\application.js:592:3)
       at ServerResponse.render (C:\Users\owner\WebstormProjects\melktech-pds-mobile\node_modules\express\lib\response.js:971:7)
       at C:\Users\owner\WebstormProjects\melktech-pds-mobile\routes\bankCard.js:14:6
       at Layer.handle [as handle_request] (C:\Users\owner\WebstormProjects\melktech-pds-mobile\node_modules\express\lib\router\layer.js:95:5)
     path: 'C:\\Users\\owner\\WebstormProjects\\melktech-pds-mobile\\views\\bankCard.html' } }
