[2018-01-23T14:50:40.305] [ERROR] error - Unexpected token < in JSON at position 0
[2018-01-23T14:51:05.900] [ERROR] error - GET
[2018-01-23T14:51:05.901] [ERROR] error - /AddBankInfomation?state=1
[2018-01-23T14:51:05.901] [ERROR] error - { message: 'Not Found',
  error: 
   { Error: Not Found
       at C:\Users\owner\WebstormProjects\kp-mobile\app.js:114:15
       at Layer.handle [as handle_request] (C:\Users\owner\WebstormProjects\kp-mobile\node_modules\express\lib\router\layer.js:95:5)
       at trim_prefix (C:\Users\owner\WebstormProjects\kp-mobile\node_modules\express\lib\router\index.js:317:13)
       at C:\Users\owner\WebstormProjects\kp-mobile\node_modules\express\lib\router\index.js:284:7
       at Function.process_params (C:\Users\owner\WebstormProjects\kp-mobile\node_modules\express\lib\router\index.js:335:12)
       at next (C:\Users\owner\WebstormProjects\kp-mobile\node_modules\express\lib\router\index.js:275:10)
       at C:\Users\owner\WebstormProjects\kp-mobile\node_modules\express\lib\router\index.js:635:15
       at next (C:\Users\owner\WebstormProjects\kp-mobile\node_modules\express\lib\router\index.js:260:14)
       at Function.handle (C:\Users\owner\WebstormProjects\kp-mobile\node_modules\express\lib\router\index.js:174:3)
       at router (C:\Users\owner\WebstormProjects\kp-mobile\node_modules\express\lib\router\index.js:47:12)
       at Layer.handle [as handle_request] (C:\Users\owner\WebstormProjects\kp-mobile\node_modules\express\lib\router\layer.js:95:5)
       at trim_prefix (C:\Users\owner\WebstormProjects\kp-mobile\node_modules\express\lib\router\index.js:317:13)
       at C:\Users\owner\WebstormProjects\kp-mobile\node_modules\express\lib\router\index.js:284:7
       at Function.process_params (C:\Users\owner\WebstormProjects\kp-mobile\node_modules\express\lib\router\index.js:335:12)
       at next (C:\Users\owner\WebstormProjects\kp-mobile\node_modules\express\lib\router\index.js:275:10)
       at C:\Users\owner\WebstormProjects\kp-mobile\node_modules\express\lib\router\index.js:635:15 status: 404 } }
[2018-01-23T14:51:05.978] [ERROR] error - Unexpected token < in JSON at position 0
