[2018-05-09T09:26:12.078] [ERROR] error - 获取accessToken失败,accessToken为空
[2018-05-09T09:26:43.161] [ERROR] error - { localurl: 'http://localhost:8880',
  projectUrl: '/',
  message: 'C:\\Users\\owner\\WebstormProjects\\melktech-b2c-mobile\\views\\finish.html:1\n >> 1| <!DOCTYPE html><html lang="en"><head></head><body><%-include("./commonJs.html")%><%-include("./commonCss.html")%><title>完成</title><link rel="stylesheet" href="<%=localurl%><%=projectUrl%>stylesheets/page/finish.css"><script type="text/babel">// $(document).ready(function () { // $(".header").on("vclick",".backIcon",function (e) { // e.preventDefault(); // history.back(); // }); // });</script><div class="header"><span class="title">完成</span></div><div class="bodyContent"><div class="finishLogo"></div><div class="ui-grid-a info"><span class="ui-block-a">保单号:</span><span class="ui-block-b"><%=policyNo%></span></div><div class="ui-grid-a info"><span class="ui-block-a">开始时间:</span><span class="ui-block-b"><%=startDate%></span></div><div class="ui-grid-a info"><span class="ui-block-a">结束时间:</span><span class="ui-block-b"><%=endDate%></span></div></div></body></html>\n\nstartDate is not defined',
  error: 
   { ReferenceError: C:\Users\owner\WebstormProjects\melktech-b2c-mobile\views\finish.html:1
    >> 1| <!DOCTYPE html><html lang="en"><head></head><body><%-include("./commonJs.html")%><%-include("./commonCss.html")%><title>完成</title><link rel="stylesheet" href="<%=localurl%><%=projectUrl%>stylesheets/page/finish.css"><script type="text/babel">// $(document).ready(function () { // $(".header").on("vclick",".backIcon",function (e) { // e.preventDefault(); // history.back(); // }); // });</script><div class="header"><span class="title">完成</span></div><div class="bodyContent"><div class="finishLogo"></div><div class="ui-grid-a info"><span class="ui-block-a">保单号:</span><span class="ui-block-b"><%=policyNo%></span></div><div class="ui-grid-a info"><span class="ui-block-a">开始时间:</span><span class="ui-block-b"><%=startDate%></span></div><div class="ui-grid-a info"><span class="ui-block-a">结束时间:</span><span class="ui-block-b"><%=endDate%></span></div></div></body></html>
   
   startDate is not defined
       at eval (eval at compile (C:\Users\owner\WebstormProjects\melktech-b2c-mobile\node_modules\ejs\lib\ejs.js:549:12), <anonymous>:18:25)
       at returnedFn (C:\Users\owner\WebstormProjects\melktech-b2c-mobile\node_modules\ejs\lib\ejs.js:580:17)
       at tryHandleCache (C:\Users\owner\WebstormProjects\melktech-b2c-mobile\node_modules\ejs\lib\ejs.js:223:34)
       at View.exports.renderFile [as engine] (C:\Users\owner\WebstormProjects\melktech-b2c-mobile\node_modules\ejs\lib\ejs.js:437:10)
       at View.render (C:\Users\owner\WebstormProjects\melktech-b2c-mobile\node_modules\express\lib\view.js:127:8)
       at tryRender (C:\Users\owner\WebstormProjects\melktech-b2c-mobile\node_modules\express\lib\application.js:640:10)
       at EventEmitter.render (C:\Users\owner\WebstormProjects\melktech-b2c-mobile\node_modules\express\lib\application.js:592:3)
       at ServerResponse.render (C:\Users\owner\WebstormProjects\melktech-b2c-mobile\node_modules\express\lib\response.js:971:7)
       at C:\Users\owner\WebstormProjects\melktech-b2c-mobile\routes\homePage.js:234:9
       at Layer.handle [as handle_request] (C:\Users\owner\WebstormProjects\melktech-b2c-mobile\node_modules\express\lib\router\layer.js:95:5)
     path: 'C:\\Users\\owner\\WebstormProjects\\melktech-b2c-mobile\\views\\finish.html' } }
[2018-05-09T09:26:45.939] [ERROR] error - { localurl: 'http://localhost:8880',
  projectUrl: '/',
  message: 'C:\\Users\\owner\\WebstormProjects\\melktech-b2c-mobile\\views\\finish.html:1\n >> 1| <!DOCTYPE html><html lang="en"><head></head><body><%-include("./commonJs.html")%><%-include("./commonCss.html")%><title>完成</title><link rel="stylesheet" href="<%=localurl%><%=projectUrl%>stylesheets/page/finish.css"><script type="text/babel">// $(document).ready(function () { // $(".header").on("vclick",".backIcon",function (e) { // e.preventDefault(); // history.back(); // }); // });</script><div class="header"><span class="title">完成</span></div><div class="bodyContent"><div class="finishLogo"></div><div class="ui-grid-a info"><span class="ui-block-a">保单号:</span><span class="ui-block-b"><%=policyNo%></span></div><div class="ui-grid-a info"><span class="ui-block-a">开始时间:</span><span class="ui-block-b"><%=startDate%></span></div><div class="ui-grid-a info"><span class="ui-block-a">结束时间:</span><span class="ui-block-b"><%=endDate%></span></div></div></body></html>\n\nstartDate is not defined',
  error: 
   { ReferenceError: C:\Users\owner\WebstormProjects\melktech-b2c-mobile\views\finish.html:1
    >> 1| <!DOCTYPE html><html lang="en"><head></head><body><%-include("./commonJs.html")%><%-include("./commonCss.html")%><title>完成</title><link rel="stylesheet" href="<%=localurl%><%=projectUrl%>stylesheets/page/finish.css"><script type="text/babel">// $(document).ready(function () { // $(".header").on("vclick",".backIcon",function (e) { // e.preventDefault(); // history.back(); // }); // });</script><div class="header"><span class="title">完成</span></div><div class="bodyContent"><div class="finishLogo"></div><div class="ui-grid-a info"><span class="ui-block-a">保单号:</span><span class="ui-block-b"><%=policyNo%></span></div><div class="ui-grid-a info"><span class="ui-block-a">开始时间:</span><span class="ui-block-b"><%=startDate%></span></div><div class="ui-grid-a info"><span class="ui-block-a">结束时间:</span><span class="ui-block-b"><%=endDate%></span></div></div></body></html>
   
   startDate is not defined
       at eval (eval at compile (C:\Users\owner\WebstormProjects\melktech-b2c-mobile\node_modules\ejs\lib\ejs.js:549:12), <anonymous>:18:25)
       at returnedFn (C:\Users\owner\WebstormProjects\melktech-b2c-mobile\node_modules\ejs\lib\ejs.js:580:17)
       at tryHandleCache (C:\Users\owner\WebstormProjects\melktech-b2c-mobile\node_modules\ejs\lib\ejs.js:223:34)
       at View.exports.renderFile [as engine] (C:\Users\owner\WebstormProjects\melktech-b2c-mobile\node_modules\ejs\lib\ejs.js:437:10)
       at View.render (C:\Users\owner\WebstormProjects\melktech-b2c-mobile\node_modules\express\lib\view.js:127:8)
       at tryRender (C:\Users\owner\WebstormProjects\melktech-b2c-mobile\node_modules\express\lib\application.js:640:10)
       at EventEmitter.render (C:\Users\owner\WebstormProjects\melktech-b2c-mobile\node_modules\express\lib\application.js:592:3)
       at ServerResponse.render (C:\Users\owner\WebstormProjects\melktech-b2c-mobile\node_modules\express\lib\response.js:971:7)
       at C:\Users\owner\WebstormProjects\melktech-b2c-mobile\routes\homePage.js:234:9
       at Layer.handle [as handle_request] (C:\Users\owner\WebstormProjects\melktech-b2c-mobile\node_modules\express\lib\router\layer.js:95:5)
     path: 'C:\\Users\\owner\\WebstormProjects\\melktech-b2c-mobile\\views\\finish.html' } }
[2018-05-09T10:31:05.388] [ERROR] error - 获取accessToken失败,accessToken为空
[2018-05-09T10:31:06.394] [ERROR] error - problem with request: connect ECONNREFUSED 127.0.0.1:8080
[2018-05-09T10:31:41.606] [ERROR] error - 获取accessToken失败,accessToken为空
[2018-05-09T10:32:03.221] [ERROR] error - 获取accessToken失败,accessToken为空
[2018-05-09T10:32:18.246] [ERROR] error - 获取accessToken失败,accessToken为空
[2018-05-09T10:32:20.039] [ERROR] error - 获取accessToken失败,accessToken为空
[2018-05-09T10:32:21.697] [ERROR] error - 获取accessToken失败,accessToken为空
[2018-05-09T14:15:05.740] [ERROR] error - 获取accessToken失败,accessToken为空
[2018-05-09T14:15:21.107] [ERROR] error - 获取accessToken失败,accessToken为空
[2018-05-09T15:26:22.008] [ERROR] error - 获取accessToken失败,accessToken为空
