[2018-04-27T10:36:56.258] [ERROR] error - POST
[2018-04-27T10:36:56.259] [ERROR] error - /%3C%=localurl%%3E%3C%=projectUrl%%3EgetApplicantList
[2018-04-27T10:36:56.259] [ERROR] error - { localurl: 'http://localhost:3300',
  projectUrl: '/',
  message: 'Not Found',
  error: 
   { Error: Not Found
       at C:\Users\owner\WebstormProjects\melktech-pds-mobile\app.js:99:13
       at Layer.handle [as handle_request] (C:\Users\owner\WebstormProjects\melktech-pds-mobile\node_modules\express\lib\router\layer.js:95:5)
       at trim_prefix (C:\Users\owner\WebstormProjects\melktech-pds-mobile\node_modules\express\lib\router\index.js:317:13)
       at C:\Users\owner\WebstormProjects\melktech-pds-mobile\node_modules\express\lib\router\index.js:284:7
       at Function.process_params (C:\Users\owner\WebstormProjects\melktech-pds-mobile\node_modules\express\lib\router\index.js:335:12)
       at next (C:\Users\owner\WebstormProjects\melktech-pds-mobile\node_modules\express\lib\router\index.js:275:10)
       at C:\Users\owner\WebstormProjects\melktech-pds-mobile\node_modules\express\lib\router\index.js:635:15
       at next (C:\Users\owner\WebstormProjects\melktech-pds-mobile\node_modules\express\lib\router\index.js:260:14)
       at Function.handle (C:\Users\owner\WebstormProjects\melktech-pds-mobile\node_modules\express\lib\router\index.js:174:3)
       at router (C:\Users\owner\WebstormProjects\melktech-pds-mobile\node_modules\express\lib\router\index.js:47:12) status: 404 } }
[2018-04-27T10:37:06.123] [ERROR] error - POST
[2018-04-27T10:37:06.123] [ERROR] error - /%3C%=localurl%%3E%3C%=projectUrl%%3EgetApplicantList
[2018-04-27T10:37:06.123] [ERROR] error - { localurl: 'http://localhost:3300',
  projectUrl: '/',
  message: 'Not Found',
  error: 
   { Error: Not Found
       at C:\Users\owner\WebstormProjects\melktech-pds-mobile\app.js:99:13
       at Layer.handle [as handle_request] (C:\Users\owner\WebstormProjects\melktech-pds-mobile\node_modules\express\lib\router\layer.js:95:5)
       at trim_prefix (C:\Users\owner\WebstormProjects\melktech-pds-mobile\node_modules\express\lib\router\index.js:317:13)
       at C:\Users\owner\WebstormProjects\melktech-pds-mobile\node_modules\express\lib\router\index.js:284:7
       at Function.process_params (C:\Users\owner\WebstormProjects\melktech-pds-mobile\node_modules\express\lib\router\index.js:335:12)
       at next (C:\Users\owner\WebstormProjects\melktech-pds-mobile\node_modules\express\lib\router\index.js:275:10)
       at C:\Users\owner\WebstormProjects\melktech-pds-mobile\node_modules\express\lib\router\index.js:635:15
       at next (C:\Users\owner\WebstormProjects\melktech-pds-mobile\node_modules\express\lib\router\index.js:260:14)
       at Function.handle (C:\Users\owner\WebstormProjects\melktech-pds-mobile\node_modules\express\lib\router\index.js:174:3)
       at router (C:\Users\owner\WebstormProjects\melktech-pds-mobile\node_modules\express\lib\router\index.js:47:12) status: 404 } }
[2018-04-27T10:37:08.083] [ERROR] error - POST
[2018-04-27T10:37:08.083] [ERROR] error - /%3C%=localurl%%3E%3C%=projectUrl%%3EgetApplicantList
[2018-04-27T10:37:08.084] [ERROR] error - { localurl: 'http://localhost:3300',
  projectUrl: '/',
  message: 'Not Found',
  error: 
   { Error: Not Found
       at C:\Users\owner\WebstormProjects\melktech-pds-mobile\app.js:99:13
       at Layer.handle [as handle_request] (C:\Users\owner\WebstormProjects\melktech-pds-mobile\node_modules\express\lib\router\layer.js:95:5)
       at trim_prefix (C:\Users\owner\WebstormProjects\melktech-pds-mobile\node_modules\express\lib\router\index.js:317:13)
       at C:\Users\owner\WebstormProjects\melktech-pds-mobile\node_modules\express\lib\router\index.js:284:7
       at Function.process_params (C:\Users\owner\WebstormProjects\melktech-pds-mobile\node_modules\express\lib\router\index.js:335:12)
       at next (C:\Users\owner\WebstormProjects\melktech-pds-mobile\node_modules\express\lib\router\index.js:275:10)
       at C:\Users\owner\WebstormProjects\melktech-pds-mobile\node_modules\express\lib\router\index.js:635:15
       at next (C:\Users\owner\WebstormProjects\melktech-pds-mobile\node_modules\express\lib\router\index.js:260:14)
       at Function.handle (C:\Users\owner\WebstormProjects\melktech-pds-mobile\node_modules\express\lib\router\index.js:174:3)
       at router (C:\Users\owner\WebstormProjects\melktech-pds-mobile\node_modules\express\lib\router\index.js:47:12) status: 404 } }
[2018-04-27T10:37:09.284] [ERROR] error - POST
[2018-04-27T10:37:09.285] [ERROR] error - /%3C%=localurl%%3E%3C%=projectUrl%%3EgetApplicantList
[2018-04-27T10:37:09.285] [ERROR] error - { localurl: 'http://localhost:3300',
  projectUrl: '/',
  message: 'Not Found',
  error: 
   { Error: Not Found
       at C:\Users\owner\WebstormProjects\melktech-pds-mobile\app.js:99:13
       at Layer.handle [as handle_request] (C:\Users\owner\WebstormProjects\melktech-pds-mobile\node_modules\express\lib\router\layer.js:95:5)
       at trim_prefix (C:\Users\owner\WebstormProjects\melktech-pds-mobile\node_modules\express\lib\router\index.js:317:13)
       at C:\Users\owner\WebstormProjects\melktech-pds-mobile\node_modules\express\lib\router\index.js:284:7
       at Function.process_params (C:\Users\owner\WebstormProjects\melktech-pds-mobile\node_modules\express\lib\router\index.js:335:12)
       at next (C:\Users\owner\WebstormProjects\melktech-pds-mobile\node_modules\express\lib\router\index.js:275:10)
       at C:\Users\owner\WebstormProjects\melktech-pds-mobile\node_modules\express\lib\router\index.js:635:15
       at next (C:\Users\owner\WebstormProjects\melktech-pds-mobile\node_modules\express\lib\router\index.js:260:14)
       at Function.handle (C:\Users\owner\WebstormProjects\melktech-pds-mobile\node_modules\express\lib\router\index.js:174:3)
       at router (C:\Users\owner\WebstormProjects\melktech-pds-mobile\node_modules\express\lib\router\index.js:47:12) status: 404 } }
[2018-04-27T10:37:13.296] [ERROR] error - POST
[2018-04-27T10:37:13.296] [ERROR] error - /%3C%=localurl%%3E%3C%=projectUrl%%3EgetApplicantList
[2018-04-27T10:37:13.296] [ERROR] error - { localurl: 'http://localhost:3300',
  projectUrl: '/',
  message: 'Not Found',
  error: 
   { Error: Not Found
       at C:\Users\owner\WebstormProjects\melktech-pds-mobile\app.js:99:13
       at Layer.handle [as handle_request] (C:\Users\owner\WebstormProjects\melktech-pds-mobile\node_modules\express\lib\router\layer.js:95:5)
       at trim_prefix (C:\Users\owner\WebstormProjects\melktech-pds-mobile\node_modules\express\lib\router\index.js:317:13)
       at C:\Users\owner\WebstormProjects\melktech-pds-mobile\node_modules\express\lib\router\index.js:284:7
       at Function.process_params (C:\Users\owner\WebstormProjects\melktech-pds-mobile\node_modules\express\lib\router\index.js:335:12)
       at next (C:\Users\owner\WebstormProjects\melktech-pds-mobile\node_modules\express\lib\router\index.js:275:10)
       at C:\Users\owner\WebstormProjects\melktech-pds-mobile\node_modules\express\lib\router\index.js:635:15
       at next (C:\Users\owner\WebstormProjects\melktech-pds-mobile\node_modules\express\lib\router\index.js:260:14)
       at Function.handle (C:\Users\owner\WebstormProjects\melktech-pds-mobile\node_modules\express\lib\router\index.js:174:3)
       at router (C:\Users\owner\WebstormProjects\melktech-pds-mobile\node_modules\express\lib\router\index.js:47:12) status: 404 } }
[2018-04-27T10:39:09.351] [ERROR] error - POST
[2018-04-27T10:39:09.351] [ERROR] error - /%3C%=localurl%%3E%3C%=projectUrl%%3EgetApplicantList
[2018-04-27T10:39:09.351] [ERROR] error - { localurl: 'http://localhost:3300',
  projectUrl: '/',
  message: 'Not Found',
  error: 
   { Error: Not Found
       at C:\Users\owner\WebstormProjects\melktech-pds-mobile\app.js:99:13
       at Layer.handle [as handle_request] (C:\Users\owner\WebstormProjects\melktech-pds-mobile\node_modules\express\lib\router\layer.js:95:5)
       at trim_prefix (C:\Users\owner\WebstormProjects\melktech-pds-mobile\node_modules\express\lib\router\index.js:317:13)
       at C:\Users\owner\WebstormProjects\melktech-pds-mobile\node_modules\express\lib\router\index.js:284:7
       at Function.process_params (C:\Users\owner\WebstormProjects\melktech-pds-mobile\node_modules\express\lib\router\index.js:335:12)
       at next (C:\Users\owner\WebstormProjects\melktech-pds-mobile\node_modules\express\lib\router\index.js:275:10)
       at C:\Users\owner\WebstormProjects\melktech-pds-mobile\node_modules\express\lib\router\index.js:635:15
       at next (C:\Users\owner\WebstormProjects\melktech-pds-mobile\node_modules\express\lib\router\index.js:260:14)
       at Function.handle (C:\Users\owner\WebstormProjects\melktech-pds-mobile\node_modules\express\lib\router\index.js:174:3)
       at router (C:\Users\owner\WebstormProjects\melktech-pds-mobile\node_modules\express\lib\router\index.js:47:12) status: 404 } }
[2018-04-27T13:55:47.554] [ERROR] error - problem with request: connect ECONNREFUSED 127.0.0.1:8180
