[2018-05-11T09:29:18.108] [ERROR] error - 获取accessToken失败,accessToken为空
[2018-05-11T09:34:20.138] [ERROR] error - 获取accessToken失败,accessToken为空
[2018-05-11T09:34:58.661] [ERROR] error - 获取accessToken失败,accessToken为空
[2018-05-11T09:35:21.234] [ERROR] error - 获取accessToken失败,accessToken为空
[2018-05-11T09:36:05.323] [ERROR] error - 获取accessToken失败,accessToken为空
[2018-05-11T09:36:34.376] [ERROR] error - 获取accessToken失败,accessToken为空
[2018-05-11T09:36:38.628] [ERROR] error - 获取accessToken失败,accessToken为空
[2018-05-11T09:36:56.534] [ERROR] error - 获取accessToken失败,accessToken为空
[2018-05-11T09:37:28.580] [ERROR] error - 获取accessToken失败,accessToken为空
[2018-05-11T09:37:31.993] [ERROR] error - 获取accessToken失败,accessToken为空
[2018-05-11T09:38:00.240] [ERROR] error - 获取accessToken失败,accessToken为空
[2018-05-11T09:39:29.574] [ERROR] error - 获取accessToken失败,accessToken为空
[2018-05-11T09:39:48.874] [ERROR] error - 获取accessToken失败,accessToken为空
[2018-05-11T09:39:53.708] [ERROR] error - 获取accessToken失败,accessToken为空
[2018-05-11T09:40:02.245] [ERROR] error - 获取accessToken失败,accessToken为空
[2018-05-11T09:41:35.005] [ERROR] error - 获取accessToken失败,accessToken为空
[2018-05-11T09:41:36.427] [ERROR] error - 获取accessToken失败,accessToken为空
[2018-05-11T09:41:39.812] [ERROR] error - 获取accessToken失败,accessToken为空
[2018-05-11T09:41:50.333] [ERROR] error - 获取accessToken失败,accessToken为空
[2018-05-11T09:41:53.512] [ERROR] error - 获取accessToken失败,accessToken为空
[2018-05-11T09:42:08.940] [ERROR] error - 获取accessToken失败,accessToken为空
[2018-05-11T09:42:41.434] [ERROR] error - 获取accessToken失败,accessToken为空
[2018-05-11T09:48:56.843] [ERROR] error - 获取accessToken失败,accessToken为空
[2018-05-11T09:49:32.669] [ERROR] error - 获取accessToken失败,accessToken为空
[2018-05-11T09:50:05.685] [ERROR] error - 获取accessToken失败,accessToken为空
[2018-05-11T09:54:15.254] [ERROR] error - 获取accessToken失败,accessToken为空
[2018-05-11T09:54:50.160] [ERROR] error - 获取accessToken失败,accessToken为空
[2018-05-11T09:54:53.395] [ERROR] error - 获取accessToken失败,accessToken为空
[2018-05-11T09:55:35.830] [ERROR] error - 获取accessToken失败,accessToken为空
[2018-05-11T09:56:39.256] [ERROR] error - 获取accessToken失败,accessToken为空
[2018-05-11T09:56:41.671] [ERROR] error - 获取accessToken失败,accessToken为空
[2018-05-11T09:57:10.119] [ERROR] error - 获取accessToken失败,accessToken为空
[2018-05-11T09:57:12.372] [ERROR] error - 获取accessToken失败,accessToken为空
[2018-05-11T09:57:51.126] [ERROR] error - 获取accessToken失败,accessToken为空
[2018-05-11T09:58:48.645] [ERROR] error - 获取accessToken失败,accessToken为空
[2018-05-11T09:58:50.982] [ERROR] error - 获取accessToken失败,accessToken为空
[2018-05-11T09:59:02.500] [ERROR] error - 获取accessToken失败,accessToken为空
[2018-05-11T09:59:06.404] [ERROR] error - 获取accessToken失败,accessToken为空
[2018-05-11T10:19:09.835] [ERROR] error - { localurl: 'http://localhost:8880',
  projectUrl: '/',
  message: 'C:\\Users\\owner\\WebstormProjects\\melktech-b2c-mobile\\views\\finish.html:1\n >> 1| <!DOCTYPE html><html lang="en"><head></head><body><%-include("./commonJs.html")%><%-include("./commonCss.html")%><title>完成</title><link rel="stylesheet" href="<%=localurl%><%=projectUrl%>stylesheets/page/finish.css"><div class="header"><span class="title">完成</span></div><div class="bodyContent"><div class="finishLogo"></div><div class="success">购买成功</div><div class="policyNo">您的保单号是:<%=policyNo%></div>if(typeof orderNo !== \'undefined\' ){<div class="policyNo">您的订单号是:<%=orderNo%></div>}</div></body></html>\n\norderNo is not defined',
  error: 
   { ReferenceError: C:\Users\owner\WebstormProjects\melktech-b2c-mobile\views\finish.html:1
    >> 1| <!DOCTYPE html><html lang="en"><head></head><body><%-include("./commonJs.html")%><%-include("./commonCss.html")%><title>完成</title><link rel="stylesheet" href="<%=localurl%><%=projectUrl%>stylesheets/page/finish.css"><div class="header"><span class="title">完成</span></div><div class="bodyContent"><div class="finishLogo"></div><div class="success">购买成功</div><div class="policyNo">您的保单号是:<%=policyNo%></div>if(typeof orderNo !== 'undefined' ){<div class="policyNo">您的订单号是:<%=orderNo%></div>}</div></body></html>
   
   orderNo is not defined
       at eval (eval at compile (C:\Users\owner\WebstormProjects\melktech-b2c-mobile\node_modules\ejs\lib\ejs.js:549:12), <anonymous>:18:25)
       at returnedFn (C:\Users\owner\WebstormProjects\melktech-b2c-mobile\node_modules\ejs\lib\ejs.js:580:17)
       at tryHandleCache (C:\Users\owner\WebstormProjects\melktech-b2c-mobile\node_modules\ejs\lib\ejs.js:223:34)
       at View.exports.renderFile [as engine] (C:\Users\owner\WebstormProjects\melktech-b2c-mobile\node_modules\ejs\lib\ejs.js:437:10)
       at View.render (C:\Users\owner\WebstormProjects\melktech-b2c-mobile\node_modules\express\lib\view.js:127:8)
       at tryRender (C:\Users\owner\WebstormProjects\melktech-b2c-mobile\node_modules\express\lib\application.js:640:10)
       at EventEmitter.render (C:\Users\owner\WebstormProjects\melktech-b2c-mobile\node_modules\express\lib\application.js:592:3)
       at ServerResponse.render (C:\Users\owner\WebstormProjects\melktech-b2c-mobile\node_modules\express\lib\response.js:971:7)
       at C:\Users\owner\WebstormProjects\melktech-b2c-mobile\routes\homePage.js:235:9
       at Layer.handle [as handle_request] (C:\Users\owner\WebstormProjects\melktech-b2c-mobile\node_modules\express\lib\router\layer.js:95:5)
     path: 'C:\\Users\\owner\\WebstormProjects\\melktech-b2c-mobile\\views\\finish.html' } }
[2018-05-11T10:19:15.016] [ERROR] error - 获取accessToken失败,accessToken为空
[2018-05-11T10:19:22.981] [ERROR] error - { localurl: 'http://localhost:8880',
  projectUrl: '/',
  message: 'C:\\Users\\owner\\WebstormProjects\\melktech-b2c-mobile\\views\\finish.html:1\n >> 1| <!DOCTYPE html><html lang="en"><head></head><body><%-include("./commonJs.html")%><%-include("./commonCss.html")%><title>完成</title><link rel="stylesheet" href="<%=localurl%><%=projectUrl%>stylesheets/page/finish.css"><div class="header"><span class="title">完成</span></div><div class="bodyContent"><div class="finishLogo"></div><div class="success">购买成功</div><div class="policyNo">您的保单号是:<%=policyNo%></div>if(typeof orderNo !== \'undefined\' ){<div class="policyNo">您的订单号是:<%=orderNo%></div>}</div></body></html>\n\norderNo is not defined',
  error: 
   { ReferenceError: C:\Users\owner\WebstormProjects\melktech-b2c-mobile\views\finish.html:1
    >> 1| <!DOCTYPE html><html lang="en"><head></head><body><%-include("./commonJs.html")%><%-include("./commonCss.html")%><title>完成</title><link rel="stylesheet" href="<%=localurl%><%=projectUrl%>stylesheets/page/finish.css"><div class="header"><span class="title">完成</span></div><div class="bodyContent"><div class="finishLogo"></div><div class="success">购买成功</div><div class="policyNo">您的保单号是:<%=policyNo%></div>if(typeof orderNo !== 'undefined' ){<div class="policyNo">您的订单号是:<%=orderNo%></div>}</div></body></html>
   
   orderNo is not defined
       at eval (eval at compile (C:\Users\owner\WebstormProjects\melktech-b2c-mobile\node_modules\ejs\lib\ejs.js:549:12), <anonymous>:18:25)
       at returnedFn (C:\Users\owner\WebstormProjects\melktech-b2c-mobile\node_modules\ejs\lib\ejs.js:580:17)
       at tryHandleCache (C:\Users\owner\WebstormProjects\melktech-b2c-mobile\node_modules\ejs\lib\ejs.js:223:34)
       at View.exports.renderFile [as engine] (C:\Users\owner\WebstormProjects\melktech-b2c-mobile\node_modules\ejs\lib\ejs.js:437:10)
       at View.render (C:\Users\owner\WebstormProjects\melktech-b2c-mobile\node_modules\express\lib\view.js:127:8)
       at tryRender (C:\Users\owner\WebstormProjects\melktech-b2c-mobile\node_modules\express\lib\application.js:640:10)
       at EventEmitter.render (C:\Users\owner\WebstormProjects\melktech-b2c-mobile\node_modules\express\lib\application.js:592:3)
       at ServerResponse.render (C:\Users\owner\WebstormProjects\melktech-b2c-mobile\node_modules\express\lib\response.js:971:7)
       at C:\Users\owner\WebstormProjects\melktech-b2c-mobile\routes\homePage.js:235:9
       at Layer.handle [as handle_request] (C:\Users\owner\WebstormProjects\melktech-b2c-mobile\node_modules\express\lib\router\layer.js:95:5)
     path: 'C:\\Users\\owner\\WebstormProjects\\melktech-b2c-mobile\\views\\finish.html' } }
[2018-05-11T13:36:42.595] [ERROR] error - 获取accessToken失败,accessToken为空
[2018-05-11T13:37:08.723] [ERROR] error - 获取accessToken失败,accessToken为空
[2018-05-11T13:37:18.241] [ERROR] error - 获取accessToken失败,accessToken为空
[2018-05-11T13:37:23.467] [ERROR] error - 获取accessToken失败,accessToken为空
[2018-05-11T13:38:11.579] [ERROR] error - 获取accessToken失败,accessToken为空
[2018-05-11T13:38:13.452] [ERROR] error - 获取accessToken失败,accessToken为空
[2018-05-11T13:38:26.911] [ERROR] error - 获取accessToken失败,accessToken为空
[2018-05-11T13:39:39.115] [ERROR] error - 获取accessToken失败,accessToken为空
[2018-05-11T13:39:40.975] [ERROR] error - 获取accessToken失败,accessToken为空
[2018-05-11T13:41:07.418] [ERROR] error - 获取accessToken失败,accessToken为空
[2018-05-11T13:41:10.252] [ERROR] error - 获取accessToken失败,accessToken为空
[2018-05-11T13:41:58.488] [ERROR] error - 获取accessToken失败,accessToken为空
[2018-05-11T13:41:59.927] [ERROR] error - 获取accessToken失败,accessToken为空
[2018-05-11T13:42:01.341] [ERROR] error - 获取accessToken失败,accessToken为空
[2018-05-11T13:43:28.807] [ERROR] error - 获取accessToken失败,accessToken为空
