[2018-01-12T17:32:20.907] [DEBUG] default - Some debug messages
[2018-01-12T17:32:34.830] [INFO] default - {}
[2018-01-12T17:32:34.835] [INFO] default - 这不是从session 登陆缓存走的
[2018-01-12T17:32:34.835] [INFO] default - requireUrl = /kp-api/ssl/h5/Oauth/getUserInfo
[2018-01-12T17:32:34.835] [INFO] default - requireBody = {"openId":"oW00nwWggzfXeJPTb0dN-xO9h-6A","userId":"3e1040bfa48047308b5927ecc3d199e8","url":"Oauth/getUserInfo"}
[2018-01-12T17:32:34.848] [INFO] default - body:<html><head><title>Apache Tomcat/7.0.56 - Error report</title><style><!--H1 {font-family:Tahoma,Arial,sans-serif;color:white;background-color:#525D76;font-size:22px;} H2 {font-family:Tahoma,Arial,sans-serif;color:white;background-color:#525D76;font-size:16px;} H3 {font-family:Tahoma,Arial,sans-serif;color:white;background-color:#525D76;font-size:14px;} BODY {font-family:Tahoma,Arial,sans-serif;color:black;background-color:white;} B {font-family:Tahoma,Arial,sans-serif;color:white;background-color:#525D76;} P {font-family:Tahoma,Arial,sans-serif;background:white;color:black;font-size:12px;}A {color : black;}A.name {color : black;}HR {color : #525D76;}--></style> </head><body><h1>HTTP Status 404 - /kp-api/ssl/h5/Oauth/getUserInfo</h1><HR size="1" noshade="noshade"><p><b>type</b> Status report</p><p><b>message</b> <u>/kp-api/ssl/h5/Oauth/getUserInfo</u></p><p><b>description</b> <u>The requested resource is not available.</u></p><HR size="1" noshade="noshade"><h3>Apache Tomcat/7.0.56</h3></body></html>
[2018-01-12T17:32:34.875] [ERROR] error - Unexpected token < in JSON at position 0
[2018-01-12T17:33:38.250] [INFO] default - {}
[2018-01-12T17:33:38.250] [INFO] default - 这不是从session 登陆缓存走的
[2018-01-12T17:33:38.250] [INFO] default - requireUrl = /kp-api/ssl/h5/Oauth/getUserInfo
[2018-01-12T17:33:38.251] [INFO] default - requireBody = {"openId":"oW00nwWggzfXeJPTb0dN-xO9h-6A","userId":"3e1040bfa48047308b5927ecc3d199e8","url":"Oauth/getUserInfo"}
[2018-01-12T17:33:39.424] [INFO] default - body:{"ret":"0","claimApply":{"userClaimApplyCount2":0,"userClaimApplyCount3":0,"userClaimApplyCount1":3,"userClaimApplyCount":3},"userId":"3e1040bfa48047308b5927ecc3d199e8","state":"","user":{"userHeadAppearUrl":"","userGender":0,"userName":"张三父"},"msg":"成功","openId":"oW00nwWggzfXeJPTb0dN-xO9h-6A"}
[2018-01-12T17:33:46.841] [INFO] default - have state : undefined
[2018-01-12T17:33:46.841] [INFO] default - req.method  : POST
[2018-01-12T17:33:47.449] [INFO] default - have state : undefined
[2018-01-12T17:33:47.449] [INFO] default - req.method  : POST
[2018-01-12T17:33:47.450] [INFO] default - requireUrl = /kp-api/ssl/h5/entClaimApply/entClaimApplyList
[2018-01-12T17:33:47.450] [INFO] default - requireBody = {"pageNum":"1","url":"entClaimApply/entClaimApplyList","userId":"3e1040bfa48047308b5927ecc3d199e8"}
[2018-01-12T17:33:47.681] [INFO] default - entClaimApplyList , data : {"ret":"0","policyPersonId":"","entClaimApplyBigStatus":"","claimApplyList":[{"dateOfBirth":"1995-03-21","entClaimApplyBigStatus":"进行中","startDate":"2017-12-13 00:00:00","idType":"身份证","idCard":"62052519950321714X","entClaimApplyId":"d11ada01fa704310844ca4c5d2fe5028","entClaimApplyFlowNo":"ECA1513219699864","endDate":"2018-01-12 23:59:59","planId":"92664d25295a11e7825ec85b763a0be0","entClaimApplyApplyDate":"2017-12-14","entClaimApplyCreateTime":"2017-12-14 10:48:20","entClaimApplyProgress":"25","name":"张四","gender":0,"policyNo":"PEVC201731090008000347","entClaimApplySmallStatus":"您的赔案正在审核，请耐心等待","entClaimApplyType":"","entClaimApplyApplier":"b4c14af64cc742c38dc4ba4d0e0d8730"},{"dateOfBirth":"1981-06-19","entClaimApplyBigStatus":"进行中","startDate":"2017-12-13 00:00:00","idType":"身份证","idCard":"522728198106197126","entClaimApplyId":"03ad3373b00a4e95bbeb7fd0e5daa3fd","entClaimApplyFlowNo":"ECA1513219683116","endDate":"2018-01-12 23:59:59","planId":"92664d25295a11e7825ec85b763a0be0","entClaimApplyApplyDate":"2017-12-14","entClaimApplyCreateTime":"2017-12-14 10:48:03","entClaimApplyProgress":"25","name":"张三父","gender":0,"policyNo":"PEVC201731090008000347","entClaimApplySmallStatus":"您的赔案正在审核，请耐心等待","entClaimApplyType":"","entClaimApplyApplier":"b4c14af64cc742c38dc4ba4d0e0d8730"},{"dateOfBirth":"1993-02-28","entClaimApplyBigStatus":"进行中","startDate":"2017-12-13 00:00:00","idType":"身份证","idCard":"511323199302282377","entClaimApplyId":"9451ad3d602e4514a8ea20af35c5fc2a","entClaimApplyFlowNo":"ECA1513219668670","endDate":"2018-01-12 23:59:59","planId":"92664d25295a11e7825ec85b763a0be0","entClaimApplyApplyDate":"2017-12-14","entClaimApplyCreateTime":"2017-12-14 10:47:49","entClaimApplyProgress":"25","name":"张三","gender":1,"policyNo":"PEVC201731090008000347","entClaimApplySmallStatus":"您的赔案正在审核，请耐心等待","entClaimApplyType":"","entClaimApplyApplier":"b4c14af64cc742c38dc4ba4d0e0d8730"}],"userId":"3e1040bfa48047308b5927ecc3d199e8","policyNo":"","endNum":10,"startNum":0,"msg":"成功"}
[2018-01-12T17:33:54.434] [INFO] default - have state : undefined
[2018-01-12T17:33:54.434] [INFO] default - req.method  : POST
[2018-01-12T17:33:54.435] [INFO] default - requireUrl = /kp-api/ssl/h5/entClaimApply/getEntClaimApplyInfo
[2018-01-12T17:33:54.435] [INFO] default - requireBody = {"entClaimApplyId":"d11ada01fa704310844ca4c5d2fe5028","url":"entClaimApply/getEntClaimApplyInfo","userId":"3e1040bfa48047308b5927ecc3d199e8"}
[2018-01-12T17:33:54.440] [INFO] default - have state : undefined
[2018-01-12T17:33:54.440] [INFO] default - req.method  : POST
[2018-01-12T17:33:54.441] [INFO] default - requireUrl = /kp-api/ssl/h5/entClaimApply/getEntClaimApplyInfo
[2018-01-12T17:33:54.441] [INFO] default - requireBody = {"entClaimApplyId":"d11ada01fa704310844ca4c5d2fe5028","url":"entClaimApply/getEntClaimApplyInfo","userId":"3e1040bfa48047308b5927ecc3d199e8"}
[2018-01-12T17:33:54.514] [INFO] default - getEntClaimApplyInfo , data : {"ret":"0","claimApply":{"dateOfBirth":"1995-03-21","entClaimApplyBigStatus":"进行中","startDate":"2017-12-13 00:00:00","idType":"身份证","idCard":"62052519950321714X","entClaimApplyId":"d11ada01fa704310844ca4c5d2fe5028","entClaimApplyFlowNo":"ECA1513219699864","endDate":"2018-01-12 23:59:59","planId":"92664d25295a11e7825ec85b763a0be0","entClaimApplyApplyDate":"2017-12-14","entClaimApplyCreateTime":"2017-12-14 10:48:20","entClaimApplyProgress":"25","name":"张四","gender":0,"policyNo":"PEVC201731090008000347","entClaimApplySmallStatus":"您的赔案正在审核，请耐心等待","entClaimApplyType":"","entClaimApplyApplier":"b4c14af64cc742c38dc4ba4d0e0d8730"},"entClaimApplyId":"d11ada01fa704310844ca4c5d2fe5028","userId":"3e1040bfa48047308b5927ecc3d199e8","msg":"成功"}
[2018-01-12T17:33:54.515] [INFO] default - getEntClaimApplyInfo , data : {"ret":"0","claimApply":{"dateOfBirth":"1995-03-21","entClaimApplyBigStatus":"进行中","startDate":"2017-12-13 00:00:00","idType":"身份证","idCard":"62052519950321714X","entClaimApplyId":"d11ada01fa704310844ca4c5d2fe5028","entClaimApplyFlowNo":"ECA1513219699864","endDate":"2018-01-12 23:59:59","planId":"92664d25295a11e7825ec85b763a0be0","entClaimApplyApplyDate":"2017-12-14","entClaimApplyCreateTime":"2017-12-14 10:48:20","entClaimApplyProgress":"25","name":"张四","gender":0,"policyNo":"PEVC201731090008000347","entClaimApplySmallStatus":"您的赔案正在审核，请耐心等待","entClaimApplyType":"","entClaimApplyApplier":"b4c14af64cc742c38dc4ba4d0e0d8730"},"entClaimApplyId":"d11ada01fa704310844ca4c5d2fe5028","userId":"3e1040bfa48047308b5927ecc3d199e8","msg":"成功"}
[2018-01-12T17:42:42.547] [INFO] default - have state : undefined
[2018-01-12T17:42:42.547] [INFO] default - req.method  : GET
[2018-01-12T17:42:42.548] [INFO] default - requireUrl = /kp-api/ssl/h5/entClaimApply/getEntClaimApplyInfo
[2018-01-12T17:42:42.548] [INFO] default - requireBody = {"url":"entClaimApply/getEntClaimApplyInfo","jumpType":"true"}
[2018-01-12T17:42:42.555] [INFO] default - getEntClaimApplyInfo , data : {"ret":"-1","msg":"参数错误"}
[2018-01-12T17:42:42.600] [INFO] default - {}
[2018-01-12T17:42:42.600] [INFO] default - 这是从session 登陆缓存走的
[2018-01-12T17:42:42.600] [INFO] default - requireUrl = /kp-api/ssl/h5/Oauth/getUserInfo
[2018-01-12T17:42:42.601] [INFO] default - requireBody = {"openId":"oW00nwWggzfXeJPTb0dN-xO9h-6A","userId":"3e1040bfa48047308b5927ecc3d199e8","url":"Oauth/getUserInfo"}
[2018-01-12T17:42:42.638] [INFO] default - body:{"ret":"0","claimApply":{"userClaimApplyCount2":0,"userClaimApplyCount3":0,"userClaimApplyCount1":3,"userClaimApplyCount":3},"userId":"3e1040bfa48047308b5927ecc3d199e8","state":"","user":{"userHeadAppearUrl":"","userGender":0,"userName":"张三父"},"msg":"成功","openId":"oW00nwWggzfXeJPTb0dN-xO9h-6A"}
[2018-01-12T17:44:28.346] [INFO] default - have state : undefined
[2018-01-12T17:44:28.346] [INFO] default - req.method  : POST
[2018-01-12T17:44:28.824] [INFO] default - have state : undefined
[2018-01-12T17:44:28.824] [INFO] default - req.method  : POST
[2018-01-12T17:44:28.824] [INFO] default - requireUrl = /kp-api/ssl/h5/entClaimApply/entClaimApplyList
[2018-01-12T17:44:28.825] [INFO] default - requireBody = {"pageNum":"1","url":"entClaimApply/entClaimApplyList","userId":"3e1040bfa48047308b5927ecc3d199e8"}
[2018-01-12T17:44:28.842] [INFO] default - entClaimApplyList , data : {"ret":"0","policyPersonId":"","entClaimApplyBigStatus":"","claimApplyList":[{"dateOfBirth":"1995-03-21","entClaimApplyBigStatus":"进行中","startDate":"2017-12-13 00:00:00","idType":"身份证","idCard":"62052519950321714X","entClaimApplyId":"d11ada01fa704310844ca4c5d2fe5028","entClaimApplyFlowNo":"ECA1513219699864","endDate":"2018-01-12 23:59:59","planId":"92664d25295a11e7825ec85b763a0be0","entClaimApplyApplyDate":"2017-12-14","entClaimApplyCreateTime":"2017-12-14 10:48:20","entClaimApplyProgress":"25","name":"张四","gender":0,"policyNo":"PEVC201731090008000347","entClaimApplySmallStatus":"您的赔案正在审核，请耐心等待","entClaimApplyType":"","entClaimApplyApplier":"b4c14af64cc742c38dc4ba4d0e0d8730"},{"dateOfBirth":"1981-06-19","entClaimApplyBigStatus":"进行中","startDate":"2017-12-13 00:00:00","idType":"身份证","idCard":"522728198106197126","entClaimApplyId":"03ad3373b00a4e95bbeb7fd0e5daa3fd","entClaimApplyFlowNo":"ECA1513219683116","endDate":"2018-01-12 23:59:59","planId":"92664d25295a11e7825ec85b763a0be0","entClaimApplyApplyDate":"2017-12-14","entClaimApplyCreateTime":"2017-12-14 10:48:03","entClaimApplyProgress":"25","name":"张三父","gender":0,"policyNo":"PEVC201731090008000347","entClaimApplySmallStatus":"您的赔案正在审核，请耐心等待","entClaimApplyType":"","entClaimApplyApplier":"b4c14af64cc742c38dc4ba4d0e0d8730"},{"dateOfBirth":"1993-02-28","entClaimApplyBigStatus":"进行中","startDate":"2017-12-13 00:00:00","idType":"身份证","idCard":"511323199302282377","entClaimApplyId":"9451ad3d602e4514a8ea20af35c5fc2a","entClaimApplyFlowNo":"ECA1513219668670","endDate":"2018-01-12 23:59:59","planId":"92664d25295a11e7825ec85b763a0be0","entClaimApplyApplyDate":"2017-12-14","entClaimApplyCreateTime":"2017-12-14 10:47:49","entClaimApplyProgress":"25","name":"张三","gender":1,"policyNo":"PEVC201731090008000347","entClaimApplySmallStatus":"您的赔案正在审核，请耐心等待","entClaimApplyType":"","entClaimApplyApplier":"b4c14af64cc742c38dc4ba4d0e0d8730"}],"userId":"3e1040bfa48047308b5927ecc3d199e8","policyNo":"","endNum":10,"startNum":0,"msg":"成功"}
[2018-01-12T17:44:29.000] [INFO] default - have state : undefined
[2018-01-12T17:44:29.000] [INFO] default - req.method  : POST
[2018-01-12T17:44:29.000] [INFO] default - requireUrl = /kp-api/ssl/h5/entClaimApply/getEntClaimApplyInfo
[2018-01-12T17:44:29.000] [INFO] default - requireBody = {"entClaimApplyId":"d11ada01fa704310844ca4c5d2fe5028","url":"entClaimApply/getEntClaimApplyInfo","userId":"3e1040bfa48047308b5927ecc3d199e8"}
[2018-01-12T17:44:29.011] [INFO] default - getEntClaimApplyInfo , data : {"ret":"0","claimApply":{"dateOfBirth":"1995-03-21","entClaimApplyBigStatus":"进行中","startDate":"2017-12-13 00:00:00","idType":"身份证","idCard":"62052519950321714X","entClaimApplyId":"d11ada01fa704310844ca4c5d2fe5028","entClaimApplyFlowNo":"ECA1513219699864","endDate":"2018-01-12 23:59:59","planId":"92664d25295a11e7825ec85b763a0be0","entClaimApplyApplyDate":"2017-12-14","entClaimApplyCreateTime":"2017-12-14 10:48:20","entClaimApplyProgress":"25","name":"张四","gender":0,"policyNo":"PEVC201731090008000347","entClaimApplySmallStatus":"您的赔案正在审核，请耐心等待","entClaimApplyType":"","entClaimApplyApplier":"b4c14af64cc742c38dc4ba4d0e0d8730"},"entClaimApplyId":"d11ada01fa704310844ca4c5d2fe5028","userId":"3e1040bfa48047308b5927ecc3d199e8","msg":"成功"}
[2018-01-12T17:56:54.058] [INFO] default - have state : undefined
[2018-01-12T17:56:54.061] [INFO] default - req.method  : GET
[2018-01-12T17:56:54.063] [INFO] default - requireUrl = /kp-api/ssl/h5/entClaimApply/startEntClaimApplyStep2
[2018-01-12T17:56:54.063] [INFO] default - requireBody = {"url":"entClaimApply/startEntClaimApplyStep2","userId":"3e1040bfa48047308b5927ecc3d199e8","entClaimApplyId":"1"}
[2018-01-12T17:56:54.097] [INFO] default - ApplyMedicineClaimStep2 , data : {"ret":"-1","msg":"案件信息未找到"}
[2018-01-12T17:56:54.102] [INFO] default - {}
[2018-01-12T17:56:54.102] [INFO] default - 这是从session 登陆缓存走的
[2018-01-12T17:56:54.102] [INFO] default - requireUrl = /kp-api/ssl/h5/Oauth/getUserInfo
[2018-01-12T17:56:54.102] [INFO] default - requireBody = {"openId":"oW00nwWggzfXeJPTb0dN-xO9h-6A","userId":"3e1040bfa48047308b5927ecc3d199e8","url":"Oauth/getUserInfo"}
[2018-01-12T17:56:54.122] [INFO] default - body:{"ret":"0","claimApply":{"userClaimApplyCount2":0,"userClaimApplyCount3":0,"userClaimApplyCount1":3,"userClaimApplyCount":3},"userId":"3e1040bfa48047308b5927ecc3d199e8","state":"","user":{"userHeadAppearUrl":"","userGender":0,"userName":"张三父"},"msg":"成功","openId":"oW00nwWggzfXeJPTb0dN-xO9h-6A"}
[2018-01-12T17:57:01.594] [INFO] default - have state : undefined
[2018-01-12T17:57:01.594] [INFO] default - req.method  : GET
[2018-01-12T17:57:01.595] [INFO] default - requireUrl = /kp-api/ssl/h5/entClaimApply/startEntClaimApplyStep2
[2018-01-12T17:57:01.595] [INFO] default - requireBody = {"url":"entClaimApply/startEntClaimApplyStep2","userId":"3e1040bfa48047308b5927ecc3d199e8"}
[2018-01-12T17:57:01.601] [INFO] default - ApplyMedicineClaimStep2 , data : {"ret":"-1","msg":"参数错误"}
[2018-01-12T17:57:01.606] [INFO] default - {}
[2018-01-12T17:57:01.607] [INFO] default - 这是从session 登陆缓存走的
[2018-01-12T17:57:01.607] [INFO] default - requireUrl = /kp-api/ssl/h5/Oauth/getUserInfo
[2018-01-12T17:57:01.607] [INFO] default - requireBody = {"openId":"oW00nwWggzfXeJPTb0dN-xO9h-6A","userId":"3e1040bfa48047308b5927ecc3d199e8","url":"Oauth/getUserInfo"}
[2018-01-12T17:57:01.620] [INFO] default - body:{"ret":"0","claimApply":{"userClaimApplyCount2":0,"userClaimApplyCount3":0,"userClaimApplyCount1":3,"userClaimApplyCount":3},"userId":"3e1040bfa48047308b5927ecc3d199e8","state":"","user":{"userHeadAppearUrl":"","userGender":0,"userName":"张三父"},"msg":"成功","openId":"oW00nwWggzfXeJPTb0dN-xO9h-6A"}
[2018-01-12T17:57:30.085] [INFO] default - have state : undefined
[2018-01-12T17:57:30.085] [INFO] default - req.method  : GET
[2018-01-12T17:57:30.087] [INFO] default - requireUrl = /kp-api/ssl/h5/entClaimApply/startEntClaimApplyStep2
[2018-01-12T17:57:30.087] [INFO] default - requireBody = {"url":"entClaimApply/startEntClaimApplyStep2","userId":"3e1040bfa48047308b5927ecc3d199e8"}
[2018-01-12T17:57:30.092] [INFO] default - ApplyMedicineClaimStep2 , data : {"ret":"-1","msg":"参数错误"}
[2018-01-12T17:57:30.095] [INFO] default - {}
[2018-01-12T17:57:30.095] [INFO] default - 这是从session 登陆缓存走的
[2018-01-12T17:57:30.096] [INFO] default - requireUrl = /kp-api/ssl/h5/Oauth/getUserInfo
[2018-01-12T17:57:30.096] [INFO] default - requireBody = {"openId":"oW00nwWggzfXeJPTb0dN-xO9h-6A","userId":"3e1040bfa48047308b5927ecc3d199e8","url":"Oauth/getUserInfo"}
[2018-01-12T17:57:30.117] [INFO] default - body:{"ret":"0","claimApply":{"userClaimApplyCount2":0,"userClaimApplyCount3":0,"userClaimApplyCount1":3,"userClaimApplyCount":3},"userId":"3e1040bfa48047308b5927ecc3d199e8","state":"","user":{"userHeadAppearUrl":"","userGender":0,"userName":"张三父"},"msg":"成功","openId":"oW00nwWggzfXeJPTb0dN-xO9h-6A"}
[2018-01-12T17:58:39.351] [INFO] default - have state : undefined
[2018-01-12T17:58:39.352] [INFO] default - req.method  : GET
[2018-01-12T17:58:39.352] [INFO] default - requireUrl = /kp-api/ssl/h5/entClaimApply/startEntClaimApplyStep2
[2018-01-12T17:58:39.352] [INFO] default - requireBody = {"url":"entClaimApply/startEntClaimApplyStep2","userId":"3e1040bfa48047308b5927ecc3d199e8","entClaimApplyId":"007e00367d584ba1abec531b919d8269"}
[2018-01-12T17:58:39.612] [INFO] default - ApplyMedicineClaimStep2 , data : {"ret":"0","entClaimApplyId":"007e00367d584ba1abec531b919d8269","userId":"3e1040bfa48047308b5927ecc3d199e8","entClaimAttachRuleList":[],"msg":"成功"}
