[2018-05-03T09:25:26.235] [DEBUG] default - Some debug messages
[2018-05-03T09:26:25.546] [DEBUG] default - Some debug messages
[2018-05-03T09:26:30.009] [INFO] default - requireUrl = /melktech-pds-api/apiOther/sendCaptcha
[2018-05-03T09:26:30.009] [INFO] default - requireBody = {"url":"apiOther/sendCaptcha"}
[2018-05-03T09:26:31.017] [ERROR] error - problem with request: connect ECONNREFUSED 127.0.0.1:8180
[2018-05-03T09:27:00.027] [INFO] default - requireUrl = /melktech-pds-api/apiOther/sendCaptcha
[2018-05-03T09:27:00.028] [INFO] default - requireBody = {"url":"apiOther/sendCaptcha"}
[2018-05-03T09:27:00.731] [ERROR] error - sendCode  :res is not defined
[2018-05-03T09:27:26.079] [DEBUG] default - Some debug messages
[2018-05-03T09:27:30.005] [INFO] default - requireUrl = /melktech-pds-api/apiOther/sendCaptcha
[2018-05-03T09:27:30.006] [INFO] default - requireBody = {"url":"apiOther/sendCaptcha"}
[2018-05-03T09:27:30.020] [INFO] default - 
[2018-05-03T09:27:48.108] [DEBUG] default - Some debug messages
[2018-05-03T09:27:59.310] [DEBUG] default - Some debug messages
[2018-05-03T09:28:00.007] [INFO] default - requireUrl = /melktech-pds-api/apiOther/switchOnOffline
[2018-05-03T09:28:00.007] [INFO] default - requireBody = {"url":"apiOther/switchOnOffline"}
[2018-05-03T09:28:00.022] [INFO] default - 
[2018-05-03T09:28:11.384] [INFO] default - requireUrl = /melktech-pds-api/apiLogin/login
[2018-05-03T09:28:11.384] [INFO] default - requireBody = {"mobile":"18363992860","password":"a12345","entCode":"mk","url":"apiLogin/login"}
[2018-05-03T09:28:12.480] [INFO] default - id为1650748138a94678b92e60e7d0e31505邀请码为4H9CSG的邀请二维码放入redis中成功
[2018-05-03T09:28:12.480] [INFO] default - id为1650748138a94678b92e60e7d0e31505邀请码为4H9CSG的头像放入redis中成功
[2018-05-03T09:28:12.480] [INFO] default - id为1650748138a94678b92e60e7d0e31505邀请码为4H9CSG的手机号放入redis中成功
[2018-05-03T09:28:12.540] [INFO] default - 操作时间更新 : 18363992860->1525310892496(2018-5-3 09:28:12)
[2018-05-03T09:28:13.113] [INFO] default - requireUrl = /melktech-pds-api/apiPlan/planList
[2018-05-03T09:28:13.114] [INFO] default - requireBody = {"pageNum":"1","canInvite":1,"createTime":1523515114000,"creator":"-1","enterpriseId":"2a4d962527a14721bf151a9826f762da","id":"1650748138a94678b92e60e7d0e31505","inviteCode":"4H9CSG","isOnline":1,"mobile":"18363992860","password":"a12345","portrait":"http://dev-test-oss-public.oss-cn-beijing.aliyuncs.com/saleman/1650748138a94678b92e60e7d0e31505/portrait/19c1ce9add114ee1bd84402e476d55b4","qrCode":"http://dev-test-oss-public.oss-cn-beijing.aliyuncs.com/null","url":"apiPlan/planList"}
[2018-05-03T09:28:13.114] [INFO] default - 操作时间更新 : 18363992860->1525310893114(2018-5-3 09:28:13)
[2018-05-03T09:28:30.025] [INFO] default - requireUrl = /melktech-pds-api/apiOther/switchOnOffline
[2018-05-03T09:28:30.026] [INFO] default - requireBody = {"onLineMobile":"18363992860","url":"apiOther/switchOnOffline"}
[2018-05-03T09:28:30.035] [INFO] default - 
[2018-05-03T09:28:39.415] [INFO] default - 操作时间更新 : 18363992860->1525310919415(2018-5-3 09:28:39)
[2018-05-03T09:28:40.043] [INFO] default - 操作时间更新 : 18363992860->1525310920043(2018-5-3 09:28:40)
[2018-05-03T09:28:47.557] [INFO] default - requireUrl = /melktech-pds-api/apiLogin/login
[2018-05-03T09:28:47.557] [INFO] default - requireBody = {"mobile":"13100000000","password":"a12345","entCode":"mk","url":"apiLogin/login"}
[2018-05-03T09:28:47.558] [INFO] default - 操作时间更新 : 18363992860->1525310927558(2018-5-3 09:28:47)
[2018-05-03T09:28:47.569] [INFO] default - id为0e42f1ec3ee14d6c9555087d2a160ccf邀请码为C6D48R0的邀请二维码放入redis中成功
[2018-05-03T09:28:47.569] [INFO] default - id为0e42f1ec3ee14d6c9555087d2a160ccf邀请码为C6D48R0的头像放入redis中成功
[2018-05-03T09:28:47.569] [INFO] default - id为0e42f1ec3ee14d6c9555087d2a160ccf邀请码为C6D48R0的手机号放入redis中成功
[2018-05-03T09:28:47.581] [INFO] default - 操作时间更新 : 13100000000->1525310927581(2018-5-3 09:28:47)
[2018-05-03T09:28:48.115] [INFO] default - requireUrl = /melktech-pds-api/apiPlan/planList
[2018-05-03T09:28:48.115] [INFO] default - requireBody = {"pageNum":"1","canInvite":0,"createTime":1525252335000,"creator":"-1","enterpriseId":"4076e226f3e4484faca54f039b54e047","id":"0e42f1ec3ee14d6c9555087d2a160ccf","inviteCode":"C6D48R0","isOnline":1,"mobile":"13100000000","password":"a12345","portrait":"","qrCode":"http://dev-test-oss-public.oss-cn-beijing.aliyuncs.com/saleman/0e42f1ec3ee14d6c9555087d2a160ccf/qrCode/7c2f28a3ea0f40b9b94b0e95f48032c2","salemanId":"1650748138a94678b92e60e7d0e31505","url":"apiPlan/planList"}
[2018-05-03T09:28:48.117] [INFO] default - 操作时间更新 : 13100000000->1525310928117(2018-5-3 09:28:48)
[2018-05-03T09:29:00.019] [INFO] default - requireUrl = /melktech-pds-api/apiOther/switchOnOffline
[2018-05-03T09:29:00.019] [INFO] default - requireBody = {"onLineMobile":"13100000000","url":"apiOther/switchOnOffline"}
[2018-05-03T09:29:00.024] [INFO] default - 
[2018-05-03T09:29:52.382] [DEBUG] default - Some debug messages
[2018-05-03T09:29:53.842] [DEBUG] default - ::1未登录
[2018-05-03T09:29:59.057] [INFO] default - requireUrl = /melktech-pds-api/apiLogin/login
[2018-05-03T09:29:59.058] [INFO] default - requireBody = {"mobile":"18363992860","password":"a12345","entCode":"mk","url":"apiLogin/login"}
[2018-05-03T09:29:59.075] [INFO] default - id为1650748138a94678b92e60e7d0e31505邀请码为4H9CSG的邀请二维码放入redis中成功
[2018-05-03T09:29:59.076] [INFO] default - id为1650748138a94678b92e60e7d0e31505邀请码为4H9CSG的头像放入redis中成功
[2018-05-03T09:29:59.076] [INFO] default - id为1650748138a94678b92e60e7d0e31505邀请码为4H9CSG的手机号放入redis中成功
[2018-05-03T09:29:59.095] [INFO] default - 操作时间更新 : 18363992860->1525310999089(2018-5-3 09:29:59)
[2018-05-03T09:29:59.635] [INFO] default - requireUrl = /melktech-pds-api/apiPlan/planList
[2018-05-03T09:29:59.636] [INFO] default - requireBody = {"pageNum":"1","canInvite":1,"createTime":1523515114000,"creator":"-1","enterpriseId":"2a4d962527a14721bf151a9826f762da","id":"1650748138a94678b92e60e7d0e31505","inviteCode":"4H9CSG","isOnline":1,"mobile":"18363992860","password":"a12345","portrait":"http://dev-test-oss-public.oss-cn-beijing.aliyuncs.com/saleman/1650748138a94678b92e60e7d0e31505/portrait/19c1ce9add114ee1bd84402e476d55b4","qrCode":"http://dev-test-oss-public.oss-cn-beijing.aliyuncs.com/null","url":"apiPlan/planList"}
[2018-05-03T09:29:59.637] [INFO] default - 操作时间更新 : 18363992860->1525310999637(2018-5-3 09:29:59)
[2018-05-03T09:30:00.005] [INFO] default - requireUrl = /melktech-pds-api/apiOther/switchOnOffline
[2018-05-03T09:30:00.005] [INFO] default - requireBody = {"onLineMobile":["18363992860"],"url":"apiOther/switchOnOffline"}
[2018-05-03T09:30:00.013] [INFO] default - 
[2018-05-03T09:30:01.543] [INFO] default - 操作时间更新 : 18363992860->1525311001543(2018-5-3 09:30:01)
[2018-05-03T09:30:02.296] [INFO] default - 操作时间更新 : 18363992860->1525311002296(2018-5-3 09:30:02)
[2018-05-03T09:30:09.706] [INFO] default - requireUrl = /melktech-pds-api/apiLogin/login
[2018-05-03T09:30:09.706] [INFO] default - requireBody = {"mobile":"13100000000","password":"a12345","entCode":"mk","url":"apiLogin/login"}
[2018-05-03T09:30:09.708] [INFO] default - 操作时间更新 : 18363992860->1525311009708(2018-5-3 09:30:09)
[2018-05-03T09:30:09.717] [INFO] default - id为0e42f1ec3ee14d6c9555087d2a160ccf邀请码为C6D48R0的邀请二维码放入redis中成功
[2018-05-03T09:30:09.718] [INFO] default - id为0e42f1ec3ee14d6c9555087d2a160ccf邀请码为C6D48R0的头像放入redis中成功
[2018-05-03T09:30:09.718] [INFO] default - id为0e42f1ec3ee14d6c9555087d2a160ccf邀请码为C6D48R0的手机号放入redis中成功
[2018-05-03T09:30:09.729] [INFO] default - 操作时间更新 : 13100000000->1525311009729(2018-5-3 09:30:09)
[2018-05-03T09:30:10.276] [INFO] default - requireUrl = /melktech-pds-api/apiPlan/planList
[2018-05-03T09:30:10.276] [INFO] default - requireBody = {"pageNum":"1","canInvite":0,"createTime":1525252335000,"creator":"-1","enterpriseId":"4076e226f3e4484faca54f039b54e047","id":"0e42f1ec3ee14d6c9555087d2a160ccf","inviteCode":"C6D48R0","isOnline":1,"mobile":"13100000000","password":"a12345","portrait":"","qrCode":"http://dev-test-oss-public.oss-cn-beijing.aliyuncs.com/saleman/0e42f1ec3ee14d6c9555087d2a160ccf/qrCode/7c2f28a3ea0f40b9b94b0e95f48032c2","salemanId":"1650748138a94678b92e60e7d0e31505","url":"apiPlan/planList"}
[2018-05-03T09:30:10.277] [INFO] default - 操作时间更新 : 13100000000->1525311010277(2018-5-3 09:30:10)
[2018-05-03T09:30:30.026] [INFO] default - requireUrl = /melktech-pds-api/apiOther/switchOnOffline
[2018-05-03T09:30:30.026] [INFO] default - requireBody = {"onLineMobile":["18363992860","13100000000"],"url":"apiOther/switchOnOffline"}
[2018-05-03T09:30:30.031] [INFO] default - 
[2018-05-03T09:31:00.021] [INFO] default - requireUrl = /melktech-pds-api/apiOther/switchOnOffline
[2018-05-03T09:31:00.021] [INFO] default - requireBody = {"onLineMobile":[],"url":"apiOther/switchOnOffline"}
[2018-05-03T09:31:00.035] [INFO] default - 
[2018-05-03T09:31:30.018] [INFO] default - requireUrl = /melktech-pds-api/apiOther/switchOnOffline
[2018-05-03T09:31:30.018] [INFO] default - requireBody = {"onLineMobile":[],"url":"apiOther/switchOnOffline"}
[2018-05-03T09:31:30.028] [INFO] default - 
[2018-05-03T09:32:00.005] [INFO] default - requireUrl = /melktech-pds-api/apiOther/switchOnOffline
[2018-05-03T09:32:00.005] [INFO] default - requireBody = {"onLineMobile":[],"url":"apiOther/switchOnOffline"}
[2018-05-03T09:32:00.010] [INFO] default - 
[2018-05-03T09:32:19.748] [INFO] default - 操作时间更新 : 13100000000->1525311139748(2018-5-3 09:32:19)
[2018-05-03T09:32:20.373] [INFO] default - requireUrl = /melktech-pds-api/apiPlan/planList
[2018-05-03T09:32:20.373] [INFO] default - requireBody = {"pageNum":"1","canInvite":0,"createTime":1525252335000,"creator":"-1","enterpriseId":"4076e226f3e4484faca54f039b54e047","id":"0e42f1ec3ee14d6c9555087d2a160ccf","inviteCode":"C6D48R0","isOnline":1,"mobile":"13100000000","password":"a12345","portrait":"","qrCode":"http://dev-test-oss-public.oss-cn-beijing.aliyuncs.com/saleman/0e42f1ec3ee14d6c9555087d2a160ccf/qrCode/7c2f28a3ea0f40b9b94b0e95f48032c2","salemanId":"1650748138a94678b92e60e7d0e31505","url":"apiPlan/planList"}
[2018-05-03T09:32:20.374] [INFO] default - 操作时间更新 : 13100000000->1525311140374(2018-5-3 09:32:20)
[2018-05-03T09:32:30.001] [INFO] default - requireUrl = /melktech-pds-api/apiOther/switchOnOffline
[2018-05-03T09:32:30.001] [INFO] default - requireBody = {"onLineMobile":["13100000000"],"url":"apiOther/switchOnOffline"}
[2018-05-03T09:32:30.006] [INFO] default - 
[2018-05-03T09:32:44.818] [DEBUG] default - Some debug messages
[2018-05-03T09:33:00.006] [INFO] default - requireUrl = /melktech-pds-api/apiOther/switchOnOffline
[2018-05-03T09:33:00.007] [INFO] default - requireBody = {"onLineMobile":[],"url":"apiOther/switchOnOffline"}
[2018-05-03T09:33:00.020] [INFO] default - 
[2018-05-03T09:35:38.293] [DEBUG] default - Some debug messages
[2018-05-03T09:35:42.613] [DEBUG] default - ::1未登录
[2018-05-03T09:35:51.282] [INFO] default - requireUrl = /melktech-pds-api/apiLogin/login
[2018-05-03T09:35:51.282] [INFO] default - requireBody = {"mobile":"18363992860","password":"a12345","entCode":"mk","url":"apiLogin/login"}
[2018-05-03T09:35:51.300] [INFO] default - id为1650748138a94678b92e60e7d0e31505邀请码为4H9CSG的邀请二维码放入redis中成功
[2018-05-03T09:35:51.301] [INFO] default - id为1650748138a94678b92e60e7d0e31505邀请码为4H9CSG的头像放入redis中成功
[2018-05-03T09:35:51.301] [INFO] default - id为1650748138a94678b92e60e7d0e31505邀请码为4H9CSG的手机号放入redis中成功
[2018-05-03T09:35:51.320] [INFO] default - 操作时间更新 : 18363992860->1525311351314(2018-5-3 09:35:51)
[2018-05-03T09:35:51.920] [INFO] default - requireUrl = /melktech-pds-api/apiPlan/planList
[2018-05-03T09:35:51.921] [INFO] default - requireBody = {"pageNum":"1","canInvite":1,"createTime":1523515114000,"creator":"-1","enterpriseId":"2a4d962527a14721bf151a9826f762da","id":"1650748138a94678b92e60e7d0e31505","inviteCode":"4H9CSG","isOnline":1,"mobile":"18363992860","password":"a12345","portrait":"http://dev-test-oss-public.oss-cn-beijing.aliyuncs.com/saleman/1650748138a94678b92e60e7d0e31505/portrait/19c1ce9add114ee1bd84402e476d55b4","qrCode":"http://dev-test-oss-public.oss-cn-beijing.aliyuncs.com/null","url":"apiPlan/planList"}
[2018-05-03T09:35:51.922] [INFO] default - 操作时间更新 : 18363992860->1525311351922(2018-5-3 09:35:51)
[2018-05-03T09:36:00.019] [INFO] default - requireUrl = /melktech-pds-api/apiOther/switchOnOffline
[2018-05-03T09:36:00.019] [INFO] default - requireBody = {"onLineMobile":["18363992860"],"url":"apiOther/switchOnOffline"}
[2018-05-03T09:36:00.029] [INFO] default - 
[2018-05-03T09:36:30.019] [INFO] default - requireUrl = /melktech-pds-api/apiOther/switchOnOffline
[2018-05-03T09:36:30.019] [INFO] default - requireBody = {"onLineMobile":["18363992860"],"url":"apiOther/switchOnOffline"}
[2018-05-03T09:36:30.025] [INFO] default - 
[2018-05-03T09:37:00.002] [INFO] default - requireUrl = /melktech-pds-api/apiOther/switchOnOffline
[2018-05-03T09:37:00.002] [INFO] default - requireBody = {"onLineMobile":["18363992860"],"url":"apiOther/switchOnOffline"}
[2018-05-03T09:37:00.007] [INFO] default - 
[2018-05-03T09:37:30.003] [INFO] default - requireUrl = /melktech-pds-api/apiOther/switchOnOffline
[2018-05-03T09:37:30.003] [INFO] default - requireBody = {"onLineMobile":["18363992860"],"url":"apiOther/switchOnOffline"}
[2018-05-03T09:37:30.008] [INFO] default - 
[2018-05-03T09:38:00.003] [INFO] default - requireUrl = /melktech-pds-api/apiOther/switchOnOffline
[2018-05-03T09:38:00.003] [INFO] default - requireBody = {"onLineMobile":["18363992860"],"url":"apiOther/switchOnOffline"}
[2018-05-03T09:38:00.008] [INFO] default - 
[2018-05-03T09:38:30.002] [INFO] default - requireUrl = /melktech-pds-api/apiOther/switchOnOffline
[2018-05-03T09:38:30.003] [INFO] default - requireBody = {"onLineMobile":["18363992860"],"url":"apiOther/switchOnOffline"}
[2018-05-03T09:38:30.008] [INFO] default - 
[2018-05-03T09:39:00.001] [INFO] default - requireUrl = /melktech-pds-api/apiOther/switchOnOffline
[2018-05-03T09:39:00.001] [INFO] default - requireBody = {"onLineMobile":["18363992860"],"url":"apiOther/switchOnOffline"}
[2018-05-03T09:39:00.006] [INFO] default - 
[2018-05-03T09:39:30.001] [INFO] default - requireUrl = /melktech-pds-api/apiOther/switchOnOffline
[2018-05-03T09:39:30.003] [INFO] default - requireBody = {"onLineMobile":["18363992860"],"url":"apiOther/switchOnOffline"}
[2018-05-03T09:39:30.008] [INFO] default - 
[2018-05-03T09:40:00.001] [INFO] default - requireUrl = /melktech-pds-api/apiOther/switchOnOffline
[2018-05-03T09:40:00.001] [INFO] default - requireBody = {"onLineMobile":["18363992860"],"url":"apiOther/switchOnOffline"}
[2018-05-03T09:40:00.006] [INFO] default - 
[2018-05-03T09:40:30.002] [INFO] default - requireUrl = /melktech-pds-api/apiOther/switchOnOffline
[2018-05-03T09:40:30.002] [INFO] default - requireBody = {"onLineMobile":["18363992860"],"url":"apiOther/switchOnOffline"}
[2018-05-03T09:40:30.006] [INFO] default - 
[2018-05-03T09:41:00.002] [INFO] default - requireUrl = /melktech-pds-api/apiOther/switchOnOffline
[2018-05-03T09:41:00.003] [INFO] default - requireBody = {"onLineMobile":["18363992860"],"url":"apiOther/switchOnOffline"}
[2018-05-03T09:41:00.008] [INFO] default - 
[2018-05-03T09:41:30.003] [INFO] default - requireUrl = /melktech-pds-api/apiOther/switchOnOffline
[2018-05-03T09:41:30.003] [INFO] default - requireBody = {"onLineMobile":["18363992860"],"url":"apiOther/switchOnOffline"}
[2018-05-03T09:41:30.008] [INFO] default - 
[2018-05-03T09:42:00.005] [INFO] default - requireUrl = /melktech-pds-api/apiOther/switchOnOffline
[2018-05-03T09:42:00.005] [INFO] default - requireBody = {"onLineMobile":["18363992860"],"url":"apiOther/switchOnOffline"}
[2018-05-03T09:42:00.010] [INFO] default - 
[2018-05-03T09:42:30.001] [INFO] default - requireUrl = /melktech-pds-api/apiOther/switchOnOffline
[2018-05-03T09:42:30.001] [INFO] default - requireBody = {"onLineMobile":["18363992860"],"url":"apiOther/switchOnOffline"}
[2018-05-03T09:42:30.006] [INFO] default - 
[2018-05-03T09:43:00.003] [INFO] default - requireUrl = /melktech-pds-api/apiOther/switchOnOffline
[2018-05-03T09:43:00.003] [INFO] default - requireBody = {"onLineMobile":["18363992860"],"url":"apiOther/switchOnOffline"}
[2018-05-03T09:43:00.007] [INFO] default - 
[2018-05-03T09:43:30.002] [INFO] default - requireUrl = /melktech-pds-api/apiOther/switchOnOffline
[2018-05-03T09:43:30.002] [INFO] default - requireBody = {"onLineMobile":["18363992860"],"url":"apiOther/switchOnOffline"}
[2018-05-03T09:43:30.007] [INFO] default - 
[2018-05-03T09:44:00.002] [INFO] default - requireUrl = /melktech-pds-api/apiOther/switchOnOffline
[2018-05-03T09:44:00.002] [INFO] default - requireBody = {"onLineMobile":["18363992860"],"url":"apiOther/switchOnOffline"}
[2018-05-03T09:44:00.007] [INFO] default - 
[2018-05-03T09:44:30.001] [INFO] default - requireUrl = /melktech-pds-api/apiOther/switchOnOffline
[2018-05-03T09:44:30.001] [INFO] default - requireBody = {"onLineMobile":["18363992860"],"url":"apiOther/switchOnOffline"}
[2018-05-03T09:44:30.005] [INFO] default - 
[2018-05-03T09:45:00.001] [INFO] default - requireUrl = /melktech-pds-api/apiOther/switchOnOffline
[2018-05-03T09:45:00.001] [INFO] default - requireBody = {"onLineMobile":["18363992860"],"url":"apiOther/switchOnOffline"}
[2018-05-03T09:45:00.006] [INFO] default - 
[2018-05-03T09:45:30.002] [INFO] default - requireUrl = /melktech-pds-api/apiOther/switchOnOffline
[2018-05-03T09:45:30.002] [INFO] default - requireBody = {"onLineMobile":["18363992860"],"url":"apiOther/switchOnOffline"}
[2018-05-03T09:45:30.007] [INFO] default - 
[2018-05-03T09:46:00.002] [INFO] default - requireUrl = /melktech-pds-api/apiOther/switchOnOffline
[2018-05-03T09:46:00.002] [INFO] default - requireBody = {"onLineMobile":["18363992860"],"url":"apiOther/switchOnOffline"}
[2018-05-03T09:46:00.006] [INFO] default - 
[2018-05-03T09:46:30.001] [INFO] default - requireUrl = /melktech-pds-api/apiOther/switchOnOffline
[2018-05-03T09:46:30.002] [INFO] default - requireBody = {"onLineMobile":["18363992860"],"url":"apiOther/switchOnOffline"}
[2018-05-03T09:46:30.008] [INFO] default - 
[2018-05-03T09:47:00.002] [INFO] default - requireUrl = /melktech-pds-api/apiOther/switchOnOffline
[2018-05-03T09:47:00.002] [INFO] default - requireBody = {"onLineMobile":["18363992860"],"url":"apiOther/switchOnOffline"}
[2018-05-03T09:47:00.006] [INFO] default - 
[2018-05-03T09:47:30.001] [INFO] default - requireUrl = /melktech-pds-api/apiOther/switchOnOffline
[2018-05-03T09:47:30.002] [INFO] default - requireBody = {"onLineMobile":["18363992860"],"url":"apiOther/switchOnOffline"}
[2018-05-03T09:47:30.007] [INFO] default - 
[2018-05-03T09:48:00.051] [INFO] default - requireUrl = /melktech-pds-api/apiOther/switchOnOffline
[2018-05-03T09:48:00.052] [INFO] default - requireBody = {"onLineMobile":["18363992860"],"url":"apiOther/switchOnOffline"}
[2018-05-03T09:48:00.056] [INFO] default - 
[2018-05-03T09:48:30.002] [INFO] default - requireUrl = /melktech-pds-api/apiOther/switchOnOffline
[2018-05-03T09:48:30.003] [INFO] default - requireBody = {"onLineMobile":["18363992860"],"url":"apiOther/switchOnOffline"}
[2018-05-03T09:48:30.008] [INFO] default - 
[2018-05-03T11:44:07.522] [DEBUG] default - Some debug messages
[2018-05-03T11:45:18.657] [INFO] default - bk
[2018-05-03T11:45:29.669] [INFO] default - requireUrl = /melktech-pds-api/apiOther/sendCaptcha
[2018-05-03T11:45:29.670] [INFO] default - requireBody = {"telPhoneNubmer":"13100000000","url":"apiOther/sendCaptcha"}
[2018-05-03T11:45:36.198] [INFO] default - requireUrl = /melktech-pds-api/apiRegister/register
[2018-05-03T11:45:36.199] [INFO] default - requireBody = {"mobile":"13100000000","password":"a12345","captcha":"860988","entCode":"bk","inviteCode":"4H9CSG","url":"apiRegister/register","registerPageUrl":"http://localhost:3300/register"}
[2018-05-03T11:45:38.554] [INFO] default - id为undefined邀请码为undefined的邀请二维码放入redis中成功
[2018-05-03T11:45:38.554] [INFO] default - id为undefined邀请码为undefined的头像放入redis中成功
[2018-05-03T11:45:38.555] [INFO] default - id为undefined邀请码为undefined的手机号放入redis中成功
[2018-05-03T11:45:38.889] [INFO] default - 操作时间更新 : 13100000000->1525319138581(2018-5-3 11:45:38)
[2018-05-03T11:45:39.553] [INFO] default - requireUrl = /melktech-pds-api/apiPlan/planList
[2018-05-03T11:45:39.553] [INFO] default - requireBody = {"pageNum":"1","canInvite":0,"createTime":1525319138339,"creator":"-1","enterpriseId":"4076e226f3e4484faca54f039b54e047","id":"0f3c0c1914454ef68f6409bd5bb6d5bd","inviteCode":"C6D48R0","isOnline":1,"mobile":"13100000000","password":"a12345","portrait":"","qrCode":"http://dev-test-oss-public.oss-cn-beijing.aliyuncs.com/saleman/0f3c0c1914454ef68f6409bd5bb6d5bd/qrCode/cf28f0e407454c3cb181dd86cc5b9bf8","salemanId":"1650748138a94678b92e60e7d0e31505","url":"apiPlan/planList"}
[2018-05-03T11:45:39.554] [INFO] default - 操作时间更新 : 13100000000->1525319139554(2018-5-3 11:45:39)
[2018-05-03T12:00:00.014] [INFO] default - 当前在线->[object Object]
[2018-05-03T12:30:00.007] [INFO] default - 当前在线->[object Object]
[2018-05-03T13:00:00.007] [INFO] default - 当前在线->null
[2018-05-03T13:30:00.015] [INFO] default - 当前在线->null
[2018-05-03T14:00:00.015] [INFO] default - 当前在线->null
[2018-05-03T14:30:00.003] [INFO] default - 当前在线->null
[2018-05-03T15:00:00.005] [INFO] default - 当前在线->null
[2018-05-03T15:30:00.009] [INFO] default - 当前在线->null
[2018-05-03T17:29:27.424] [DEBUG] default - Some debug messages
