[2018-05-02T16:41:24.072] [DEBUG] default - Some debug messages
[2018-05-02T16:41:49.785] [INFO] default - requireUrl = /melktech-pds-api/apiLogin/login
[2018-05-02T16:41:49.785] [INFO] default - requireBody = {"mobile":"18363992860","password":"a12345","entCode":"mk","url":"apiLogin/login"}
[2018-05-02T16:41:51.659] [INFO] default - id为1650748138a94678b92e60e7d0e31505邀请码为4H9CSG的邀请二维码放入redis中成功
[2018-05-02T16:41:51.660] [INFO] default - id为1650748138a94678b92e60e7d0e31505邀请码为4H9CSG的头像放入redis中成功
[2018-05-02T16:41:51.660] [INFO] default - id为1650748138a94678b92e60e7d0e31505邀请码为4H9CSG的手机号放入redis中成功
[2018-05-02T16:41:52.254] [INFO] default - requireUrl = /melktech-pds-api/apiPlan/planList
[2018-05-02T16:41:52.254] [INFO] default - requireBody = {"pageNum":"1","createTime":1523515114000,"creator":"-1","enterpriseId":"2a4d962527a14721bf151a9826f762da","id":"1650748138a94678b92e60e7d0e31505","inviteCode":"4H9CSG","mobile":"18363992860","password":"a12345","portrait":"http://dev-test-oss-public.oss-cn-beijing.aliyuncs.com/saleman/1650748138a94678b92e60e7d0e31505/portrait/19c1ce9add114ee1bd84402e476d55b4","qrCode":"http://dev-test-oss-public.oss-cn-beijing.aliyuncs.com/null","url":"apiPlan/planList"}
[2018-05-02T16:41:56.884] [INFO] default - requireUrl = /melktech-pds-api/apiOther/financial
[2018-05-02T16:41:56.885] [INFO] default - requireBody = {"id":"1650748138a94678b92e60e7d0e31505","url":"apiOther/financial"}
[2018-05-02T17:08:19.236] [DEBUG] default - Some debug messages
[2018-05-02T17:08:24.328] [INFO] default - bk
[2018-05-02T17:08:28.851] [INFO] default - bk
[2018-05-02T17:08:32.737] [INFO] default - bk
[2018-05-02T17:08:36.991] [INFO] default - bk
[2018-05-02T17:09:22.253] [INFO] default - bk
[2018-05-02T17:11:49.889] [DEBUG] default - Some debug messages
[2018-05-02T17:11:52.329] [INFO] default - bk
[2018-05-02T17:12:00.982] [INFO] default - requireUrl = /melktech-pds-api/apiOther/sendCaptcha
[2018-05-02T17:12:00.983] [INFO] default - requireBody = {"telPhoneNubmer":"13100000000","url":"apiOther/sendCaptcha"}
[2018-05-02T17:12:13.208] [INFO] default - requireUrl = /melktech-pds-api/apiRegister/register
[2018-05-02T17:12:13.208] [INFO] default - requireBody = {"mobile":"13100000000","password":"a12345","captcha":"862150","entCode":"bk","inviteCode":"4H9CSG","url":"apiRegister/register","registerPageUrl":"http://localhost:3300/register"}
[2018-05-02T17:12:15.491] [INFO] default - id为undefined邀请码为undefined的邀请二维码放入redis中成功
[2018-05-02T17:12:15.491] [INFO] default - id为undefined邀请码为undefined的头像放入redis中成功
[2018-05-02T17:12:15.491] [INFO] default - id为undefined邀请码为undefined的手机号放入redis中成功
[2018-05-02T17:12:16.089] [INFO] default - requireUrl = /melktech-pds-api/apiPlan/planList
[2018-05-02T17:12:16.089] [INFO] default - requireBody = {"pageNum":"1","createTime":1525252335190,"creator":"-1","enterpriseId":"4076e226f3e4484faca54f039b54e047","id":"0e42f1ec3ee14d6c9555087d2a160ccf","inviteCode":"C6D48R0","mobile":"13100000000","password":"a12345","portrait":"","qrCode":"http://dev-test-oss-public.oss-cn-beijing.aliyuncs.com/saleman/0e42f1ec3ee14d6c9555087d2a160ccf/qrCode/7c2f28a3ea0f40b9b94b0e95f48032c2","salemanId":"1650748138a94678b92e60e7d0e31505","url":"apiPlan/planList"}
[2018-05-02T17:12:37.639] [INFO] default - requireUrl = /melktech-pds-api/apiOther/financial
[2018-05-02T17:12:37.639] [INFO] default - requireBody = {"id":"0e42f1ec3ee14d6c9555087d2a160ccf","url":"apiOther/financial"}
[2018-05-02T17:16:23.221] [INFO] default - bk
[2018-05-02T17:47:37.039] [INFO] default - requireUrl = /melktech-pds-api/apiLogin/login
[2018-05-02T17:47:37.040] [INFO] default - requireBody = {"mobile":"18363992860","password":"a12345","entCode":"mk","url":"apiLogin/login"}
[2018-05-02T17:47:38.510] [INFO] default - id为1650748138a94678b92e60e7d0e31505邀请码为4H9CSG的邀请二维码放入redis中成功
[2018-05-02T17:47:38.510] [INFO] default - id为1650748138a94678b92e60e7d0e31505邀请码为4H9CSG的头像放入redis中成功
[2018-05-02T17:47:38.510] [INFO] default - id为1650748138a94678b92e60e7d0e31505邀请码为4H9CSG的手机号放入redis中成功
[2018-05-02T17:47:39.079] [INFO] default - requireUrl = /melktech-pds-api/apiPlan/planList
[2018-05-02T17:47:39.079] [INFO] default - requireBody = {"pageNum":"1","canInvite":1,"createTime":1523515114000,"creator":"-1","enterpriseId":"2a4d962527a14721bf151a9826f762da","id":"1650748138a94678b92e60e7d0e31505","inviteCode":"4H9CSG","mobile":"18363992860","operateTime":1523515114000,"password":"a12345","portrait":"http://dev-test-oss-public.oss-cn-beijing.aliyuncs.com/saleman/1650748138a94678b92e60e7d0e31505/portrait/19c1ce9add114ee1bd84402e476d55b4","qrCode":"http://dev-test-oss-public.oss-cn-beijing.aliyuncs.com/null","url":"apiPlan/planList"}
[2018-05-02T17:47:39.603] [INFO] default - requireUrl = /melktech-pds-api/apiOther/financial
[2018-05-02T17:47:39.603] [INFO] default - requireBody = {"id":"1650748138a94678b92e60e7d0e31505","url":"apiOther/financial"}
[2018-05-02T17:48:04.754] [INFO] default - requireUrl = /melktech-pds-api/apiLogin/login
[2018-05-02T17:48:04.754] [INFO] default - requireBody = {"mobile":"18363992860","password":"a12345","entCode":"mk","url":"apiLogin/login"}
[2018-05-02T17:48:04.767] [INFO] default - id为1650748138a94678b92e60e7d0e31505邀请码为4H9CSG的邀请二维码放入redis中成功
[2018-05-02T17:48:04.767] [INFO] default - id为1650748138a94678b92e60e7d0e31505邀请码为4H9CSG的头像放入redis中成功
[2018-05-02T17:48:04.767] [INFO] default - id为1650748138a94678b92e60e7d0e31505邀请码为4H9CSG的手机号放入redis中成功
[2018-05-02T17:48:05.382] [INFO] default - requireUrl = /melktech-pds-api/apiPlan/planList
[2018-05-02T17:48:05.382] [INFO] default - requireBody = {"pageNum":"1","canInvite":0,"createTime":1523515114000,"creator":"-1","enterpriseId":"2a4d962527a14721bf151a9826f762da","id":"1650748138a94678b92e60e7d0e31505","inviteCode":"4H9CSG","mobile":"18363992860","operateTime":1523515114000,"password":"a12345","portrait":"http://dev-test-oss-public.oss-cn-beijing.aliyuncs.com/saleman/1650748138a94678b92e60e7d0e31505/portrait/19c1ce9add114ee1bd84402e476d55b4","qrCode":"http://dev-test-oss-public.oss-cn-beijing.aliyuncs.com/null","url":"apiPlan/planList"}
[2018-05-02T17:48:05.900] [INFO] default - requireUrl = /melktech-pds-api/apiOther/financial
[2018-05-02T17:48:05.900] [INFO] default - requireBody = {"id":"1650748138a94678b92e60e7d0e31505","url":"apiOther/financial"}
[2018-05-02T17:48:16.540] [DEBUG] default - Some debug messages
[2018-05-02T17:48:18.195] [DEBUG] default - ::1未登录
[2018-05-02T17:48:22.993] [INFO] default - requireUrl = /melktech-pds-api/apiLogin/login
[2018-05-02T17:48:22.994] [INFO] default - requireBody = {"mobile":"18363992860","password":"a12345","entCode":"mk","url":"apiLogin/login"}
[2018-05-02T17:48:23.011] [INFO] default - id为1650748138a94678b92e60e7d0e31505邀请码为4H9CSG的邀请二维码放入redis中成功
[2018-05-02T17:48:23.011] [INFO] default - id为1650748138a94678b92e60e7d0e31505邀请码为4H9CSG的头像放入redis中成功
[2018-05-02T17:48:23.012] [INFO] default - id为1650748138a94678b92e60e7d0e31505邀请码为4H9CSG的手机号放入redis中成功
[2018-05-02T17:48:23.636] [INFO] default - requireUrl = /melktech-pds-api/apiPlan/planList
[2018-05-02T17:48:23.636] [INFO] default - requireBody = {"pageNum":"1","canInvite":0,"createTime":1523515114000,"creator":"-1","enterpriseId":"2a4d962527a14721bf151a9826f762da","id":"1650748138a94678b92e60e7d0e31505","inviteCode":"4H9CSG","mobile":"18363992860","operateTime":1523515114000,"password":"a12345","portrait":"http://dev-test-oss-public.oss-cn-beijing.aliyuncs.com/saleman/1650748138a94678b92e60e7d0e31505/portrait/19c1ce9add114ee1bd84402e476d55b4","qrCode":"http://dev-test-oss-public.oss-cn-beijing.aliyuncs.com/null","url":"apiPlan/planList"}
[2018-05-02T17:48:24.073] [INFO] default - requireUrl = /melktech-pds-api/apiOther/financial
[2018-05-02T17:48:24.074] [INFO] default - requireBody = {"id":"1650748138a94678b92e60e7d0e31505","url":"apiOther/financial"}
[2018-05-02T17:58:57.044] [DEBUG] default - Some debug messages
[2018-05-02T17:59:21.142] [DEBUG] default - Some debug messages
[2018-05-02T17:59:21.823] [DEBUG] default - ::ffff:127.0.0.1未登录
[2018-05-02T18:06:58.302] [DEBUG] default - Some debug messages
[2018-05-02T18:07:09.849] [INFO] default - requireUrl = /melktech-pds-api/apiLogin/login
[2018-05-02T18:07:09.850] [INFO] default - requireBody = {"mobile":"18363992860","password":"a12345","entCode":"mk","url":"apiLogin/login"}
[2018-05-02T18:07:09.868] [INFO] default - id为1650748138a94678b92e60e7d0e31505邀请码为4H9CSG的邀请二维码放入redis中成功
[2018-05-02T18:07:09.869] [INFO] default - id为1650748138a94678b92e60e7d0e31505邀请码为4H9CSG的头像放入redis中成功
[2018-05-02T18:07:09.869] [INFO] default - id为1650748138a94678b92e60e7d0e31505邀请码为4H9CSG的手机号放入redis中成功
[2018-05-02T18:07:09.881] [INFO] default - 18363992860->Wed May 02 2018 18:07:09 GMT+0800 (中国标准时间)
[2018-05-02T18:07:27.977] [DEBUG] default - Some debug messages
[2018-05-02T18:07:28.816] [DEBUG] default - ::1未登录
[2018-05-02T18:07:37.463] [INFO] default - requireUrl = /melktech-pds-api/apiLogin/login
[2018-05-02T18:07:37.463] [INFO] default - requireBody = {"mobile":"18363992860","password":"a12345","entCode":"mk","url":"apiLogin/login"}
[2018-05-02T18:07:37.482] [INFO] default - id为1650748138a94678b92e60e7d0e31505邀请码为4H9CSG的邀请二维码放入redis中成功
[2018-05-02T18:07:37.482] [INFO] default - id为1650748138a94678b92e60e7d0e31505邀请码为4H9CSG的头像放入redis中成功
[2018-05-02T18:07:37.482] [INFO] default - id为1650748138a94678b92e60e7d0e31505邀请码为4H9CSG的手机号放入redis中成功
[2018-05-02T18:07:37.494] [INFO] default - 18363992860->Wed May 02 2018 18:07:37 GMT+0800 (中国标准时间)
[2018-05-02T18:07:38.179] [INFO] default - requireUrl = /melktech-pds-api/apiPlan/planList
[2018-05-02T18:07:38.179] [INFO] default - requireBody = {"pageNum":"1","canInvite":1,"createTime":1523515114000,"creator":"-1","enterpriseId":"2a4d962527a14721bf151a9826f762da","id":"1650748138a94678b92e60e7d0e31505","inviteCode":"4H9CSG","mobile":"18363992860","operateTime":1523515114000,"password":"a12345","portrait":"http://dev-test-oss-public.oss-cn-beijing.aliyuncs.com/saleman/1650748138a94678b92e60e7d0e31505/portrait/19c1ce9add114ee1bd84402e476d55b4","qrCode":"http://dev-test-oss-public.oss-cn-beijing.aliyuncs.com/null","url":"apiPlan/planList"}
[2018-05-02T18:07:38.180] [INFO] default - 18363992860->Wed May 02 2018 18:07:38 GMT+0800 (中国标准时间)
[2018-05-02T18:08:41.333] [DEBUG] default - Some debug messages
[2018-05-02T18:08:42.816] [DEBUG] default - ::1未登录
[2018-05-02T18:08:47.374] [INFO] default - requireUrl = /melktech-pds-api/apiLogin/login
[2018-05-02T18:08:47.374] [INFO] default - requireBody = {"mobile":"18363992860","password":"a12345","entCode":"mk","url":"apiLogin/login"}
[2018-05-02T18:08:47.392] [INFO] default - id为1650748138a94678b92e60e7d0e31505邀请码为4H9CSG的邀请二维码放入redis中成功
[2018-05-02T18:08:47.392] [INFO] default - id为1650748138a94678b92e60e7d0e31505邀请码为4H9CSG的头像放入redis中成功
[2018-05-02T18:08:47.393] [INFO] default - id为1650748138a94678b92e60e7d0e31505邀请码为4H9CSG的手机号放入redis中成功
[2018-05-02T18:08:47.550] [INFO] default - 18363992860->2018-5-2
[2018-05-02T18:08:48.119] [INFO] default - requireUrl = /melktech-pds-api/apiPlan/planList
[2018-05-02T18:08:48.119] [INFO] default - requireBody = {"pageNum":"1","canInvite":1,"createTime":1523515114000,"creator":"-1","enterpriseId":"2a4d962527a14721bf151a9826f762da","id":"1650748138a94678b92e60e7d0e31505","inviteCode":"4H9CSG","mobile":"18363992860","operateTime":1523515114000,"password":"a12345","portrait":"http://dev-test-oss-public.oss-cn-beijing.aliyuncs.com/saleman/1650748138a94678b92e60e7d0e31505/portrait/19c1ce9add114ee1bd84402e476d55b4","qrCode":"http://dev-test-oss-public.oss-cn-beijing.aliyuncs.com/null","url":"apiPlan/planList"}
[2018-05-02T18:08:48.120] [INFO] default - 18363992860->2018-5-2
[2018-05-02T18:09:55.308] [DEBUG] default - Some debug messages
[2018-05-02T18:09:55.546] [DEBUG] default - ::1未登录
[2018-05-02T18:10:00.465] [INFO] default - requireUrl = /melktech-pds-api/apiLogin/login
[2018-05-02T18:10:00.465] [INFO] default - requireBody = {"mobile":"18363992860","password":"a12345","entCode":"mk","url":"apiLogin/login"}
[2018-05-02T18:10:00.482] [INFO] default - id为1650748138a94678b92e60e7d0e31505邀请码为4H9CSG的邀请二维码放入redis中成功
[2018-05-02T18:10:00.482] [INFO] default - id为1650748138a94678b92e60e7d0e31505邀请码为4H9CSG的头像放入redis中成功
[2018-05-02T18:10:00.482] [INFO] default - id为1650748138a94678b92e60e7d0e31505邀请码为4H9CSG的手机号放入redis中成功
[2018-05-02T18:10:00.500] [INFO] default - 18363992860->1525255800497(2018-5-2 18:10:00)
[2018-05-02T18:10:01.197] [INFO] default - requireUrl = /melktech-pds-api/apiPlan/planList
[2018-05-02T18:10:01.197] [INFO] default - requireBody = {"pageNum":"1","canInvite":1,"createTime":1523515114000,"creator":"-1","enterpriseId":"2a4d962527a14721bf151a9826f762da","id":"1650748138a94678b92e60e7d0e31505","inviteCode":"4H9CSG","mobile":"18363992860","operateTime":1523515114000,"password":"a12345","portrait":"http://dev-test-oss-public.oss-cn-beijing.aliyuncs.com/saleman/1650748138a94678b92e60e7d0e31505/portrait/19c1ce9add114ee1bd84402e476d55b4","qrCode":"http://dev-test-oss-public.oss-cn-beijing.aliyuncs.com/null","url":"apiPlan/planList"}
[2018-05-02T18:10:01.198] [INFO] default - 18363992860->1525255801198(2018-5-2 18:10:01)
[2018-05-02T18:13:30.483] [DEBUG] default - Some debug messages
[2018-05-02T18:17:35.990] [DEBUG] default - Some debug messages
[2018-05-02T18:18:19.981] [DEBUG] default - ::1未登录
[2018-05-02T18:18:26.886] [INFO] default - requireUrl = /melktech-pds-api/apiLogin/login
[2018-05-02T18:18:26.887] [INFO] default - requireBody = {"mobile":"13100000000","password":"a12345","entCode":"mk","url":"apiLogin/login"}
[2018-05-02T18:18:26.910] [INFO] default - id为0e42f1ec3ee14d6c9555087d2a160ccf邀请码为C6D48R0的邀请二维码放入redis中成功
[2018-05-02T18:18:26.911] [INFO] default - id为0e42f1ec3ee14d6c9555087d2a160ccf邀请码为C6D48R0的头像放入redis中成功
[2018-05-02T18:18:26.911] [INFO] default - id为0e42f1ec3ee14d6c9555087d2a160ccf邀请码为C6D48R0的手机号放入redis中成功
[2018-05-02T18:18:26.930] [INFO] default - 操作时间更新 : 13100000000->1525256306926(2018-5-2 18:18:26)
[2018-05-02T18:18:27.501] [INFO] default - requireUrl = /melktech-pds-api/apiPlan/planList
[2018-05-02T18:18:27.501] [INFO] default - requireBody = {"pageNum":"1","canInvite":0,"createTime":1525252335000,"creator":"-1","enterpriseId":"4076e226f3e4484faca54f039b54e047","id":"0e42f1ec3ee14d6c9555087d2a160ccf","inviteCode":"C6D48R0","mobile":"13100000000","operateTime":1525252335000,"password":"a12345","portrait":"","qrCode":"http://dev-test-oss-public.oss-cn-beijing.aliyuncs.com/saleman/0e42f1ec3ee14d6c9555087d2a160ccf/qrCode/7c2f28a3ea0f40b9b94b0e95f48032c2","salemanId":"1650748138a94678b92e60e7d0e31505","url":"apiPlan/planList"}
[2018-05-02T18:18:27.502] [INFO] default - 操作时间更新 : 13100000000->1525256307502(2018-5-2 18:18:27)
[2018-05-02T18:31:38.541] [DEBUG] default - Some debug messages
[2018-05-02T18:32:09.225] [DEBUG] default - ::1未登录
[2018-05-02T18:32:14.518] [INFO] default - requireUrl = /melktech-pds-api/apiLogin/login
[2018-05-02T18:32:14.519] [INFO] default - requireBody = {"mobile":"18363992860","password":"a12345","entCode":"mk","url":"apiLogin/login"}
[2018-05-02T18:32:14.539] [INFO] default - id为1650748138a94678b92e60e7d0e31505邀请码为4H9CSG的邀请二维码放入redis中成功
[2018-05-02T18:32:14.540] [INFO] default - id为1650748138a94678b92e60e7d0e31505邀请码为4H9CSG的头像放入redis中成功
[2018-05-02T18:32:14.540] [INFO] default - id为1650748138a94678b92e60e7d0e31505邀请码为4H9CSG的手机号放入redis中成功
[2018-05-02T18:32:14.560] [INFO] default - 操作时间更新 : 18363992860->1525257134555(2018-5-2 18:32:14)
[2018-05-02T18:32:15.174] [INFO] default - requireUrl = /melktech-pds-api/apiPlan/planList
[2018-05-02T18:32:15.175] [INFO] default - requireBody = {"pageNum":"1","canInvite":1,"createTime":1523515114000,"creator":"-1","enterpriseId":"2a4d962527a14721bf151a9826f762da","id":"1650748138a94678b92e60e7d0e31505","inviteCode":"4H9CSG","mobile":"18363992860","operateTime":1523515114000,"password":"a12345","portrait":"http://dev-test-oss-public.oss-cn-beijing.aliyuncs.com/saleman/1650748138a94678b92e60e7d0e31505/portrait/19c1ce9add114ee1bd84402e476d55b4","qrCode":"http://dev-test-oss-public.oss-cn-beijing.aliyuncs.com/null","url":"apiPlan/planList"}
[2018-05-02T18:32:15.176] [INFO] default - 操作时间更新 : 18363992860->1525257135175(2018-5-2 18:32:15)
