[2018-01-23T14:49:55.920] [DEBUG] default - Some debug messages
[2018-01-23T14:50:40.165] [INFO] default - have state : undefined
[2018-01-23T14:50:40.166] [INFO] default - req.method  : GET
[2018-01-23T14:50:40.166] [INFO] default - 未登陆
[2018-01-23T14:50:40.288] [INFO] default - {}
[2018-01-23T14:50:40.290] [INFO] default - 这不是从session 登陆缓存走的
[2018-01-23T14:50:40.290] [INFO] default - requireUrl = /kp-api/ssl/h5/Oauth/getUserInfo
[2018-01-23T14:50:40.290] [INFO] default - requireBody = {"openId":"oW00nwWggzfXeJPTb0dN-xO9h-6A","userId":"3e1040bfa48047308b5927ecc3d199e8","url":"Oauth/getUserInfo"}
[2018-01-23T14:50:40.304] [INFO] default - body:<html><head><title>Apache Tomcat/7.0.56 - Error report</title><style><!--H1 {font-family:Tahoma,Arial,sans-serif;color:white;background-color:#525D76;font-size:22px;} H2 {font-family:Tahoma,Arial,sans-serif;color:white;background-color:#525D76;font-size:16px;} H3 {font-family:Tahoma,Arial,sans-serif;color:white;background-color:#525D76;font-size:14px;} BODY {font-family:Tahoma,Arial,sans-serif;color:black;background-color:white;} B {font-family:Tahoma,Arial,sans-serif;color:white;background-color:#525D76;} P {font-family:Tahoma,Arial,sans-serif;background:white;color:black;font-size:12px;}A {color : black;}A.name {color : black;}HR {color : #525D76;}--></style> </head><body><h1>HTTP Status 404 - /kp-api/ssl/h5/Oauth/getUserInfo</h1><HR size="1" noshade="noshade"><p><b>type</b> Status report</p><p><b>message</b> <u>/kp-api/ssl/h5/Oauth/getUserInfo</u></p><p><b>description</b> <u>The requested resource is not available.</u></p><HR size="1" noshade="noshade"><h3>Apache Tomcat/7.0.56</h3></body></html>
[2018-01-23T14:50:40.305] [ERROR] error - Unexpected token < in JSON at position 0
[2018-01-23T14:51:05.899] [INFO] default - have state : 1
[2018-01-23T14:51:05.899] [INFO] default - req.method  : GET
[2018-01-23T14:51:05.900] [ERROR] error - GET
[2018-01-23T14:51:05.901] [ERROR] error - /AddBankInfomation?state=1
[2018-01-23T14:51:05.901] [ERROR] error - { message: 'Not Found',
  error: 
   { Error: Not Found
       at C:\Users\owner\WebstormProjects\kp-mobile\app.js:114:15
       at Layer.handle [as handle_request] (C:\Users\owner\WebstormProjects\kp-mobile\node_modules\express\lib\router\layer.js:95:5)
       at trim_prefix (C:\Users\owner\WebstormProjects\kp-mobile\node_modules\express\lib\router\index.js:317:13)
       at C:\Users\owner\WebstormProjects\kp-mobile\node_modules\express\lib\router\index.js:284:7
       at Function.process_params (C:\Users\owner\WebstormProjects\kp-mobile\node_modules\express\lib\router\index.js:335:12)
       at next (C:\Users\owner\WebstormProjects\kp-mobile\node_modules\express\lib\router\index.js:275:10)
       at C:\Users\owner\WebstormProjects\kp-mobile\node_modules\express\lib\router\index.js:635:15
       at next (C:\Users\owner\WebstormProjects\kp-mobile\node_modules\express\lib\router\index.js:260:14)
       at Function.handle (C:\Users\owner\WebstormProjects\kp-mobile\node_modules\express\lib\router\index.js:174:3)
       at router (C:\Users\owner\WebstormProjects\kp-mobile\node_modules\express\lib\router\index.js:47:12)
       at Layer.handle [as handle_request] (C:\Users\owner\WebstormProjects\kp-mobile\node_modules\express\lib\router\layer.js:95:5)
       at trim_prefix (C:\Users\owner\WebstormProjects\kp-mobile\node_modules\express\lib\router\index.js:317:13)
       at C:\Users\owner\WebstormProjects\kp-mobile\node_modules\express\lib\router\index.js:284:7
       at Function.process_params (C:\Users\owner\WebstormProjects\kp-mobile\node_modules\express\lib\router\index.js:335:12)
       at next (C:\Users\owner\WebstormProjects\kp-mobile\node_modules\express\lib\router\index.js:275:10)
       at C:\Users\owner\WebstormProjects\kp-mobile\node_modules\express\lib\router\index.js:635:15 status: 404 } }
[2018-01-23T14:51:05.965] [INFO] default - {}
[2018-01-23T14:51:05.965] [INFO] default - 这不是从session 登陆缓存走的
[2018-01-23T14:51:05.965] [INFO] default - requireUrl = /kp-api/ssl/h5/Oauth/getUserInfo
[2018-01-23T14:51:05.966] [INFO] default - requireBody = {"openId":"oW00nwWggzfXeJPTb0dN-xO9h-6A","userId":"3e1040bfa48047308b5927ecc3d199e8","url":"Oauth/getUserInfo"}
[2018-01-23T14:51:05.977] [INFO] default - body:<html><head><title>Apache Tomcat/7.0.56 - Error report</title><style><!--H1 {font-family:Tahoma,Arial,sans-serif;color:white;background-color:#525D76;font-size:22px;} H2 {font-family:Tahoma,Arial,sans-serif;color:white;background-color:#525D76;font-size:16px;} H3 {font-family:Tahoma,Arial,sans-serif;color:white;background-color:#525D76;font-size:14px;} BODY {font-family:Tahoma,Arial,sans-serif;color:black;background-color:white;} B {font-family:Tahoma,Arial,sans-serif;color:white;background-color:#525D76;} P {font-family:Tahoma,Arial,sans-serif;background:white;color:black;font-size:12px;}A {color : black;}A.name {color : black;}HR {color : #525D76;}--></style> </head><body><h1>HTTP Status 404 - /kp-api/ssl/h5/Oauth/getUserInfo</h1><HR size="1" noshade="noshade"><p><b>type</b> Status report</p><p><b>message</b> <u>/kp-api/ssl/h5/Oauth/getUserInfo</u></p><p><b>description</b> <u>The requested resource is not available.</u></p><HR size="1" noshade="noshade"><h3>Apache Tomcat/7.0.56</h3></body></html>
[2018-01-23T14:51:05.978] [ERROR] error - Unexpected token < in JSON at position 0
[2018-01-23T14:51:57.511] [INFO] default - have state : 123
[2018-01-23T14:51:57.517] [INFO] default - req.method  : GET
[2018-01-23T14:52:05.143] [INFO] default - have state : 123
[2018-01-23T14:52:05.144] [INFO] default - req.method  : GET
[2018-01-23T14:53:41.818] [INFO] default - have state : 123
[2018-01-23T14:53:41.818] [INFO] default - req.method  : GET
[2018-01-23T14:54:44.535] [INFO] default - have state : 123
[2018-01-23T14:54:44.535] [INFO] default - req.method  : GET
[2018-01-23T14:55:07.093] [INFO] default - have state : 123
[2018-01-23T14:55:07.094] [INFO] default - req.method  : GET
[2018-01-23T14:55:27.713] [INFO] default - have state : 123
[2018-01-23T14:55:27.714] [INFO] default - req.method  : GET
[2018-01-23T14:57:47.282] [INFO] default - have state : 123
[2018-01-23T14:57:47.282] [INFO] default - req.method  : GET
[2018-01-23T14:57:58.262] [INFO] default - have state : 123
[2018-01-23T14:57:58.265] [INFO] default - req.method  : GET
[2018-01-23T14:58:08.006] [DEBUG] default - Some debug messages
[2018-01-23T14:58:10.138] [INFO] default - have state : 123
[2018-01-23T14:58:10.139] [INFO] default - req.method  : GET
[2018-01-23T14:58:46.163] [INFO] default - have state : 123
[2018-01-23T14:58:46.163] [INFO] default - req.method  : GET
[2018-01-23T14:58:54.675] [DEBUG] default - Some debug messages
[2018-01-23T14:58:56.684] [INFO] default - have state : 123
[2018-01-23T14:58:56.685] [INFO] default - req.method  : GET
[2018-01-23T14:59:18.138] [DEBUG] default - Some debug messages
[2018-01-23T14:59:20.817] [INFO] default - have state : 123
[2018-01-23T14:59:20.818] [INFO] default - req.method  : GET
[2018-01-23T14:59:39.344] [INFO] default - have state : 123
[2018-01-23T14:59:39.344] [INFO] default - req.method  : GET
[2018-01-23T15:00:00.603] [INFO] default - have state : 123
[2018-01-23T15:00:00.603] [INFO] default - req.method  : GET
[2018-01-23T15:01:05.429] [INFO] default - have state : 123
[2018-01-23T15:01:05.433] [INFO] default - req.method  : GET
[2018-01-23T15:02:24.433] [INFO] default - have state : 123
[2018-01-23T15:02:24.433] [INFO] default - req.method  : GET
[2018-01-23T15:02:29.778] [INFO] default - have state : 123
[2018-01-23T15:02:29.778] [INFO] default - req.method  : GET
[2018-01-23T15:02:36.011] [INFO] default - have state : 123
[2018-01-23T15:02:36.011] [INFO] default - req.method  : GET
[2018-01-23T15:03:01.675] [INFO] default - have state : 123
[2018-01-23T15:03:01.676] [INFO] default - req.method  : GET
[2018-01-23T15:05:25.254] [INFO] default - have state : 123
[2018-01-23T15:05:25.254] [INFO] default - req.method  : GET
[2018-01-23T15:07:23.450] [INFO] default - have state : 123
[2018-01-23T15:07:23.450] [INFO] default - req.method  : GET
[2018-01-23T15:08:50.122] [INFO] default - have state : 123
[2018-01-23T15:08:50.122] [INFO] default - req.method  : GET
[2018-01-23T15:09:43.328] [INFO] default - have state : 123
[2018-01-23T15:09:43.328] [INFO] default - req.method  : GET
[2018-01-23T15:10:26.937] [INFO] default - have state : 123
[2018-01-23T15:10:26.937] [INFO] default - req.method  : GET
[2018-01-23T15:10:41.312] [INFO] default - have state : 123
[2018-01-23T15:10:41.312] [INFO] default - req.method  : GET
[2018-01-23T15:11:37.233] [INFO] default - have state : 123
[2018-01-23T15:11:37.233] [INFO] default - req.method  : GET
[2018-01-23T15:11:49.327] [INFO] default - have state : 123
[2018-01-23T15:11:49.327] [INFO] default - req.method  : GET
[2018-01-23T15:12:08.812] [INFO] default - have state : 123
[2018-01-23T15:12:08.812] [INFO] default - req.method  : GET
[2018-01-23T15:12:18.655] [INFO] default - have state : 123
[2018-01-23T15:12:18.655] [INFO] default - req.method  : GET
[2018-01-23T15:15:29.025] [INFO] default - have state : 123
[2018-01-23T15:15:29.025] [INFO] default - req.method  : GET
[2018-01-23T15:16:20.952] [INFO] default - have state : 123
[2018-01-23T15:16:20.952] [INFO] default - req.method  : GET
[2018-01-23T15:16:43.280] [INFO] default - have state : 123
[2018-01-23T15:16:43.280] [INFO] default - req.method  : GET
[2018-01-23T15:17:09.979] [INFO] default - have state : 123
[2018-01-23T15:17:09.981] [INFO] default - req.method  : GET
[2018-01-23T15:18:33.828] [INFO] default - have state : 123
[2018-01-23T15:18:33.828] [INFO] default - req.method  : GET
[2018-01-23T15:20:46.887] [INFO] default - have state : 123
[2018-01-23T15:20:46.888] [INFO] default - req.method  : GET
[2018-01-23T15:20:57.924] [INFO] default - have state : 123
[2018-01-23T15:20:57.924] [INFO] default - req.method  : GET
[2018-01-23T15:21:03.260] [INFO] default - have state : 123
[2018-01-23T15:21:03.261] [INFO] default - req.method  : GET
[2018-01-23T15:24:14.562] [INFO] default - have state : 123
[2018-01-23T15:24:14.562] [INFO] default - req.method  : GET
[2018-01-23T15:25:42.132] [INFO] default - have state : 123
[2018-01-23T15:25:42.132] [INFO] default - req.method  : GET
[2018-01-23T15:29:43.040] [INFO] default - have state : 123
[2018-01-23T15:29:43.040] [INFO] default - req.method  : GET
[2018-01-23T15:29:56.218] [DEBUG] default - Some debug messages
[2018-01-23T15:29:57.952] [INFO] default - have state : 123
[2018-01-23T15:29:57.952] [INFO] default - req.method  : GET
[2018-01-23T15:30:18.615] [INFO] default - have state : 123
[2018-01-23T15:30:18.615] [INFO] default - req.method  : GET
[2018-01-23T15:30:37.631] [INFO] default - have state : 123
[2018-01-23T15:30:37.631] [INFO] default - req.method  : GET
[2018-01-23T15:31:56.568] [INFO] default - have state : 123
[2018-01-23T15:31:56.570] [INFO] default - req.method  : GET
[2018-01-23T15:51:28.244] [INFO] default - have state : 123
[2018-01-23T15:51:28.245] [INFO] default - req.method  : GET
[2018-01-23T15:51:40.593] [INFO] default - have state : 123
[2018-01-23T15:51:40.594] [INFO] default - req.method  : GET
[2018-01-23T15:52:33.876] [INFO] default - have state : 123
[2018-01-23T15:52:33.877] [INFO] default - req.method  : GET
[2018-01-23T15:52:49.803] [INFO] default - have state : 123
[2018-01-23T15:52:49.803] [INFO] default - req.method  : GET
[2018-01-23T15:55:32.168] [INFO] default - have state : 123
[2018-01-23T15:55:32.168] [INFO] default - req.method  : GET
[2018-01-23T15:56:35.698] [INFO] default - have state : 123
[2018-01-23T15:56:35.699] [INFO] default - req.method  : GET
[2018-01-23T15:56:44.815] [INFO] default - have state : 123
[2018-01-23T15:56:44.816] [INFO] default - req.method  : GET
[2018-01-23T15:57:11.646] [INFO] default - have state : 123
[2018-01-23T15:57:11.646] [INFO] default - req.method  : GET
[2018-01-23T15:57:27.685] [INFO] default - have state : 123
[2018-01-23T15:57:27.685] [INFO] default - req.method  : GET
[2018-01-23T15:57:43.582] [INFO] default - have state : 123
[2018-01-23T15:57:43.583] [INFO] default - req.method  : GET
[2018-01-23T16:13:18.574] [INFO] default - have state : 123
[2018-01-23T16:13:18.575] [INFO] default - req.method  : GET
[2018-01-23T17:10:47.599] [INFO] default - have state : 123
[2018-01-23T17:10:47.600] [INFO] default - req.method  : GET
[2018-01-23T17:10:58.663] [INFO] default - have state : 123
[2018-01-23T17:10:58.663] [INFO] default - req.method  : GET
[2018-01-23T17:12:18.706] [INFO] default - have state : 123
[2018-01-23T17:12:18.706] [INFO] default - req.method  : GET
[2018-01-23T17:12:21.964] [INFO] default - have state : 123
[2018-01-23T17:12:21.964] [INFO] default - req.method  : GET
