[2018-04-27T10:35:55.917] [DEBUG] default - Some debug messages
[2018-04-27T10:36:13.247] [INFO] default - requireUrl = /melktech-pds-api/apiLogin/login
[2018-04-27T10:36:13.247] [INFO] default - requireBody = {"mobile":"18363992860","password":"a12345","entCode":"mk","url":"apiLogin/login"}
[2018-04-27T10:36:14.791] [INFO] default - id为1650748138a94678b92e60e7d0e31505邀请码为4H9CSG的邀请二维码放入redis中成功
[2018-04-27T10:36:14.791] [INFO] default - id为1650748138a94678b92e60e7d0e31505邀请码为4H9CSG的头像放入redis中成功
[2018-04-27T10:36:14.791] [INFO] default - id为1650748138a94678b92e60e7d0e31505邀请码为4H9CSG的手机号放入redis中成功
[2018-04-27T10:36:15.472] [INFO] default - requireUrl = /melktech-pds-api/apiPlan/planList
[2018-04-27T10:36:15.472] [INFO] default - requireBody = {"pageNum":"1","createTime":1523515114000,"creator":"-1","email":"50123@qq.com","enterpriseId":"2a4d962527a14721bf151a9826f762da","gender":1,"id":"1650748138a94678b92e60e7d0e31505","idCard":"123412asd","identifyNumber":"123412asd","identifyType":"身份证","inviteCode":"4H9CSG","mobile":"18363992860","name":"asd","password":"a12345","portrait":"http://dev-test-oss-public.oss-cn-beijing.aliyuncs.com/saleman/1650748138a94678b92e60e7d0e31505/portrait/42350fc1093b4243b1d893534f242216","qrCode":"http://dev-test-oss-public.oss-cn-beijing.aliyuncs.com/null","url":"apiPlan/planList"}
[2018-04-27T10:36:16.274] [INFO] default - requireUrl = /melktech-pds-api/apiOther/financial
[2018-04-27T10:36:16.275] [INFO] default - requireBody = {"id":"1650748138a94678b92e60e7d0e31505","url":"apiOther/financial"}
[2018-04-27T10:36:18.535] [INFO] default - requireUrl = /melktech-pds-api/apiOther/getTotalApplicant
[2018-04-27T10:36:18.535] [INFO] default - requireBody = {"createTime":1523515114000,"creator":"-1","email":"50123@qq.com","enterpriseId":"2a4d962527a14721bf151a9826f762da","gender":1,"id":"1650748138a94678b92e60e7d0e31505","idCard":"123412asd","identifyNumber":"123412asd","identifyType":"身份证","inviteCode":"4H9CSG","mobile":"18363992860","name":"asd","password":"a12345","portrait":"http://dev-test-oss-public.oss-cn-beijing.aliyuncs.com/saleman/1650748138a94678b92e60e7d0e31505/portrait/42350fc1093b4243b1d893534f242216","qrCode":"http://dev-test-oss-public.oss-cn-beijing.aliyuncs.com/null","url":"apiOther/getTotalApplicant"}
[2018-04-27T10:36:55.854] [INFO] default - requireUrl = /melktech-pds-api/apiOther/getTotalApplicant
[2018-04-27T10:36:55.854] [INFO] default - requireBody = {"createTime":1523515114000,"creator":"-1","email":"50123@qq.com","enterpriseId":"2a4d962527a14721bf151a9826f762da","gender":1,"id":"1650748138a94678b92e60e7d0e31505","idCard":"123412asd","identifyNumber":"123412asd","identifyType":"身份证","inviteCode":"4H9CSG","mobile":"18363992860","name":"asd","password":"a12345","portrait":"http://dev-test-oss-public.oss-cn-beijing.aliyuncs.com/saleman/1650748138a94678b92e60e7d0e31505/portrait/42350fc1093b4243b1d893534f242216","qrCode":"http://dev-test-oss-public.oss-cn-beijing.aliyuncs.com/null","url":"apiOther/getTotalApplicant"}
[2018-04-27T10:36:56.258] [ERROR] error - POST
[2018-04-27T10:36:56.259] [ERROR] error - /%3C%=localurl%%3E%3C%=projectUrl%%3EgetApplicantList
[2018-04-27T10:36:56.259] [ERROR] error - { localurl: 'http://localhost:3300',
  projectUrl: '/',
  message: 'Not Found',
  error: 
   { Error: Not Found
       at C:\Users\owner\WebstormProjects\melktech-pds-mobile\app.js:99:13
       at Layer.handle [as handle_request] (C:\Users\owner\WebstormProjects\melktech-pds-mobile\node_modules\express\lib\router\layer.js:95:5)
       at trim_prefix (C:\Users\owner\WebstormProjects\melktech-pds-mobile\node_modules\express\lib\router\index.js:317:13)
       at C:\Users\owner\WebstormProjects\melktech-pds-mobile\node_modules\express\lib\router\index.js:284:7
       at Function.process_params (C:\Users\owner\WebstormProjects\melktech-pds-mobile\node_modules\express\lib\router\index.js:335:12)
       at next (C:\Users\owner\WebstormProjects\melktech-pds-mobile\node_modules\express\lib\router\index.js:275:10)
       at C:\Users\owner\WebstormProjects\melktech-pds-mobile\node_modules\express\lib\router\index.js:635:15
       at next (C:\Users\owner\WebstormProjects\melktech-pds-mobile\node_modules\express\lib\router\index.js:260:14)
       at Function.handle (C:\Users\owner\WebstormProjects\melktech-pds-mobile\node_modules\express\lib\router\index.js:174:3)
       at router (C:\Users\owner\WebstormProjects\melktech-pds-mobile\node_modules\express\lib\router\index.js:47:12) status: 404 } }
[2018-04-27T10:37:05.751] [INFO] default - requireUrl = /melktech-pds-api/apiOther/getTotalApplicant
[2018-04-27T10:37:05.751] [INFO] default - requireBody = {"createTime":1523515114000,"creator":"-1","email":"50123@qq.com","enterpriseId":"2a4d962527a14721bf151a9826f762da","gender":1,"id":"1650748138a94678b92e60e7d0e31505","idCard":"123412asd","identifyNumber":"123412asd","identifyType":"身份证","inviteCode":"4H9CSG","mobile":"18363992860","name":"asd","password":"a12345","portrait":"http://dev-test-oss-public.oss-cn-beijing.aliyuncs.com/saleman/1650748138a94678b92e60e7d0e31505/portrait/42350fc1093b4243b1d893534f242216","qrCode":"http://dev-test-oss-public.oss-cn-beijing.aliyuncs.com/null","url":"apiOther/getTotalApplicant"}
[2018-04-27T10:37:06.123] [ERROR] error - POST
[2018-04-27T10:37:06.123] [ERROR] error - /%3C%=localurl%%3E%3C%=projectUrl%%3EgetApplicantList
[2018-04-27T10:37:06.123] [ERROR] error - { localurl: 'http://localhost:3300',
  projectUrl: '/',
  message: 'Not Found',
  error: 
   { Error: Not Found
       at C:\Users\owner\WebstormProjects\melktech-pds-mobile\app.js:99:13
       at Layer.handle [as handle_request] (C:\Users\owner\WebstormProjects\melktech-pds-mobile\node_modules\express\lib\router\layer.js:95:5)
       at trim_prefix (C:\Users\owner\WebstormProjects\melktech-pds-mobile\node_modules\express\lib\router\index.js:317:13)
       at C:\Users\owner\WebstormProjects\melktech-pds-mobile\node_modules\express\lib\router\index.js:284:7
       at Function.process_params (C:\Users\owner\WebstormProjects\melktech-pds-mobile\node_modules\express\lib\router\index.js:335:12)
       at next (C:\Users\owner\WebstormProjects\melktech-pds-mobile\node_modules\express\lib\router\index.js:275:10)
       at C:\Users\owner\WebstormProjects\melktech-pds-mobile\node_modules\express\lib\router\index.js:635:15
       at next (C:\Users\owner\WebstormProjects\melktech-pds-mobile\node_modules\express\lib\router\index.js:260:14)
       at Function.handle (C:\Users\owner\WebstormProjects\melktech-pds-mobile\node_modules\express\lib\router\index.js:174:3)
       at router (C:\Users\owner\WebstormProjects\melktech-pds-mobile\node_modules\express\lib\router\index.js:47:12) status: 404 } }
[2018-04-27T10:37:07.697] [INFO] default - requireUrl = /melktech-pds-api/apiOther/getTotalApplicant
[2018-04-27T10:37:07.698] [INFO] default - requireBody = {"createTime":1523515114000,"creator":"-1","email":"50123@qq.com","enterpriseId":"2a4d962527a14721bf151a9826f762da","gender":1,"id":"1650748138a94678b92e60e7d0e31505","idCard":"123412asd","identifyNumber":"123412asd","identifyType":"身份证","inviteCode":"4H9CSG","mobile":"18363992860","name":"asd","password":"a12345","portrait":"http://dev-test-oss-public.oss-cn-beijing.aliyuncs.com/saleman/1650748138a94678b92e60e7d0e31505/portrait/42350fc1093b4243b1d893534f242216","qrCode":"http://dev-test-oss-public.oss-cn-beijing.aliyuncs.com/null","url":"apiOther/getTotalApplicant"}
[2018-04-27T10:37:08.083] [ERROR] error - POST
[2018-04-27T10:37:08.083] [ERROR] error - /%3C%=localurl%%3E%3C%=projectUrl%%3EgetApplicantList
[2018-04-27T10:37:08.084] [ERROR] error - { localurl: 'http://localhost:3300',
  projectUrl: '/',
  message: 'Not Found',
  error: 
   { Error: Not Found
       at C:\Users\owner\WebstormProjects\melktech-pds-mobile\app.js:99:13
       at Layer.handle [as handle_request] (C:\Users\owner\WebstormProjects\melktech-pds-mobile\node_modules\express\lib\router\layer.js:95:5)
       at trim_prefix (C:\Users\owner\WebstormProjects\melktech-pds-mobile\node_modules\express\lib\router\index.js:317:13)
       at C:\Users\owner\WebstormProjects\melktech-pds-mobile\node_modules\express\lib\router\index.js:284:7
       at Function.process_params (C:\Users\owner\WebstormProjects\melktech-pds-mobile\node_modules\express\lib\router\index.js:335:12)
       at next (C:\Users\owner\WebstormProjects\melktech-pds-mobile\node_modules\express\lib\router\index.js:275:10)
       at C:\Users\owner\WebstormProjects\melktech-pds-mobile\node_modules\express\lib\router\index.js:635:15
       at next (C:\Users\owner\WebstormProjects\melktech-pds-mobile\node_modules\express\lib\router\index.js:260:14)
       at Function.handle (C:\Users\owner\WebstormProjects\melktech-pds-mobile\node_modules\express\lib\router\index.js:174:3)
       at router (C:\Users\owner\WebstormProjects\melktech-pds-mobile\node_modules\express\lib\router\index.js:47:12) status: 404 } }
[2018-04-27T10:37:08.909] [INFO] default - requireUrl = /melktech-pds-api/apiOther/getTotalApplicant
[2018-04-27T10:37:08.909] [INFO] default - requireBody = {"createTime":1523515114000,"creator":"-1","email":"50123@qq.com","enterpriseId":"2a4d962527a14721bf151a9826f762da","gender":1,"id":"1650748138a94678b92e60e7d0e31505","idCard":"123412asd","identifyNumber":"123412asd","identifyType":"身份证","inviteCode":"4H9CSG","mobile":"18363992860","name":"asd","password":"a12345","portrait":"http://dev-test-oss-public.oss-cn-beijing.aliyuncs.com/saleman/1650748138a94678b92e60e7d0e31505/portrait/42350fc1093b4243b1d893534f242216","qrCode":"http://dev-test-oss-public.oss-cn-beijing.aliyuncs.com/null","url":"apiOther/getTotalApplicant"}
[2018-04-27T10:37:09.284] [ERROR] error - POST
[2018-04-27T10:37:09.285] [ERROR] error - /%3C%=localurl%%3E%3C%=projectUrl%%3EgetApplicantList
[2018-04-27T10:37:09.285] [ERROR] error - { localurl: 'http://localhost:3300',
  projectUrl: '/',
  message: 'Not Found',
  error: 
   { Error: Not Found
       at C:\Users\owner\WebstormProjects\melktech-pds-mobile\app.js:99:13
       at Layer.handle [as handle_request] (C:\Users\owner\WebstormProjects\melktech-pds-mobile\node_modules\express\lib\router\layer.js:95:5)
       at trim_prefix (C:\Users\owner\WebstormProjects\melktech-pds-mobile\node_modules\express\lib\router\index.js:317:13)
       at C:\Users\owner\WebstormProjects\melktech-pds-mobile\node_modules\express\lib\router\index.js:284:7
       at Function.process_params (C:\Users\owner\WebstormProjects\melktech-pds-mobile\node_modules\express\lib\router\index.js:335:12)
       at next (C:\Users\owner\WebstormProjects\melktech-pds-mobile\node_modules\express\lib\router\index.js:275:10)
       at C:\Users\owner\WebstormProjects\melktech-pds-mobile\node_modules\express\lib\router\index.js:635:15
       at next (C:\Users\owner\WebstormProjects\melktech-pds-mobile\node_modules\express\lib\router\index.js:260:14)
       at Function.handle (C:\Users\owner\WebstormProjects\melktech-pds-mobile\node_modules\express\lib\router\index.js:174:3)
       at router (C:\Users\owner\WebstormProjects\melktech-pds-mobile\node_modules\express\lib\router\index.js:47:12) status: 404 } }
[2018-04-27T10:37:12.920] [INFO] default - requireUrl = /melktech-pds-api/apiOther/getTotalApplicant
[2018-04-27T10:37:12.921] [INFO] default - requireBody = {"createTime":1523515114000,"creator":"-1","email":"50123@qq.com","enterpriseId":"2a4d962527a14721bf151a9826f762da","gender":1,"id":"1650748138a94678b92e60e7d0e31505","idCard":"123412asd","identifyNumber":"123412asd","identifyType":"身份证","inviteCode":"4H9CSG","mobile":"18363992860","name":"asd","password":"a12345","portrait":"http://dev-test-oss-public.oss-cn-beijing.aliyuncs.com/saleman/1650748138a94678b92e60e7d0e31505/portrait/42350fc1093b4243b1d893534f242216","qrCode":"http://dev-test-oss-public.oss-cn-beijing.aliyuncs.com/null","url":"apiOther/getTotalApplicant"}
[2018-04-27T10:37:13.296] [ERROR] error - POST
[2018-04-27T10:37:13.296] [ERROR] error - /%3C%=localurl%%3E%3C%=projectUrl%%3EgetApplicantList
[2018-04-27T10:37:13.296] [ERROR] error - { localurl: 'http://localhost:3300',
  projectUrl: '/',
  message: 'Not Found',
  error: 
   { Error: Not Found
       at C:\Users\owner\WebstormProjects\melktech-pds-mobile\app.js:99:13
       at Layer.handle [as handle_request] (C:\Users\owner\WebstormProjects\melktech-pds-mobile\node_modules\express\lib\router\layer.js:95:5)
       at trim_prefix (C:\Users\owner\WebstormProjects\melktech-pds-mobile\node_modules\express\lib\router\index.js:317:13)
       at C:\Users\owner\WebstormProjects\melktech-pds-mobile\node_modules\express\lib\router\index.js:284:7
       at Function.process_params (C:\Users\owner\WebstormProjects\melktech-pds-mobile\node_modules\express\lib\router\index.js:335:12)
       at next (C:\Users\owner\WebstormProjects\melktech-pds-mobile\node_modules\express\lib\router\index.js:275:10)
       at C:\Users\owner\WebstormProjects\melktech-pds-mobile\node_modules\express\lib\router\index.js:635:15
       at next (C:\Users\owner\WebstormProjects\melktech-pds-mobile\node_modules\express\lib\router\index.js:260:14)
       at Function.handle (C:\Users\owner\WebstormProjects\melktech-pds-mobile\node_modules\express\lib\router\index.js:174:3)
       at router (C:\Users\owner\WebstormProjects\melktech-pds-mobile\node_modules\express\lib\router\index.js:47:12) status: 404 } }
[2018-04-27T10:39:08.933] [INFO] default - requireUrl = /melktech-pds-api/apiOther/getTotalApplicant
[2018-04-27T10:39:08.933] [INFO] default - requireBody = {"createTime":1523515114000,"creator":"-1","email":"50123@qq.com","enterpriseId":"2a4d962527a14721bf151a9826f762da","gender":1,"id":"1650748138a94678b92e60e7d0e31505","idCard":"123412asd","identifyNumber":"123412asd","identifyType":"身份证","inviteCode":"4H9CSG","mobile":"18363992860","name":"asd","password":"a12345","portrait":"http://dev-test-oss-public.oss-cn-beijing.aliyuncs.com/saleman/1650748138a94678b92e60e7d0e31505/portrait/42350fc1093b4243b1d893534f242216","qrCode":"http://dev-test-oss-public.oss-cn-beijing.aliyuncs.com/null","url":"apiOther/getTotalApplicant"}
[2018-04-27T10:39:09.351] [ERROR] error - POST
[2018-04-27T10:39:09.351] [ERROR] error - /%3C%=localurl%%3E%3C%=projectUrl%%3EgetApplicantList
[2018-04-27T10:39:09.351] [ERROR] error - { localurl: 'http://localhost:3300',
  projectUrl: '/',
  message: 'Not Found',
  error: 
   { Error: Not Found
       at C:\Users\owner\WebstormProjects\melktech-pds-mobile\app.js:99:13
       at Layer.handle [as handle_request] (C:\Users\owner\WebstormProjects\melktech-pds-mobile\node_modules\express\lib\router\layer.js:95:5)
       at trim_prefix (C:\Users\owner\WebstormProjects\melktech-pds-mobile\node_modules\express\lib\router\index.js:317:13)
       at C:\Users\owner\WebstormProjects\melktech-pds-mobile\node_modules\express\lib\router\index.js:284:7
       at Function.process_params (C:\Users\owner\WebstormProjects\melktech-pds-mobile\node_modules\express\lib\router\index.js:335:12)
       at next (C:\Users\owner\WebstormProjects\melktech-pds-mobile\node_modules\express\lib\router\index.js:275:10)
       at C:\Users\owner\WebstormProjects\melktech-pds-mobile\node_modules\express\lib\router\index.js:635:15
       at next (C:\Users\owner\WebstormProjects\melktech-pds-mobile\node_modules\express\lib\router\index.js:260:14)
       at Function.handle (C:\Users\owner\WebstormProjects\melktech-pds-mobile\node_modules\express\lib\router\index.js:174:3)
       at router (C:\Users\owner\WebstormProjects\melktech-pds-mobile\node_modules\express\lib\router\index.js:47:12) status: 404 } }
[2018-04-27T10:43:35.106] [DEBUG] default - Some debug messages
[2018-04-27T11:07:03.906] [DEBUG] default - ::1未登录
[2018-04-27T11:07:03.919] [DEBUG] default - ::1未登录
[2018-04-27T11:07:03.925] [DEBUG] default - ::1未登录
[2018-04-27T11:07:03.928] [DEBUG] default - ::1未登录
[2018-04-27T11:07:03.931] [DEBUG] default - ::1未登录
[2018-04-27T11:07:03.934] [DEBUG] default - ::1未登录
[2018-04-27T11:07:03.937] [DEBUG] default - ::1未登录
[2018-04-27T11:07:03.941] [DEBUG] default - ::1未登录
[2018-04-27T11:07:03.944] [DEBUG] default - ::1未登录
[2018-04-27T11:07:03.949] [DEBUG] default - ::1未登录
[2018-04-27T11:07:03.953] [DEBUG] default - ::1未登录
[2018-04-27T11:07:03.956] [DEBUG] default - ::1未登录
[2018-04-27T11:07:03.959] [DEBUG] default - ::1未登录
[2018-04-27T11:07:03.963] [DEBUG] default - ::1未登录
[2018-04-27T11:07:03.967] [DEBUG] default - ::1未登录
[2018-04-27T11:07:03.973] [DEBUG] default - ::1未登录
[2018-04-27T11:07:03.976] [DEBUG] default - ::1未登录
[2018-04-27T11:07:03.980] [DEBUG] default - ::1未登录
[2018-04-27T11:07:04.197] [DEBUG] default - ::1未登录
[2018-04-27T11:07:04.217] [DEBUG] default - ::1未登录
[2018-04-27T11:07:04.221] [DEBUG] default - ::1未登录
[2018-04-27T11:07:07.635] [DEBUG] default - ::1未登录
[2018-04-27T11:07:07.648] [DEBUG] default - ::1未登录
[2018-04-27T11:07:07.653] [DEBUG] default - ::1未登录
[2018-04-27T11:07:07.657] [DEBUG] default - ::1未登录
[2018-04-27T11:07:07.661] [DEBUG] default - ::1未登录
[2018-04-27T11:07:07.665] [DEBUG] default - ::1未登录
[2018-04-27T11:07:07.670] [DEBUG] default - ::1未登录
[2018-04-27T11:07:07.674] [DEBUG] default - ::1未登录
[2018-04-27T11:07:07.677] [DEBUG] default - ::1未登录
[2018-04-27T11:07:07.681] [DEBUG] default - ::1未登录
[2018-04-27T11:07:07.690] [DEBUG] default - ::1未登录
[2018-04-27T11:07:07.693] [DEBUG] default - ::1未登录
[2018-04-27T11:07:07.881] [DEBUG] default - ::1未登录
[2018-04-27T11:07:07.903] [DEBUG] default - ::1未登录
[2018-04-27T11:07:07.907] [DEBUG] default - ::1未登录
[2018-04-27T11:07:07.912] [DEBUG] default - ::1未登录
[2018-04-27T11:07:07.921] [DEBUG] default - ::1未登录
[2018-04-27T11:07:07.926] [DEBUG] default - ::1未登录
[2018-04-27T11:07:07.930] [DEBUG] default - ::1未登录
[2018-04-27T11:07:07.934] [DEBUG] default - ::1未登录
[2018-04-27T11:07:07.939] [DEBUG] default - ::1未登录
[2018-04-27T11:25:38.934] [DEBUG] default - ::1未登录
[2018-04-27T11:25:38.944] [DEBUG] default - ::1未登录
[2018-04-27T11:25:38.947] [DEBUG] default - ::1未登录
[2018-04-27T11:25:38.950] [DEBUG] default - ::1未登录
[2018-04-27T11:25:38.953] [DEBUG] default - ::1未登录
[2018-04-27T11:25:38.958] [DEBUG] default - ::1未登录
[2018-04-27T11:25:39.148] [DEBUG] default - ::1未登录
[2018-04-27T11:25:39.167] [DEBUG] default - ::1未登录
[2018-04-27T11:25:39.177] [DEBUG] default - ::1未登录
[2018-04-27T11:25:39.184] [DEBUG] default - ::1未登录
[2018-04-27T11:25:39.188] [DEBUG] default - ::1未登录
[2018-04-27T11:25:39.193] [DEBUG] default - ::1未登录
[2018-04-27T11:25:39.196] [DEBUG] default - ::1未登录
[2018-04-27T11:25:39.200] [DEBUG] default - ::1未登录
[2018-04-27T11:25:39.203] [DEBUG] default - ::1未登录
[2018-04-27T11:25:39.207] [DEBUG] default - ::1未登录
[2018-04-27T11:25:39.212] [DEBUG] default - ::1未登录
[2018-04-27T11:25:39.216] [DEBUG] default - ::1未登录
[2018-04-27T11:25:39.219] [DEBUG] default - ::1未登录
[2018-04-27T11:25:39.223] [DEBUG] default - ::1未登录
[2018-04-27T11:25:39.227] [DEBUG] default - ::1未登录
[2018-04-27T13:30:29.853] [DEBUG] default - Some debug messages
[2018-04-27T13:31:02.878] [INFO] default - bk
[2018-04-27T13:31:17.007] [INFO] default - requireUrl = /melktech-pds-api/apiOther/sendCaptcha
[2018-04-27T13:31:17.007] [INFO] default - requireBody = {"telPhoneNubmer":"15023141234","url":"apiOther/sendCaptcha"}
[2018-04-27T13:31:25.990] [INFO] default - requireUrl = /melktech-pds-api/apiRegister/register
[2018-04-27T13:31:25.990] [INFO] default - requireBody = {"mobile":"15023141234","password":"a12345","inviteCode":"","captcha":"421011","entCode":"bk","url":"apiRegister/register","registerPageUrl":"http://localhost:3300/register"}
[2018-04-27T13:31:28.313] [INFO] default - id为undefined邀请码为undefined的邀请二维码放入redis中成功
[2018-04-27T13:31:28.313] [INFO] default - id为undefined邀请码为undefined的头像放入redis中成功
[2018-04-27T13:31:28.313] [INFO] default - id为undefined邀请码为undefined的手机号放入redis中成功
[2018-04-27T13:31:28.907] [INFO] default - requireUrl = /melktech-pds-api/apiPlan/planList
[2018-04-27T13:31:28.907] [INFO] default - requireBody = {"pageNum":"1","createTime":1524807088062,"creator":"-1","enterpriseId":"4076e226f3e4484faca54f039b54e047","id":"033ddc3c37244634b0d33aa01da89648","inviteCode":"DZP5WBJ","mobile":"15023141234","password":"a12345","portrait":"","qrCode":"http://dev-test-oss-public.oss-cn-beijing.aliyuncs.com/saleman/033ddc3c37244634b0d33aa01da89648/qrCode/93eb304336524468b29ee5abf7d611a9","url":"apiPlan/planList"}
[2018-04-27T13:36:05.857] [INFO] default - bk
[2018-04-27T13:36:07.376] [INFO] default - requireUrl = /melktech-pds-api/apiOther/getTotalApplicant
[2018-04-27T13:36:07.376] [INFO] default - requireBody = {"createTime":1524807088062,"creator":"-1","enterpriseId":"4076e226f3e4484faca54f039b54e047","id":"033ddc3c37244634b0d33aa01da89648","inviteCode":"DZP5WBJ","mobile":"15023141234","password":"a12345","portrait":"","qrCode":"http://dev-test-oss-public.oss-cn-beijing.aliyuncs.com/saleman/033ddc3c37244634b0d33aa01da89648/qrCode/93eb304336524468b29ee5abf7d611a9","url":"apiOther/getTotalApplicant"}
[2018-04-27T13:36:07.886] [INFO] default - requireUrl = /melktech-pds-api/apiOther/getApplicantList
[2018-04-27T13:36:07.886] [INFO] default - requireBody = {"pageNum":"1","createTime":1524807088062,"creator":"-1","enterpriseId":"4076e226f3e4484faca54f039b54e047","id":"033ddc3c37244634b0d33aa01da89648","inviteCode":"DZP5WBJ","mobile":"15023141234","password":"a12345","portrait":"","qrCode":"http://dev-test-oss-public.oss-cn-beijing.aliyuncs.com/saleman/033ddc3c37244634b0d33aa01da89648/qrCode/93eb304336524468b29ee5abf7d611a9","url":"apiOther/getApplicantList"}
[2018-04-27T13:36:07.985] [INFO] default - requireUrl = /melktech-pds-api/apiOther/financial
[2018-04-27T13:36:07.985] [INFO] default - requireBody = {"id":"033ddc3c37244634b0d33aa01da89648","url":"apiOther/financial"}
[2018-04-27T13:55:46.551] [INFO] default - requireUrl = /melktech-pds-api/apiLogin/login
[2018-04-27T13:55:46.552] [INFO] default - requireBody = {"mobile":"18363992860","password":"a12345","entCode":"mk","url":"apiLogin/login"}
[2018-04-27T13:55:47.554] [ERROR] error - problem with request: connect ECONNREFUSED 127.0.0.1:8180
[2018-04-27T13:56:20.393] [INFO] default - requireUrl = /melktech-pds-api/apiLogin/login
[2018-04-27T13:56:20.394] [INFO] default - requireBody = {"mobile":"18363992860","password":"a12345","entCode":"mk","url":"apiLogin/login"}
[2018-04-27T13:56:21.597] [INFO] default - id为1650748138a94678b92e60e7d0e31505邀请码为4H9CSG的邀请二维码放入redis中成功
[2018-04-27T13:56:21.597] [INFO] default - id为1650748138a94678b92e60e7d0e31505邀请码为4H9CSG的头像放入redis中成功
[2018-04-27T13:56:21.597] [INFO] default - id为1650748138a94678b92e60e7d0e31505邀请码为4H9CSG的手机号放入redis中成功
[2018-04-27T13:56:22.158] [INFO] default - requireUrl = /melktech-pds-api/apiPlan/planList
[2018-04-27T13:56:22.158] [INFO] default - requireBody = {"pageNum":"1","createTime":1523515114000,"creator":"-1","email":"50123@qq.com","enterpriseId":"2a4d962527a14721bf151a9826f762da","gender":1,"id":"1650748138a94678b92e60e7d0e31505","idCard":"123412asd","identifyNumber":"123412asd","identifyType":"身份证","inviteCode":"4H9CSG","mobile":"18363992860","name":"asd","password":"a12345","portrait":"http://dev-test-oss-public.oss-cn-beijing.aliyuncs.com/saleman/1650748138a94678b92e60e7d0e31505/portrait/42350fc1093b4243b1d893534f242216","qrCode":"http://dev-test-oss-public.oss-cn-beijing.aliyuncs.com/null","url":"apiPlan/planList"}
[2018-04-27T13:56:22.743] [INFO] default - requireUrl = /melktech-pds-api/apiOther/financial
[2018-04-27T13:56:22.743] [INFO] default - requireBody = {"id":"1650748138a94678b92e60e7d0e31505","url":"apiOther/financial"}
[2018-04-27T13:57:13.716] [INFO] default - requireUrl = /melktech-pds-api/apiOther/financial
[2018-04-27T13:57:13.717] [INFO] default - requireBody = {"id":"1650748138a94678b92e60e7d0e31505","url":"apiOther/financial"}
[2018-04-27T13:58:06.378] [INFO] default - requireUrl = /melktech-pds-api/apiPlan/planList
[2018-04-27T13:58:06.378] [INFO] default - requireBody = {"pageNum":"1","createTime":1523515114000,"creator":"-1","email":"50123@qq.com","enterpriseId":"2a4d962527a14721bf151a9826f762da","gender":1,"id":"1650748138a94678b92e60e7d0e31505","idCard":"123412asd","identifyNumber":"123412asd","identifyType":"身份证","inviteCode":"4H9CSG","mobile":"18363992860","name":"asd","password":"a12345","portrait":"http://dev-test-oss-public.oss-cn-beijing.aliyuncs.com/saleman/1650748138a94678b92e60e7d0e31505/portrait/42350fc1093b4243b1d893534f242216","qrCode":"http://dev-test-oss-public.oss-cn-beijing.aliyuncs.com/null","url":"apiPlan/planList"}
[2018-04-27T13:58:09.268] [INFO] default - requireUrl = /melktech-pds-api/apiPlan/planList
[2018-04-27T13:58:09.269] [INFO] default - requireBody = {"pageNum":"1","createTime":1523515114000,"creator":"-1","email":"50123@qq.com","enterpriseId":"2a4d962527a14721bf151a9826f762da","gender":1,"id":"1650748138a94678b92e60e7d0e31505","idCard":"123412asd","identifyNumber":"123412asd","identifyType":"身份证","inviteCode":"4H9CSG","mobile":"18363992860","name":"asd","password":"a12345","portrait":"http://dev-test-oss-public.oss-cn-beijing.aliyuncs.com/saleman/1650748138a94678b92e60e7d0e31505/portrait/42350fc1093b4243b1d893534f242216","qrCode":"http://dev-test-oss-public.oss-cn-beijing.aliyuncs.com/null","url":"apiPlan/planList"}
[2018-04-27T17:35:20.301] [DEBUG] default - Some debug messages
[2018-04-27T17:36:34.195] [DEBUG] default - Some debug messages
