[2018-05-07T13:16:21.661] [DEBUG] default - Some debug messages
[2018-05-07T13:16:29.087] [INFO] default - requireUrl = /melktech-pds-api/apiLogin/login
[2018-05-07T13:16:29.087] [INFO] default - requireBody = {"mobile":"18363992860","password":"a12345","entCode":"mk","url":"apiLogin/login"}
[2018-05-07T13:16:30.481] [INFO] default - id为1650748138a94678b92e60e7d0e31505邀请码为4H9CSG的邀请二维码放入redis中成功
[2018-05-07T13:16:30.481] [INFO] default - id为1650748138a94678b92e60e7d0e31505邀请码为4H9CSG的头像放入redis中成功
[2018-05-07T13:16:30.481] [INFO] default - id为1650748138a94678b92e60e7d0e31505邀请码为4H9CSG的手机号放入redis中成功
[2018-05-07T13:16:30.667] [INFO] default - 操作时间更新 : 18363992860->1525670190511(2018-5-7 13:16:30)
[2018-05-07T13:16:31.242] [INFO] default - 操作时间更新 : 18363992860->1525670191242(2018-5-7 13:16:31)
[2018-05-07T13:16:31.245] [INFO] default - requireUrl = /melktech-pds-api/apiPlan/planList
[2018-05-07T13:16:31.245] [INFO] default - requireBody = {"pageNum":"1","canInvite":1,"createTime":1523515114000,"creator":"-1","enterpriseId":"2a4d962527a14721bf151a9826f762da","id":"1650748138a94678b92e60e7d0e31505","inviteCode":"4H9CSG","isOnline":1,"mobile":"18363992860","password":"a12345","portrait":"http://dev-test-oss-public.oss-cn-beijing.aliyuncs.com/saleman/1650748138a94678b92e60e7d0e31505/portrait/19c1ce9add114ee1bd84402e476d55b4","qrCode":"http://dev-test-oss-public.oss-cn-beijing.aliyuncs.com/null","url":"apiPlan/planList"}
[2018-05-07T13:16:32.281] [INFO] default - 操作时间更新 : 18363992860->1525670192281(2018-5-7 13:16:32)
[2018-05-07T13:16:32.282] [INFO] default - requireUrl = /melktech-pds-api/apiOther/financial
[2018-05-07T13:16:32.282] [INFO] default - requireBody = {"id":"1650748138a94678b92e60e7d0e31505","url":"apiOther/financial"}
[2018-05-07T13:16:37.990] [INFO] default - 操作时间更新 : 18363992860->1525670197990(2018-5-7 13:16:37)
[2018-05-07T13:16:37.991] [ERROR] error - GET
[2018-05-07T13:16:37.991] [ERROR] error - /modifyPasswordPage
[2018-05-07T13:16:37.992] [ERROR] error - { localurl: 'http://localhost:3300',
  projectUrl: '/',
  message: 'Not Found',
  error: 
   { Error: Not Found
       at C:\Users\owner\WebstormProjects\melktech-pds-mobile\app.js:106:13
       at Layer.handle [as handle_request] (C:\Users\owner\WebstormProjects\melktech-pds-mobile\node_modules\express\lib\router\layer.js:95:5)
       at trim_prefix (C:\Users\owner\WebstormProjects\melktech-pds-mobile\node_modules\express\lib\router\index.js:317:13)
       at C:\Users\owner\WebstormProjects\melktech-pds-mobile\node_modules\express\lib\router\index.js:284:7
       at Function.process_params (C:\Users\owner\WebstormProjects\melktech-pds-mobile\node_modules\express\lib\router\index.js:335:12)
       at next (C:\Users\owner\WebstormProjects\melktech-pds-mobile\node_modules\express\lib\router\index.js:275:10)
       at C:\Users\owner\WebstormProjects\melktech-pds-mobile\node_modules\express\lib\router\index.js:635:15
       at next (C:\Users\owner\WebstormProjects\melktech-pds-mobile\node_modules\express\lib\router\index.js:260:14)
       at Function.handle (C:\Users\owner\WebstormProjects\melktech-pds-mobile\node_modules\express\lib\router\index.js:174:3)
       at router (C:\Users\owner\WebstormProjects\melktech-pds-mobile\node_modules\express\lib\router\index.js:47:12) status: 404 } }
[2018-05-07T13:16:38.064] [INFO] default - 操作时间更新 : 18363992860->1525670198064(2018-5-7 13:16:38)
[2018-05-07T13:16:38.071] [INFO] default - 操作时间更新 : 18363992860->1525670198071(2018-5-7 13:16:38)
[2018-05-07T13:17:45.662] [DEBUG] default - Some debug messages
[2018-05-07T13:17:51.702] [INFO] default - requireUrl = /melktech-pds-api/apiLogin/login
[2018-05-07T13:17:51.703] [INFO] default - requireBody = {"mobile":"18363992860","password":"a12345","entCode":"mk","url":"apiLogin/login"}
[2018-05-07T13:17:51.729] [INFO] default - id为1650748138a94678b92e60e7d0e31505邀请码为4H9CSG的邀请二维码放入redis中成功
[2018-05-07T13:17:51.730] [INFO] default - id为1650748138a94678b92e60e7d0e31505邀请码为4H9CSG的头像放入redis中成功
[2018-05-07T13:17:51.730] [INFO] default - id为1650748138a94678b92e60e7d0e31505邀请码为4H9CSG的手机号放入redis中成功
[2018-05-07T13:17:51.749] [INFO] default - 操作时间更新 : 18363992860->1525670271744(2018-5-7 13:17:51)
[2018-05-07T13:17:52.322] [INFO] default - 操作时间更新 : 18363992860->1525670272322(2018-5-7 13:17:52)
[2018-05-07T13:17:52.323] [INFO] default - requireUrl = /melktech-pds-api/apiPlan/planList
[2018-05-07T13:17:52.324] [INFO] default - requireBody = {"pageNum":"1","canInvite":1,"createTime":1523515114000,"creator":"-1","enterpriseId":"2a4d962527a14721bf151a9826f762da","id":"1650748138a94678b92e60e7d0e31505","inviteCode":"4H9CSG","isOnline":1,"mobile":"18363992860","password":"a12345","portrait":"http://dev-test-oss-public.oss-cn-beijing.aliyuncs.com/saleman/1650748138a94678b92e60e7d0e31505/portrait/19c1ce9add114ee1bd84402e476d55b4","qrCode":"http://dev-test-oss-public.oss-cn-beijing.aliyuncs.com/null","url":"apiPlan/planList"}
[2018-05-07T13:17:52.769] [INFO] default - 操作时间更新 : 18363992860->1525670272769(2018-5-7 13:17:52)
[2018-05-07T13:17:52.770] [INFO] default - requireUrl = /melktech-pds-api/apiOther/financial
[2018-05-07T13:17:52.770] [INFO] default - requireBody = {"id":"1650748138a94678b92e60e7d0e31505","url":"apiOther/financial"}
[2018-05-07T13:17:53.888] [INFO] default - 操作时间更新 : 18363992860->1525670273887(2018-5-7 13:17:53)
[2018-05-07T13:17:53.905] [ERROR] error - { localurl: 'http://localhost:3300',
  projectUrl: '/',
  message: 'C:\\Users\\owner\\WebstormProjects\\melktech-pds-mobile\\views\\modifyPassword.html:1\n >> 1| <!DOCTYPE html><html lang="en"><head></head><body><%-include("./commonJs.html")%><%-include("./commonCss.html")%><title>个人信息</title><link rel="stylesheet" href="<%=localurl%><%=projectUrl%>stylesheets/page/modifyPassword.css"><script type="text/babel">$(document).ready(function(){ const shark = new SharkTip({ needShark: true}); const loader = new Loaders({style:"rectangle"});  $(".header").on("vclick",".backIcon" , function (e) { e.preventDefault(); window.location.href = "<%=localurl%><%=projectUrl%>userCenter"; }); $(".bodyContent").on("vclick", ".submitButton", function (e) { e.preventDefault(); loader.show(); let name = $.trim($(".name").val());  let identifyType = $.trim($(".identifyType").val());  if(identifyType == "请选择"){ identifyType = ""; } let identifyNumber = $.trim($(".identifyNumber").val());  let email = $.trim($(".email").val());  let gender = $.trim($(".gender").val());  if(gender == "请选择"){ gender = ""; } if(name && name.length > 10){ loader.hide(); shark.show("姓名过长，不能超过10个字符"); return false; }else if(email && !emailCheck.test(email)){ loader.hide(); shark.show("请输入正确的邮箱"); return false; }else if((!identifyType && identifyNumber ) || (identifyType && !identifyNumber )){ loader.hide(); shark.show("证件类型和证件号码必须同时存在"); return false; } let formData = new FormData(); formData.append("name",name); formData.append("identifyType",identifyType); formData.append("identifyNumber",identifyNumber); formData.append("email",email); formData.append("gender",gender); $.ajax({ url: "<%= localurl %><%= projectUrl %>updatePersonalInfo", type: \'POST\', data: formData, async: true, cache: false, dataType: \'json\', contentType: false, processData: false, success: (data) => { if (data.ret == 0) { shark.show("更新成功"); } else { shark.show(data.msg); } }, complete: function (data) { loader.hide(); }, error: (data) => { shark.show("系统异常,请联系管理员"); } }); }); });</script><div class="header"><span class="icon-carat-b-onwer backIcon"></span> <span class="title">个人信息</span></div><div class="bodyContent"><div class="personalInfo"><div class="ui-grid-b oneline"><span class="ui-block-a icon iconPhone"></span> <span class="ui-block-b">姓名:</span> <span class="ui-block-c input"><input type="text" name="name" class="personalInfo name" data-role="none" placeholder="请输入姓名" value="<%=name%>" autocomplete="off"></span></div><div id="identifyTypeDiv" class="ui-grid-b oneline"><span class="ui-block-a icon iconPhone"></span> <span class="ui-block-b">证件类型:</span> <span class="ui-block-c input"><input type="text" name="identifyType" class="personalInfo identifyType" data-role="none" placeholder="请选择证件类型" autocomplete="off" value="<%=identifyType%>" readonly></span></div><div class="ui-grid-b oneline"><span class="ui-block-a icon iconPhone"></span> <span class="ui-block-b">证件号码:</span> <span class="ui-block-c input"><input type="text" name="identifyNumber" class="personalInfo identifyNumber" data-role="none" placeholder="请输入证件号码" value="<%=identifyNumber%>" autocomplete="off"></span></div><div class="ui-grid-b oneline"><span class="ui-block-a icon iconPhone"></span> <span class="ui-block-b">邮箱:</span> <span class="ui-block-c input"><input type="text" name="email" class="personalInfo email" data-role="none" placeholder="请输入邮箱" value="<%=email%>" autocomplete="off"></span></div><div class="ui-grid-b oneline" id="genderDiv"><span class="ui-block-a icon iconPhone"></span> <span class="ui-block-b">性别:</span> <span class="ui-block-c input"><input type="text" name="gender" class="personalInfo gender" data-role="none" placeholder="请选择性别" autocomplete="off" value="<%=gender%>" readonly></span></div></div><div class="submitDiv"><span class="submitButton">保存</span></div></div></body></html>\n\nname is not defined',
  error: 
   { ReferenceError: C:\Users\owner\WebstormProjects\melktech-pds-mobile\views\modifyPassword.html:1
    >> 1| <!DOCTYPE html><html lang="en"><head></head><body><%-include("./commonJs.html")%><%-include("./commonCss.html")%><title>个人信息</title><link rel="stylesheet" href="<%=localurl%><%=projectUrl%>stylesheets/page/modifyPassword.css"><script type="text/babel">$(document).ready(function(){ const shark = new SharkTip({ needShark: true}); const loader = new Loaders({style:"rectangle"});  $(".header").on("vclick",".backIcon" , function (e) { e.preventDefault(); window.location.href = "<%=localurl%><%=projectUrl%>userCenter"; }); $(".bodyContent").on("vclick", ".submitButton", function (e) { e.preventDefault(); loader.show(); let name = $.trim($(".name").val());  let identifyType = $.trim($(".identifyType").val());  if(identifyType == "请选择"){ identifyType = ""; } let identifyNumber = $.trim($(".identifyNumber").val());  let email = $.trim($(".email").val());  let gender = $.trim($(".gender").val());  if(gender == "请选择"){ gender = ""; } if(name && name.length > 10){ loader.hide(); shark.show("姓名过长，不能超过10个字符"); return false; }else if(email && !emailCheck.test(email)){ loader.hide(); shark.show("请输入正确的邮箱"); return false; }else if((!identifyType && identifyNumber ) || (identifyType && !identifyNumber )){ loader.hide(); shark.show("证件类型和证件号码必须同时存在"); return false; } let formData = new FormData(); formData.append("name",name); formData.append("identifyType",identifyType); formData.append("identifyNumber",identifyNumber); formData.append("email",email); formData.append("gender",gender); $.ajax({ url: "<%= localurl %><%= projectUrl %>updatePersonalInfo", type: 'POST', data: formData, async: true, cache: false, dataType: 'json', contentType: false, processData: false, success: (data) => { if (data.ret == 0) { shark.show("更新成功"); } else { shark.show(data.msg); } }, complete: function (data) { loader.hide(); }, error: (data) => { shark.show("系统异常,请联系管理员"); } }); }); });</script><div class="header"><span class="icon-carat-b-onwer backIcon"></span> <span class="title">个人信息</span></div><div class="bodyContent"><div class="personalInfo"><div class="ui-grid-b oneline"><span class="ui-block-a icon iconPhone"></span> <span class="ui-block-b">姓名:</span> <span class="ui-block-c input"><input type="text" name="name" class="personalInfo name" data-role="none" placeholder="请输入姓名" value="<%=name%>" autocomplete="off"></span></div><div id="identifyTypeDiv" class="ui-grid-b oneline"><span class="ui-block-a icon iconPhone"></span> <span class="ui-block-b">证件类型:</span> <span class="ui-block-c input"><input type="text" name="identifyType" class="personalInfo identifyType" data-role="none" placeholder="请选择证件类型" autocomplete="off" value="<%=identifyType%>" readonly></span></div><div class="ui-grid-b oneline"><span class="ui-block-a icon iconPhone"></span> <span class="ui-block-b">证件号码:</span> <span class="ui-block-c input"><input type="text" name="identifyNumber" class="personalInfo identifyNumber" data-role="none" placeholder="请输入证件号码" value="<%=identifyNumber%>" autocomplete="off"></span></div><div class="ui-grid-b oneline"><span class="ui-block-a icon iconPhone"></span> <span class="ui-block-b">邮箱:</span> <span class="ui-block-c input"><input type="text" name="email" class="personalInfo email" data-role="none" placeholder="请输入邮箱" value="<%=email%>" autocomplete="off"></span></div><div class="ui-grid-b oneline" id="genderDiv"><span class="ui-block-a icon iconPhone"></span> <span class="ui-block-b">性别:</span> <span class="ui-block-c input"><input type="text" name="gender" class="personalInfo gender" data-role="none" placeholder="请选择性别" autocomplete="off" value="<%=gender%>" readonly></span></div></div><div class="submitDiv"><span class="submitButton">保存</span></div></div></body></html>
   
   name is not defined
       at eval (eval at compile (C:\Users\owner\WebstormProjects\melktech-pds-mobile\node_modules\ejs\lib\ejs.js:592:12), <anonymous>:22:25)
       at returnedFn (C:\Users\owner\WebstormProjects\melktech-pds-mobile\node_modules\ejs\lib\ejs.js:623:17)
       at tryHandleCache (C:\Users\owner\WebstormProjects\melktech-pds-mobile\node_modules\ejs\lib\ejs.js:251:36)
       at View.exports.renderFile [as engine] (C:\Users\owner\WebstormProjects\melktech-pds-mobile\node_modules\ejs\lib\ejs.js:480:10)
       at View.render (C:\Users\owner\WebstormProjects\melktech-pds-mobile\node_modules\express\lib\view.js:127:8)
       at tryRender (C:\Users\owner\WebstormProjects\melktech-pds-mobile\node_modules\express\lib\application.js:640:10)
       at EventEmitter.render (C:\Users\owner\WebstormProjects\melktech-pds-mobile\node_modules\express\lib\application.js:592:3)
       at ServerResponse.render (C:\Users\owner\WebstormProjects\melktech-pds-mobile\node_modules\express\lib\response.js:971:7)
       at C:\Users\owner\WebstormProjects\melktech-pds-mobile\routes\password.js:13:6
       at Layer.handle [as handle_request] (C:\Users\owner\WebstormProjects\melktech-pds-mobile\node_modules\express\lib\router\layer.js:95:5)
     path: 'C:\\Users\\owner\\WebstormProjects\\melktech-pds-mobile\\views\\modifyPassword.html' } }
[2018-05-07T13:18:53.588] [INFO] default - 操作时间更新 : 18363992860->1525670333587(2018-5-7 13:18:53)
[2018-05-07T13:22:36.822] [INFO] default - 操作时间更新 : 18363992860->1525670556822(2018-5-7 13:22:36)
[2018-05-07T13:22:40.457] [INFO] default - 操作时间更新 : 18363992860->1525670560457(2018-5-7 13:22:40)
[2018-05-07T13:22:40.458] [INFO] default - bk
[2018-05-07T13:22:40.475] [INFO] default - 操作时间更新 : 18363992860->1525670560475(2018-5-7 13:22:40)
[2018-05-07T13:22:42.500] [INFO] default - 操作时间更新 : 18363992860->1525670562500(2018-5-7 13:22:42)
[2018-05-07T13:23:07.267] [INFO] default - 操作时间更新 : 18363992860->1525670587267(2018-5-7 13:23:07)
[2018-05-07T13:23:08.733] [INFO] default - 操作时间更新 : 18363992860->1525670588733(2018-5-7 13:23:08)
[2018-05-07T13:23:15.540] [INFO] default - 操作时间更新 : 18363992860->1525670595540(2018-5-7 13:23:15)
[2018-05-07T13:25:15.404] [INFO] default - 操作时间更新 : 18363992860->1525670715404(2018-5-7 13:25:15)
[2018-05-07T13:25:29.365] [INFO] default - 操作时间更新 : 18363992860->1525670729364(2018-5-7 13:25:29)
[2018-05-07T13:27:45.188] [INFO] default - 操作时间更新 : 18363992860->1525670865188(2018-5-7 13:27:45)
[2018-05-07T13:33:15.404] [DEBUG] default - Some debug messages
[2018-05-07T13:38:07.163] [DEBUG] default - ::1未登录
[2018-05-07T13:38:12.612] [INFO] default - requireUrl = /melktech-pds-api/apiLogin/login
[2018-05-07T13:38:12.613] [INFO] default - requireBody = {"mobile":"18363992860","password":"a12345","entCode":"mk","url":"apiLogin/login"}
[2018-05-07T13:38:13.805] [INFO] default - id为1650748138a94678b92e60e7d0e31505邀请码为4H9CSG的邀请二维码放入redis中成功
[2018-05-07T13:38:13.805] [INFO] default - id为1650748138a94678b92e60e7d0e31505邀请码为4H9CSG的头像放入redis中成功
[2018-05-07T13:38:13.806] [INFO] default - id为1650748138a94678b92e60e7d0e31505邀请码为4H9CSG的手机号放入redis中成功
[2018-05-07T13:38:13.829] [INFO] default - 操作时间更新 : 18363992860->1525671493824(2018-5-7 13:38:13)
[2018-05-07T13:38:14.356] [INFO] default - 操作时间更新 : 18363992860->1525671494356(2018-5-7 13:38:14)
[2018-05-07T13:38:14.356] [INFO] default - requireUrl = /melktech-pds-api/apiPlan/planList
[2018-05-07T13:38:14.356] [INFO] default - requireBody = {"pageNum":"1","canInvite":1,"createTime":1523515114000,"creator":"-1","enterpriseId":"2a4d962527a14721bf151a9826f762da","id":"1650748138a94678b92e60e7d0e31505","inviteCode":"4H9CSG","isOnline":1,"mobile":"18363992860","password":"a12345","portrait":"http://dev-test-oss-public.oss-cn-beijing.aliyuncs.com/saleman/1650748138a94678b92e60e7d0e31505/portrait/19c1ce9add114ee1bd84402e476d55b4","qrCode":"http://dev-test-oss-public.oss-cn-beijing.aliyuncs.com/null","url":"apiPlan/planList"}
[2018-05-07T13:38:15.094] [INFO] default - 操作时间更新 : 18363992860->1525671495094(2018-5-7 13:38:15)
[2018-05-07T13:38:15.095] [INFO] default - requireUrl = /melktech-pds-api/apiOther/financial
[2018-05-07T13:38:15.095] [INFO] default - requireBody = {"id":"1650748138a94678b92e60e7d0e31505","url":"apiOther/financial"}
[2018-05-07T13:38:16.589] [INFO] default - 操作时间更新 : 18363992860->1525671496589(2018-5-7 13:38:16)
[2018-05-07T13:38:35.926] [INFO] default - 操作时间更新 : 18363992860->1525671515926(2018-5-7 13:38:35)
[2018-05-07T13:38:35.926] [INFO] default - requireUrl = /melktech-pds-api/apiOther/modifyPassword
[2018-05-07T13:38:35.927] [INFO] default - requireBody = {"currentPassword":"a12345","newPassword":"a23456","mobile":"18363992860","url":"apiOther/modifyPassword"}
[2018-05-07T13:38:47.533] [INFO] default - 操作时间更新 : 18363992860->1525671527533(2018-5-7 13:38:47)
[2018-05-07T13:38:47.534] [INFO] default - requireUrl = /melktech-pds-api/apiOther/financial
[2018-05-07T13:38:47.534] [INFO] default - requireBody = {"id":"1650748138a94678b92e60e7d0e31505","url":"apiOther/financial"}
[2018-05-07T13:38:48.661] [INFO] default - 操作时间更新 : 18363992860->1525671528661(2018-5-7 13:38:48)
[2018-05-07T13:38:55.982] [INFO] default - 操作时间更新 : 18363992860->1525671535982(2018-5-7 13:38:55)
[2018-05-07T13:38:55.983] [INFO] default - requireUrl = /melktech-pds-api/apiOther/modifyPassword
[2018-05-07T13:38:55.983] [INFO] default - requireBody = {"currentPassword":"a23456","newPassword":"a12345","mobile":"18363992860","url":"apiOther/modifyPassword"}
[2018-05-07T13:38:56.738] [INFO] default - 操作时间更新 : 18363992860->1525671536738(2018-5-7 13:38:56)
[2018-05-07T13:38:56.739] [INFO] default - requireUrl = /melktech-pds-api/apiOther/modifyPassword
[2018-05-07T13:38:56.739] [INFO] default - requireBody = {"currentPassword":"a23456","newPassword":"a12345","mobile":"18363992860","url":"apiOther/modifyPassword"}
[2018-05-07T13:38:58.220] [INFO] default - 操作时间更新 : 18363992860->1525671538220(2018-5-7 13:38:58)
[2018-05-07T13:38:58.220] [INFO] default - requireUrl = /melktech-pds-api/apiOther/financial
[2018-05-07T13:38:58.221] [INFO] default - requireBody = {"id":"1650748138a94678b92e60e7d0e31505","url":"apiOther/financial"}
[2018-05-07T14:31:16.655] [DEBUG] default - Some debug messages
[2018-05-07T14:32:44.769] [INFO] default - requireUrl = /melktech-pds-api/apiLogin/login
[2018-05-07T14:32:44.769] [INFO] default - requireBody = {"mobile":"18363992860","password":"a12345","entCode":"mk","url":"apiLogin/login"}
[2018-05-07T14:32:46.157] [INFO] default - id为1650748138a94678b92e60e7d0e31505邀请码为4H9CSG的邀请二维码放入redis中成功
[2018-05-07T14:32:46.158] [INFO] default - id为1650748138a94678b92e60e7d0e31505邀请码为4H9CSG的头像放入redis中成功
[2018-05-07T14:32:46.158] [INFO] default - id为1650748138a94678b92e60e7d0e31505邀请码为4H9CSG的手机号放入redis中成功
[2018-05-07T14:32:46.341] [INFO] default - 操作时间更新 : 18363992860->1525674766190(2018-5-7 14:32:46)
[2018-05-07T14:32:46.937] [INFO] default - 操作时间更新 : 18363992860->1525674766937(2018-5-7 14:32:46)
[2018-05-07T14:32:46.937] [INFO] default - requireUrl = /melktech-pds-api/apiPlan/planList
[2018-05-07T14:32:46.938] [INFO] default - requireBody = {"pageNum":"1","canInvite":1,"createTime":1523515114000,"creator":"-1","enterpriseId":"2a4d962527a14721bf151a9826f762da","id":"1650748138a94678b92e60e7d0e31505","inviteCode":"4H9CSG","isOnline":1,"mobile":"18363992860","password":"a12345","portrait":"http://dev-test-oss-public.oss-cn-beijing.aliyuncs.com/saleman/1650748138a94678b92e60e7d0e31505/portrait/19c1ce9add114ee1bd84402e476d55b4","qrCode":"http://dev-test-oss-public.oss-cn-beijing.aliyuncs.com/null","url":"apiPlan/planList"}
[2018-05-07T14:32:47.507] [INFO] default - 操作时间更新 : 18363992860->1525674767506(2018-5-7 14:32:47)
[2018-05-07T14:32:47.508] [INFO] default - requireUrl = /melktech-pds-api/apiOther/financial
[2018-05-07T14:32:47.508] [INFO] default - requireBody = {"id":"1650748138a94678b92e60e7d0e31505","url":"apiOther/financial"}
[2018-05-07T14:32:48.992] [INFO] default - 操作时间更新 : 18363992860->1525674768991(2018-5-7 14:32:48)
[2018-05-07T14:33:39.171] [INFO] default - 操作时间更新 : 18363992860->1525674819171(2018-5-7 14:33:39)
[2018-05-07T14:36:13.203] [INFO] default - 操作时间更新 : 18363992860->1525674973203(2018-5-7 14:36:13)
[2018-05-07T14:36:14.561] [INFO] default - 操作时间更新 : 18363992860->1525674974561(2018-5-7 14:36:14)
[2018-05-07T14:36:19.544] [INFO] default - 操作时间更新 : 18363992860->1525674979544(2018-5-7 14:36:19)
[2018-05-07T14:36:19.544] [INFO] default - requireUrl = /melktech-pds-api/apiLogin/login
[2018-05-07T14:36:19.544] [INFO] default - requireBody = {"mobile":"18363992860","password":"a12345","entCode":"mk","url":"apiLogin/login"}
[2018-05-07T14:36:19.558] [INFO] default - id为1650748138a94678b92e60e7d0e31505邀请码为4H9CSG的邀请二维码放入redis中成功
[2018-05-07T14:36:19.558] [INFO] default - id为1650748138a94678b92e60e7d0e31505邀请码为4H9CSG的头像放入redis中成功
[2018-05-07T14:36:19.558] [INFO] default - id为1650748138a94678b92e60e7d0e31505邀请码为4H9CSG的手机号放入redis中成功
[2018-05-07T14:36:19.572] [INFO] default - 操作时间更新 : 18363992860->1525674979572(2018-5-7 14:36:19)
[2018-05-07T14:36:20.123] [INFO] default - 操作时间更新 : 18363992860->1525674980123(2018-5-7 14:36:20)
[2018-05-07T14:36:20.125] [INFO] default - requireUrl = /melktech-pds-api/apiPlan/planList
[2018-05-07T14:36:20.125] [INFO] default - requireBody = {"pageNum":"1","canInvite":1,"createTime":1523515114000,"creator":"-1","enterpriseId":"2a4d962527a14721bf151a9826f762da","id":"1650748138a94678b92e60e7d0e31505","inviteCode":"4H9CSG","isOnline":1,"mobile":"18363992860","password":"a12345","portrait":"http://dev-test-oss-public.oss-cn-beijing.aliyuncs.com/saleman/1650748138a94678b92e60e7d0e31505/portrait/19c1ce9add114ee1bd84402e476d55b4","qrCode":"http://dev-test-oss-public.oss-cn-beijing.aliyuncs.com/null","url":"apiPlan/planList"}
[2018-05-07T14:36:27.863] [INFO] default - 操作时间更新 : 18363992860->1525674987863(2018-5-7 14:36:27)
[2018-05-07T14:36:27.864] [INFO] default - requireUrl = /melktech-pds-api/apiOther/financial
[2018-05-07T14:36:27.865] [INFO] default - requireBody = {"id":"1650748138a94678b92e60e7d0e31505","url":"apiOther/financial"}
[2018-05-07T14:36:32.416] [INFO] default - 操作时间更新 : 18363992860->1525674992416(2018-5-7 14:36:32)
[2018-05-07T14:37:11.517] [INFO] default - 操作时间更新 : 18363992860->1525675031517(2018-5-7 14:37:11)
[2018-05-07T14:37:16.008] [INFO] default - 操作时间更新 : 18363992860->1525675036008(2018-5-7 14:37:16)
[2018-05-07T14:39:07.719] [INFO] default - 操作时间更新 : 18363992860->1525675147719(2018-5-7 14:39:07)
[2018-05-07T14:39:13.080] [INFO] default - 操作时间更新 : 18363992860->1525675153080(2018-5-7 14:39:13)
[2018-05-07T14:40:38.582] [INFO] default - 操作时间更新 : 18363992860->1525675238582(2018-5-7 14:40:38)
[2018-05-07T14:40:52.019] [INFO] default - 操作时间更新 : 18363992860->1525675252019(2018-5-7 14:40:52)
[2018-05-07T14:40:56.265] [INFO] default - 操作时间更新 : 18363992860->1525675256265(2018-5-7 14:40:56)
[2018-05-07T17:44:37.516] [DEBUG] default - Some debug messages
[2018-05-07T19:27:26.026] [INFO] default - requireUrl = /melktech-pds-api/apiLogin/login
[2018-05-07T19:27:26.027] [INFO] default - requireBody = {"mobile":"18363992860","password":"a12345","entCode":"mk","url":"apiLogin/login"}
[2018-05-07T19:27:27.251] [INFO] default - id为1650748138a94678b92e60e7d0e31505邀请码为4H9CSG的邀请二维码放入redis中成功
[2018-05-07T19:27:27.252] [INFO] default - id为1650748138a94678b92e60e7d0e31505邀请码为4H9CSG的头像放入redis中成功
[2018-05-07T19:27:27.252] [INFO] default - id为1650748138a94678b92e60e7d0e31505邀请码为4H9CSG的手机号放入redis中成功
[2018-05-07T19:27:27.579] [INFO] default - 操作时间更新 : 18363992860->1525692447270(2018-5-7 19:27:27)
[2018-05-07T19:27:28.168] [INFO] default - 操作时间更新 : 18363992860->1525692448167(2018-5-7 19:27:28)
[2018-05-07T19:27:28.168] [INFO] default - requireUrl = /melktech-pds-api/apiPlan/planList
[2018-05-07T19:27:28.168] [INFO] default - requireBody = {"pageNum":"1","canInvite":1,"createTime":1523515114000,"creator":"-1","enterpriseId":"2a4d962527a14721bf151a9826f762da","id":"1650748138a94678b92e60e7d0e31505","inviteCode":"4H9CSG","isOnline":1,"mobile":"18363992860","password":"a12345","portrait":"http://dev-test-oss-public.oss-cn-beijing.aliyuncs.com/saleman/1650748138a94678b92e60e7d0e31505/portrait/19c1ce9add114ee1bd84402e476d55b4","qrCode":"http://dev-test-oss-public.oss-cn-beijing.aliyuncs.com/null","url":"apiPlan/planList"}
[2018-05-07T19:27:59.132] [INFO] default - 操作时间更新 : 18363992860->1525692479132(2018-5-7 19:27:59)
[2018-05-07T19:27:59.134] [INFO] default - requireUrl = /melktech-pds-api/apiOther/financial
[2018-05-07T19:27:59.134] [INFO] default - requireBody = {"id":"1650748138a94678b92e60e7d0e31505","url":"apiOther/financial"}
[2018-05-07T19:28:00.211] [INFO] default - 操作时间更新 : 18363992860->1525692480211(2018-5-7 19:28:00)
[2018-05-07T19:28:07.346] [INFO] default - 操作时间更新 : 18363992860->1525692487346(2018-5-7 19:28:07)
[2018-05-07T19:28:07.346] [INFO] default - requireUrl = /melktech-pds-api/apiOther/modifyPassword
[2018-05-07T19:28:07.346] [INFO] default - requireBody = {"currentPassword":"a12345","newPassword":"a23456","mobile":"18363992860","url":"apiOther/modifyPassword"}
[2018-05-07T19:28:13.027] [INFO] default - 操作时间更新 : 18363992860->1525692493027(2018-5-7 19:28:13)
[2018-05-07T19:28:13.028] [INFO] default - requireUrl = /melktech-pds-api/apiOther/modifyPassword
[2018-05-07T19:28:13.028] [INFO] default - requireBody = {"currentPassword":"a12345","newPassword":"a23456","mobile":"18363992860","url":"apiOther/modifyPassword"}
